2016   1  0  -1.5 -14.1  463.  0.88   6.48 60  -116  95.1
2016   1  1  -2.2 -13.2  451.  0.33   6.04 60  -114  95.1
2016   1  2  -1.8 -13.0  450.  0.45   5.89 60  -102  95.1
2016   1  3   0.7 -13.1  434.  0.64   5.60 53   -98  95.1
2016   1  4   0.3 -12.7  430.  0.33   5.42 53   -96  95.1
2016   1  5  -2.8 -11.0  436.  0.65   4.84 53   -94  95.1
2016   1  6  -8.5  -3.4  444.  1.22   1.51 50   -92  95.1
2016   1  7  -5.1  -8.9  436.  0.51   3.79 50   -83  95.1
2016   1  8  -4.7  -7.9  430.  0.63   3.23 50   -80  95.1
2016   1  9  -6.7  -3.2  452.  0.48   1.13 33   -75  95.1
2016   1 10  -7.9   0.8  435.  0.34  -0.70 33   -73  95.1
2016   1 11  -7.0   4.7  426.  0.39  -2.30 33   -65  95.1
2016   1 12  -6.1   5.7  411.  0.56  -2.55 17   -57  95.1
2016   1 13  -7.3  -0.8  414.  0.42   0.17 17   -57  95.1
2016   1 14  -6.1  -0.7  408.  0.34   0.24 17   -55  95.1
2016   1 15  -5.5  -1.0  418.  0.52   0.46 10   -52  95.1
2016   1 16  -5.6   1.0  422.  0.60  -0.30 10   -48  95.1
2016   1 17  -6.1  -0.4  414.  0.56   0.46 10   -45  95.1
2016   1 18  -5.6   0.1  409.  0.52   0.29 20   -44  95.1
2016   1 19  -4.7  -0.2  423.  1.10   0.47 20   -43  95.1
2016   1 20  -2.9  -0.0  429.  2.38   0.26 20   -39  95.1
2016   1 21   0.2   0.1  445.  3.21  -0.04 17   -34  95.1
2016   1 22  -2.9   1.6  435.  2.39  -0.35 17   -35  95.1
2016   1 23  -6.5   2.1  438.  1.23  -0.13 17   -39  95.1
2016   2  0  -5.3   2.0  435.  2.07  -0.26 30   -35  96.6
2016   2  1  -1.3   0.1  446.  4.26   0.09 30   -29  96.6
2016   2  2  -7.6  -1.1  439.  0.68   1.14 30   -40  96.6
2016   2  3  -8.0   1.4  443.  0.63  -0.04 23   -39  96.6
2016   2  4  -2.2   0.5  414.  0.87  -0.12 23   -36  96.6
2016   2  5  -4.1  -1.3  430.  1.49   0.65 23   -32  96.6
2016   2  6  -5.4  -1.8  456.  3.02   0.82 30   -24  96.6
2016   2  7  -4.6   0.2  462.  3.05  -0.18 30   -26  96.6
2016   2  8  -4.2  -1.7  467.  3.47   0.65 30   -23  96.6
2016   2  9  -3.6  -2.5  469.  4.05   1.03 23   -23  96.6
2016   2 10  -3.5  -0.2  473.  4.70  -0.05 23   -21  96.6
2016   2 11   0.3   0.9  488.  3.84  -0.44 23   -17  96.6
2016   2 12  -3.9   0.7  490.  3.43  -0.49 23   -17  96.6
2016   2 13   0.8  -0.9  482.  3.18   0.43 23   -21  96.6
2016   2 14  -1.5   2.1  477.  3.19  -1.00 23   -23  96.6
2016   2 15   2.0  -2.9  476.  2.76   1.33 17   -26  96.6
2016   2 16  -0.2  -0.4  473.  2.66   0.19 17   -30  96.6
2016   2 17  -0.1   0.9  468.  2.43  -0.42 17   -29  96.6
2016   2 18   2.8   0.5  466.  2.56  -0.42 17   -24  96.6
2016   2 19   1.5   0.4  460.  2.42  -0.32 17   -24  96.6
2016   2 20   1.6   0.6  459.  2.46  -0.46 17   -25  96.6
2016   2 21   0.2   2.0  456.  2.63  -0.91 13   -21  96.6
2016   2 22   1.2   0.8  447.  2.50  -0.49 13   -17  96.6
2016   2 23   1.3  -0.2  445.  2.43  -0.09 13   -18  96.6
2016   3  0   1.3  -0.3  441.  2.45  -0.00  3   -21  98.5
2016   3  1   2.9   2.0  448.  2.48  -1.16  3   -18  98.5
2016   3  2   3.6   0.7  434.  2.60  -0.61  3   -19  98.5
2016   3  3   2.4   1.9  427.  2.32  -0.98 17   -18  98.5
2016   3  4   2.8   1.6  444.  2.04  -0.84 17   -18  98.5
2016   3  5   3.3  -0.0  463.  2.37  -0.09 17   -21  98.5
2016   3  6   3.9  -1.2  466.  2.19   0.56 20   -23  98.5
2016   3  7   3.6  -1.4  449.  1.95   0.67 20   -22  98.5
2016   3  8   0.7   0.5  450.  1.66  -0.23 20   -21  98.5
2016   3  9   0.5  -0.5  447.  1.55   0.22  7   -18  98.5
2016   3 10   2.2   0.4  443.  1.47  -0.09  7   -17  98.5
2016   3 11   3.3  -1.0  451.  1.63   0.59  7   -15  98.5
2016   3 12   2.1   0.7  455.  1.62  -0.27 13   -16  98.5
2016   3 13   1.5   1.2  462.  1.87  -0.51 13   -17  98.5
2016   3 14   2.6  -1.1  471.  2.28   0.52 13   -14  98.5
2016   3 15   3.9  -0.7  486.  2.71   0.29 23   -14  98.5
2016   3 16   3.0  -0.7  468.  2.72   0.23 23   -13  98.5
2016   3 17   2.6  -0.4  466.  2.51   0.05 23   -15  98.5
2016   3 18   3.4  -0.8  479.  2.39   0.10 17   -12  98.5
2016   3 19   3.0  -1.6  480.  2.23   0.48 17   -16  98.5
2016   3 20   2.0  -2.2  484.  2.15   0.82 17   -20  98.5
2016   3 21   1.9  -1.1  467.  2.00   0.28 27   -21  98.5
2016   3 22   1.3   0.4  423.  0.90  -0.30 27   -20  98.5
2016   3 23   1.8   0.8  418.  0.80  -0.54 27   -25  98.5
2016   4  0   1.9  -0.2  413.  0.77  -0.12  3   -25  92.2
2016   4  1   2.0  -1.4  422.  1.06   0.38  3   -26  92.2
2016   4  2   1.0  -0.4  419.  1.09   0.08  3   -27  92.2
2016   4  3   1.6  -0.4  419.  1.02   0.04 17   -27  92.2
2016   4  4   2.4  -0.2  427.  1.17  -0.04 17   -24  92.2
2016   4  5   2.9  -0.5  431.  1.39   0.13 17   -21  92.2
2016   4  6   1.2  -2.6  447.  2.07   1.16 17   -18  92.2
2016   4  7   2.3   0.5  445.  2.31  -0.18 17   -18  92.2
2016   4  8   2.5   1.1  448.  2.17  -0.45 17   -14  92.2
2016   4  9   1.9   1.3  443.  2.12  -0.53  7    -9  92.2
2016   4 10  -0.6   1.8  445.  2.12  -0.80  7    -7  92.2
2016   4 11   0.6   3.4  449.  2.32  -1.48  7    -7  92.2
2016   4 12   2.4   0.2  433.  2.28  -0.04  7    -9  92.2
2016   4 13  -1.9   2.4  446.  2.28  -1.11  7   -11  92.2
2016   4 14  -2.5   3.0  445.  1.87  -1.33  7   -13  92.2
2016   4 15  -2.6   2.2  428.  1.74  -0.90 20   -10  92.2
2016   4 16  -1.7  -0.2  424.  2.01   0.13 20    -9  92.2
2016   4 17  -1.8   0.4  421.  2.13  -0.08 20    -8  92.2
2016   4 18   1.3   0.3  412.  2.04  -0.21 17    -5  92.2
2016   4 19  -1.9  -0.6  416.  2.16   0.42 17    -6  92.2
2016   4 20  -1.6  -0.5  413.  1.98   0.37 17   -11  92.2
2016   4 21   0.7   0.7  409.  1.80  -0.37  7   -11  92.2
2016   4 22   0.9   0.8  404.  1.81  -0.40  7   -12  92.2
2016   4 23   1.8   1.2  400.  1.84  -0.68  7   -11  92.2
2016   5  0   2.4   0.4  401.  2.04  -0.40  3    -9  92.1
2016   5  1   2.8   0.5  404.  2.56  -0.48  3    -7  92.1
2016   5  2   2.7   3.2  413.  2.62  -1.53  3    -6  92.1
2016   5  3   4.1   1.0  437.  3.32  -0.74 10    -5  92.1
2016   5  4   6.1   2.0  417.  2.99  -1.17 10    -7  92.1
2016   5  5   5.9   1.2  408.  4.48  -0.65 10    -4  92.1
2016   5  6   5.3   3.0  399.  4.40  -1.24 10    -6  92.1
2016   5  7   3.2   5.2  392.  3.96  -2.04 10    -3  92.1
2016   5  8   5.0  -0.0  385.  4.92   0.08 10     4  92.1
2016   5  9   5.5   0.3  387.  5.00   0.04 17     2  92.1
2016   5 10   5.6   6.0  381.  3.88  -2.13 17     0  92.1
2016   5 11   4.9   7.4  408.  2.89  -2.86 17     0  92.1
2016   5 12   2.0   9.4  416.  2.83  -3.87 10     0  92.1
2016   5 13   0.8   9.5  424.  2.94  -4.03 10     4  92.1
2016   5 14  -1.7   7.2  472.  4.53  -3.40 10     6  92.1
2016   5 15  -2.0   8.3  476.  4.33  -3.90 20     7  92.1
2016   5 16  -2.2  10.2  466.  4.70  -4.66 20     9  92.1
2016   5 17   7.2   1.1  453.  3.31  -0.95 20     4  92.1
2016   5 18  11.6   0.7  469.  1.99  -1.31 23    -3  92.1
2016   5 19  11.4   2.6  472.  2.19  -2.36 23    -5  92.1
2016   5 20   9.9   5.3  466.  3.35  -3.54 23    -1  92.1
2016   5 21   9.5   6.5  470.  3.54  -4.18 20     4  92.1
2016   5 22  10.7   6.0  482.  3.42  -4.24 20     6  92.1
2016   5 23  10.5  -1.2  480.  4.36  -0.91 20    10  92.1
2016   6  0   6.1  -8.6  504.  5.56   3.28 47     6  96.9
2016   6  1   7.5  -2.0  524.  4.69  -0.00 47   -13  96.9
2016   6  2   3.3   0.7  610.  3.25  -0.85 47   -18  96.9
2016   6  3  -1.0   2.9  615.  3.56  -1.66 27   -18  96.9
2016   6  4  -0.7   0.5  589.  3.36  -0.24 27   -15  96.9
2016   6  5   2.2  -1.2  603.  3.30   0.60 27   -18  96.9
2016   6  6   1.9  -0.5  614.  3.19   0.25 30   -25  96.9
2016   6  7   0.7  -0.7  608.  3.07   0.43 30   -28  96.9
2016   6  8   2.4  -2.3  602.  2.88   1.44 30   -25  96.9
2016   6  9   2.7  -2.6  599.  2.55   1.68 33   -24  96.9
2016   6 10   3.1   0.1  609.  2.33   0.06 33   -30  96.9
2016   6 11   1.6   0.6  607.  2.40  -0.30 33   -31  96.9
2016   6 12  -2.3   2.5  618.  2.69  -1.61 27   -27  96.9
2016   6 13   2.4   1.5  569.  1.60  -0.80 27   -25  96.9
2016   6 14   4.2   0.6  558.  1.71  -0.39 27   -22  96.9
2016   6 15   1.3   3.3  557.  2.51  -1.89 23   -17  96.9
2016   6 16  -0.0   2.9  543.  2.74  -1.57 23   -15  96.9
2016   6 17  -3.4   1.3  550.  2.69  -0.44 23   -11  96.9
2016   6 18  -0.4   0.5  537.  2.69  -0.21 23   -12  96.9
2016   6 19  -0.3   0.0  551.  2.86   0.06 23   -13  96.9
2016   6 20   0.7  -2.9  549.  2.75   1.43 23   -19  96.9
2016   6 21   1.8   1.2  553.  3.01  -0.94 33   -25  96.9
2016   6 22   3.2  -1.4  549.  2.83   0.22 33   -23  96.9
2016   6 23   2.6   1.8  558.  2.75  -1.40 33   -17  96.9
2016   7  0   1.6  -1.0  554.  2.96   0.28 40   -17  99.9
2016   7  1  -0.1  -2.3  552.  3.13   1.21 40   -20  99.9
2016   7  2  -4.2  -2.5  577.  3.55   1.96 40   -21  99.9
2016   7  3   2.4  -0.4  580.  3.29  -0.06 27   -20  99.9
2016   7  4   1.1  -1.4  584.  2.94   0.70 27   -14  99.9
2016   7  5   1.9  -0.9  578.  2.85   0.40 27   -15  99.9
2016   7  6   2.6  -2.0  575.  2.75   1.09 27   -17  99.9
2016   7  7   3.2  -0.1  566.  2.52   0.06 27   -22  99.9
2016   7  8   2.4  -0.2  569.  2.42   0.17 27   -21  99.9
2016   7  9   1.7  -0.8  567.  2.47   0.51 33   -20  99.9
2016   7 10   3.5   1.3  568.  2.44  -0.62 33   -22  99.9
2016   7 11   3.3  -2.0  560.  2.08   1.23 33   -17  99.9
2016   7 12   3.2   0.1  555.  2.06  -0.00 27   -18  99.9
2016   7 13   1.2  -0.7  558.  2.18   0.39 27   -17  99.9
2016   7 14   3.3   0.3  572.  2.42  -0.23 27   -13  99.9
2016   7 15   1.2  -0.2  553.  2.29   0.06 27   -12  99.9
2016   7 16   2.9   0.0  556.  2.38  -0.17 27   -12  99.9
2016   7 17   1.7  -0.5  561.  2.33   0.11 27   -12  99.9
2016   7 18   5.0  -0.3  578.  2.32  -0.40 23   -10  99.9
2016   7 19   4.3  -0.8  580.  2.42  -0.12 23   -11  99.9
2016   7 20   4.2   0.4  575.  2.24  -0.86 23   -15  99.9
2016   7 21   3.5   0.7  553.  2.09  -0.94 13   -17  99.9
2016   7 22   3.6  -0.5  557.  2.15  -0.33 13   -16  99.9
2016   7 23   1.0   0.3  533.  2.16  -0.32 13   -16  99.9
2016   8  0   1.8   0.4  543.  1.78  -0.49 10   -17 104.9
2016   8  1   2.9   0.3  543.  1.88  -0.60 10   -19 104.9
2016   8  2   4.5   0.2  546.  1.99  -0.71 10   -18 104.9
2016   8  3   4.3   0.4  544.  2.05  -0.65 23   -17 104.9
2016   8  4   4.6   0.7  550.  2.08  -0.77 23   -16 104.9
2016   8  5  -0.9  -0.4  539.  2.05   0.27 23   -17 104.9
2016   8  6   1.0   1.3  532.  2.04  -0.69 17   -16 104.9
2016   8  7  -3.2  -1.8  529.  1.91   0.95 17   -16 104.9
2016   8  8  -1.9  -1.6  523.  1.78   0.84 17   -19 104.9
2016   8  9  -2.1   0.8  523.  1.84  -0.47 23   -20 104.9
2016   8 10  -0.8  -1.4  513.  1.72   0.72 23   -19 104.9
2016   8 11   0.4  -2.0  509.  1.55   1.02 23   -21 104.9
2016   8 12   0.4  -1.7  508.  1.64   0.86 30   -20 104.9
2016   8 13  -1.0  -1.8  507.  1.68   0.91 30   -22 104.9
2016   8 14   4.3   0.2  516.  1.80  -0.15 30   -17 104.9
2016   8 15   3.5   2.3  510.  1.81  -1.27 13   -18 104.9
2016   8 16   3.8   1.0  530.  1.85  -0.74 13   -16 104.9
2016   8 17   3.3   0.6  492.  1.67  -0.54 13   -15 104.9
2016   8 18   2.0  -0.6  486.  1.73   0.10 13   -15 104.9
2016   8 19  -0.1  -0.3  468.  1.51   0.14 13   -15 104.9
2016   8 20   3.0   0.4  484.  1.72  -0.58 13   -16 104.9
2016   8 21   3.7   1.1  479.  1.82  -1.01 13   -14 104.9
2016   8 22   2.6  -1.5  474.  1.79   0.28 13   -12 104.9
2016   8 23   0.7  -0.2  454.  1.59  -0.00 13   -13 104.9
2016   9  0   3.4  -1.1  475.  1.95  -0.00 17   -18 103.5
2016   9  1   3.3   2.2  472.  1.96  -1.42 17   -17 103.5
2016   9  2   2.5   0.4  451.  1.81  -0.45 17   -14 103.5
2016   9  3   2.7   1.3  455.  1.83  -0.82 10   -13 103.5
2016   9  4   4.8   1.4  466.  1.95  -0.98 10   -13 103.5
2016   9  5   4.4   0.9  454.  2.02  -0.64 10   -12 103.5
2016   9  6   4.6   0.2  461.  2.21  -0.23 13   -13 103.5
2016   9  7   4.5  -0.1  486.  2.41  -0.00 13   -14 103.5
2016   9  8   4.8   0.6  479.  2.14  -0.24 13   -17 103.5
2016   9  9   4.0   0.5  454.  1.86  -0.18 10   -16 103.5
2016   9 10   5.1   1.1  466.  2.05  -0.42 10   -15 103.5
2016   9 11   4.2  -0.7  451.  1.88   0.41 10   -12 103.5
2016   9 12   3.2  -1.0  453.  1.68   0.50 20   -13 103.5
2016   9 13   0.5  -0.5  452.  1.68   0.23 20   -13 103.5
2016   9 14   1.0  -1.7  429.  1.65   0.73 20   -17 103.5
2016   9 15   2.1   0.2  427.  1.61  -0.17 17   -17 103.5
2016   9 16   2.3   1.2  426.  1.61  -0.64 17   -16 103.5
2016   9 17   0.9   1.1  418.  1.46  -0.50 17   -12 103.5
2016   9 18   3.3   0.5  427.  1.53  -0.51 10    -8 103.5
2016   9 19   4.7   1.7  443.  1.87  -1.24 10    -6 103.5
2016   9 20   4.7   1.3  438.  2.03  -1.14 10    -4 103.5
2016   9 21   5.5   2.1  464.  2.39  -1.72 13    -2 103.5
2016   9 22   5.6   2.3  451.  2.33  -1.76 13     0 103.5
2016   9 23   4.0  -0.9  447.  2.58  -0.18 13     0 103.5
2016  10  0  -0.8  -3.9  443.  2.93   1.77 23    -4 105.4
2016  10  1   1.3  -2.5  440.  2.74   0.88 23   -11 105.4
2016  10  2   5.4   2.3  447.  2.91  -1.61 23   -11 105.4
2016  10  3   6.2  -0.8  445.  3.03  -0.22 17    -8 105.4
2016  10  4   5.9   3.7  447.  3.00  -2.06 17    -9 105.4
2016  10  5   2.0   4.2  437.  3.21  -1.92 17    -6 105.4
2016  10  6  -1.5   1.0  430.  3.04  -0.39 10    -6 105.4
2016  10  7  -1.8  -2.0  426.  2.80   0.85 10    -8 105.4
2016  10  8   0.6  -1.6  440.  2.81   0.70 10   -11 105.4
2016  10  9   3.3  -3.2  445.  2.76   1.47 20   -11 105.4
2016  10 10   4.2   1.6  444.  2.77  -0.62 20   -12 105.4
2016  10 11   2.6  -2.6  434.  2.43   1.17 20   -14 105.4
2016  10 12   2.4   1.1  430.  2.19  -0.47 23   -16 105.4
2016  10 13   4.2   2.5  445.  2.05  -1.11 23   -12 105.4
2016  10 14  -0.1  -2.2  447.  2.36   0.98 23    -9 105.4
2016  10 15   2.7   0.6  451.  2.36  -0.36 13    -8 105.4
2016  10 16   0.7   0.8  445.  2.11  -0.40 13    -8 105.4
2016  10 17   2.5  -0.1  449.  1.98  -0.13 13    -6 105.4
2016  10 18   3.8   1.8  456.  1.85  -1.19 23    -6 105.4
2016  10 19   2.3  -1.6  451.  1.96   0.45 23    -6 105.4
2016  10 20   1.2  -3.5  452.  2.09   1.36 23   -10 105.4
2016  10 21   1.9  -2.1  437.  2.06   0.66 27   -12 105.4
2016  10 22   2.0   0.3  439.  2.50  -0.44 27   -11 105.4
2016  10 23   0.8  -0.5  440.  2.79   0.09 27    -7 105.4
2016  11  0   1.3   0.3  446.  3.22  -0.31 13    -4 104.5
2016  11  1   1.8   0.1  439.  3.64  -0.26 13    -2 104.5
2016  11  2   2.8  -0.9  427.  3.59   0.04 13    -2 104.5
2016  11  3   2.3  -2.0  415.  2.97   0.58 27    -1 104.5
2016  11  4   1.9  -3.4  410.  2.80   1.23 27    -4 104.5
2016  11  5   0.8  -2.0  409.  3.58   0.78 27    -5 104.5
2016  11  6  -5.3  -2.0  403.  2.23   0.97 23    -8 104.5
2016  11  7  -8.3  -3.4  401.  0.71   1.48 23   -15 104.5
2016  11  8  -8.2  -1.5  429.  0.68   0.64 23   -18 104.5
2016  11  9  -6.2   0.4  433.  0.49  -0.22 17   -19 104.5
2016  11 10  -4.3   0.3  436.  0.65  -0.17 17   -21 104.5
2016  11 11  -6.4  -0.1  454.  0.69  -0.05 17   -21 104.5
2016  11 12  -4.1  -0.2  502.  0.85   0.10 20   -19 104.5
2016  11 13   1.8   0.8  527.  0.85  -0.42 20   -14 104.5
2016  11 14  -2.4  -1.8  581.  0.92   1.10 20   -12 104.5
2016  11 15  -4.6  -0.6  538.  0.70   0.54 30   -17 104.5
2016  11 16  -5.3  -3.1  597.  1.57   2.27 30   -18 104.5
2016  11 17  -5.1   1.0  524.  1.13  -0.05 30   -24 104.5
2016  11 18  -7.3  -3.2  562.  1.58   2.64 40   -23 104.5
2016  11 19  -6.7   4.4  567.  1.35  -1.42 40   -24 104.5
2016  11 20  -9.4   0.4  576.  1.55   1.32 40   -21 104.5
2016  11 21  -8.8  -2.5  575.  1.71   2.93 37   -20 104.5
2016  11 22  -5.8  -3.2  581.  2.23   2.85 37   -24 104.5
2016  11 23  -5.8  -2.7  556.  2.10   2.50 37   -26 104.5
2016  12  0  -3.7  -1.5  557.  1.96   1.45 40   -33 102.0
2016  12  1  -5.0   2.1  542.  1.99  -0.27 40   -36 102.0
2016  12  2   1.6   2.4  554.  1.97  -1.50 40   -32 102.0
2016  12  3  -3.3   2.4  555.  1.78  -0.89 20   -28 102.0
2016  12  4  -2.3   3.1  572.  1.56  -1.49 20   -25 102.0
2016  12  5  -2.6  -0.3  573.  1.85   0.34 20   -22 102.0
2016  12  6   2.7  -1.5  595.  1.70   0.77 27   -28 102.0
2016  12  7   0.4   2.6  595.  1.40  -1.55 27   -28 102.0
2016  12  8  -1.0   3.7  606.  1.54  -2.24 27   -22 102.0
2016  12  9   1.0   4.1  598.  1.57  -2.45 23   -23 102.0
2016  12 10  -2.1   0.8  588.  2.01  -0.47 23   -22 102.0
2016  12 11  -3.2   0.1  552.  1.78  -0.11 23   -19 102.0
2016  12 12   1.2   4.7  537.  1.87  -2.52 23   -18 102.0
2016  12 13  -4.5   5.8  531.  1.99  -3.03 23   -12 102.0
2016  12 14  -3.3   3.5  523.  2.14  -1.73 23    -9 102.0
2016  12 15  -2.7   4.4  521.  2.41  -2.14 20   -10 102.0
2016  12 16  -2.9   2.8  531.  2.44  -1.27 20   -11 102.0
2016  12 17  -3.5   3.6  543.  2.39  -1.57 20   -10 102.0
2016  12 18  -1.7   1.9  537.  1.38  -0.81 30   -13 102.0
2016  12 19  -3.9  -0.4  551.  1.83   0.77 30   -18 102.0
2016  12 20   0.8   1.5  553.  1.84  -0.94 30   -20 102.0
2016  12 21  -0.4   1.2  529.  1.33  -0.53 30   -27 102.0
2016  12 22  -1.9   2.8  559.  2.40  -1.12 30   -17 102.0
2016  12 23  -3.7  -1.5  547.  2.41   1.48 30   -15 102.0
2016  13  0  -4.9  -0.6  543.  2.47   1.19 40   -19 100.7
2016  13  1  -6.5  -0.5  548.  2.35   1.37 40   -24 100.7
2016  13  2  -5.2   1.8  571.  2.54  -0.17 40   -23 100.7
2016  13  3  -4.7   0.7  565.  2.39   0.23 40   -26 100.7
2016  13  4  -6.2   2.3  564.  2.12  -0.62 40   -25 100.7
2016  13  5  -5.6   2.2  559.  1.93  -0.78 40   -21 100.7
2016  13  6  -2.3   0.0  534.  1.47   0.11 20   -22 100.7
2016  13  7  -3.3   0.4  571.  1.76  -0.11 20   -21 100.7
2016  13  8  -4.6  -0.8  564.  1.66   0.51 20   -22 100.7
2016  13  9  -3.3   1.6  566.  1.55  -0.91 17   -22 100.7
2016  13 10  -0.9  -1.7  539.  1.31   0.92 17   -27 100.7
2016  13 11  -1.2  -0.3  536.  1.29   0.16 17   -28 100.7
2016  13 12   0.4  -2.4  544.  1.44   1.31 23   -27 100.7
2016  13 13   1.0  -2.1  540.  1.43   1.13 23   -28 100.7
2016  13 14  -1.0  -1.0  530.  1.44   0.58 23   -21 100.7
2016  13 15  -4.2  -0.8  545.  1.69   0.65 23   -18 100.7
2016  13 16  -0.3  -2.9  529.  1.44   1.53 23   -17 100.7
2016  13 17  -0.6  -1.7  520.  1.24   0.94 23   -14 100.7
2016  13 18  -2.2   3.6  542.  1.58  -1.63 30   -14 100.7
2016  13 19  -1.9   2.0  525.  1.43  -0.73 30   -16 100.7
2016  13 20  -0.8   0.8  520.  1.40  -0.26 30   -14 100.7
2016  13 21  -1.3  -1.2  518.  1.47   0.83 10   -14 100.7
2016  13 22   1.2   1.5  518.  1.41  -0.93 10   -13 100.7
2016  13 23   0.3  -1.0  496.  1.07   0.40 10   -12 100.7
2016  14  0  -1.2  -0.1  502.  1.20   0.25 13   -12  99.9
2016  14  1  -1.3   2.2  510.  1.36  -0.87 13   -13  99.9
2016  14  2  -2.9  -2.0  532.  1.49   1.44 13   -13  99.9
2016  14  3  -1.9  -1.0  514.  1.33   0.72 20   -12  99.9
2016  14  4  -0.6   1.7  525.  1.49  -0.84 20   -11  99.9
2016  14  5  -1.1   0.5  490.  1.09  -0.15 20   -11  99.9
2016  14  6  -3.1   1.4  506.  1.37  -0.56 23   -10  99.9
2016  14  7  -2.1  -2.1  501.  1.24   1.10 23   -13  99.9
2016  14  8  -4.1  -2.9  535.  1.42   1.60 23   -13  99.9
2016  14  9  -0.8   1.0  507.  1.35  -0.51 20   -14  99.9
2016  14 10   1.3   2.2  493.  1.36  -1.08 20   -17  99.9
2016  14 11  -3.2  -1.1  507.  1.37   0.56 20   -17  99.9
2016  14 12  -1.4  -0.5  480.  1.23   0.24 17   -21  99.9
2016  14 13  -0.7   0.9  454.  0.91  -0.41 17   -20  99.9
2016  14 14  -2.5  -1.8  470.  1.10   0.94 17   -22  99.9
2016  14 15  -2.7  -2.7  493.  1.15   1.48 17   -21  99.9
2016  14 16  -2.6  -1.7  470.  1.15   0.99 17   -22  99.9
2016  14 17  -2.1  -2.6  476.  1.30   1.43 17   -23  99.9
2016  14 18  -1.4   2.9  494.  1.37  -1.24 17   -21  99.9
2016  14 19  -2.8   0.6  498.  1.34   0.10 17   -20  99.9
2016  14 20  -3.7  -1.0  464.  1.16   0.97 17   -22  99.9
2016  14 21  -3.4   0.0  459.  1.14   0.50 27   -25  99.9
2016  14 22  -1.6   0.0  455.  1.16   0.27 27   -22  99.9
2016  14 23  -2.8   2.1  463.  1.11  -0.46 27   -20  99.9
2016  15  0  -3.2  -0.3  454.  1.08   0.64 20   -20 100.1
2016  15  1  -2.5  -2.7  448.  1.04   1.52 20   -22 100.1
2016  15  2  -0.1   2.3  445.  1.03  -0.98 20   -25 100.1
2016  15  3   0.0   2.1  425.  0.88  -0.85 20   -23 100.1
2016  15  4  -0.5   1.5  411.  0.75  -0.58 20   -17 100.1
2016  15  5  -0.3   1.3  406.  0.72  -0.49 20   -15 100.1
2016  15  6  -0.2   1.0  409.  0.74  -0.41 10   -17 100.1
2016  15  7  -0.6  -0.6  399.  0.62   0.24 10   -18 100.1
2016  15  8  -1.0  -0.2  398.  0.67   0.08 10   -20 100.1
2016  15  9  -1.0  -0.7  401.  0.78   0.28  7   -21 100.1
2016  15 10  -2.8  -1.4  417.  0.99   0.58  7   -23 100.1
2016  15 11  -2.4  -1.3  404.  0.89   0.53  7   -24 100.1
2016  15 12  -2.5   0.4  401.  0.82  -0.16  7   -23 100.1
2016  15 13  -2.0  -0.3  393.  0.72   0.16  7   -21 100.1
2016  15 14  -2.1  -1.1  399.  0.86   0.52  7   -19 100.1
2016  15 15   2.2   1.9  398.  0.84  -0.84 10   -19 100.1
2016  15 16  -0.5   0.7  392.  0.80  -0.24 10   -17 100.1
2016  15 17  -3.3  -1.2  406.  0.94   0.73 10   -13 100.1
2016  15 18  -1.1   1.0  370.  0.64  -0.26 10   -14 100.1
2016  15 19  -0.4  -0.6  362.  0.52   0.25 10   -15 100.1
2016  15 20  -0.6  -0.5  362.  0.54   0.25 10   -18 100.1
2016  15 21  -0.7  -1.3  366.  0.63   0.55 10   -19 100.1
2016  15 22  -2.0  -0.9  381.  0.83   0.57 10   -19 100.1
2016  15 23  -0.5   0.1  366.  0.71   0.04 10   -19 100.1
2016  16  0  -0.8   0.9  366.  0.73  -0.22  0   -18  96.7
2016  16  1  -1.2   2.0  370.  0.91  -0.56  0   -18  96.7
2016  16  2  -0.9   2.6  370.  1.04  -0.81  0   -14  96.7
2016  16  3   2.1   1.5  372.  1.15  -0.74 10   -11  96.7
2016  16  4  -1.3   1.7  363.  1.02  -0.51 10    -9  96.7
2016  16  5  -4.6   0.4  387.  1.43   0.12 10    -7  96.7
2016  16  6  -5.0  -0.1  386.  1.53   0.27  7    -7  96.7
2016  16  7  -5.1  -1.0  386.  1.68   0.50  7    -6  96.7
2016  16  8  -4.6   0.6  379.  1.68  -0.15  7    -7  96.7
2016  16  9  -4.0   1.0  376.  1.97  -0.34 13    -7  96.7
2016  16 10  -4.6   1.2  381.  2.61  -0.46 13    -7  96.7
2016  16 11  -3.9   1.7  383.  3.21  -0.65 13    -3  96.7
2016  16 12  -0.1   3.3  371.  3.28  -1.22 10     1  96.7
2016  16 13   3.5   2.0  368.  3.71  -0.81 10     6  96.7
2016  16 14   4.0   1.3  362.  2.59  -0.58 10     1  96.7
2016  16 15   4.7   2.3  356.  1.03  -1.03  3    -1  96.7
2016  16 16   5.2   1.4  352.  1.10  -0.77  3    -1  96.7
2016  16 17   5.4   0.9  355.  1.12  -0.71  3    -2  96.7
2016  16 18   5.4   1.0  351.  1.16  -0.81  3    -2  96.7
2016  16 19   4.9   0.9  347.  1.38  -0.80  3    -2  96.7
2016  16 20  -1.8   4.0  339.  1.51  -1.08  3     0  96.7
2016  16 21  -4.1   4.2  336.  1.16  -0.84  3    -2  96.7
2016  16 22  -4.6   3.8  338.  0.94  -0.64  3    -5  96.7
2016  16 23  -4.3   4.6  340.  0.75  -0.92  3    -6  96.7
2016  17  0  -3.8   4.5  337.  1.01  -0.98  3    -5  97.4
2016  17  1  -4.0   4.1  340.  1.12  -0.85  3    -5  97.4
2016  17  2  -4.2   4.1  347.  1.13  -0.90  3    -4  97.4
2016  17  3  -3.8   3.9  339.  1.02  -0.95  0    -2  97.4
2016  17  4  -3.1   4.2  336.  1.09  -1.14  0    -3  97.4
2016  17  5   4.0  -0.1  321.  1.28  -0.19  0    -2  97.4
2016  17  6   4.7  -2.7  338.  1.37   0.71 13    -3  97.4
2016  17  7   4.6  -3.4  357.  1.26   1.07 13    -5  97.4
2016  17  8  -0.1  -1.5  340.  1.14   0.51 13    -9  97.4
2016  17  9  -6.1   2.3  338.  0.77  -0.74  7    -6  97.4
2016  17 10  -5.5   1.7  329.  1.14  -0.53  7    -5  97.4
2016  17 11  -3.7  -0.3  323.  1.24   0.13  7    -7  97.4
2016  17 12   1.0  -4.0  325.  1.29   1.30 10   -12  97.4
2016  17 13   1.4  -2.7  318.  1.20   0.83 10   -16  97.4
2016  17 14   0.8  -3.5  326.  1.37   1.11 10   -13  97.4
2016  17 15   1.6  -3.4  319.  1.35   1.02 10   -10  97.4
2016  17 16   2.5  -2.9  314.  1.28   0.75 10    -9  97.4
2016  17 17   2.6  -3.3  319.  1.30   0.86 10   -10  97.4
2016  17 18   1.6  -3.6  319.  1.28   0.99  7   -12  97.4
2016  17 19  -0.0  -3.2  319.  1.23   0.99  7   -11  97.4
2016  17 20  -0.8  -1.5  317.  1.25   0.54  7   -11  97.4
2016  17 21  -0.4   1.5  319.  1.30  -0.41  3   -11  97.4
2016  17 22  -0.3   2.4  321.  1.29  -0.67  3   -10  97.4
2016  17 23  -1.2   1.2  318.  1.23  -0.22  3    -8  97.4
2016  18  0   0.9  -0.6  317.  1.24   0.06  0    -8  96.7
2016  18  1   2.2  -0.5  312.  1.20  -0.09  0    -8  96.7
2016  18  2   1.5  -1.0  309.  1.12   0.15  0   -10  96.7
2016  18  3   0.8   1.1  306.  1.08  -0.40  0   -10  96.7
2016  18  4   1.2   1.8  309.  1.09  -0.62  0    -8  96.7
2016  18  5   1.2   1.8  308.  1.04  -0.62  0    -5  96.7
2016  18  6  -0.3   3.5  310.  1.22  -1.05  0    -3  96.7
2016  18  7  -1.4   4.2  310.  1.23  -1.27  0    -1  96.7
2016  18  8  -0.7   4.0  307.  1.24  -1.23  0     2  96.7
2016  18  9   3.7  -2.0  300.  0.89   0.57  3     0  96.7
2016  18 10   4.0  -3.0  304.  0.94   0.88  3    -4  96.7
2016  18 11   3.5  -3.8  306.  0.99   1.13  3    -8  96.7
2016  18 12   3.9  -3.6  306.  1.04   1.07 10   -10  96.7
2016  18 13   4.7  -2.7  306.  1.04   0.73 10   -11  96.7
2016  18 14   4.6  -2.5  303.  1.11   0.64 10    -8  96.7
2016  18 15   3.5  -4.6  308.  1.19   1.26 17    -9  96.7
2016  18 16   2.4  -5.0  302.  1.08   1.36 17   -11  96.7
2016  18 17   4.3  -1.9  298.  1.02   0.27 17   -11  96.7
2016  18 18   4.7  -1.3  298.  1.00  -0.00  7   -10  96.7
2016  18 19   5.2  -0.8  301.  1.06  -0.24  7    -9  96.7
2016  18 20   5.4  -0.3  303.  1.10  -0.45  7    -8  96.7
2016  18 21   5.1  -0.8  302.  1.06  -0.33 30    -4  96.7
2016  18 22   7.0  -1.3  332.  2.10  -0.46 30    12  96.7
2016  18 23   6.1  -6.2  359.  2.78   1.26 30     6  96.7
2016  19  0  -8.6  -6.5  353.  4.20   3.25 43    -3  94.4
2016  19  1  -4.9  -6.1  355.  4.41   2.63 43   -10  94.4
2016  19  2  -1.8  -3.3  366.  4.81   1.35 43   -13  94.4
2016  19  3  -7.3  -3.2  361.  5.34   1.84 27   -16  94.4
2016  19  4  -3.8  -3.7  355.  4.85   1.60 27   -17  94.4
2016  19  5  -5.2   1.5  342.  4.31  -0.17 27   -16  94.4
2016  19  6  -5.6  -2.9  336.  4.23   1.21 23   -18  94.4
2016  19  7  -2.3   1.2  328.  4.01  -0.33 23   -17  94.4
2016  19  8   0.4  -3.2  329.  4.12   1.05 23   -21  94.4
2016  19  9   4.0   5.0  372.  5.29  -1.90 27   -17  94.4
2016  19 10   8.2   2.0  377.  4.98  -0.83 27   -14  94.4
2016  19 11   4.3   8.3  376.  6.44  -3.16 27   -13  94.4
2016  19 12   2.4  11.5  382.  3.70  -4.43 13   -14  94.4
2016  19 13   5.2  11.5  383.  2.79  -4.52 13    -7  94.4
2016  19 14   4.4  11.1  378.  4.42  -4.35 13     0  94.4
2016  19 15   4.8  10.9  379.  2.74  -4.36 13    -2  94.4
2016  19 16   5.6   8.4  370.  3.35  -3.44 13    -1  94.4
2016  19 17   7.6   5.4  369.  2.66  -2.58 13     3  94.4
2016  19 18   9.0   7.7  374.  2.50  -3.67  3     7  94.4
2016  19 19   9.6   7.3  365.  2.80  -3.61  3     7  94.4
2016  19 20   7.6   4.7  347.  3.51  -2.43  3     5  94.4
2016  19 21   9.4   5.8  357.  3.08  -3.14 10     4  94.4
2016  19 22  10.1   5.1  354.  2.86  -3.01 10     6  94.4
2016  19 23   8.3   4.9  349.  3.33  -2.69 10     0  94.4
2016  20  0   9.1   4.8  349.  3.11  -2.72  3     4  97.2
2016  20  1   9.2   4.3  347.  3.33  -2.53  3     5  97.2
2016  20  2   9.5   6.9  356.  3.16  -3.42  3     4  97.2
2016  20  3   8.5   5.8  363.  3.06  -2.90 20     3  97.2
2016  20  4   8.7   0.6  363.  2.41  -0.94 20     1  97.2
2016  20  5   8.0  -3.7  361.  2.67   0.79 20    -4  97.2
2016  20  6   7.6  -6.5  362.  3.12   1.95 33   -10  97.2
2016  20  7   8.5  -8.0  368.  3.92   2.61 33   -18  97.2
2016  20  8   5.6 -10.0  365.  4.59   3.50 33   -31  97.2
2016  20  9   6.0 -11.4  371.  5.30   4.12 43   -46  97.2
2016  20 10   4.4 -11.2  364.  5.07   4.04 43   -62  97.2
2016  20 11   4.6 -10.6  364.  5.61   3.79 43   -73  97.2
2016  20 12   5.0  -7.5  359.  5.47   2.58 47   -72  97.2
2016  20 13   1.8 -12.0  361.  5.50   4.26 47   -81  97.2
2016  20 14  -4.0  -9.7  350.  5.61   3.54 47   -91  97.2
2016  20 15  -3.1 -11.5  349.  4.32   4.12 47   -95  97.2
2016  20 16  -1.3 -10.4  339.  4.11   3.56 47  -101  97.2
2016  20 17  -5.9 -10.0  342.  4.17   3.80 47   -99  97.2
2016  20 18  -7.6  -7.6  340.  4.07   3.20 47   -90  97.2
2016  20 19  -8.8  -6.0  353.  4.71   3.00 47   -91  97.2
2016  20 20  -8.6  -5.9  359.  5.66   3.05 47   -94  97.2
2016  20 21  -8.5  -2.9  354.  6.07   2.05 43   -94  97.2
2016  20 22  -9.1   1.9  353.  6.04   0.60 43   -89  97.2
2016  20 23  -9.8  -2.4  364.  6.97   2.18 43   -74  97.2
2016  21  0  -9.8   6.0  353.  6.70  -0.67 37   -64 100.7
2016  21  1 -13.9  -3.2  377.  5.84   3.02 37   -59 100.7
2016  21  2  -9.6   6.1  381.  6.75  -0.99 37   -58 100.7
2016  21  3 -13.2   4.5  379.  7.17  -0.19 57   -47 100.7
2016  21  4 -11.1  -7.9  388.  7.84   4.00 57   -45 100.7
2016  21  5 -16.0  -0.0  392.  9.47   1.22 57   -64 100.7
2016  21  6 -13.5   3.1  405.  7.41  -0.45 53   -60 100.7
2016  21  7 -12.0   4.2  442.  6.83  -1.28 53   -54 100.7
2016  21  8  -9.8   6.8  451.  6.98  -2.75 53   -51 100.7
2016  21  9 -13.7  -2.8  450.  6.00   1.57 33   -52 100.7
2016  21 10  -9.7   6.7  440.  4.75  -2.77 33   -58 100.7
2016  21 11  -4.7   1.4  504.  3.18  -0.60 33   -58 100.7
2016  21 12  -4.1   0.3  491.  2.55  -0.05 27   -58 100.7
2016  21 13  -4.6  -1.4  498.  2.87   0.90 27   -47 100.7
2016  21 14  -4.2   0.2  502.  2.98   0.15 27   -42 100.7
2016  21 15  -5.3  -1.3  491.  2.51   1.03 37   -46 100.7
2016  21 16  -2.9  -0.8  499.  2.79   0.70 37   -46 100.7
2016  21 17  -3.9  -0.2  509.  3.28   0.56 37   -38 100.7
2016  21 18  -4.5  -0.0  510.  3.40   0.66 40   -43 100.7
2016  21 19  -1.6   1.6  505.  3.11  -0.51 40   -42 100.7
2016  21 20  -1.0   2.3  505.  3.23  -0.91 40   -42 100.7
2016  21 21  -0.3   2.3  508.  3.27  -1.02 47   -41 100.7
2016  21 22  -1.9  -2.7  529.  3.39   1.69 47   -43 100.7
2016  21 23  -3.6  -2.6  531.  3.54   2.02 47   -39 100.7
2016  22  0  -2.0   0.8  521.  3.19  -0.00 33   -38  97.3
2016  22  1  -2.2  -1.8  534.  3.39   1.33 33   -39  97.3
2016  22  2  -0.8   1.9  533.  3.23  -0.80 33   -37  97.3
2016  22  3  -1.5  -0.4  530.  3.01   0.42 33   -34  97.3
2016  22  4  -1.9   4.2  544.  3.01  -1.96 33   -39  97.3
2016  22  5  -5.1  -0.8  547.  2.95   0.98 33   -36  97.3
2016  22  6  -3.2   1.4  541.  2.70  -0.49 33   -37  97.3
2016  22  7  -4.3   1.3  519.  2.21  -0.42 33   -35  97.3
2016  22  8  -4.9  -1.1  518.  1.94   0.78 33   -34  97.3
2016  22  9  -1.7   3.1  494.  1.65  -1.48 30   -39  97.3
2016  22 10  -1.9   1.2  510.  1.68  -0.56 30   -40  97.3
2016  22 11  -4.2  -1.2  515.  1.75   0.72 30   -41  97.3
2016  22 12  -3.7  -0.3  510.  1.47   0.26 23   -39  97.3
2016  22 13  -4.3   0.9  523.  1.77  -0.26 23   -32  97.3
2016  22 14  -5.7   0.1  526.  1.91   0.32 23   -27  97.3
2016  22 15  -5.3   0.1  504.  1.82   0.35 17   -28  97.3
2016  22 16  -1.8   1.9  503.  1.24  -0.75 17   -30  97.3
2016  22 17  -2.6   1.6  518.  1.23  -0.47 17   -26  97.3
2016  22 18  -3.5   1.6  500.  1.00  -0.25 27   -27  97.3
2016  22 19  -3.4   0.2  508.  1.36   0.46 27   -30  97.3
2016  22 20   2.0   0.4  496.  1.50  -0.55 27   -35  97.3
2016  22 21  -3.7   1.5  517.  1.74  -0.00 23   -30  97.3
2016  22 22  -4.2   1.7  500.  1.76   0.05 23   -30  97.3
2016  22 23  -3.4   2.8  503.  1.91  -0.60 23   -28  97.3
2016  23  0  -1.9   1.7  488.  1.89  -0.39 13   -26  95.8
2016  23  1  -1.2   3.4  481.  1.84  -1.30 13   -25  95.8
2016  23  2  -1.8   1.8  488.  2.50  -0.54 13   -22  95.8
2016  23  3  -1.6  -0.3  483.  2.67   0.39 33   -21  95.8
2016  23  4  -3.1  -1.3  503.  3.20   1.01 33   -25  95.8
2016  23  5  -1.3   1.7  496.  3.49  -0.69 33   -28  95.8
2016  23  6  -1.8   1.1  507.  3.57  -0.41 37   -26  95.8
2016  23  7  -5.7  -2.4  552.  2.61   1.66 37   -30  95.8
2016  23  8   1.4   2.5  568.  2.66  -1.48 37   -28  95.8
2016  23  9  -0.7   1.7  555.  2.42  -0.94 20   -24  95.8
2016  23 10  -2.3   1.2  556.  2.53  -0.61 20   -21  95.8
2016  23 11  -1.0  -2.2  563.  2.36   1.29 20   -22  95.8
2016  23 12  -1.8  -0.2  558.  2.06   0.17 30   -26  95.8
2016  23 13  -1.4  -0.8  552.  1.53   0.50 30   -28  95.8
2016  23 14  -0.8  -1.6  548.  1.30   0.93 30   -29  95.8
2016  23 15  -1.7  -1.7  540.  1.19   1.08 27   -27  95.8
2016  23 16  -2.1  -1.0  532.  1.10   0.74 27   -29  95.8
2016  23 17  -2.8  -1.5  511.  1.06   1.12 27   -28  95.8
2016  23 18  -2.1  -1.0  499.  1.36   0.80 17   -27  95.8
2016  23 19  -2.3  -0.2  482.  1.33   0.43 17   -29  95.8
2016  23 20  -2.1  -0.2  460.  1.14   0.41 17   -31  95.8
2016  23 21  -1.5  -0.2  447.  0.89   0.36 13   -29  95.8
2016  23 22  -1.7  -0.7  447.  1.73   0.58 13   -23  95.8
2016  23 23  -1.9  -1.5  444.  1.91   0.93 13   -20  95.8
2016  24  0  -2.3  -1.3  446.  2.05   0.94 27   -19 100.6
2016  24  1  -4.1  -1.6  438.  1.99   1.31 27   -19 100.6
2016  24  2  -4.0  -0.9  432.  2.00   0.95 27   -21 100.6
2016  24  3  -2.5  -0.1  443.  2.25   0.40 23   -19 100.6
2016  24  4  -3.2   0.0  424.  1.99   0.34 23   -21 100.6
2016  24  5  -3.7  -0.3  434.  2.12   0.48 23   -22 100.6
2016  24  6  -2.0  -0.2  428.  1.95   0.21 17   -21 100.6
2016  24  7  -4.5   0.9  427.  2.27  -0.13 17   -21 100.6
2016  24  8  -3.1   1.6  426.  1.87  -0.55 17   -19 100.6
2016  24  9  -1.5   2.9  457.  2.47  -1.28 10   -18 100.6
2016  24 10  -1.3   3.4  456.  2.43  -1.50 10   -18 100.6
2016  24 11  -1.6   1.7  462.  2.57  -0.74 10   -17 100.6
2016  24 12  -6.6   0.8  474.  2.63  -0.14 13   -14 100.6
2016  24 13  -6.8  -0.2  468.  2.42   0.42 13   -13 100.6
2016  24 14  -6.6  -1.1  476.  2.48   0.95 13   -14 100.6
2016  24 15   2.0  -0.7  499.  4.42   0.15 23   -11 100.6
2016  24 16   4.3   2.2  490.  4.25  -1.52 23    -9 100.6
2016  24 17   4.8   2.9  487.  5.05  -1.95 23    -1 100.6
2016  24 18   0.7  -4.1  501.  4.06   1.85 40    -8 100.6
2016  24 19   5.8   2.0  487.  4.49  -1.85 40   -15 100.6
2016  24 20   3.2   2.8  483.  8.45  -1.84 40    -3 100.6
2016  24 21   1.0   1.5  487.  7.36  -0.88 10    -4 100.6
2016  24 22  -0.7   2.8  483.  4.01  -1.11 10    -8 100.6
2016  24 23  -1.5   3.5  474.  2.93  -1.23 10   -13 100.6
2016  25  0  -1.9   2.4  468.  2.12  -0.66  3   -16 104.3
2016  25  1  -1.7   0.4  461.  1.44   0.14  3   -16 104.3
2016  25  2  -0.3   0.7  470.  1.42  -0.28  3   -17 104.3
2016  25  3  -0.1   1.3  462.  1.16  -0.55  3   -18 104.3
2016  25  4  -0.2   1.0  467.  1.58  -0.42  3   -19 104.3
2016  25  5  -0.1   1.4  462.  1.59  -0.60  3   -18 104.3
2016  25  6  -1.1   1.3  453.  1.55  -0.50  7   -16 104.3
2016  25  7  -0.5   2.4  441.  1.33  -1.01  7   -13 104.3
2016  25  8  -0.4   2.4  439.  1.35  -1.05  7   -10 104.3
2016  25  9  -0.0   3.8  423.  1.14  -1.61  3    -9 104.3
2016  25 10  -1.3   1.9  425.  1.17  -0.77  3   -10 104.3
2016  25 11  -0.8   1.7  427.  1.31  -0.68  3    -9 104.3
2016  25 12  -0.9   1.3  422.  1.28  -0.51  3    -9 104.3
2016  25 13  -0.9   1.4  418.  1.31  -0.54  3    -9 104.3
2016  25 14  -0.8   1.4  414.  1.11  -0.54  3    -6 104.3
2016  25 15  -0.8   1.4  412.  1.04  -0.49  3    -9 104.3
2016  25 16  -0.8   1.7  407.  1.13  -0.61  3   -11 104.3
2016  25 17  -0.6   1.8  404.  1.14  -0.65  3   -12 104.3
2016  25 18  -0.6   1.5  400.  1.21  -0.48  0   -14 104.3
2016  25 19  -0.3   1.6  396.  1.07  -0.55  0   -14 104.3
2016  25 20  -0.2   1.4  396.  1.18  -0.48  0   -14 104.3
2016  25 21   0.0   1.5  395.  1.18  -0.55  0   -15 104.3
2016  25 22   0.2   1.5  392.  1.09  -0.59  0   -15 104.3
2016  25 23   0.4   1.2  389.  1.07  -0.51  0   -15 104.3
2016  26  0   0.3   1.4  386.  1.10  -0.54  0   -14 111.3
2016  26  1   0.1   1.9  381.  0.98  -0.69  0   -11 111.3
2016  26  2   0.6   2.0  381.  1.18  -0.80  0    -8 111.3
2016  26  3   0.7   2.3  381.  1.51  -0.91  0    -6 111.3
2016  26  4   1.0   1.9  383.  2.59  -0.80  0    -4 111.3
2016  26  5   1.4   1.6  372.  2.82  -0.71  0    -3 111.3
2016  26  6   1.7   1.7  363.  2.46  -0.73  7    -2 111.3
2016  26  7   1.4   2.0  361.  2.82  -0.79  7     0 111.3
2016  26  8   1.8   2.1  357.  2.99  -0.82  7     1 111.3
2016  26  9   2.5   2.1  352.  2.63  -0.81 10    -1 111.3
2016  26 10   2.2   2.1  347.  2.41  -0.80 10    -2 111.3
2016  26 11   2.2   2.3  347.  2.03  -0.87 10     1 111.3
2016  26 12   2.8   2.8  345.  2.48  -1.03 10    -1 111.3
2016  26 13   2.5   2.7  348.  2.57  -1.04 10     1 111.3
2016  26 14   2.5   1.9  344.  2.08  -0.76 10    -1 111.3
2016  26 15   3.7   2.0  335.  2.82  -0.87 13     0 111.3
2016  26 16   3.3   2.8  325.  2.80  -1.14 13    -1 111.3
2016  26 17   2.7   3.7  323.  2.44  -1.39 13    -3 111.3
2016  26 18   1.5   3.4  335.  2.51  -1.24 17    -1 111.3
2016  26 19   1.3   4.2  333.  1.92  -1.47 17    -1 111.3
2016  26 20   0.8   1.7  360.  2.53  -0.68 17    -3 111.3
2016  26 21  -2.2   2.2  369.  1.49  -0.41 10    -3 111.3
2016  26 22  -2.6   1.2  367.  1.42  -0.00 10    -1 111.3
2016  26 23  -3.0   0.9  366.  1.48   0.15 10    -1 111.3
2016  27  0  -2.6   0.8  359.  1.98   0.11 10     0 109.3
2016  27  1  -1.6   1.1  355.  3.06  -0.14 10     0 109.3
2016  27  2  -1.4   1.9  350.  4.33  -0.46 10     3 109.3
2016  27  3  -1.0   3.2  341.  4.90  -0.92 20     8 109.3
2016  27  4   0.4   3.3  331.  3.85  -1.09 20     5 109.3
2016  27  5   0.0   3.8  331.  3.41  -1.22 20     5 109.3
2016  27  6  -1.8   4.4  331.  3.13  -1.32 10     4 109.3
2016  27  7  -3.8   0.4  328.  3.24   0.03 10     7 109.3
2016  27  8  -3.2   3.4  333.  2.91  -1.00 10     7 109.3
2016  27  9   1.9   6.9  352.  1.63  -2.46 13     2 109.3
2016  27 10   4.8   4.7  355.  0.91  -1.81 13    -3 109.3
2016  27 11   6.8   3.4  359.  0.97  -1.40 13    -2 109.3
2016  27 12   5.2   3.8  362.  1.02  -1.56 10     1 109.3
2016  27 13   6.8  -0.5  369.  1.24  -0.11 10     4 109.3
2016  27 14   6.6  -1.6  381.  1.50   0.23 10     2 109.3
2016  27 15   6.2   0.7  363.  1.35  -0.65  7    -3 109.3
2016  27 16   5.8   1.4  362.  1.35  -0.98  7    -6 109.3
2016  27 17   4.9   1.6  368.  1.43  -1.07  7    -4 109.3
2016  27 18   4.6   0.5  365.  1.37  -0.69  0    -2 109.3
2016  27 19   5.2   0.5  366.  1.42  -0.84  0    -3 109.3
2016  27 20   4.5  -0.3  357.  1.27  -0.50  0    -5 109.3
2016  27 21   4.4  -1.4  357.  1.16  -0.18  3    -6 109.3
2016  27 22   3.5  -3.0  357.  1.30   0.46  3    -4 109.3
2016  27 23   4.1  -2.6  354.  1.39   0.21  3    -5 109.3
2016  28  0   4.9   0.9  340.  1.23  -0.95  3    -7 106.6
2016  28  1   5.3   1.9  344.  1.53  -1.31  3    -6 106.6
2016  28  2   6.4   2.6  347.  1.80  -1.67  3    -2 106.6
2016  28  3   7.4   1.2  344.  1.91  -1.24  0     0 106.6
2016  28  4   7.0   1.8  340.  1.92  -1.26  0     1 106.6
2016  28  5   7.9  -0.8  338.  2.16  -0.37  0     2 106.6
2016  28  6   5.8  -0.2  343.  2.33  -0.31 23     3 106.6
2016  28  7   2.9  -6.0  362.  2.57   1.99 23     1 106.6
2016  28  8   2.0  -6.7  361.  2.31   2.31 23    -9 106.6
2016  28  9   4.2  -6.3  361.  1.58   2.13 23   -16 106.6
2016  28 10   4.6  -5.4  360.  1.92   1.80 23   -26 106.6
2016  28 11   3.9  -1.0  347.  1.90   0.24 23   -30 106.6
2016  28 12   3.4   2.4  336.  1.73  -0.91 10   -23 106.6
2016  28 13   3.1   2.6  343.  1.79  -1.03 10   -14 106.6
2016  28 14   4.1   2.5  348.  1.89  -1.08 10   -10 106.6
2016  28 15   2.9   1.5  342.  1.66  -0.68 10   -10 106.6
2016  28 16   4.2  -1.7  356.  1.55   0.25 10   -12 106.6
2016  28 17   5.5  -2.6  352.  1.39   0.35 10   -16 106.6
2016  28 18   5.0  -1.6  344.  1.26  -0.03  7   -18 106.6
2016  28 19   4.3  -1.8  343.  1.17   0.03  7   -19 106.6
2016  28 20   5.0  -0.5  336.  1.04  -0.50  7   -20 106.6
2016  28 21   4.0  -2.6  336.  1.04   0.24  7   -19 106.6
2016  28 22   3.7  -0.5  321.  0.80  -0.35  7   -16 106.6
2016  28 23   2.8  -2.6  328.  0.91   0.39  7   -13 106.6
2016  29  0   4.9  -0.1  326.  0.76  -0.65  3   -11 103.7
2016  29  1   3.6  -2.1  358.  0.78   0.18  3   -12 103.7
2016  29  2   5.6  -0.8  335.  0.42  -0.44  3   -13 103.7
2016  29  3   4.9  -0.9  326.  0.45  -0.26  7   -13 103.7
2016  29  4   5.5  -0.5  328.  0.37  -0.36  7   -16 103.7
2016  29  5   5.5  -0.4  327.  0.38  -0.29  7   -15 103.7
2016  29  6   4.7  -1.0  324.  0.39   0.03  7   -14 103.7
2016  29  7   3.9  -1.6  319.  0.59   0.32  7   -13 103.7
2016  29  8   3.9  -1.8  309.  0.64   0.40  7   -12 103.7
2016  29  9   4.4  -0.5  314.  0.68   0.03  7   -12 103.7
2016  29 10   4.3   0.2  321.  0.60  -0.19  7   -12 103.7
2016  29 11   4.2  -0.3  320.  0.68  -0.03  7    -8 103.7
2016  29 12   3.8  -1.3  316.  0.84   0.28  7    -7 103.7
2016  29 13   3.5  -1.9  311.  0.80   0.44  7    -6 103.7
2016  29 14   3.7  -1.5  311.  0.88   0.28  7    -8 103.7
2016  29 15   3.5  -2.3  310.  0.66   0.50  7    -8 103.7
2016  29 16   3.5  -2.9  307.  0.70   0.61  7   -10 103.7
2016  29 17   2.8  -3.2  304.  0.76   0.70  7   -11 103.7
2016  29 18   2.3  -3.4  303.  0.94   0.76  3   -12 103.7
2016  29 19   3.1  -2.8  302.  0.96   0.45  3   -12 103.7
2016  29 20   3.0  -2.7  301.  0.98   0.39  3   -13 103.7
2016  29 21   2.8  -1.5  295.  1.11   0.06  7   -11 103.7
2016  29 22   2.1  -1.2  292.  1.22   0.06  7    -9 103.7
2016  29 23   2.0  -0.2  290.  1.29  -0.20  7    -8 103.7
2016  30  0   0.6  -1.1  289.  1.37   0.20  3    -8 102.0
2016  30  1   1.3  -0.8  289.  1.41   0.06  3    -6 102.0
2016  30  2   2.4   0.3  289.  1.37  -0.35  3    -6 102.0
2016  30  3   0.8  -0.5  281.  1.36   0.06  0    -5 102.0
2016  30  4   0.9  -1.3  279.  1.27   0.28  0    -6 102.0
2016  30  5   1.2  -2.3  285.  1.37   0.54  0    -5 102.0
2016  30  6   2.4  -1.1  284.  1.50   0.17  3    -2 102.0
2016  30  7   2.1  -1.4  285.  1.67   0.28  3    -4 102.0
2016  30  8   1.3  -2.0  281.  1.73   0.51  3    -7 102.0
2016  30  9   0.1  -0.7  271.  1.57   0.19  3    -9 102.0
2016  30 10   0.7  -0.4  268.  1.53   0.08  3   -11 102.0
2016  30 11   1.0   0.8  268.  1.55  -0.24  3   -12 102.0
2016  30 12   1.2   0.6  266.  1.45  -0.19  3   -11 102.0
2016  30 13   1.5  -0.4  267.  1.44   0.05  3    -7 102.0
2016  30 14   1.8  -0.3  263.  1.11  -0.00  3    -4 102.0
2016  30 15   1.8  -0.6  261.  1.29   0.05  7    -5 102.0
2016  30 16   2.1  -0.4  262.  1.31  -0.03  7    -5 102.0
2016  30 17   1.5  -0.1  265.  1.51  -0.08  7    -4 102.0
2016  30 18   2.4  -0.5  273.  1.75  -0.08  0    -2 102.0
2016  30 19   4.5  -1.6  280.  1.95  -0.06  0    -1 102.0
2016  30 20   4.4  -2.0  285.  2.31   0.03  0     0 102.0
2016  30 21   3.6  -3.0  281.  2.53   0.34  7     2 102.0
2016  30 22   2.9  -3.3  279.  2.71   0.47  7     3 102.0
2016  30 23   4.4  -3.0  280.  2.40   0.22  7     0 102.0
2016  31  0   3.9  -5.0  278.  2.09   0.78 10    -3  98.3
2016  31  1   3.9  -5.1  276.  2.26   0.86 10    -6  98.3
2016  31  2   4.1  -4.9  280.  2.87   0.84 10    -5  98.3
2016  31  3   4.7  -5.6  281.  2.92   1.01 17    -5  98.3
2016  31  4   4.6  -4.6  282.  2.73   0.85 17    -7  98.3
2016  31  5   4.8  -3.6  280.  2.63   0.64 17    -9  98.3
2016  31  6   3.8  -6.6  285.  2.21   1.62 23   -16  98.3
2016  31  7   4.8  -5.7  285.  2.18   1.37 23   -19  98.3
2016  31  8   2.5  -5.6  283.  2.54   1.47 23   -22  98.3
2016  31  9   2.6  -4.6  284.  2.83   1.22 23   -24  98.3
2016  31 10   4.0  -7.5  283.  1.56   2.01 23   -27  98.3
2016  31 11   3.8  -7.5  282.  1.47   2.00 23   -31  98.3
2016  31 12   3.1  -6.7  279.  1.44   1.76 20   -27  98.3
2016  31 13   3.3  -4.3  270.  2.04   1.03 20   -20  98.3
2016  31 14   1.4  -5.7  273.  2.21   1.47 20   -15  98.3
2016  31 15   2.3  -5.8  280.  2.18   1.46 20   -20  98.3
2016  31 16   3.7  -6.7  287.  1.70   1.61 20   -27  98.3
2016  31 17   4.4  -7.2  291.  1.51   1.63 20   -32  98.3
2016  31 18   3.4  -7.4  289.  1.45   1.68 17   -32  98.3
2016  31 19   3.1  -7.8  286.  1.46   1.74 17   -34  98.3
2016  31 20   2.8  -8.8  293.  1.57   2.02 17   -39  98.3
2016  31 21   0.6  -8.0  305.  1.79   2.13 37   -44  98.3
2016  31 22  -2.1  -4.0  314.  2.38   1.41 37   -43  98.3
2016  31 23   1.3  -9.1  310.  2.50   2.36 37   -46  98.3
2016  32  0   4.6  -7.6  308.  2.90   1.51 27   -44  97.3
2016  32  1   2.2  -8.0  308.  3.32   1.97 27   -46  97.3
2016  32  2   2.6  -7.3  306.  3.49   1.74 27   -48  97.3
2016  32  3   2.3  -6.7  309.  3.40   1.70 37   -44  97.3
2016  32  4   0.7  -6.5  305.  2.67   1.83 37   -38  97.3
2016  32  5   1.9  -6.6  303.  2.58   1.79 37   -41  97.3
2016  32  6   1.7  -6.6  301.  2.61   1.84 23   -45  97.3
2016  32  7  -2.1  -5.5  303.  2.39   1.76 23   -51  97.3
2016  32  8  -4.2  -4.1  301.  2.72   1.38 23   -53  97.3
2016  32  9   2.5   1.4  314.  3.45  -0.53 23   -49  97.3
2016  32 10   6.9   3.5  297.  1.27  -1.25 23   -41  97.3
2016  32 11   7.5   2.3  298.  1.29  -0.92 23   -34  97.3
2016  32 12   8.1   0.7  301.  1.42  -0.51  3   -29  97.3
2016  32 13   8.1   0.9  303.  1.47  -0.64  3   -26  97.3
2016  32 14   7.9   0.7  300.  1.47  -0.63  3   -24  97.3
2016  32 15   7.3   0.3  293.  1.78  -0.56  3   -21  97.3
2016  32 16   6.6  -0.2  292.  2.01  -0.44  3   -21  97.3
2016  32 17   5.1   1.9  285.  2.61  -0.94  3   -16  97.3
2016  32 18   4.6   1.4  284.  2.69  -0.82  0   -15  97.3
2016  32 19   5.0   0.7  279.  2.54  -0.70  0   -14  97.3
2016  32 20   4.2   0.0  275.  2.42  -0.47  0   -14  97.3
2016  32 21   4.3  -0.1  271.  2.31  -0.49  0   -14  97.3
2016  32 22   4.0  -0.7  272.  2.29  -0.30  0   -11  97.3
2016  32 23   3.0  -1.0  274.  2.50  -0.11  0    -9  97.3
2016  33  0   2.6  -1.7  274.  2.48   0.11  0   -10  99.1
2016  33  1   3.0  -1.8  271.  2.28   0.11  0   -11  99.1
2016  33  2  -1.8  -0.2  269.  2.27   0.24  0   -12  99.1
2016  33  3  -5.4   0.8  266.  1.95   0.32  0   -11  99.1
2016  33  4  -5.5   0.6  269.  2.44   0.30  0    -9  99.1
2016  33  5  -5.6  -0.1  281.  3.16   0.45  0    -9  99.1
2016  33  6  -4.9   1.2  278.  3.36  -0.03 10    -9  99.1
2016  33  7  -5.9   1.9  277.  3.61  -0.22 10    -3  99.1
2016  33  8  -6.4   2.8  279.  4.08  -0.53 10     1  99.1
2016  33  9  -3.6  -3.6  280.  4.49   1.12  7     3  99.1
2016  33 10  -5.7   3.4  277.  4.33  -0.75  7     1  99.1
2016  33 11  -3.8   1.9  278.  5.21  -0.42  7     5  99.1
2016  33 12  -5.1  -0.4  276.  4.88   0.28 13     9  99.1
2016  33 13  -1.6   4.6  278.  4.97  -1.20 13    10  99.1
2016  33 14   1.1   0.1  279.  5.60  -0.08 13     9  99.1
2016  33 15   3.0  -1.8  288.  4.07   0.32 20     4  99.1
2016  33 16   4.3  -3.6  307.  3.45   0.74 20     4  99.1
2016  33 17   2.4  -3.6  332.  4.53   0.90 20     5  99.1
2016  33 18  -4.5   4.6  332.  4.33  -0.93 20    -1  99.1
2016  33 19  -3.5   4.0  327.  4.29  -0.78 20    -1  99.1
2016  33 20  -5.8  -0.6  327.  5.13   0.95 20     1  99.1
2016  33 21  -7.5   0.9  329.  4.52   0.79 27   -11  99.1
2016  33 22  -2.6  -7.1  347.  2.34   2.60 27   -18  99.1
2016  33 23  -0.5  -7.9  354.  1.86   2.58 27   -28  99.1
2016  34  0  -2.1  -7.8  358.  2.00   2.83 40   -41 108.9
2016  34  1  -2.5  -8.0  356.  2.06   2.95 40   -54 108.9
2016  34  2  -2.3  -6.7  360.  2.17   2.56 40   -57 108.9
2016  34  3  -2.5  -7.4  363.  2.35   2.83 47   -55 108.9
2016  34  4  -0.0  -6.3  360.  2.57   2.16 47   -54 108.9
2016  34  5   3.1  -3.2  361.  3.25   0.83 47   -52 108.9
2016  34  6   4.5   1.2  366.  3.48  -0.81 27   -45 108.9
2016  34  7   4.9   2.3  371.  3.96  -1.15 27   -40 108.9
2016  34  8   3.6   2.5  368.  3.98  -1.10 27   -36 108.9
2016  34  9   4.1   4.9  372.  3.88  -2.01 10   -32 108.9
2016  34 10  -1.3   6.4  364.  3.64  -2.26 10   -27 108.9
2016  34 11   2.2   4.6  359.  3.42  -1.72 10   -24 108.9
2016  34 12   2.1   6.2  358.  3.58  -2.29  7   -20 108.9
2016  34 13   2.1   6.1  363.  3.60  -2.32  7   -16 108.9
2016  34 14   4.0   6.5  361.  2.91  -2.56  7   -14 108.9
2016  34 15   6.7   3.3  377.  2.38  -1.77 10   -17 108.9
2016  34 16   8.0   0.9  387.  2.23  -1.16 10   -19 108.9
2016  34 17   9.6   0.9  398.  1.47  -1.51 10   -20 108.9
2016  34 18   8.8   4.5  381.  1.56  -2.78  7   -19 108.9
2016  34 19   9.0   1.1  384.  1.66  -1.73  7   -23 108.9
2016  34 20   6.7   4.2  404.  2.26  -2.67  7   -22 108.9
2016  34 21   4.6   5.7  398.  2.20  -2.83  3   -19 108.9
2016  34 22   7.5   2.0  390.  1.91  -2.03  3   -15 108.9
2016  34 23   7.6   2.0  403.  1.89  -2.10  3   -11 108.9
2016  35  0   8.0   2.6  397.  1.58  -2.34  3   -10 119.8
2016  35  1   7.5   0.7  392.  1.44  -1.49  3   -10 119.8
2016  35  2   5.2   3.7  402.  1.82  -2.21  3   -11 119.8
2016  35  3   5.4   3.1  401.  1.86  -1.92  3   -10 119.8
2016  35  4   5.8   2.9  405.  2.04  -1.86  3   -10 119.8
2016  35  5   4.2   3.7  409.  2.33  -1.92  3    -7 119.8
2016  35  6   0.8   3.4  414.  2.69  -1.45 13    -5 119.8
2016  35  7   3.5   1.3  409.  2.51  -0.78 13    -2 119.8
2016  35  8   5.2   0.9  415.  2.70  -0.71 13     1 119.8
2016  35  9   7.2  -0.6  415.  2.48  -0.17 17     3 119.8
2016  35 10   1.9   0.7  420.  2.75  -0.38 17     2 119.8
2016  35 11   0.6  -0.9  421.  2.83   0.34 17    -2 119.8
2016  35 12   7.9   3.0  465.  2.69  -1.86 23     1 119.8
2016  35 13   7.0   0.6  434.  2.14  -0.74 23     2 119.8
2016  35 14   6.1  -2.2  421.  1.90   0.42 23     0 119.8
2016  35 15   6.8   0.9  452.  3.12  -1.08 17     1 119.8
2016  35 16   8.9   2.7  468.  3.36  -2.34 17     0 119.8
2016  35 17   9.6   2.0  459.  3.29  -2.25 17    -1 119.8
2016  35 18   7.6   0.4  449.  3.05  -1.39 13    -1 119.8
2016  35 19   7.8   2.4  445.  2.70  -2.36 13    -3 119.8
2016  35 20   7.5   1.5  430.  2.54  -1.94 13    -3 119.8
2016  35 21   8.2   0.4  433.  2.82  -1.73  7    -3 119.8
2016  35 22   7.5   1.5  412.  2.43  -1.98  7     1 119.8
2016  35 23   6.8   1.4  426.  2.85  -1.87  7     5 119.8
2016  36  0   2.7  -2.3  408.  2.72   0.33 27     5 116.3
2016  36  1   7.6   0.9  430.  2.59  -1.76 27    -4 116.3
2016  36  2   5.0  -4.0  443.  2.43   0.71 27    -8 116.3
2016  36  3   6.1   0.2  458.  3.13  -1.10 33   -12 116.3
2016  36  4   2.4  -5.9  472.  3.31   2.27 33    -9 116.3
2016  36  5   4.7  -1.2  451.  2.73  -0.05 33   -14 116.3
2016  36  6   3.6  -0.3  464.  2.78  -0.23 23   -16 116.3
2016  36  7   5.8   0.9  473.  2.73  -0.95 23   -13 116.3
2016  36  8   0.0  -0.4  468.  2.74   0.19 23   -12 116.3
2016  36  9  -3.4  -1.0  479.  2.66   0.72 23   -14 116.3
2016  36 10  -2.2  -2.1  484.  2.48   1.16 23   -14 116.3
2016  36 11   0.4  -1.9  473.  2.19   0.85 23   -15 116.3
2016  36 12  -1.7   0.5  475.  2.15  -0.14 20   -12 116.3
2016  36 13  -1.3  -0.6  478.  2.15   0.38 20   -13 116.3
2016  36 14   1.1  -1.4  474.  2.07   0.57 20   -10 116.3
2016  36 15   1.5  -2.2  470.  1.91   0.85 20   -10 116.3
2016  36 16  -0.4  -0.4  477.  2.00   0.24 20   -15 116.3
2016  36 17  -1.0  -1.9  472.  1.85   0.99 20   -18 116.3
2016  36 18  -1.2  -2.2  469.  1.83   1.17 23   -20 116.3
2016  36 19   2.2  -3.2  470.  1.78   0.99 23   -20 116.3
2016  36 20   1.8  -2.0  466.  1.85   0.47 23   -18 116.3
2016  36 21   1.7  -2.6  470.  1.92   0.75 20   -18 116.3
2016  36 22   2.0  -1.2  469.  1.97   0.05 20   -14 116.3
2016  36 23   3.5   0.5  466.  1.84  -0.98 20    -8 116.3
2016  37  0   1.8   1.8  469.  1.88  -1.13 17    -4 113.9
2016  37  1   0.6   2.4  475.  1.96  -1.14 17    -3 113.9
2016  37  2   1.5   0.6  466.  1.92  -0.56 17    -5 113.9
2016  37  3  -0.4   2.1  461.  1.92  -0.83 23   -10 113.9
2016  37  4   0.4   1.7  452.  1.77  -0.77 23   -15 113.9
2016  37  5  -0.9   1.6  451.  1.78  -0.59 23   -16 113.9
2016  37  6   0.2   2.3  459.  1.75  -1.06 13   -15 113.9
2016  37  7  -0.1   2.4  447.  1.67  -1.03 13   -13 113.9
2016  37  8   2.1   1.1  452.  1.72  -0.63 13   -11 113.9
2016  37  9   0.3  -1.7  451.  1.73   0.72 13   -10 113.9
2016  37 10   0.4  -1.8  446.  1.69   0.76 13   -13 113.9
2016  37 11   1.3  -1.9  437.  1.54   0.74 13   -10 113.9
2016  37 12   0.0  -1.1  429.  1.48   0.47 13    -7 113.9
2016  37 13  -0.4  -1.1  431.  1.40   0.52 13    -5 113.9
2016  37 14   1.2  -0.3  429.  1.40   0.04 13    -6 113.9
2016  37 15   1.3  -1.1  430.  1.32   0.34 17    -9 113.9
2016  37 16   1.2  -1.8  434.  1.42   0.61 17   -11 113.9
2016  37 17   1.8  -2.1  447.  2.29   0.63 17    -8 113.9
2016  37 18  -0.2  -0.6  449.  2.45   0.27 17    -5 113.9
2016  37 19   2.8  -0.9  435.  2.18  -0.13 17    -4 113.9
2016  37 20   2.4  -3.8  432.  1.97   1.04 17    -5 113.9
2016  37 21   3.8  -2.6  427.  2.24   0.26 23    -3 113.9
2016  37 22   1.9  -3.6  424.  2.51   0.98 23     0 113.9
2016  37 23  -1.7  -3.0  410.  1.97   1.39 23    -6 113.9
2016  38  0   1.5  -3.0  416.  2.22   0.83 20    -7 113.9
2016  38  1   4.6  -0.9  412.  2.38  -0.49 20    -4 113.9
2016  38  2   4.4   0.2  409.  2.54  -0.82 20    -2 113.9
2016  38  3   4.2   0.9  404.  2.51  -0.97  3    -1 113.9
2016  38  4   3.8   2.2  405.  2.52  -1.34  3    -3 113.9
2016  38  5   3.1   3.2  402.  2.65  -1.61  3    -4 113.9
2016  38  6  -1.2   3.4  405.  3.87  -1.22 10     3 113.9
2016  38  7  -0.9   4.8  397.  3.36  -1.79 10     1 113.9
2016  38  8  -2.4   2.2  396.  4.85  -0.71 10     3 113.9
2016  38  9  -3.1   0.5  393.  4.50  -0.00 13    -1 113.9
2016  38 10  -5.1  -1.4  399.  1.69   0.84 13    -8 113.9
2016  38 11  -4.5  -3.8  400.  1.45   1.76 13   -12 113.9
2016  38 12  -3.5  -4.1  405.  1.63   1.86 20   -14 113.9
2016  38 13  -2.1  -4.7  404.  1.68   2.02 20   -15 113.9
2016  38 14  -1.7  -5.0  400.  1.65   2.08 20   -17 113.9
2016  38 15  -1.3  -4.8  395.  1.80   1.98 37   -19 113.9
2016  38 16  -1.6  -4.8  392.  1.82   2.00 37   -20 113.9
2016  38 17  -1.4  -4.9  387.  1.96   1.97 37   -22 113.9
2016  38 18  -0.3  -5.1  382.  1.70   1.87 20   -25 113.9
2016  38 19   0.4  -4.5  382.  1.69   1.53 20   -24 113.9
2016  38 20   0.5  -3.3  376.  1.76   1.05 20   -23 113.9
2016  38 21  -0.1  -3.9  379.  1.82   1.33 20   -23 113.9
2016  38 22   0.5  -5.1  383.  1.91   1.65 20   -23 113.9
2016  38 23  -0.4  -6.2  391.  2.68   2.23 20   -24 113.9
2016  39  0  -0.6  -7.0  399.  4.11   2.59 50   -30 112.1
2016  39  1  -1.0  -7.5  396.  4.56   2.85 50   -30 112.1
2016  39  2  -1.5  -5.3  396.  5.92   2.14 50   -32 112.1
2016  39  3  -5.0   2.7  409.  3.88  -0.25 43   -32 112.1
2016  39  4  -5.6  -2.4  393.  2.20   1.61 43   -35 112.1
2016  39  5  -4.8  -2.5  393.  2.04   1.49 43   -40 112.1
2016  39  6  -3.4  -5.0  412.  2.14   2.35 43   -40 112.1
2016  39  7  -2.0  -3.2  443.  2.20   1.55 43   -45 112.1
2016  39  8   1.0   1.2  444.  2.52  -0.62 43   -39 112.1
2016  39  9   3.5  -1.6  454.  2.33   0.45 17   -30 112.1
2016  39 10   5.3  -1.7  442.  2.20   0.40 17   -27 112.1
2016  39 11   4.0   3.3  441.  1.88  -1.68 17   -29 112.1
2016  39 12  -0.7   3.9  416.  1.49  -1.54 13   -28 112.1
2016  39 13  -2.3   2.9  412.  1.18  -0.99 13   -27 112.1
2016  39 14  -1.9  -1.2  414.  1.14   0.66 13   -29 112.1
2016  39 15  -2.2  -0.3  409.  0.85   0.33 10   -28 112.1
2016  39 16   0.0   0.8  384.  0.85  -0.31 10   -29 112.1
2016  39 17  -0.3   3.4  367.  0.76  -1.14 10   -27 112.1
2016  39 18   0.1   3.0  367.  0.94  -1.03 10   -22 112.1
2016  39 19   1.0  -0.4  373.  1.35  -0.00 10   -18 112.1
2016  39 20   0.1  -2.1  370.  1.28   0.67 10   -18 112.1
2016  39 21  -2.2   1.6  367.  1.48  -0.15  3   -19 112.1
2016  39 22  -2.2   3.8  365.  1.50  -0.84  3   -17 112.1
2016  39 23  -1.2   4.8  361.  1.48  -1.34  3   -17 112.1
2016  40  0  -5.2   4.5  373.  1.94  -0.60 20   -11 114.1
2016  40  1  -4.5   6.9  407.  3.22  -1.71 20    -6 114.1
2016  40  2  -5.0   7.9  408.  3.33  -2.08 20    -4 114.1
2016  40  3  -4.6   7.9  407.  3.44  -2.24 10     0 114.1
2016  40  4  -4.1   6.8  388.  3.26  -1.94 10     3 114.1
2016  40  5  -3.2   9.2  413.  4.50  -3.22 10     6 114.1
2016  40  6  -4.3   0.4  405.  5.43   0.28 13     6 114.1
2016  40  7  -5.7   5.6  416.  5.60  -1.79 13     0 114.1
2016  40  8  -4.8   2.4  421.  6.16  -0.63 13    -3 114.1
2016  40  9  -8.2  -1.0  414.  3.74   0.95 30   -13 114.1
2016  40 10 -11.3  -7.2  411.  1.15   3.62 30   -24 114.1
2016  40 11 -11.3  -5.0  422.  1.36   2.79 30   -20 114.1
2016  40 12 -10.4  -1.0  419.  1.75   1.13 27   -15 114.1
2016  40 13  -9.6  -2.8  406.  2.00   1.83 27   -13 114.1
2016  40 14  -8.7   1.6  394.  1.90   0.12 27   -14 114.1
2016  40 15  -8.1   2.1  402.  1.88  -0.00 13   -15 114.1
2016  40 16  -7.7   2.4  400.  1.97  -0.00 13   -18 114.1
2016  40 17  -6.7   3.2  400.  2.17  -0.32 13   -17 114.1
2016  40 18  -6.1   2.1  402.  3.31   0.12 13   -11 114.1
2016  40 19  -5.9   2.3  392.  3.22   0.12 13    -8 114.1
2016  40 20  -5.1   3.7  389.  3.31  -0.43 13    -9 114.1
2016  40 21  -6.6  -0.5  388.  2.80   1.36 27   -13 114.1
2016  40 22  -4.5   0.3  400.  2.74   0.76 27   -15 114.1
2016  40 23  -4.2   1.2  380.  2.56   0.38 27   -14 114.1
2016  41  0  -4.0   0.3  378.  2.30   0.60 27   -14 109.2
2016  41  1  -3.9  -0.3  380.  2.33   0.76 27   -15 109.2
2016  41  2  -3.5   1.0  392.  2.64   0.24 27   -13 109.2
2016  41  3  -4.0  -0.3  391.  2.37   0.70 13   -11 109.2
2016  41  4  -3.9  -0.9  392.  2.22   0.86 13   -10 109.2
2016  41  5  -3.9  -0.4  391.  2.08   0.59 13   -12 109.2
2016  41  6  -3.2  -1.1  385.  2.05   0.73 10   -15 109.2
2016  41  7  -2.8  -0.7  384.  1.88   0.50 10   -19 109.2
2016  41  8  -3.3  -0.9  384.  1.89   0.58 10   -25 109.2
2016  41  9  -0.6  -0.7  375.  1.66   0.30  7   -27 109.2
2016  41 10   0.2  -0.7  370.  1.38   0.26  7   -23 109.2
2016  41 11   0.9  -0.8  368.  1.23   0.26  7   -18 109.2
2016  41 12  -2.0  -1.2  366.  1.04   0.55  3   -14 109.2
2016  41 13  -2.0  -1.1  366.  0.97   0.55  3   -14 109.2
2016  41 14  -1.5  -0.7  362.  0.85   0.36  3   -16 109.2
2016  41 15  -1.6  -0.7  363.  0.75   0.40  3   -18 109.2
2016  41 16  -1.9  -0.7  360.  0.72   0.43  3   -17 109.2
2016  41 17  -2.5  -0.6  360.  0.67   0.50  3   -15 109.2
2016  41 18  -2.3  -1.2  362.  0.53   0.72  7   -12 109.2
2016  41 19  -1.8  -1.7  357.  0.51   0.82  7   -11 109.2
2016  41 20  -2.2  -2.7  376.  0.27   1.28  7   -16 109.2
2016  41 21  -1.6  -1.8  351.  0.33   0.81 10   -20 109.2
2016  41 22  -1.7  -1.9  356.  0.45   0.89 10   -22 109.2
2016  41 23  -1.7  -2.3  349.  0.66   0.98 10   -25 109.2
2016  42  0   0.2  -3.5  337.  1.46   1.01 20   -24 109.8
2016  42  1  -1.1  -3.7  336.  1.31   1.28 20   -23 109.8
2016  42  2  -0.6  -4.4  340.  1.27   1.43 20   -21 109.8
2016  42  3  -1.3  -4.6  340.  1.24   1.60 20   -19 109.8
2016  42  4  -1.0  -4.7  339.  1.63   1.63 20   -18 109.8
2016  42  5  -2.1  -4.9  338.  1.48   1.79 20   -20 109.8
2016  42  6  -2.6  -5.5  341.  1.52   2.05 20   -25 109.8
2016  42  7  -4.3  -5.2  342.  1.64   2.05 20   -29 109.8
2016  42  8  -5.1  -4.2  336.  1.53   1.71 20   -33 109.8
2016  42  9  -5.8  -3.8  334.  1.50   1.57 13   -32 109.8
2016  42 10  -4.7  -4.9  334.  1.51   1.87 13   -30 109.8
2016  42 11  -5.4  -4.0  331.  1.62   1.59 13   -26 109.8
2016  42 12  -5.8  -2.7  331.  1.86   1.19 17   -20 109.8
2016  42 13  -4.8  -3.6  330.  2.43   1.49 17   -14 109.8
2016  42 14  -4.3  -4.8  329.  1.86   1.84 17   -20 109.8
2016  42 15  -5.7  -1.9  328.  2.37   1.08 23   -23 109.8
2016  42 16  -6.3  -1.5  330.  1.82   1.09 23   -28 109.8
2016  42 17  -5.2   6.0  334.  1.15  -1.30 23   -29 109.8
2016  42 18  -4.6   6.2  340.  1.01  -1.36 17   -22 109.8
2016  42 19  -6.9   2.9  342.  1.20   0.10 17   -16 109.8
2016  42 20  -8.3   1.1  341.  1.50   0.92 17   -18 109.8
2016  42 21  -8.2  -5.6  342.  1.45   3.01 33   -21 109.8
2016  42 22  -8.1  -6.6  341.  1.42   3.31 33   -33 109.8
2016  42 23 -10.8  -3.3  357.  1.84   2.89 33   -44 109.8
2016  43  0 -11.5  -1.0  349.  1.71   2.23 33   -45 109.3
2016  43  1 -10.3  -2.3  335.  1.64   2.28 33   -42 109.3
2016  43  2 -11.3   0.7  342.  2.14   1.44 33   -31 109.3
2016  43  3 -12.9   4.3  355.  1.94   0.39 23   -29 109.3
2016  43  4 -12.7   7.4  358.  2.10  -0.86 23   -24 109.3
2016  43  5  -7.2  12.2  356.  2.87  -3.35 23   -17 109.3
2016  43  6  -7.0  11.7  353.  3.57  -3.32 20   -13 109.3
2016  43  7  -6.2  12.1  354.  3.18  -3.68 20   -12 109.3
2016  43  8 -10.7   5.6  357.  4.20  -1.21 20   -11 109.3
2016  43  9  -8.0  -7.4  362.  5.00   3.15 37   -17 109.3
2016  43 10  -9.3  -2.6  357.  4.75   1.46 37   -36 109.3
2016  43 11 -10.8  -1.4  357.  4.02   1.11 37   -42 109.3
2016  43 12 -10.9   8.1  353.  2.47  -2.15 30   -30 109.3
2016  43 13 -11.8   4.2  355.  4.33  -0.64 30   -16 109.3
2016  43 14 -10.4   7.6  354.  4.83  -1.77 30   -13 109.3
2016  43 15  -8.6   8.5  351.  4.21  -2.07 23   -14 109.3
2016  43 16 -10.5   7.1  349.  3.87  -1.26 23   -15 109.3
2016  43 17 -14.0   4.1  347.  3.37   0.35 23   -19 109.3
2016  43 18  -9.1   9.5  349.  4.71  -1.81 20   -15 109.3
2016  43 19  -7.5  10.5  350.  5.99  -2.24 20    -3 109.3
2016  43 20   0.8  14.0  355.  7.68  -4.58 20     7 109.3
2016  43 21   3.7  13.9  352.  7.91  -4.93 20    10 109.3
2016  43 22   6.4  14.9  352.  6.92  -5.67 20     9 109.3
2016  43 23  -5.6  14.1  354.  7.58  -3.40 20    11 109.3
2016  44  0  -8.8  15.7  357.  5.47  -3.39 20    11 107.5
2016  44  1   5.3  16.3  359.  4.02  -6.07 20     8 107.5
2016  44  2   3.6  16.2  362.  3.77  -5.86 20     7 107.5
2016  44  3   9.1   6.5  367.  7.29  -3.52 27    17 107.5
2016  44  4  10.3  -2.1  369.  9.41  -0.63 27    20 107.5
2016  44  5   9.9  -5.7  366.  6.58   0.84 27    13 107.5
2016  44  6   7.1   5.0  390.  2.66  -2.61 30    -6 107.5
2016  44  7   9.9   6.5  388.  3.43  -3.34 30   -10 107.5
2016  44  8   9.0   2.1  401.  4.20  -1.52 30    -4 107.5
2016  44  9   7.1  -0.3  397.  4.41  -0.36 17    -6 107.5
2016  44 10   6.6   4.2  400.  3.94  -2.08 17   -11 107.5
2016  44 11  10.4   4.0  395.  3.04  -2.25 17   -12 107.5
2016  44 12   6.9   5.1  388.  3.21  -2.41 10    -8 107.5
2016  44 13  -3.4   7.0  380.  3.40  -2.36 10    -1 107.5
2016  44 14   1.7   4.6  379.  3.55  -1.86 10     2 107.5
2016  44 15   8.3   1.1  376.  2.66  -1.24 10    -2 107.5
2016  44 16   5.7   0.6  411.  1.94  -0.95 10    -7 107.5
2016  44 17   4.0   1.3  417.  1.70  -1.08 10    -9 107.5
2016  44 18   2.6   2.6  418.  1.92  -1.42  7    -7 107.5
2016  44 19   4.4   1.8  420.  1.97  -1.47  7    -7 107.5
2016  44 20   5.1   1.1  417.  1.86  -1.38  7    -9 107.5
2016  44 21   4.9   0.7  414.  1.88  -1.20  7   -11 107.5
2016  44 22   4.8   0.0  407.  1.91  -0.94  7   -10 107.5
2016  44 23   3.5   2.7  410.  2.11  -1.68  7   -10 107.5
2016  45  0   4.1  -1.0  399.  1.98  -0.44 23   -10 105.4
2016  45  1   2.8  -1.1  406.  2.05  -0.12 23   -11 105.4
2016  45  2   1.2   2.5  410.  2.16  -1.15 23    -8 105.4
2016  45  3  -2.7   4.2  409.  2.26  -1.15 27    -5 105.4
2016  45  4  -4.4   2.8  407.  2.26  -0.41 27    -2 105.4
2016  45  5  -2.1   0.2  392.  1.95   0.20 27    -4 105.4
2016  45  6   2.3  -1.7  387.  1.90   0.39 20    -8 105.4
2016  45  7   0.6  -1.4  384.  1.93   0.46 20   -16 105.4
2016  45  8   1.2   0.5  378.  1.74  -0.26 20   -20 105.4
2016  45  9   4.1   0.3  394.  1.95  -0.39 23   -21 105.4
2016  45 10   4.4   0.8  390.  1.87  -0.58 23   -21 105.4
2016  45 11   2.9  -1.7  387.  1.87   0.46 23   -20 105.4
2016  45 12   2.3   0.1  378.  1.71  -0.19 23   -19 105.4
2016  45 13   0.5   1.8  377.  1.64  -0.72 23   -14 105.4
2016  45 14   0.7  -2.5  376.  1.83   0.86 23   -13 105.4
2016  45 15   1.8  -3.8  382.  1.89   1.22 30   -17 105.4
2016  45 16   4.7  -3.6  407.  2.14   0.81 30   -19 105.4
2016  45 17   3.9  -3.6  385.  1.88   0.77 30   -16 105.4
2016  45 18   6.0  -2.3  400.  2.34  -0.08 17   -13 105.4
2016  45 19   4.7  -3.6  390.  2.15   0.47 17   -12 105.4
2016  45 20   2.4  -2.3  395.  2.34   0.36 17   -13 105.4
2016  45 21   4.9  -0.3  390.  2.44  -0.82 10   -16 105.4
2016  45 22   4.8  -2.4  389.  2.40  -0.12 10   -14 105.4
2016  45 23   6.5  -2.1  400.  2.50  -0.56 10   -10 105.4
2016  46  0   4.0  -1.2  373.  2.11  -0.34 23   -11 104.7
2016  46  1   3.1  -3.3  373.  2.23   0.56 23   -11 104.7
2016  46  2   4.4  -3.3  384.  2.76   0.38 23   -10 104.7
2016  46  3   3.7  -3.7  386.  2.71   0.73 23    -8 104.7
2016  46  4   3.3  -3.1  373.  2.27   0.63 23   -11 104.7
2016  46  5   2.5  -2.9  369.  1.82   0.74 23   -11 104.7
2016  46  6   0.6  -3.0  376.  2.88   1.02 30    -8 104.7
2016  46  7  -1.8   0.0  378.  4.70   0.15 30    -6 104.7
2016  46  8  -4.8  -0.2  399.  2.36   0.48 30    -5 104.7
2016  46  9  -5.6   0.3  402.  2.45   0.28 17    -3 104.7
2016  46 10  -0.8  -0.7  419.  3.47   0.34 17    -3 104.7
2016  46 11   0.1   1.6  431.  3.76  -0.69 17    -5 104.7
2016  46 12   1.7   3.2  423.  3.60  -1.48 17    -7 104.7
2016  46 13   3.5   1.8  412.  3.38  -1.03 17    -8 104.7
2016  46 14   4.3   1.5  413.  3.29  -1.03 17    -5 104.7
2016  46 15   3.7   1.3  408.  2.90  -0.94 10    -6 104.7
2016  46 16   1.5   1.9  411.  2.99  -0.95 10    -7 104.7
2016  46 17   3.5   2.8  434.  3.45  -1.69 10    -5 104.7
2016  46 18   4.8   0.5  433.  3.95  -1.04 10    -2 104.7
2016  46 19   2.1  -0.3  434.  4.16  -0.26 10    -2 104.7
2016  46 20   5.1  -2.3  424.  3.55  -0.13 10    -3 104.7
2016  46 21   3.5  -6.3  422.  3.90   1.60 43    -7 104.7
2016  46 22   1.6  -7.1  415.  4.09   2.24 43   -18 104.7
2016  46 23   4.1  -5.9  428.  4.27   1.33 43   -24 104.7
2016  47  0  -3.9  -6.0  410.  4.24   2.91 40   -33 101.5
2016  47  1   4.7   3.9  422.  9.67  -2.41 40   -27 101.5
2016  47  2  -0.8   2.4  421.  9.58  -0.76 40   -25 101.5
2016  47  3  -9.4   1.8  419.  5.35   0.92 27   -28 101.5
2016  47  4  -7.8  -0.2  416.  5.19   1.25 27   -25 101.5
2016  47  5  -9.9   2.7  427.  4.48   0.26 27   -26 101.5
2016  47  6 -10.9   2.6  442.  5.01   0.22 33   -21 101.5
2016  47  7  -5.9   9.4  438.  5.77  -3.37 33   -21 101.5
2016  47  8  -5.2  -7.6  468.  8.30   3.98 33   -10 101.5
2016  47  9 -11.4  -1.5  478. 10.48   1.72 47   -23 101.5
2016  47 10  -6.8  10.2  481. 10.89  -4.23 47   -26 101.5
2016  47 11 -11.3   1.1  523.  8.49   0.47 47   -14 101.5
2016  47 12 -10.2  -0.8  524.  8.33   1.41 53   -22 101.5
2016  47 13  -7.9  -2.7  543.  8.27   2.33 53   -32 101.5
2016  47 14  -2.6   4.9  563.  9.59  -2.31 53   -28 101.5
2016  47 15  -7.5  -1.7  570.  8.61   2.11 50   -25 101.5
2016  47 16  -6.7  -4.8  586.  8.29   3.93 50   -35 101.5
2016  47 17  -6.9   1.3  590.  6.54   0.77 50   -49 101.5
2016  47 18  -3.0  -2.3  604.  5.79   1.99 53   -49 101.5
2016  47 19  -4.0  -1.7  611.  5.50   2.02 53   -65 101.5
2016  47 20  -2.7  -1.6  620.  4.80   1.67 53   -57 101.5
2016  47 21  -4.8   0.1  639.  5.02   1.41 47   -54 101.5
2016  47 22  -1.4   2.3  639.  4.91  -0.83 47   -53 101.5
2016  47 23  -2.1   0.8  604.  4.14   0.24 47   -52 101.5
2016  48  0  -5.7  -0.9  601.  4.21   2.16 50   -47  97.5
2016  48  1  -4.0  -0.4  583.  3.90   1.34 50   -49  97.5
2016  48  2  -2.1   4.4  578.  4.13  -1.73 50   -40  97.5
2016  48  3  -0.5   3.7  559.  4.22  -1.79 33   -38  97.5
2016  48  4   2.4   3.7  582.  5.30  -2.50 33   -32  97.5
2016  48  5  -3.5  -0.5  578.  4.80   0.92 33   -33  97.5
2016  48  6  -4.6  -1.3  590.  4.87   1.48 43   -42  97.5
2016  48  7  -3.6  -0.4  599.  4.63   0.78 43   -46  97.5
2016  48  8   1.6  -2.0  588.  4.03   0.94 43   -43  97.5
2016  48  9  -3.1  -1.6  594.  3.78   1.31 30   -34  97.5
2016  48 10  -5.3  -1.9  559.  2.94   1.57 30   -35  97.5
2016  48 11  -2.8  -2.6  564.  3.49   1.75 30   -41  97.5
2016  48 12  -1.3   0.1  560.  3.73   0.11 40   -41  97.5
2016  48 13  -5.0  -1.1  558.  3.90   1.17 40   -32  97.5
2016  48 14  -1.9   1.0  544.  3.75  -0.27 40   -35  97.5
2016  48 15  -0.9   2.9  552.  3.94  -1.38 37   -34  97.5
2016  48 16  -1.4  -0.0  535.  3.51   0.27 37   -33  97.5
2016  48 17  -4.5   1.0  547.  3.73   0.38 37   -34  97.5
2016  48 18  -5.0   0.9  548.  3.63   0.66 47   -34  97.5
2016  48 19  -5.1  -4.8  553.  2.57   3.65 47   -40  97.5
2016  48 20  -4.3  -3.2  563.  2.73   2.70 47   -48  97.5
2016  48 21  -5.4  -4.3  585.  2.82   3.74 57   -57  97.5
2016  48 22  -2.4  -5.5  604.  2.94   3.62 57   -56  97.5
2016  48 23  -4.2  -1.8  604.  3.16   2.23 57   -58  97.5
2016  49  0   0.2   3.8  623.  3.32  -2.12 43   -62  92.7
2016  49  1  -0.0   1.8  618.  2.73  -0.99 43   -55  92.7
2016  49  2  -5.5  -2.6  636.  2.46   3.05 43   -52  92.7
2016  49  3  -5.3  -2.0  649.  2.54   2.60 50   -58  92.7
2016  49  4  -4.0   0.1  630.  2.17   0.88 50   -57  92.7
2016  49  5  -3.8  -1.7  645.  2.37   1.87 50   -58  92.7
2016  49  6  -4.0   1.1  615.  1.92   0.06 40   -58  92.7
2016  49  7  -2.1  -1.7  626.  2.71   1.38 40   -52  92.7
2016  49  8   1.3   2.0  626.  2.77  -1.38 40   -52  92.7
2016  49  9  -1.4   0.5  621.  2.58  -0.12 43   -47  92.7
2016  49 10  -2.7   2.1  624.  2.42  -1.00 43   -48  92.7
2016  49 11  -3.2  -0.4  618.  2.18   0.62 43   -42  92.7
2016  49 12  -4.0  -0.2  631.  2.27   0.63 30   -39  92.7
2016  49 13  -1.0   0.5  589.  1.84  -0.18 30   -34  92.7
2016  49 14  -2.9  -0.2  586.  1.69   0.53 30   -32  92.7
2016  49 15  -4.4  -0.4  617.  2.08   0.99 33   -34  92.7
2016  49 16  -2.7   2.0  609.  2.08  -0.61 33   -36  92.7
2016  49 17  -2.0  -3.9  626.  2.33   2.75 33   -35  92.7
2016  49 18  -2.5  -1.5  625.  2.29   1.50 47   -40  92.7
2016  49 19  -1.2   0.2  585.  1.78   0.23 47   -36  92.7
2016  49 20  -2.8   1.4  599.  1.99   0.06 47   -40  92.7
2016  49 21  -2.2   2.1  582.  1.76  -0.41 33   -39  92.7
2016  49 22  -3.5  -0.5  593.  1.91   1.30 33   -32  92.7
2016  49 23  -4.1   0.2  602.  1.93   1.14 33   -31  92.7
2016  50  0  -1.4   0.5  578.  1.81   0.17 30   -32  91.9
2016  50  1  -0.9  -0.7  564.  1.76   0.56 30   -34  91.9
2016  50  2  -0.1  -1.3  565.  1.76   0.68 30   -34  91.9
2016  50  3  -2.5   0.3  570.  1.81   0.46 33   -32  91.9
2016  50  4  -3.1  -1.2  574.  1.88   1.32 33   -28  91.9
2016  50  5  -3.6  -0.5  576.  1.94   0.98 33   -33  91.9
2016  50  6  -3.3  -0.8  587.  2.06   1.00 23   -37  91.9
2016  50  7  -2.3  -0.7  584.  1.90   0.76 23   -38  91.9
2016  50  8  -3.3  -1.0  563.  2.01   0.96 23   -34  91.9
2016  50  9  -0.4   2.4  563.  2.26  -1.29 33   -31  91.9
2016  50 10   1.5   0.1  562.  2.32  -0.22 33   -26  91.9
2016  50 11   0.7  -2.5  569.  2.12   1.31 33   -24  91.9
2016  50 12   1.1  -1.1  557.  2.10   0.50 30   -26  91.9
2016  50 13  -1.6  -0.4  570.  1.95   0.40 30   -31  91.9
2016  50 14  -3.5  -1.3  551.  1.80   1.16 30   -32  91.9
2016  50 15  -3.4  -2.6  544.  1.69   1.90 37   -36  91.9
2016  50 16  -3.6  -2.8  551.  1.66   2.09 37   -37  91.9
2016  50 17  -4.0  -1.1  550.  2.04   1.38 37   -38  91.9
2016  50 18   0.7  -1.5  555.  2.12   0.61 37   -39  91.9
2016  50 19  -1.4  -1.4  551.  2.30   1.05 37   -34  91.9
2016  50 20  -0.3  -0.5  547.  2.70   0.33 37   -36  91.9
2016  50 21   1.9   0.7  541.  2.43  -0.81 20   -36  91.9
2016  50 22   2.6   1.7  533.  2.14  -1.49 20   -31  91.9
2016  50 23   1.2   1.0  533.  1.86  -0.80 20   -28  91.9
2016  51  0   0.5   1.5  534.  1.69  -0.80 23   -30  97.8
2016  51  1   0.7  -0.4  530.  1.66  -0.00 23   -30  97.8
2016  51  2   1.5   1.9  526.  1.62  -1.26 23   -30  97.8
2016  51  3   1.0   1.4  521.  1.56  -0.89 20   -28  97.8
2016  51  4  -0.8  -0.5  514.  1.23   0.41 20   -28  97.8
2016  51  5  -1.2   0.0  510.  1.21   0.20 20   -31  97.8
2016  51  6  -2.0   0.7  522.  1.32  -0.05 20   -31  97.8
2016  51  7  -2.0  -0.2  523.  1.41   0.37 20   -27  97.8
2016  51  8  -1.2   1.3  509.  1.17  -0.51 20   -25  97.8
2016  51  9  -1.2   1.2  503.  1.14  -0.45  7   -24  97.8
2016  51 10  -1.6   0.8  486.  0.97  -0.24  7   -22  97.8
2016  51 11  -1.8   1.2  486.  0.89  -0.39  7   -22  97.8
2016  51 12  -0.9   1.4  478.  1.01  -0.57 10   -21  97.8
2016  51 13  -2.3  -0.2  475.  1.04   0.33 10   -24  97.8
2016  51 14  -3.3   0.8  465.  0.87   0.05 10   -25  97.8
2016  51 15  -3.8   0.2  459.  0.78   0.41  7   -25  97.8
2016  51 16  -3.6   0.4  445.  0.83   0.36  7   -26  97.8
2016  51 17  -2.8   1.0  450.  0.86   0.04  7   -27  97.8
2016  51 18  -3.0   0.8  438.  0.87   0.22  3   -27  97.8
2016  51 19  -2.0   0.4  446.  1.10   0.22  3   -26  97.8
2016  51 20  -2.7   0.2  440.  1.13   0.48  3   -26  97.8
2016  51 21  -1.8  -0.5  416.  1.19   0.54  3   -25  97.8
2016  51 22  -0.9  -0.3  403.  1.42   0.28  3   -22  97.8
2016  51 23  -1.2  -0.4  395.  1.63   0.40  3   -18  97.8
2016  52  0  -0.8   0.5  398.  1.66  -0.00 10   -13  93.5
2016  52  1  -1.1   1.0  389.  1.74  -0.12 10   -14  93.5
2016  52  2  -1.7  -0.7  385.  1.82   0.54 10   -14  93.5
2016  52  3  -2.8  -0.2  372.  1.78   0.52 17   -17  93.5
2016  52  4  -2.3  -1.1  370.  1.95   0.70 17   -17  93.5
2016  52  5  -2.3   1.1  360.  1.83  -0.11 17   -18  93.5
2016  52  6  -1.2   1.3  356.  1.72  -0.32  7   -16  93.5
2016  52  7  -1.6   0.8  349.  1.40  -0.14  7   -18  93.5
2016  52  8  -1.5   0.9  344.  1.19  -0.17  7   -18  93.5
2016  52  9  -0.9   0.8  339.  1.16  -0.20  0   -17  93.5
2016  52 10  -1.1  -0.8  339.  1.14   0.34  0   -16  93.5
2016  52 11  -1.4  -0.6  340.  1.14   0.31  0   -13  93.5
2016  52 12   0.3  -0.7  338.  1.18   0.20  7   -11  93.5
2016  52 13  -0.4  -1.4  336.  1.18   0.50  7   -14  93.5
2016  52 14  -0.3  -0.5  335.  1.27   0.20  7   -16  93.5
2016  52 15  -0.3  -2.2  333.  1.27   0.73  7   -17  93.5
2016  52 16   0.7  -2.7  331.  1.30   0.76  7   -18  93.5
2016  52 17  -1.4  -2.5  333.  1.34   0.93  7   -20  93.5
2016  52 18   1.9  -2.4  335.  1.64   0.47 17   -20  93.5
2016  52 19   1.6  -2.3  336.  1.59   0.44 17   -20  93.5
2016  52 20   1.1  -3.4  331.  1.36   0.83 17   -22  93.5
2016  52 21   1.4  -3.4  334.  1.55   0.73 17   -18  93.5
2016  52 22   0.3  -1.4  335.  1.54   0.34 17   -15  93.5
2016  52 23  -2.3   1.1  325.  1.48   0.07 17   -13  93.5
2016  53  0  -1.9  -0.1  319.  1.38   0.32  0   -12  91.7
2016  53  1  -1.9   0.2  317.  1.37   0.25  0   -11  91.7
2016  53  2  -3.4   1.0  325.  1.64   0.23  0    -9  91.7
2016  53  3  -3.6   0.2  322.  1.46   0.45  0   -10  91.7
2016  53  4  -2.8   1.6  321.  1.56  -0.13  0   -10  91.7
2016  53  5   3.6   3.9  329.  1.91  -1.61  0    -7  91.7
2016  53  6   0.4   4.5  326.  2.04  -1.43  0    -4  91.7
2016  53  7  -4.6   3.4  333.  2.11  -0.70  0    -1  91.7
2016  53  8  -6.3   1.9  338.  2.30  -0.14  0    -1  91.7
2016  53  9  -6.7   2.3  339.  2.22  -0.31  7    -1  91.7
2016  53 10  -5.4   3.7  347.  2.60  -0.90  7    -1  91.7
2016  53 11   2.4   5.3  348.  2.48  -1.98  7     0  91.7
2016  53 12  -2.3   1.8  346.  2.50  -0.45 10     0  91.7
2016  53 13  -2.8   1.5  346.  2.48  -0.28 10    -2  91.7
2016  53 14  -4.7  -0.6  339.  2.47   0.61 10    -5  91.7
2016  53 15   1.3   3.6  339.  2.39  -1.29 10    -9  91.7
2016  53 16   4.1   4.8  348.  2.36  -2.05 10    -8  91.7
2016  53 17   3.7   4.9  344.  1.78  -2.03 10    -9  91.7
2016  53 18  -0.9   4.8  340.  1.60  -1.36  7    -7  91.7
2016  53 19  -1.6   1.2  349.  1.80  -0.10  7    -7  91.7
2016  53 20  -1.5   2.1  359.  1.91  -0.39  7    -8  91.7
2016  53 21  -1.7   0.6  359.  1.86   0.11 10    -7  91.7
2016  53 22   0.7  -2.0  360.  1.83   0.50 10    -7  91.7
2016  53 23  -1.8  -0.1  356.  1.78   0.36 10    -7  91.7
2016  54  0  -2.5  -0.4  355.  1.74   0.57 23    -6  89.1
2016  54  1  -2.0  -2.0  357.  1.71   0.96 23    -6  89.1
2016  54  2  -0.3  -1.4  354.  1.53   0.50 23   -10  89.1
2016  54  3  -0.1   0.7  348.  1.24  -0.21  7    -8  89.1
2016  54  4  -0.2   1.8  354.  1.30  -0.57  7    -8  89.1
2016  54  5  -0.7   0.8  362.  1.37  -0.18  7    -8  89.1
2016  54  6  -1.1   2.4  365.  1.31  -0.73  3    -7  89.1
2016  54  7  -1.9   3.0  374.  1.52  -0.90  3    -6  89.1
2016  54  8  -3.8   1.6  374.  1.60  -0.26  3    -4  89.1
2016  54  9  -2.6  -0.1  374.  1.59   0.22  3    -3  89.1
2016  54 10  -1.7   1.9  370.  1.49  -0.56  3    -4  89.1
2016  54 11  -3.0   2.5  370.  1.49  -0.67  3    -2  89.1
2016  54 12  -2.7   1.7  364.  1.41  -0.40  7    -2  89.1
2016  54 13  -4.4  -0.5  370.  1.50   0.56  7    -2  89.1
2016  54 14  -3.5   0.8  367.  1.54   0.07  7    -4  89.1
2016  54 15  -4.3   0.1  374.  1.73   0.45  7    -6  89.1
2016  54 16  -4.1   0.5  370.  1.81   0.33  7    -9  89.1
2016  54 17  -4.0   0.0  367.  1.82   0.55  7   -12  89.1
2016  54 18  -3.9   0.5  359.  1.78   0.43 17   -14  89.1
2016  54 19  -5.3  -1.6  354.  1.86   1.35 17   -11  89.1
2016  54 20  -3.8  -3.2  375.  2.49   1.72 17   -12  89.1
2016  54 21  -5.2  -2.7  374.  2.60   1.87 30   -15  89.1
2016  54 22  -5.1  -4.0  366.  2.58   2.23 30   -15  89.1
2016  54 23  -5.0  -3.9  351.  2.56   2.07 30   -16  89.1
2016  55  0  -4.2  -2.2  336.  2.25   1.34 27   -13  86.1
2016  55  1  -5.4  -1.2  357.  2.46   1.32 27   -14  86.1
2016  55  2  -4.4   0.0  354.  2.52   0.71 27   -16  86.1
2016  55  3  -4.3   0.4  349.  2.47   0.52 17   -15  86.1
2016  55  4  -5.2  -1.0  347.  2.38   1.01 17   -15  86.1
2016  55  5  -5.1  -0.3  352.  2.19   0.70 17   -16  86.1
2016  55  6  -0.3  -0.7  331.  1.65   0.26 13   -20  86.1
2016  55  7  -0.3  -0.3  324.  1.50   0.13 13   -18  86.1
2016  55  8  -5.6  -1.6  340.  1.71   0.99 13   -16  86.1
2016  55  9  -6.8   2.3  350.  1.81  -0.28 10   -17  86.1
2016  55 10  -7.2   1.3  340.  1.89   0.07 10   -14  86.1
2016  55 11  -6.9   2.0  336.  1.84  -0.20 10   -13  86.1
2016  55 12  -6.7  -0.4  339.  1.96   0.61 23   -14  86.1
2016  55 13  -5.6   3.2  321.  1.66  -0.58 23   -15  86.1
2016  55 14  -5.5   1.7  330.  2.10  -0.07 23   -11  86.1
2016  55 15  -5.7   1.7  338.  2.34   0.03 10   -10  86.1
2016  55 16  -4.2  -0.5  332.  2.36   0.63 10   -12  86.1
2016  55 17  -4.1   1.3  330.  2.08   0.13 10   -13  86.1
2016  55 18  -2.9   3.8  327.  1.94  -0.72 13   -10  86.1
2016  55 19  -4.6  -0.5  328.  2.23   0.85 13   -10  86.1
2016  55 20  -5.9   1.3  323.  1.81   0.55 13   -13  86.1
2016  55 21  -5.5   3.5  309.  1.49  -0.06 17   -14  86.1
2016  55 22  -5.8   3.9  314.  1.56  -0.09 17   -12  86.1
2016  55 23  -6.7   1.2  316.  1.67   0.79 17   -11  86.1
2016  56  0  -6.8   3.5  320.  2.01   0.16 17    -8  89.9
2016  56  1  -5.1   4.4  313.  2.12  -0.41 17    -4  89.9
2016  56  2  -5.4   3.8  311.  1.82  -0.25 17    -3  89.9
2016  56  3  -5.2   2.5  310.  1.89  -0.00 17    -1  89.9
2016  56  4  -4.7  -1.2  317.  2.77   0.92 17     1  89.9
2016  56  5  -4.3  -1.3  321.  3.31   0.87 17     1  89.9
2016  56  6  -6.4  -0.4  316.  3.01   0.73 17    -3  89.9
2016  56  7  -6.9   0.7  320.  3.16   0.38 17    -3  89.9
2016  56  8  -6.7   1.2  323.  3.68   0.13 17    -2  89.9
2016  56  9  -5.1   1.8  322.  4.07  -0.23 10    -1  89.9
2016  56 10  -4.8   3.5  320.  4.13  -0.77 10     0  89.9
2016  56 11  -6.1   3.3  311.  3.21  -0.62 10     3  89.9
2016  56 12  -5.7   3.9  308.  2.72  -0.80 10     0  89.9
2016  56 13  -6.1   3.7  306.  2.27  -0.64 10    -3  89.9
2016  56 14  -5.4   4.7  312.  2.29  -0.97 10    -2  89.9
2016  56 15  -6.4   5.5  324.  2.58  -1.07  7    -1  89.9
2016  56 16  -7.8   4.1  327.  2.66  -0.36  7    -3  89.9
2016  56 17  -6.0   4.1  322.  2.95  -0.48  7    -3  89.9
2016  56 18  -2.1   3.9  298.  2.67  -0.77  7    -3  89.9
2016  56 19  -2.0   4.2  299.  2.59  -0.84  7     0  89.9
2016  56 20   1.2   6.0  314.  3.30  -1.82  7     6  89.9
2016  56 21   8.9   3.6  325.  4.57  -2.47 20    12  89.9
2016  56 22   4.7  -4.6  340.  3.83   0.51 20     7  89.9
2016  56 23   6.6  -6.1  346.  3.18   0.62 20    -3  89.9
2016  57  0   7.6  -2.1  349.  2.49  -0.73 37    -7  87.2
2016  57  1   9.1  -2.6  359.  2.09  -0.83 37    -9  87.2
2016  57  2   8.1  -1.5  354.  2.03  -0.89 37   -11  87.2
2016  57  3   8.5  -1.0  361.  1.65  -1.01 27    -9  87.2
2016  57  4   4.8  -2.0  367.  1.52  -0.04 27    -8  87.2
2016  57  5   2.0  -1.8  354.  1.09   0.35 27   -14  87.2
2016  57  6   0.8  -0.1  355.  1.09  -0.07 17   -12  87.2
2016  57  7   3.0   1.4  364.  1.13  -0.80 17    -9  87.2
2016  57  8   1.1   1.7  366.  0.80  -0.70 17    -6  87.2
2016  57  9   1.1   1.4  388.  0.98  -0.62 10    -4  87.2
2016  57 10   2.7   0.1  410.  1.19  -0.29 10    -3  87.2
2016  57 11   2.3  -1.4  414.  1.50   0.37 10    -2  87.2
2016  57 12   1.4   2.9  406.  1.46  -1.26 13    -5  87.2
2016  57 13   3.1   1.4  419.  1.72  -0.88 13    -6  87.2
2016  57 14   3.9  -2.1  431.  1.82   0.43 13    -6  87.2
2016  57 15   4.9   0.6  410.  1.62  -0.86  7    -6  87.2
2016  57 16   3.8  -0.9  418.  1.62  -0.21  7    -7  87.2
2016  57 17   4.1   0.2  405.  1.81  -0.73  7    -9  87.2
2016  57 18   2.1  -1.4  405.  1.86   0.16 10    -8  87.2
2016  57 19   2.9  -1.3  394.  1.96  -0.08 10    -7  87.2
2016  57 20   4.6  -2.0  387.  1.88  -0.19 10    -5  87.2
2016  57 21   3.9   3.0  379.  1.84  -1.74  0    -3  87.2
2016  57 22   4.5  -0.1  381.  1.85  -0.88  0     2  87.2
2016  57 23   3.6   2.1  379.  1.93  -1.40  0     6  87.2
2016  58  0   3.4   2.7  381.  1.87  -1.56  0     8  88.6
2016  58  1   4.4   0.5  388.  1.87  -1.01  0     9  88.6
2016  58  2   4.4  -1.4  385.  1.80  -0.31  0     7  88.6
2016  58  3   3.3  -3.0  388.  1.76   0.50 13     6  88.6
2016  58  4   2.0  -3.4  393.  1.50   0.90 13     0  88.6
2016  58  5   2.6  -3.5  391.  1.65   0.94 13    -7  88.6
2016  58  6   5.2  -1.7  398.  1.69  -0.00 13   -10  88.6
2016  58  7   3.6  -2.5  399.  1.76   0.56 13   -10  88.6
2016  58  8   0.6   1.4  382.  1.62  -0.57 13    -6  88.6
2016  58  9   1.2   0.4  386.  1.69  -0.27 10    -4  88.6
2016  58 10   2.5   1.0  382.  1.34  -0.57 10    -4  88.6
2016  58 11   0.2   2.9  370.  1.16  -1.07 10    -8  88.6
2016  58 12   0.5   0.9  359.  1.26  -0.36  3    -5  88.6
2016  58 13  -2.6   1.4  367.  1.52  -0.26  3    -5  88.6
2016  58 14   0.7   1.0  367.  1.86  -0.44  3    -1  88.6
2016  58 15  -0.5  -0.6  363.  1.99   0.25  3    -2  88.6
2016  58 16   3.3  -1.6  387.  2.13   0.12  3    -2  88.6
2016  58 17   4.3  -0.9  385.  2.06  -0.35  3    -3  88.6
2016  58 18   3.0  -0.8  375.  1.81  -0.23  7    -1  88.6
2016  58 19   3.3  -0.9  376.  1.86  -0.26  7    -1  88.6
2016  58 20   2.1   0.0  355.  1.69  -0.35  7    -1  88.6
2016  58 21   4.1   1.4  367.  1.93  -1.21  7     1  88.6
2016  58 22   3.6   1.2  377.  2.14  -1.09  7     5  88.6
2016  58 23   5.3   0.0  374.  2.03  -1.05  7     6  88.6
2016  59  0   5.6  -0.9  384.  2.35  -0.81 10     6  91.5
2016  59  1   5.2  -0.8  378.  2.31  -0.72 10     3  91.5
2016  59  2   3.9   1.7  370.  2.09  -1.22 10     1  91.5
2016  59  3   2.5   3.5  373.  1.68  -1.57  0     1  91.5
2016  59  4   3.4   3.8  377.  1.66  -1.81  0     2  91.5
2016  59  5   6.0   1.3  380.  2.05  -1.29  0     5  91.5
2016  59  6   4.5  -0.9  374.  2.52  -0.22 13     6  91.5
2016  59  7   2.5   0.3  376.  2.68  -0.38 13     4  91.5
2016  59  8   1.5   1.8  375.  2.79  -0.79 13     6  91.5
2016  59  9  -0.1  -1.4  377.  2.72   0.53 10     7  91.5
2016  59 10  -0.3  -1.9  379.  2.57   0.72 10    10  91.5
2016  59 11   4.1  -0.2  382.  2.43  -0.27 10     9  91.5
2016  59 12   3.5  -2.8  383.  2.23   0.73 10     4  91.5
2016  59 13   3.7  -1.8  379.  2.10   0.30 10    -3  91.5
2016  59 14   3.5   0.9  373.  2.00  -0.67 10    -6  91.5
2016  59 15   3.2   0.6  379.  1.88  -0.61  3    -3  91.5
2016  59 16   2.3   0.5  376.  1.76  -0.49  3    -2  91.5
2016  59 17   2.7   0.0  370.  1.70  -0.41  3    -2  91.5
2016  59 18   1.8  -1.8  373.  1.62   0.30  3    -2  91.5
2016  59 19   1.3  -1.8  372.  1.50   0.37  3    -1  91.5
2016  59 20   2.1  -1.8  366.  1.44   0.18  3    -1  91.5
2016  59 21   0.7  -2.1  366.  1.35   0.51  7    -3  91.5
2016  59 22   0.2  -2.5  354.  1.32   0.71  7    -7  91.5
2016  59 23  -0.5  -1.6  349.  1.30   0.56  7    -9  91.5
2016  60  0  -0.2  -1.2  349.  1.31   0.38 20    -7  89.3
2016  60  1   1.9  -0.0  352.  1.30  -0.35 20    -4  89.3
2016  60  2   2.0   0.0  360.  1.36  -0.36 20    -3  89.3
2016  60  3   1.4   1.3  366.  1.28  -0.66  0    -3  89.3
2016  60  4   1.7   0.9  363.  1.34  -0.54  0    -1  89.3
2016  60  5   1.5   1.2  359.  1.36  -0.61  0     1  89.3
2016  60  6   0.8   2.0  352.  1.30  -0.77  7     2  89.3
2016  60  7   2.9   1.4  350.  1.44  -0.77  7     4  89.3
2016  60  8   2.1  -2.6  350.  1.41   0.70  7     2  89.3
2016  60  9   1.3  -2.7  346.  1.50   0.80 10     0  89.3
2016  60 10   1.4   0.5  344.  1.45  -0.28 10     0  89.3
2016  60 11   2.1  -0.8  344.  1.59   0.10 10     2  89.3
2016  60 12   1.0  -2.2  343.  1.66   0.65 10     2  89.3
2016  60 13   3.0   1.0  328.  1.38  -0.56 10     3  89.3
2016  60 14   3.4   1.5  328.  1.61  -0.79 10     7  89.3
2016  60 15   3.7   1.9  337.  1.96  -1.01  3     9  89.3
2016  60 16   4.2   2.1  333.  2.00  -1.17  3    10  89.3
2016  60 17   3.9   1.2  327.  2.27  -0.85  3    11  89.3
2016  60 18   3.2   3.7  326.  2.76  -1.53  3    15  89.3
2016  60 19   4.8   1.6  326.  3.53  -1.21  3    20  89.3
2016  60 20   5.4  -3.3  327.  4.73   0.07  3    23  89.3
2016  60 21   0.5  -5.7  323.  4.73   1.49 20    19  89.3
2016  60 22  -0.8  -4.6  322.  4.79   1.38 20    10  89.3
2016  60 23   0.5  -3.3  317.  4.20   0.79 20     0  89.3
