2013 305  0  -3.8  -0.6  351.  1.31  -0.00 23   -29 144.2
2013 305  1  -1.8  -1.4  350.  1.27   0.35 23   -29 144.2
2013 305  2  -2.8  -5.1  366.  1.05   1.57 23   -27 144.2
2013 305  3  -1.7  -5.5  387.  1.20   1.86 20   -26 144.2
2013 305  4  -1.9  -5.7  383.  1.02   1.84 20   -29 144.2
2013 305  5  -3.3  -5.9  381.  1.05   1.64 20   -28 144.2
2013 305  6  -3.4  -4.4  367.  1.11   0.99 10   -28 144.2
2013 305  7  -4.0  -4.3  375.  1.11   0.79 10   -30 144.2
2013 305  8  -3.6  -5.2  378.  0.99   1.13 10   -32 144.2
2013 305  9  -2.5  -4.2  364.  1.07   0.91 13   -31 144.2
2013 305 10  -3.5  -3.9  361.  0.95   0.61 13   -29 144.2
2013 305 11  -2.6  -3.9  352.  0.91   0.77 13   -24 144.2
2013 305 12  -2.5  -4.0  375.  0.94   0.90 13   -20 144.2
2013 305 13  -2.0  -4.1  373.  0.79   1.04 13   -24 144.2
2013 305 14  -2.0  -1.4  374.  1.05   0.19 13   -23 144.2
2013 305 15  -1.6  -1.5  375.  1.05   0.30  7   -20 144.2
2013 305 16  -0.6  -1.7  368.  0.83   0.52  7   -16 144.2
2013 305 17   1.5  -2.4  362.  0.73   0.98  7   -14 144.2
2013 305 18   0.7  -3.2  353.  0.67   1.16 10   -15 144.2
2013 305 19  -1.7  -2.6  346.  0.63   0.76 10   -18 144.2
2013 305 20  -2.9  -1.2  347.  0.65   0.24 10   -19 144.2
2013 305 21  -2.3  -0.2  334.  0.54  -0.07  3   -16 144.2
2013 305 22  -1.9  -1.0  340.  0.73   0.24  3   -11 144.2
2013 305 23  -0.9  -2.8  346.  0.80   0.90  3   -12 144.2
2013 306  0  -1.5  -1.9  344.  0.97   0.55 13   -13 139.4
2013 306  1  -1.1  -2.2  346.  1.03   0.69 13   -12 139.4
2013 306  2   0.7  -1.5  340.  1.23   0.54 13   -12 139.4
2013 306  3   0.3  -1.6  336.  1.27   0.54 13   -12 139.4
2013 306  4   1.0  -1.3  335.  1.24   0.50 13   -12 139.4
2013 306  5   1.4  -1.7  330.  1.34   0.69 13   -12 139.4
2013 306  6  -0.9  -1.9  332.  1.58   0.46  0   -13 139.4
2013 306  7  -2.0  -1.8  328.  1.41   0.26  0   -13 139.4
2013 306  8  -2.3  -1.3  325.  1.32   0.03  0   -12 139.4
2013 306  9  -2.1  -0.8  323.  1.25  -0.10  7   -11 139.4
2013 306 10  -2.9  -1.0  334.  1.67  -0.17  7    -4 139.4
2013 306 11  -4.0  -1.9  344.  2.22  -0.07  7     0 139.4
2013 306 12  -3.8  -1.2  336.  2.05  -0.24  3     0 139.4
2013 306 13  -2.6   0.8  327.  1.94  -0.59  3    -1 139.4
2013 306 14  -3.0  -0.1  319.  1.58  -0.35  3    -4 139.4
2013 306 15  -2.6  -2.9  316.  1.25   0.57  7    -6 139.4
2013 306 16  -2.9  -2.0  314.  1.22   0.31  7    -5 139.4
2013 306 17  -2.4  -1.1  319.  1.72   0.13  7    -3 139.4
2013 306 18  -2.5  -1.0  316.  1.74   0.13  0    -2 139.4
2013 306 19  -3.0  -0.6  312.  1.54  -0.00  0    -3 139.4
2013 306 20  -3.2  -1.4  316.  1.48   0.25  0    -4 139.4
2013 306 21  -2.4  -2.3  327.  1.31   0.62 17    -7 139.4
2013 306 22   1.8  -3.2  366.  0.97   1.24 17    -7 139.4
2013 306 23  -0.2  -3.2  367.  0.98   1.14 17   -10 139.4
2013 307  0   0.0  -2.8  362.  0.94   1.01 27   -13 141.1
2013 307  1   1.4  -1.6  372.  1.05   0.67 27   -12 141.1
2013 307  2   1.8  -1.9  377.  1.03   0.83 27   -11 141.1
2013 307  3   3.0  -1.9  384.  1.15   1.00 27   -12 141.1
2013 307  4   2.8  -1.3  385.  1.35   0.81 27   -16 141.1
2013 307  5   2.7  -2.8  384.  1.32   1.38 27   -16 141.1
2013 307  6   3.9  -2.5  380.  1.31   1.44 27   -16 141.1
2013 307  7   2.2  -1.4  365.  0.99   0.80 27   -21 141.1
2013 307  8   2.4  -1.5  357.  0.89   0.86 27   -17 141.1
2013 307  9   3.0   0.1  353.  0.91   0.46 10   -14 141.1
2013 307 10   2.9   1.5  356.  1.00   0.00 10   -12 141.1
2013 307 11   0.3   0.2  342.  0.76  -0.00 10    -8 141.1
2013 307 12   1.3   0.9  345.  0.62  -0.07  3    -3 141.1
2013 307 13   2.7   0.4  347.  0.52   0.28  3    -3 141.1
2013 307 14   1.9   0.9  342.  0.50  -0.03  3    -3 141.1
2013 307 15   0.1   0.3  341.  0.52  -0.07  0    -2 141.1
2013 307 16  -1.6   0.2  339.  0.53  -0.24  0    -1 141.1
2013 307 17  -1.2  -0.5  341.  0.58   0.07  0    -2 141.1
2013 307 18  -0.8  -2.0  340.  0.52   0.61 23    -3 141.1
2013 307 19  -0.8  -3.1  349.  0.51   1.01 23    -4 141.1
2013 307 20  -0.6  -3.5  358.  0.79   1.22 23    -5 141.1
2013 307 21   0.8  -3.7  363.  1.06   1.38 17    -4 141.1
2013 307 22  -1.7  -3.0  361.  0.95   0.97 17   -11 141.1
2013 307 23   1.5  -0.2  374.  0.33   0.15 17   -13 141.1
2013 308  0   0.7  -0.3  371.  0.39   0.15  0   -11 144.9
2013 308  1   2.4   1.2  380.  0.24  -0.27  0   -11 144.9
2013 308  2   2.8   0.7  372.  0.28  -0.04  0   -10 144.9
2013 308  3   3.5   1.1  360.  0.40  -0.07 13    -9 144.9
2013 308  4   2.9  -1.4  344.  0.38   0.76 13   -11 144.9
2013 308  5   3.3  -2.1  344.  0.36   1.07 13   -15 144.9
2013 308  6   3.0  -2.4  340.  0.37   1.16 17   -13 144.9
2013 308  7  -1.0   0.4  331.  0.41  -0.26 17   -14 144.9
2013 308  8   4.3   1.4  372.  0.49   0.26 17   -11 144.9
2013 308  9  -0.2  -1.9  391.  0.55   0.63 17   -12 144.9
2013 308 10   1.3  -3.6  341.  0.42   1.30 17   -20 144.9
2013 308 11   1.6  -2.9  335.  0.38   1.11 17   -19 144.9
2013 308 12   3.8  -0.2  346.  0.39   0.66 10   -15 144.9
2013 308 13   3.4  -0.8  372.  0.54   0.82 10   -12 144.9
2013 308 14   3.6  -2.3  397.  0.51   1.39 10   -11 144.9
2013 308 15   0.4  -4.9  388.  0.38   1.82 23   -15 144.9
2013 308 16   2.2  -3.6  350.  0.35   1.43 23   -14 144.9
2013 308 17   1.0  -3.5  348.  0.27   1.25 23    -7 144.9
2013 308 18   1.2  -3.9  342.  0.25   1.40 13    -6 144.9
2013 308 19  -0.9  -2.9  353.  0.35   0.95 13    -8 144.9
2013 308 20  -2.2  -2.5  376.  0.49   0.79 13    -8 144.9
2013 308 21  -3.6  -2.3  394.  0.65   0.71 10    -8 144.9
2013 308 22  -3.0  -3.7  409.  0.60   1.35 10    -8 144.9
2013 308 23  -2.3  -3.0  387.  0.59   1.04 10   -10 144.9
2013 309  0  -0.4  -3.8  339.  0.30   1.25 17   -11 145.9
2013 309  1   2.5  -0.9  307.  0.26   0.40 17   -14 145.9
2013 309  2   4.4  -0.8  319.  0.24   0.54 17   -13 145.9
2013 309  3   3.4  -1.9  314.  0.25   0.85  7   -13 145.9
2013 309  4   2.3  -2.2  314.  0.29   0.88  7   -16 145.9
2013 309  5   1.7  -1.4  304.  0.30   0.58  7   -18 145.9
2013 309  6  -0.1  -1.0  296.  0.30   0.27 10   -18 145.9
2013 309  7   0.8  -1.6  292.  0.29   0.53 10   -19 145.9
2013 309  8   2.6  -1.4  314.  0.28   0.75 10   -24 145.9
2013 309  9   3.3  -1.2  312.  0.26   0.81 13   -26 145.9
2013 309 10   2.8  -0.7  351.  0.72   0.67 13   -20 145.9
2013 309 11   1.8  -2.1  357.  0.90   0.96 13   -17 145.9
2013 309 12   2.2  -1.4  351.  0.82   0.77  3   -16 145.9
2013 309 13   2.4  -0.8  347.  0.71   0.59  3   -13 145.9
2013 309 14   2.8  -0.4  346.  0.68   0.48  3   -11 145.9
2013 309 15   3.0  -0.1  338.  0.49   0.37  7   -10 145.9
2013 309 16   3.3   0.7  345.  0.52   0.10  7    -8 145.9
2013 309 17   2.9   1.4  339.  0.47  -0.20  7    -4 145.9
2013 309 18   2.4   1.8  336.  0.45  -0.40  3    -3 145.9
2013 309 19   2.9  -0.1  335.  0.51   0.20  3    -2 145.9
2013 309 20   2.8  -0.6  334.  0.58   0.33  3    -3 145.9
2013 309 21   1.8   1.8  335.  0.58  -0.50 13    -2 145.9
2013 309 22   2.5  -0.2  332.  0.56   0.17 13    -1 145.9
2013 309 23   2.4  -0.8  331.  0.57   0.36 13    -2 145.9
2013 310  0   2.4   1.0  332.  0.51  -0.20  3    -3 150.8
2013 310  1   2.3   0.7  334.  0.56  -0.10  3    -3 150.8
2013 310  2   0.2   2.5  333.  0.62  -0.80  3    -2 150.8
2013 310  3   1.1   1.9  329.  0.57  -0.53  0    -1 150.8
2013 310  4   2.0   1.4  328.  0.53  -0.23  0    -2 150.8
2013 310  5   2.0   1.4  330.  0.62  -0.20  0    -4 150.8
2013 310  6   2.3  -0.2  327.  0.62   0.36 10    -4 150.8
2013 310  7   1.3  -2.3  329.  0.75   0.86 10    -5 150.8
2013 310  8   1.7   0.6  323.  0.64   0.06 10    -8 150.8
2013 310  9   1.1   2.7  337.  0.98  -0.64 10    -6 150.8
2013 310 10   0.1   2.4  343.  1.15  -0.72 10    -4 150.8
2013 310 11  -2.3   0.8  343.  1.35  -0.62 10    -1 150.8
2013 310 12   1.1   2.0  337.  1.32  -0.44  3     0 150.8
2013 310 13   2.3   2.9  345.  1.42  -0.59  3     2 150.8
2013 310 14  -0.3   2.9  346.  1.53  -0.97  3     5 150.8
2013 310 15   2.1   2.1  350.  2.17  -0.46 10     8 150.8
2013 310 16   3.1   0.5  350.  2.13   0.14 10     8 150.8
2013 310 17   2.5  -1.0  348.  2.00   0.56 10     9 150.8
2013 310 18   0.0  -0.8  339.  1.75   0.27 17     7 150.8
2013 310 19   3.8   0.4  340.  1.51   0.10 17     6 150.8
2013 310 20   3.8  -1.5  344.  1.45   0.72 17     6 150.8
2013 310 21   4.0  -1.2  332.  1.19   0.56 20     3 150.8
2013 310 22   2.4  -3.6  329.  1.11   1.28 20    -3 150.8
2013 310 23   3.1  -0.1  325.  1.05   0.16 20    -7 150.8
2013 311  0   3.0   1.4  324.  1.15  -0.32 17    -4 145.3
2013 311  1   4.8  -0.1  340.  1.48   0.31 17     0 145.3
2013 311  2   6.3  -0.9  355.  1.89   0.75 17     1 145.3
2013 311  3   7.4   0.0  356.  2.12   0.64 33    -1 145.3
2013 311  4   6.4  -4.4  353.  2.23   2.15 33    -7 145.3
2013 311  5   4.4  -6.0  352.  2.14   2.50 33   -13 145.3
2013 311  6   6.8  -2.4  359.  2.39   1.72 27   -19 145.3
2013 311  7   2.1  -3.1  365.  2.85   1.35 27   -22 145.3
2013 311  8   4.8  -5.6  381.  2.89   2.71 27   -19 145.3
2013 311  9   4.4  -6.2  383.  2.58   2.87 40   -27 145.3
2013 311 10   6.0  -6.6  362.  2.53   3.11 40   -37 145.3
2013 311 11  -7.0  -8.2  349.  4.50   1.47 40   -45 145.3
2013 311 12   2.2   5.1  351.  2.41  -1.26 33   -50 145.3
2013 311 13   6.8   6.8  354.  1.16  -1.20 33   -40 145.3
2013 311 14  -2.5   3.2  358.  2.20  -1.40 33   -34 145.3
2013 311 15  -7.0  -0.8  359.  2.25  -0.57 10   -34 145.3
2013 311 16  -5.2   0.0  354.  2.33  -0.53 10   -31 145.3
2013 311 17  -5.9  -0.2  366.  2.08  -0.48 10   -27 145.3
2013 311 18  -6.9  -0.5  358.  1.76  -0.36 20   -24 145.3
2013 311 19  -5.7  -2.8  364.  2.75   0.66 20   -15 145.3
2013 311 20  -5.6  -4.0  354.  2.11   1.10 20   -17 145.3
2013 311 21  -3.4  -3.8  356.  2.08   1.17 17   -21 145.3
2013 311 22  -2.7  -3.1  363.  1.90   1.02 17   -23 145.3
2013 311 23  -1.6  -3.8  372.  1.86   1.34 17   -22 145.3
2013 312  0  -2.6  -1.8  384.  1.80   0.54 27   -22 143.3
2013 312  1  -2.0  -0.4  385.  1.70   0.04 27   -19 143.3
2013 312  2  -3.2   0.2  387.  1.60  -0.31 27   -16 143.3
2013 312  3  -3.6  -2.1  385.  1.72   0.46 17   -13 143.3
2013 312  4  -2.9  -3.2  382.  1.72   0.84 17   -15 143.3
2013 312  5  -2.9  -0.9  380.  1.78  -0.04 17   -18 143.3
2013 312  6  -4.1  -0.9  384.  1.40  -0.27 13   -20 143.3
2013 312  7  -2.7   1.5  391.  0.99  -0.98 13   -19 143.3
2013 312  8  -2.0   3.0  397.  0.89  -1.43 13   -17 143.3
2013 312  9  -0.4   2.5  388.  1.48  -0.93 10   -14 143.3
2013 312 10  -2.6   2.4  394.  1.33  -1.30 10   -17 143.3
2013 312 11  -2.9   2.3  394.  1.36  -1.34 10   -14 143.3
2013 312 12  -4.2   1.1  390.  1.30  -1.09  3   -13 143.3
2013 312 13  -3.0  -0.1  387.  1.51  -0.43  3   -11 143.3
2013 312 14  -3.2   0.2  386.  1.46  -0.54  3   -11 143.3
2013 312 15  -2.6  -0.7  382.  1.32  -0.08  3   -11 143.3
2013 312 16  -1.9   1.3  388.  1.25  -0.70  3   -10 143.3
2013 312 17  -1.6   1.0  382.  1.42  -0.53  3    -8 143.3
2013 312 18  -1.0   1.8  390.  1.47  -0.78  0    -6 143.3
2013 312 19  -0.2   2.5  399.  2.04  -1.00  0    -2 143.3
2013 312 20  -0.6   3.2  402.  2.30  -1.33  0     0 143.3
2013 312 21  -1.7   2.7  400.  2.83  -1.16  0     3 143.3
2013 312 22  -0.9   5.0  412.  3.47  -2.10  0     7 143.3
2013 312 23  -5.6   1.0  411.  4.14  -0.66  0     9 143.3
2013 313  0  -5.9  -1.0  407.  4.29   0.08 30    10 145.2
2013 313  1  -7.2  -1.5  410.  4.65   0.16 30     7 145.2
2013 313  2  -5.8  -6.3  409.  6.11   2.09 30     4 145.2
2013 313  3  -4.2  -9.7  413.  6.22   3.47 47    -6 145.2
2013 313  4  -0.3 -10.5  404.  5.54   4.04 47   -21 145.2
2013 313  5   3.8 -10.8  403.  7.04   4.59 47   -33 145.2
2013 313  6  10.2  -8.2  422.  3.89   4.81 50   -56 145.2
2013 313  7   5.2  -4.7  452.  3.49   2.89 50   -73 145.2
2013 313  8  -3.4  -4.3  462.  2.99   1.11 50   -80 145.2
2013 313  9  10.8  -1.2  452.  1.91   2.67 43   -73 145.2
2013 313 10  10.5  -3.3  472.  2.14   3.63 43   -72 145.2
2013 313 11   8.5  -1.2  465.  2.30   2.23 43   -65 145.2
2013 313 12   4.4   2.9  489.  2.91  -0.39 37   -56 145.2
2013 313 13   0.2   5.4  517.  3.50  -2.53 37   -53 145.2
2013 313 14   6.4   3.1  523.  3.02  -0.26 37   -45 145.2
2013 313 15   4.2   4.9  530.  2.69  -1.75 23   -44 145.2
2013 313 16   2.8   1.0  612.  2.08  -0.12 23   -42 145.2
2013 313 17   2.5   2.3  601.  1.68  -0.96 23   -40 145.2
2013 313 18   1.5   3.7  605.  1.80  -2.00 20   -35 145.2
2013 313 19  -0.1   1.8  599.  1.96  -1.08 20   -30 145.2
2013 313 20  -2.4   1.9  611.  2.17  -1.34 20   -27 145.2
2013 313 21  -3.4   1.4  612.  2.34  -1.10 13   -25 145.2
2013 313 22  -1.0   2.3  591.  2.18  -1.42 13   -23 145.2
2013 313 23  -2.2   2.9  591.  2.02  -1.83 13   -22 145.2
2013 314  0  -0.6   1.3  604.  1.62  -0.85 30   -22 151.1
2013 314  1   1.9  -1.0  598.  1.43   0.78 30   -27 151.1
2013 314  2  -0.1   1.7  588.  1.19  -1.00 30   -30 151.1
2013 314  3  -0.9   1.5  581.  1.09  -0.99 30   -29 151.1
2013 314  4  -0.2   1.7  574.  1.18  -0.98 30   -28 151.1
2013 314  5  -0.3   2.2  575.  1.33  -1.26 30   -25 151.1
2013 314  6   0.0   2.4  579.  1.47  -1.27 17   -25 151.1
2013 314  7   1.9   0.3  577.  1.58   0.29 17   -26 151.1
2013 314  8   0.1  -2.2  570.  1.39   1.14 17   -30 151.1
2013 314  9  -1.3  -2.9  570.  1.21   1.14 27   -35 151.1
2013 314 10  -0.1  -2.1  552.  1.03   0.99 27   -34 151.1
2013 314 11  -0.1  -0.3  541.  0.93   0.11 27   -30 151.1
2013 314 12  -0.4   0.0  534.  0.90  -0.11 20   -26 151.1
2013 314 13   2.1   0.5  556.  1.01   0.22 20   -28 151.1
2013 314 14   2.6   0.6  559.  0.93   0.22 20   -33 151.1
2013 314 15   2.5  -0.6  542.  0.75   0.76 23   -33 151.1
2013 314 16   2.5  -1.7  560.  1.06   1.29 23   -29 151.1
2013 314 17   2.7  -1.1  543.  1.05   0.92 23   -28 151.1
2013 314 18   2.1   1.2  528.  0.98  -0.42 33   -25 151.1
2013 314 19   1.4  -2.5  514.  0.93   1.39 33   -19 151.1
2013 314 20  -0.1  -4.0  524.  1.15   2.10 33   -22 151.1
2013 314 21   4.1  -2.6  525.  1.12   1.57 33   -25 151.1
2013 314 22   4.9  -2.6  521.  1.36   1.62 33   -28 151.1
2013 314 23   0.8  -4.2  517.  2.03   2.22 33   -29 151.1
2013 315  0   3.5  -3.0  506.  2.14   1.72 43   -35 160.4
2013 315  1   4.8  -1.7  490.  1.79   1.18 43   -40 160.4
2013 315  2   4.1   0.5  478.  1.69   0.10 43   -38 160.4
2013 315  3   6.8  -1.6  511.  2.49   1.58 40   -30 160.4
2013 315  4   7.5  -2.6  536.  3.26   2.41 40   -36 160.4
2013 315  5   5.4  -4.7  537.  3.18   3.33 40   -51 160.4
2013 315  6   3.6  -1.3  523.  2.80   1.31 47   -66 160.4
2013 315  7   2.3  -0.3  468.  2.07   0.56 47   -68 160.4
2013 315  8   4.8  -1.9  495.  1.99   1.83 47   -57 160.4
2013 315  9   4.7  -4.4  484.  1.66   2.90 37   -52 160.4
2013 315 10   3.3  -3.8  467.  1.35   2.29 37   -53 160.4
2013 315 11   2.9  -2.6  474.  1.17   1.71 37   -51 160.4
2013 315 12   1.3  -1.7  517.  1.95   1.09 37   -48 160.4
2013 315 13   0.6  -2.1  540.  2.28   1.19 37   -45 160.4
2013 315 14  -0.3  -0.6  523.  2.18   0.26 37   -35 160.4
2013 315 15   1.7  -1.2  523.  1.51   0.89 37   -36 160.4
2013 315 16   2.1  -0.5  532.  1.69   0.59 37   -36 160.4
2013 315 17   0.4  -2.0  523.  1.74   1.05 37   -30 160.4
2013 315 18  -3.1   2.1  476.  1.31  -1.29 23   -26 160.4
2013 315 19  -3.9   3.3  477.  0.82  -1.86 23   -29 160.4
2013 315 20  -4.2   0.8  491.  0.73  -0.64 23   -27 160.4
2013 315 21  -3.8   1.0  496.  0.59  -0.69  3   -26 160.4
2013 315 22  -4.4   1.5  483.  0.55  -0.92  3   -25 160.4
2013 315 23  -5.0   0.8  477.  0.73  -0.62  3   -23 160.4
2013 316  0  -6.3  -1.2  445.  0.67   0.22  7   -22 164.0
2013 316  1  -6.5  -1.4  455.  0.67   0.23  7   -22 164.0
2013 316  2  -5.2  -0.7  455.  0.82  -0.09  7   -23 164.0
2013 316  3   1.1   3.6  429.  0.87  -1.42  7   -23 164.0
2013 316  4   1.8   4.0  423.  0.80  -1.44  7   -23 164.0
2013 316  5   1.8   4.5  427.  0.74  -1.58  7   -20 164.0
2013 316  6   0.3   4.6  424.  0.74  -1.78  3   -21 164.0
2013 316  7   2.2   3.4  417.  0.74  -0.96  3   -24 164.0
2013 316  8   2.4   3.7  412.  0.64  -0.99  3   -24 164.0
2013 316  9   2.5   4.3  424.  0.76  -1.19  7   -20 164.0
2013 316 10   0.9   2.2  418.  0.93  -0.67  7   -16 164.0
2013 316 11   0.6   1.4  416.  0.89  -0.42  7   -14 164.0
2013 316 12   1.8   3.7  421.  0.80  -1.09  3   -13 164.0
2013 316 13   1.1   1.7  409.  0.74  -0.45  3   -12 164.0
2013 316 14   1.7   0.2  407.  0.69   0.16  3   -13 164.0
2013 316 15   0.3   1.6  396.  0.54  -0.55  0   -14 164.0
2013 316 16   0.9   3.1  420.  0.56  -1.13  0   -14 164.0
2013 316 17   1.8   2.4  419.  0.53  -0.80  0   -14 164.0
2013 316 18   1.7   2.0  402.  0.40  -0.68  3   -14 164.0
2013 316 19   0.9   2.0  408.  0.36  -0.73  3   -16 164.0
2013 316 20   0.2   2.2  409.  0.45  -0.90  3   -16 164.0
2013 316 21  -0.6   1.8  412.  0.45  -0.78  0   -16 164.0
2013 316 22   1.4   2.2  407.  0.45  -0.85  0   -20 164.0
2013 316 23  -0.4   1.3  392.  0.37  -0.51  0   -23 164.0
2013 317  0   0.6   1.9  397.  0.40  -0.71  0   -24 167.4
2013 317  1   1.5   1.2  390.  0.33  -0.39  0   -23 167.4
2013 317  2   1.6   0.5  389.  0.35  -0.08  0   -20 167.4
2013 317  3   1.5   0.1  393.  0.43   0.08  7   -17 167.4
2013 317  4   2.2  -0.9  399.  0.43   0.56  7   -18 167.4
2013 317  5   1.5  -1.3  391.  0.39   0.66  7   -20 167.4
2013 317  6   1.6  -1.1  383.  0.32   0.61 10   -23 167.4
2013 317  7   1.0  -0.5  378.  0.33   0.30 10   -25 167.4
2013 317  8   1.7  -0.3  379.  0.34   0.38 10   -24 167.4
2013 317  9   1.0  -0.7  372.  0.30   0.41  7   -23 167.4
2013 317 10   1.7  -1.0  378.  0.34   0.60  7   -22 167.4
2013 317 11   1.2   0.1  373.  0.32   0.15  7   -16 167.4
2013 317 12   1.7  -2.4  404.  0.52   1.17 13   -13 167.4
2013 317 13   1.0  -1.0  372.  0.37   0.48 13   -13 167.4
2013 317 14   1.1  -1.0  363.  0.32   0.47 13   -17 167.4
2013 317 15   1.8  -1.2  372.  0.36   0.63  0   -17 167.4
2013 317 16   1.7  -0.9  369.  0.35   0.48  0   -16 167.4
2013 317 17   1.3  -1.7  371.  0.45   0.70  0   -14 167.4
2013 317 18   1.0  -1.6  366.  0.40   0.66  3   -14 167.4
2013 317 19   1.4  -1.1  371.  0.48   0.48  3   -12 167.4
2013 317 20   1.6   1.1  386.  0.75  -0.35  3   -10 167.4
2013 317 21  -1.4   2.3  383.  0.50  -0.92  3   -10 167.4
2013 317 22  -1.7   2.1  384.  0.45  -0.84  3   -10 167.4
2013 317 23  -2.0   1.1  382.  0.62  -0.50  3    -9 167.4
2013 318  0  -2.8   0.6  378.  0.56  -0.34  0    -7 172.0
2013 318  1  -1.8   1.0  368.  0.57  -0.44  0    -9 172.0
2013 318  2  -1.5   1.0  360.  0.52  -0.43  0    -9 172.0
2013 318  3  -0.7   1.8  360.  0.52  -0.68  0   -11 172.0
2013 318  4  -1.3   0.6  355.  0.45  -0.32  0   -10 172.0
2013 318  5  -0.9   1.0  350.  0.44  -0.42  0    -9 172.0
2013 318  6   0.0  -0.3  376.  0.85   0.11  3    -7 172.0
2013 318  7   0.6  -1.2  395.  0.94   0.51  3    -6 172.0
2013 318  8   1.4  -0.8  396.  0.88   0.51  3    -7 172.0
2013 318  9   1.9  -0.8  383.  0.91   0.57  7    -9 172.0
2013 318 10   1.4  -0.8  352.  0.77   0.46  7   -10 172.0
2013 318 11   1.8  -0.3  346.  0.72   0.35  7    -6 172.0
2013 318 12   1.1  -0.8  358.  0.79   0.43  7    -5 172.0
2013 318 13   2.5  -0.4  366.  0.67   0.48  7    -6 172.0
2013 318 14  -0.7  -0.8  357.  0.82   0.18  7   -10 172.0
2013 318 15  -0.6  -1.4  361.  0.73   0.43  7   -10 172.0
2013 318 16  -1.0  -0.8  348.  0.73   0.17  7   -10 172.0
2013 318 17  -1.1  -1.6  352.  0.72   0.46  7   -10 172.0
2013 318 18  -1.6  -1.9  347.  0.70   0.56  3    -9 172.0
2013 318 19  -1.5  -2.2  348.  0.68   0.70  3    -8 172.0
2013 318 20  -1.8  -2.2  353.  0.72   0.71  3    -9 172.0
2013 318 21  -1.0  -2.2  352.  0.87   0.74  7    -8 172.0
2013 318 22  -1.0  -2.1  350.  0.91   0.70  7    -9 172.0
2013 318 23   1.2  -1.6  352.  0.97   0.60  7   -11 172.0
2013 319  0   0.4  -2.0  355.  1.08   0.71 20   -10 174.0
2013 319  1   0.3  -2.9  347.  0.75   1.01 20   -12 174.0
2013 319  2  -0.7  -3.7  343.  0.68   1.20 20   -15 174.0
2013 319  3  -0.7  -3.6  339.  0.64   1.15 23   -16 174.0
2013 319  4   0.0  -3.2  337.  0.64   1.04 23   -13 174.0
2013 319  5   1.0  -3.0  337.  0.79   1.08 23   -16 174.0
2013 319  6   1.9  -3.1  334.  0.76   1.20 10   -17 174.0
2013 319  7   0.9  -3.3  330.  0.74   1.12 10   -20 174.0
2013 319  8   1.0  -2.1  321.  0.74   0.74 10   -17 174.0
2013 319  9  -1.7  -3.8  334.  0.80   0.90  7   -18 174.0
2013 319 10  -1.0  -3.8  334.  0.76   1.00  7   -18 174.0
2013 319 11   0.5  -3.5  336.  1.06   1.14  7   -13 174.0
2013 319 12   0.8   0.6  339.  1.29  -0.07 13   -13 174.0
2013 319 13   0.8  -0.5  348.  1.79   0.28 13    -8 174.0
2013 319 14   0.1   0.1  348.  2.25  -0.03 13    -4 174.0
2013 319 15   1.1  -2.1  352.  2.43   0.81 23    -5 174.0
2013 319 16  -1.0  -3.3  336.  1.92   0.97 23   -13 174.0
2013 319 17   0.2  -3.4  332.  1.94   1.13 23   -13 174.0
2013 319 18  -1.2  -2.6  339.  2.76   0.81 27   -16 174.0
2013 319 19  -1.7  -4.2  341.  2.81   1.33 27   -17 174.0
2013 319 20  -2.1  -5.2  352.  4.11   1.76 27   -23 174.0
2013 319 21  -2.8  -6.3  356.  4.77   2.17 40   -23 174.0
2013 319 22   1.5  -7.1  353.  6.33   2.54 40   -24 174.0
2013 319 23   2.7  -6.8  354.  6.37   2.48 40   -28 174.0
2013 320  0   4.9  -4.9  348.  5.57   1.84 33   -35 170.6
2013 320  1   2.3  -4.7  338.  4.57   1.66 33   -40 170.6
2013 320  2   2.1  -4.0  338.  4.98   1.45 33   -40 170.6
2013 320  3  -4.9   0.1  328.  2.65  -0.36 37   -36 170.6
2013 320  4  -4.5  -1.2  332.  3.59   0.03 37   -28 170.6
2013 320  5  -4.5   1.1  339.  3.31  -0.81 37   -30 170.6
2013 320  6  -5.6   7.2  350.  2.89  -3.04 30   -31 170.6
2013 320  7  -5.6   1.8  390.  2.95  -1.44 30   -27 170.6
2013 320  8  -7.3   4.0  419.  3.51  -2.77 30   -27 170.6
2013 320  9  -5.0  -3.4  432.  3.62   0.43 30   -26 170.6
2013 320 10  -6.2   0.1  449.  3.23  -1.21 30   -24 170.6
2013 320 11  -3.8  -5.3  468.  3.64   1.54 30   -20 170.6
2013 320 12  -4.2  -4.5  459.  3.88   1.15 23   -22 170.6
2013 320 13  -4.7   2.1  471.  3.90  -1.74 23   -14 170.6
2013 320 14  -5.1   3.9  532.  3.91  -2.87 23   -10 170.6
2013 320 15  -6.2   0.5  507.  3.60  -1.17 17   -11 170.6
2013 320 16  -5.3   3.1  513.  3.84  -2.21 17    -8 170.6
2013 320 17  -6.2   1.3  507.  3.29  -1.27 17    -8 170.6
2013 320 18  -4.1   1.2  521.  2.39  -0.99 13    -9 170.6
2013 320 19  -1.8   2.0  524.  1.98  -1.15 13   -11 170.6
2013 320 20  -0.9   2.1  522.  2.02  -1.15 13   -12 170.6
2013 320 21   0.0  -0.6  517.  2.08   0.31 20   -13 170.6
2013 320 22  -1.7   0.7  502.  1.66  -0.40 20   -14 170.6
2013 320 23  -4.7   0.7  524.  1.54  -0.52 20   -15 170.6
2013 321  0  -4.9   0.9  536.  1.61  -0.70 17   -12 172.9
2013 321  1  -3.1  -0.3  506.  1.79  -0.00 17   -11 172.9
2013 321  2  -2.9  -0.8  496.  1.77   0.20 17   -11 172.9
2013 321  3  -3.2  -0.3  514.  1.32  -0.15 20   -13 172.9
2013 321  4  -2.5  -0.5  517.  1.18  -0.05 20   -15 172.9
2013 321  5   1.0  -2.1  516.  1.22   1.19 20   -17 172.9
2013 321  6   0.2  -2.5  508.  1.24   1.22 23   -21 172.9
2013 321  7  -1.1  -1.2  513.  1.21   0.36 23   -25 172.9
2013 321  8  -2.2   0.2  508.  1.14  -0.51 23   -22 172.9
2013 321  9  -1.2  -0.9  492.  1.16   0.15 17   -20 172.9
2013 321 10  -0.1  -2.1  487.  0.85   0.93 17   -21 172.9
2013 321 11  -1.0  -1.8  477.  0.68   0.57 17   -21 172.9
2013 321 12  -1.9  -0.7  472.  0.89  -0.05 13   -18 172.9
2013 321 13  -1.0   0.8  467.  0.87  -0.51 13   -14 172.9
2013 321 14   0.3   1.3  457.  0.92  -0.50 13   -14 172.9
2013 321 15  -0.9   1.6  457.  0.88  -0.82  7   -15 172.9
2013 321 16  -1.0   1.6  457.  0.84  -0.82  7   -12 172.9
2013 321 17  -1.0   1.8  463.  0.81  -0.93  7    -9 172.9
2013 321 18  -0.4   2.1  449.  0.85  -0.94 13   -10 172.9
2013 321 19  -0.3   0.8  439.  0.93  -0.35 13    -9 172.9
2013 321 20  -0.6   0.6  428.  0.99  -0.30 13   -10 172.9
2013 321 21  -0.9  -0.5  427.  0.98   0.17 13   -10 172.9
2013 321 22  -1.1  -0.9  432.  0.90   0.35 13   -10 172.9
2013 321 23  -0.2  -0.1  428.  0.92   0.04 13   -10 172.9
2013 322  0  -0.8   0.0  423.  0.93  -0.04 10   -12 159.5
2013 322  1  -1.9  -1.1  427.  0.91   0.38 10   -12 159.5
2013 322  2  -1.2   1.2  433.  0.86  -0.61 10    -8 159.5
2013 322  3  -0.5   2.6  429.  0.74  -1.12  0    -7 159.5
2013 322  4  -0.4   2.2  425.  0.72  -0.94  0    -5 159.5
2013 322  5  -0.4   1.6  408.  0.73  -0.65  0    -5 159.5
2013 322  6  -0.2   1.4  404.  0.82  -0.57  7    -9 159.5
2013 322  7  -0.4   0.4  396.  0.82  -0.20  7   -14 159.5
2013 322  8  -1.7  -0.4  404.  0.75  -0.12  7   -17 159.5
2013 322  9  -2.2  -0.9  403.  0.71  -0.04  7   -17 159.5
2013 322 10  -2.0   0.8  402.  0.65  -0.60  7   -15 159.5
2013 322 11  -1.4  -1.0  395.  0.72   0.16  7   -11 159.5
2013 322 12  -1.8  -0.6  390.  0.64  -0.04  0   -10 159.5
2013 322 13  -1.9  -0.6  390.  0.55  -0.04  0    -9 159.5
2013 322 14  -1.0  -1.3  380.  0.55   0.34  0   -10 159.5
2013 322 15  -0.9  -0.9  376.  0.48   0.23  3    -8 159.5
2013 322 16  -1.2  -1.0  376.  0.48   0.26  3    -6 159.5
2013 322 17  -0.8  -1.1  378.  0.57   0.34  3    -6 159.5
2013 322 18  -1.2  -0.7  374.  0.53   0.19  0    -6 159.5
2013 322 19  -0.8   0.7  376.  0.65  -0.30  0    -2 159.5
2013 322 20   0.4   1.8  380.  0.75  -0.68  0    -1 159.5
2013 322 21   0.5   2.2  383.  0.62  -0.84  0    -1 159.5
2013 322 22   0.2   0.6  358.  0.41  -0.21  0    -2 159.5
2013 322 23   0.4   0.0  362.  0.55   0.00  0    -1 159.5
2013 323  0  -0.9   0.8  389.  0.54  -0.35  0     2 149.3
2013 323  1  -0.6   2.4  413.  0.68  -0.99  0     5 149.3
2013 323  2  -1.9   2.1  398.  0.67  -0.92  0     3 149.3
2013 323  3  -1.9  -0.8  375.  0.67   0.19  0     1 149.3
2013 323  4  -1.0  -1.9  369.  0.63   0.59  0    -2 149.3
2013 323  5  -0.6  -1.8  369.  0.68   0.59  0    -1 149.3
2013 323  6  -0.1  -1.0  363.  0.71   0.33  7    -3 149.3
2013 323  7  -1.0   1.2  363.  0.74  -0.54  7    -5 149.3
2013 323  8  -1.5   2.7  382.  0.79  -1.18  7    -6 149.3
2013 323  9  -1.8   2.3  389.  0.79  -1.09  7    -6 149.3
2013 323 10   0.3   2.4  385.  0.83  -0.81  7    -5 149.3
2013 323 11   0.5   1.9  376.  0.90  -0.60  7     0 149.3
2013 323 12  -1.7   0.5  383.  0.97  -0.42  7     3 149.3
2013 323 13  -2.4  -1.8  392.  0.92   0.35  7     4 149.3
2013 323 14   0.6  -0.8  380.  1.13   0.34  7     3 149.3
2013 323 15  -0.3  -0.2  385.  1.22   0.04 10     7 149.3
2013 323 16  -2.0  -1.7  383.  1.14   0.46 10     9 149.3
2013 323 17  -0.3  -3.1  395.  1.00   1.19 10     7 149.3
2013 323 18  -2.8  -3.3  398.  0.95   1.15 20     2 149.3
2013 323 19  -3.5  -1.8  384.  0.88   0.54 20    -2 149.3
2013 323 20  -3.7  -1.8  389.  0.97   0.58 20    -5 149.3
2013 323 21  -2.6  -1.8  387.  1.05   0.62 10    -4 149.3
2013 323 22  -2.3   1.8  397.  1.17  -0.75 10    -4 149.3
2013 323 23  -2.4  -1.6  390.  1.13   0.58 10    -3 149.3
2013 324  0  -1.6  -3.7  387.  1.11   1.39 10    -2 143.5
2013 324  1  -0.1  -3.5  391.  1.16   1.37 10    -4 143.5
2013 324  2  -2.3  -1.3  394.  1.24   0.39 10    -5 143.5
2013 324  3  -1.1   0.0  387.  1.29  -0.08 17    -3 143.5
2013 324  4  -1.2  -1.4  395.  1.22   0.43 17    -2 143.5
2013 324  5  -1.3   0.3  397.  1.26  -0.24 17    -3 143.5
2013 324  6   0.0  -2.6  391.  1.13   0.98 13    -4 143.5
2013 324  7  -0.3  -3.4  389.  1.03   1.21 13    -8 143.5
2013 324  8  -1.7  -3.1  384.  1.00   0.84 13   -12 143.5
2013 324  9  -2.3  -2.0  381.  1.02   0.34 13   -15 143.5
2013 324 10  -0.4  -2.4  392.  1.08   0.78 13   -11 143.5
2013 324 11   1.8  -3.1  391.  1.01   1.41 13    -9 143.5
2013 324 12  -3.2  -1.1  384.  1.03  -0.08 17   -11 143.5
2013 324 13  -3.6  -1.0  391.  0.95  -0.12 17    -6 143.5
2013 324 14  -3.6  -0.8  388.  0.93  -0.12 17    -4 143.5
2013 324 15  -3.3   0.8  377.  0.82  -0.64  0    -3 143.5
2013 324 16  -2.3  -0.4  367.  0.81  -0.04  0    -2 143.5
2013 324 17  -2.9  -0.3  388.  0.81  -0.08  0    -3 143.5
2013 324 18  -2.6  -1.0  376.  0.74   0.23  3    -3 143.5
2013 324 19  -2.2  -0.3  373.  0.64   0.04  3    -4 143.5
2013 324 20  -2.4  -0.2  378.  0.69   0.00  3    -7 143.5
2013 324 21  -1.1   1.8  381.  0.70  -0.72  0    -6 143.5
2013 324 22  -1.1   0.9  379.  0.78  -0.34  0    -6 143.5
2013 324 23  -1.4   0.9  381.  0.70  -0.38  0    -6 143.5
2013 325  0  -1.4   0.4  375.  0.65  -0.19  0    -4 137.8
2013 325  1  -2.1  -0.6  374.  0.62   0.15  0    -3 137.8
2013 325  2  -1.6  -0.6  375.  0.59   0.15  0    -4 137.8
2013 325  3  -0.9   0.4  362.  0.66  -0.18  0    -4 137.8
2013 325  4  -1.1  -0.5  362.  0.63   0.11  0    -4 137.8
2013 325  5  -1.5  -0.3  358.  0.54  -0.04  0    -3 137.8
2013 325  6  -1.5  -0.3  354.  0.45  -0.07  0    -3 137.8
2013 325  7   0.5   1.8  351.  0.42  -0.53  0    -4 137.8
2013 325  8   1.0   1.4  345.  0.43  -0.31  0    -4 137.8
2013 325  9   0.1   1.6  339.  0.44  -0.47  0    -2 137.8
2013 325 10  -0.9   0.5  339.  0.48  -0.27  0    -1 137.8
2013 325 11  -0.9  -0.6  338.  0.53   0.07  0     1 137.8
2013 325 12  -0.7   0.1  332.  0.57  -0.10  0    -1 137.8
2013 325 13  -0.3   0.6  329.  0.56  -0.23  0    -1 137.8
2013 325 14  -0.1   0.7  327.  0.60  -0.23  0     0 137.8
2013 325 15   0.6   1.4  328.  0.54  -0.39  0     2 137.8
2013 325 16  -0.8   0.6  325.  0.57  -0.26  0     1 137.8
2013 325 17  -1.5   0.2  324.  0.57  -0.16  0     0 137.8
2013 325 18  -2.0  -1.2  332.  0.60   0.30  3    -1 137.8
2013 325 19  -2.3  -1.4  338.  0.66   0.41  3    -1 137.8
2013 325 20  -2.5  -1.0  334.  0.69   0.27  3    -2 137.8
2013 325 21  -2.4  -1.5  330.  0.65   0.46  7    -2 137.8
2013 325 22  -2.3  -2.1  326.  0.57   0.65  7    -5 137.8
2013 325 23  -0.2  -2.3  316.  0.60   0.73  7    -6 137.8
2013 326  0  -1.7  -1.3  315.  0.52   0.38  7    -7 139.2
2013 326  1  -2.8  -0.8  314.  0.55   0.19  7    -6 139.2
2013 326  2  -3.1   0.3  310.  0.54  -0.19  7    -4 139.2
2013 326  3  -1.6   1.0  309.  0.59  -0.37  0    -2 139.2
2013 326  4   0.5   1.0  309.  0.61  -0.28  0     1 139.2
2013 326  5   2.0   2.4  308.  0.59  -0.55  0     0 139.2
2013 326  6   1.8   2.7  311.  0.54  -0.62  0     0 139.2
2013 326  7   0.8   2.0  309.  0.50  -0.49  0     1 139.2
2013 326  8   0.2   3.0  322.  0.46  -0.87  0    -1 139.2
2013 326  9  -1.2   3.5  323.  0.42  -1.20  0    -3 139.2
2013 326 10  -2.1   3.0  321.  0.47  -1.16  0    -3 139.2
2013 326 11  -2.5   3.2  329.  0.50  -1.28  0    -2 139.2
2013 326 12  -2.8   3.0  332.  0.53  -1.26  0     1 139.2
2013 326 13  -2.8   2.6  326.  0.53  -1.11  0     2 139.2
2013 326 14  -3.0   2.9  329.  0.56  -1.22  0     2 139.2
2013 326 15  -2.3   3.5  335.  0.70  -1.34  0     4 139.2
2013 326 16  -2.7   3.5  327.  0.68  -1.31  0     5 139.2
2013 326 17   2.8   0.4  309.  0.63   0.03  0     6 139.2
2013 326 18   2.3   0.1  303.  0.66   0.06 10     6 139.2
2013 326 19   1.3  -1.1  296.  0.68   0.36 10     3 139.2
2013 326 20   1.5   0.8  304.  0.94  -0.21 10     1 139.2
2013 326 21  -2.7  -1.0  299.  0.88   0.27 10     0 139.2
2013 326 22  -2.4   1.4  296.  0.70  -0.44 10    -3 139.2
2013 326 23   0.2   1.5  294.  0.67  -0.44 10    -3 139.2
2013 327  0   0.3   1.3  301.  0.71  -0.39  7    -2 132.2
2013 327  1   0.7   0.8  300.  0.90  -0.21  7     0 132.2
2013 327  2  -0.2  -2.6  307.  1.43   0.80  7     4 132.2
2013 327  3  -1.4  -5.1  311.  1.86   1.49 27     2 132.2
2013 327  4  -7.1  -2.0  335.  2.02   0.17 27    -1 132.2
2013 327  5  -7.9  -1.1  338.  2.06  -0.30 27     3 132.2
2013 327  6  -0.7  -6.9  357.  1.76   2.28 33     3 132.2
2013 327  7   0.3  -8.9  356.  1.47   3.03 33    -3 132.2
2013 327  8  -2.3  -7.5  355.  1.81   2.20 33   -14 132.2
2013 327  9   0.8  -6.9  353.  1.45   2.37 30   -21 132.2
2013 327 10  -1.0  -6.7  354.  1.43   2.05 30   -23 132.2
2013 327 11  -4.6  -5.2  354.  1.75   1.10 30   -27 132.2
2013 327 12  -7.3  -1.8  346.  1.41  -0.31 20   -27 132.2
2013 327 13  -3.3  -3.9  364.  1.27   0.95 20   -20 132.2
2013 327 14  -4.8   2.7  372.  1.36  -1.49 20   -20 132.2
2013 327 15  -3.0   5.8  361.  1.02  -2.31 10   -16 132.2
2013 327 16  -1.9   4.6  339.  0.97  -1.66 10   -14 132.2
2013 327 17  -4.3  -4.5  311.  1.10   1.15 10    -9 132.2
2013 327 18  -3.3  -1.5  322.  1.20   0.35 10    -9 132.2
2013 327 19  -0.4   6.0  323.  1.31  -1.94 10    -9 132.2
2013 327 20   1.6   4.3  296.  1.02  -1.24 10    -7 132.2
2013 327 21  -0.6   1.3  276.  0.69  -0.36  0    -8 132.2
2013 327 22  -3.2   1.8  313.  0.72  -0.59  0    -9 132.2
2013 327 23  -1.3  -0.5  330.  0.85   0.17  0    -9 132.2
2013 328  0   0.8  -1.2  323.  0.88   0.39  0    -6 123.9
2013 328  1   0.5  -1.3  315.  0.85   0.41  0    -4 123.9
2013 328  2   0.3   0.1  313.  0.76  -0.03  0    -4 123.9
2013 328  3   3.4   1.0  316.  0.68  -0.16  0    -6 123.9
2013 328  4   3.2   1.0  318.  0.67  -0.13  0    -8 123.9
2013 328  5  -1.0  -2.7  310.  0.60   0.74  0    -8 123.9
2013 328  6  -3.2  -1.4  315.  0.62   0.13  0    -7 123.9
2013 328  7  -1.5   1.4  306.  0.60  -0.55  0    -6 123.9
2013 328  8   0.5   1.5  302.  0.55  -0.36  0    -7 123.9
2013 328  9  -3.0  -2.0  318.  0.55   0.25  3    -9 123.9
2013 328 10  -3.5  -2.1  319.  0.55   0.19  3   -10 123.9
2013 328 11  -3.9  -0.6  320.  0.57  -0.29  3    -9 123.9
2013 328 12  -3.2   1.5  319.  0.51  -0.80  0    -6 123.9
2013 328 13  -2.2   1.3  321.  0.52  -0.61  0    -5 123.9
2013 328 14  -3.6  -1.6  325.  0.46   0.16  0    -4 123.9
2013 328 15  -3.6  -1.1  313.  0.47   0.06  0    -6 123.9
2013 328 16  -3.5  -1.6  310.  0.46   0.28  0    -8 123.9
2013 328 17  -3.4  -0.3  314.  0.45  -0.06  0    -7 123.9
2013 328 18  -2.3  -2.1  314.  0.49   0.57  0    -5 123.9
2013 328 19  -2.3  -1.6  308.  0.46   0.43  0    -7 123.9
2013 328 20  -0.9  -0.6  298.  0.44   0.18  0    -6 123.9
2013 328 21  -0.2  -0.3  300.  0.47   0.09  0    -5 123.9
2013 328 22  -1.5   0.1  304.  0.46  -0.03  0    -6 123.9
2013 328 23  -2.1  -0.2  307.  0.47   0.06  0    -4 123.9
2013 329  0  -1.1  -1.1  306.  0.52   0.34  0    -2 116.0
2013 329  1  -0.7  -1.6  306.  0.47   0.49  0    -2 116.0
2013 329  2  -0.4  -1.2  300.  0.41   0.36  0    -3 116.0
2013 329  3  -1.6   0.4  306.  0.43  -0.18  0    -4 116.0
2013 329  4  -1.5  -0.1  301.  0.42  -0.06  0    -3 116.0
2013 329  5  -3.4   0.5  319.  0.43  -0.41  0    -2 116.0
2013 329  6  -3.2   0.9  326.  0.45  -0.59  0    -1 116.0
2013 329  7  -2.9  -0.6  313.  0.45  -0.13  0    -3 116.0
2013 329  8  -3.1   1.5  322.  0.46  -0.81  0    -4 116.0
2013 329  9  -2.2   0.3  318.  0.55  -0.35  0    -4 116.0
2013 329 10  -1.7  -0.3  315.  0.60  -0.09  0    -5 116.0
2013 329 11  -1.2  -0.6  314.  0.57   0.03  0    -5 116.0
2013 329 12  -1.8  -0.8  313.  0.53   0.03  0    -5 116.0
2013 329 13  -2.8  -0.3  318.  0.57  -0.19  0    -6 116.0
2013 329 14  -2.8   0.3  317.  0.56  -0.35  0    -4 116.0
2013 329 15  -2.4  -0.7  318.  0.59   0.03  0    -2 116.0
2013 329 16  -2.7  -0.4  318.  0.63  -0.03  0    -2 116.0
2013 329 17  -2.1  -0.4  317.  0.62   0.03  0    -2 116.0
2013 329 18  -2.4  -0.9  316.  0.56   0.19  0    -1 116.0
2013 329 19  -2.4  -0.1  314.  0.59  -0.03  0     0 116.0
2013 329 20  -1.0   1.3  316.  0.68  -0.41  0     0 116.0
2013 329 21  -0.7   1.1  317.  0.74  -0.35  0     1 116.0
2013 329 22  -2.7   0.0  312.  0.56  -0.00  0     2 116.0
2013 329 23  -2.3  -0.7  303.  0.51   0.21  0     4 116.0
2013 330  0  -1.7  -0.5  296.  0.49   0.15  0     3 112.4
2013 330  1  -2.0  -0.4  295.  0.49   0.09  0     3 112.4
2013 330  2  -1.9  -0.4  294.  0.52   0.06  0     2 112.4
2013 330  3  -1.4  -0.6  289.  0.43   0.12  0     3 112.4
2013 330  4  -0.2   0.4  286.  0.41  -0.11  0     2 112.4
2013 330  5  -0.3   0.9  286.  0.41  -0.26  0     1 112.4
2013 330  6  -0.7   0.7  290.  0.45  -0.26  0     0 112.4
2013 330  7  -0.9   0.9  285.  0.37  -0.31  0    -1 112.4
2013 330  8  -0.2   1.3  287.  0.40  -0.37  0     0 112.4
2013 330  9  -1.2   0.0  291.  0.53  -0.12  3     0 112.4
2013 330 10  -1.6   0.0  286.  0.43  -0.17  3    -2 112.4
2013 330 11  -1.8   0.6  281.  0.31  -0.34  3    -1 112.4
2013 330 12  -1.1   1.5  282.  0.39  -0.51  0     0 112.4
2013 330 13  -1.7   1.3  283.  0.35  -0.51  0     1 112.4
2013 330 14  -1.9   1.1  282.  0.32  -0.45  0     2 112.4
2013 330 15  -0.8   2.2  290.  0.43  -0.67  3     2 112.4
2013 330 16  -2.3   2.2  305.  0.94  -0.79  3     5 112.4
2013 330 17  -0.2   2.0  311.  1.20  -0.62  3     8 112.4
2013 330 18   0.1   0.0  311.  1.17   0.00  3    10 112.4
2013 330 19   2.9   1.2  311.  1.14  -0.31  3     9 112.4
2013 330 20   3.1  -0.2  310.  1.25   0.09  3    10 112.4
2013 330 21   0.5   2.4  312.  1.50  -0.75  7    11 112.4
2013 330 22  -1.0   2.3  313.  1.79  -0.72  7    15 112.4
2013 330 23  -2.7   2.6  310.  1.44  -0.81  7    17 112.4
2013 331  0  -3.3   1.4  306.  1.43  -0.46  0    17 125.6
2013 331  1   1.8   3.3  304.  1.62  -0.97  0    19 125.6
2013 331  2   0.3   3.5  307.  1.49  -1.07  0    18 125.6
2013 331  3   0.0   3.7  303.  1.16  -1.12  0    16 125.6
2013 331  4   0.4   4.3  304.  1.15  -1.28  0    13 125.6
2013 331  5  -0.1   4.5  297.  0.83  -1.31  0    12 125.6
2013 331  6  -0.1   4.6  297.  0.86  -1.34  0    10 125.6
2013 331  7   1.2   5.0  295.  0.65  -1.30  0     8 125.6
2013 331  8  -0.6   4.4  294.  0.92  -1.26  0     9 125.6
2013 331  9  -1.4   3.8  292.  0.96  -1.17  0    11 125.6
2013 331 10  -1.4   3.8  291.  0.83  -1.16  0    10 125.6
2013 331 11   0.8   4.9  286.  0.57  -1.23  0    10 125.6
2013 331 12   2.6   4.5  289.  0.59  -0.98  3     9 125.6
2013 331 13   3.4   2.8  292.  0.89  -0.47  3    11 125.6
2013 331 14   1.2   5.3  315.  0.97  -1.51  3    11 125.6
2013 331 15   0.5   6.1  321.  0.53  -1.86  7    12 125.6
2013 331 16  -0.3   6.0  320.  0.55  -1.92  7     8 125.6
2013 331 17  -1.0   5.1  319.  0.67  -1.66  7     8 125.6
2013 331 18  -0.7   5.3  320.  0.72  -1.70  0     9 125.6
2013 331 19  -2.6   4.0  303.  0.54  -1.24  0     9 125.6
2013 331 20  -2.0   3.9  294.  0.42  -1.18  0     9 125.6
2013 331 21  -1.6   3.8  289.  0.41  -1.10  0    11 125.6
2013 331 22  -2.4   2.0  279.  0.41  -0.56  0    11 125.6
2013 331 23  -2.4   1.7  279.  0.41  -0.47  0    12 125.6
2013 332  0  -2.4   2.6  286.  0.47  -0.74  0    11 129.3
2013 332  1  -2.4   0.7  286.  0.50  -0.23  0    11 129.3
2013 332  2  -1.2   2.5  290.  0.55  -0.75  0    12 129.3
2013 332  3  -1.8   1.1  294.  0.66  -0.38  0    14 129.3
2013 332  4  -2.5   0.6  284.  0.54  -0.28  0    14 129.3
2013 332  5  -1.9   0.9  281.  0.53  -0.37  0    14 129.3
2013 332  6  -1.3   1.4  281.  0.58  -0.48  0    12 129.3
2013 332  7  -1.6   0.3  281.  0.62  -0.22  0    13 129.3
2013 332  8  -1.0   0.4  280.  0.65  -0.20  0    12 129.3
2013 332  9  -0.2   0.7  278.  0.68  -0.19  0    11 129.3
2013 332 10  -0.7  -0.3  276.  0.68   0.00  0    11 129.3
2013 332 11   0.6  -0.7  276.  0.70   0.25  0     9 129.3
2013 332 12   0.9  -1.4  278.  0.79   0.44  3     9 129.3
2013 332 13   1.3  -0.6  275.  0.79   0.28  3    12 129.3
2013 332 14   3.4  -1.6  287.  1.06   0.69  3    12 129.3
2013 332 15   3.5  -0.7  283.  1.08   0.42  7    12 129.3
2013 332 16   3.4   2.4  294.  1.48  -0.53  7    14 129.3
2013 332 17   3.0  -2.3  292.  1.01   0.79  7    13 129.3
2013 332 18   4.6  -1.2  290.  0.69   0.46  0    10 129.3
2013 332 19   4.8  -0.8  289.  0.64   0.29  0    10 129.3
2013 332 20   4.1  -2.7  284.  0.99   0.80  0     9 129.3
2013 332 21   3.9  -2.5  278.  0.83   0.69  3     5 129.3
2013 332 22   3.9  -2.0  276.  0.94   0.52  3     4 129.3
2013 332 23   3.8  -1.6  271.  1.01   0.43  3     2 129.3
2013 333  0   4.5  -1.2  272.  0.99   0.33 10     2 125.0
2013 333  1   4.3  -0.1  278.  1.49   0.06 10     4 125.0
2013 333  2   4.7   0.5  278.  1.86  -0.06 10     8 125.0
2013 333  3   6.2   2.0  287.  3.45  -0.37 23    18 125.0
2013 333  4   6.1   1.0  286.  3.69  -0.00 23    18 125.0
2013 333  5   6.9  -1.3  281.  2.40   0.76 23    13 125.0
2013 333  6   2.6  -3.4  284.  2.97   1.14 13    12 125.0
2013 333  7   0.2  -3.8  284.  2.87   1.05 13     7 125.0
2013 333  8  -0.1  -3.5  277.  2.65   0.91 13     1 125.0
2013 333  9   2.1  -4.6  278.  2.66   1.39 13     3 125.0
2013 333 10   5.8  -3.3  284.  2.95   1.45 13     8 125.0
2013 333 11   6.3   0.8  284.  3.35   0.40 13     6 125.0
2013 333 12   6.9   1.1  287.  3.54   0.32 13     8 125.0
2013 333 13   6.2   3.2  286.  3.97  -0.37 13    12 125.0
2013 333 14   3.0  -4.8  292.  3.05   1.58 13    11 125.0
2013 333 15   7.8   0.6  297.  2.49   0.33 20     7 125.0
2013 333 16   6.8  -1.4  301.  2.62   0.75 20    10 125.0
2013 333 17  -6.0  -6.8  308.  1.88   1.85 20     3 125.0
2013 333 18   0.1  -5.3  317.  2.38   1.68 33     0 125.0
2013 333 19  -1.0  -5.0  322.  2.31   1.61 33    -5 125.0
2013 333 20   7.1  -0.2  323.  2.12   0.10 33    -8 125.0
2013 333 21   4.5   4.4  328.  1.92  -1.44 17    -9 125.0
2013 333 22   6.0   4.4  331.  1.79  -1.49 17    -7 125.0
2013 333 23   6.5   0.1  332.  1.82  -0.07 17    -6 125.0
2013 334  0   5.4   1.2  334.  1.80  -0.40 13    -7 127.6
2013 334  1   4.2   0.4  357.  2.50  -0.11 13    -6 127.6
2013 334  2   4.0   3.9  355.  2.26  -1.31 13    -6 127.6
2013 334  3   4.3   2.0  356.  2.38  -0.57 10    -3 127.6
2013 334  4   4.6  -0.4  350.  2.26   0.39 10    -1 127.6
2013 334  5   5.7   0.3  354.  2.32   0.32 10    -2 127.6
2013 334  6   4.8  -1.3  363.  2.51   0.91 13    -1 127.6
2013 334  7   6.3  -1.2  375.  2.90   1.12 13     0 127.6
2013 334  8   5.8   4.1  356.  2.59  -0.75 13    -3 127.6
2013 334  9   6.3  -0.4  353.  2.20   0.88 20    -6 127.6
2013 334 10   7.7  -1.1  353.  2.19   1.27 20    -9 127.6
2013 334 11   4.1   2.4  348.  1.74  -0.31 20    -9 127.6
2013 334 12   4.6   8.8  339.  1.07  -2.34 20    -6 127.6
2013 334 13   7.9   0.9  361.  1.54   0.51 20    -2 127.6
2013 334 14   8.3  -0.3  367.  1.42   0.84 20    -5 127.6
2013 334 15   7.5  -0.9  378.  1.72   0.91 20    -7 127.6
2013 334 16   4.3  -0.8  391.  1.79   0.59 20    -9 127.6
2013 334 17   3.9   0.3  409.  1.27   0.08 20    -9 127.6
2013 334 18   2.1  -1.5  419.  1.37   0.71 27    -8 127.6
2013 334 19   4.8   1.9  451.  1.72  -0.77 27   -11 127.6
2013 334 20   5.3  -0.5  459.  1.80   0.23 27   -11 127.6
2013 334 21   7.2   0.0  498.  3.11  -0.05 37    -3 127.6
2013 334 22   8.8  -3.9  497.  3.27   1.84 37    -5 127.6
2013 334 23   6.9   2.8  518.  3.38  -1.55 37   -12 127.6
2013 335  0   8.9  -2.6  516.  2.98   1.29 37    -8 126.9
2013 335  1  11.1  -0.1  514.  1.75   0.10 37   -16 126.9
2013 335  2  11.8   0.0  520.  1.54   0.31 37   -20 126.9
2013 335  3   8.3   0.1  549.  2.99   0.38 33   -17 126.9
2013 335  4   8.8   3.4  514.  2.26  -1.08 33   -22 126.9
2013 335  5   8.4   1.9  505.  2.35  -0.10 33   -20 126.9
2013 335  6   8.4   0.3  507.  2.32   0.86 27   -16 126.9
2013 335  7   8.9   1.6  501.  1.93   0.50 27   -16 126.9
2013 335  8   7.8   3.5  497.  2.07  -0.45 27   -18 126.9
2013 335  9   4.9   6.5  495.  2.03  -2.28 13   -17 126.9
2013 335 10   4.7   6.3  492.  2.38  -2.16 13   -13 126.9
2013 335 11   3.1   7.4  497.  2.54  -2.98 13    -7 126.9
2013 335 12  -0.3   9.4  498.  1.43  -4.48 27    -5 126.9
2013 335 13   3.1   6.1  479.  2.98  -2.40 27     4 126.9
2013 335 14  -2.8   7.5  507.  0.80  -4.06 27    -5 126.9
2013 335 15  -1.6   7.3  495.  0.78  -3.71 10    -6 126.9
2013 335 16   1.8   6.1  477.  0.83  -2.72 10    -9 126.9
2013 335 17   1.5   5.8  470.  0.59  -2.63 10    -7 126.9
2013 335 18   0.5   7.0  479.  0.46  -3.31  0    -9 126.9
2013 335 19   0.4   7.4  480.  0.45  -3.55  0   -10 126.9
2013 335 20  -0.5   7.1  465.  0.37  -3.30  0   -11 126.9
2013 335 21  -0.6   6.8  458.  0.37  -3.11  7   -12 126.9
2013 335 22  -5.8   4.8  449.  0.71  -2.07  7    -9 126.9
2013 335 23  -3.0   6.4  454.  0.39  -2.86  7   -11 126.9
2013 336  0  -5.0   3.3  455.  0.36  -1.46  3    -9 130.0
2013 336  1  -5.5   3.9  453.  0.35  -1.77  3    -8 130.0
2013 336  2  -3.9   4.1  453.  0.32  -1.95  3    -5 130.0
2013 336  3  -3.3   4.1  447.  0.36  -1.97  0    -3 130.0
2013 336  4  -3.1   5.4  445.  0.35  -2.58  0    -4 130.0
2013 336  5  -0.5   5.6  439.  0.34  -2.46  0    -4 130.0
2013 336  6   0.2   6.0  429.  0.32  -2.49  0    -4 130.0
2013 336  7   0.4   5.2  430.  0.33  -2.11  0     0 130.0
2013 336  8   2.1   3.2  423.  0.29  -1.02  0     1 130.0
2013 336  9   4.3   3.3  417.  0.29  -0.75  0     0 130.0
2013 336 10   4.9   3.0  423.  0.24  -0.55  0    -2 130.0
2013 336 11   4.1   3.2  423.  0.24  -0.72  0    -3 130.0
2013 336 12   5.2   1.2  418.  0.26   0.17  3    -3 130.0
2013 336 13   4.7   1.0  412.  0.26   0.12  3    -4 130.0
2013 336 14   4.2   1.1  412.  0.26  -0.04  3    -4 130.0
2013 336 15   3.5   0.8  409.  0.26  -0.04  3    -2 130.0
2013 336 16   3.1   0.0  394.  0.46   0.20  3    -2 130.0
2013 336 17   2.8  -0.3  391.  0.54   0.23  3    -3 130.0
2013 336 18   3.9  -0.3  392.  0.23   0.20  0    -4 130.0
2013 336 19   3.9   0.0  389.  0.23   0.04  0    -7 130.0
2013 336 20   3.8   0.0  383.  0.22  -0.00  0   -11 130.0
2013 336 21   3.7   0.5  384.  0.20  -0.23  0   -12 130.0
2013 336 22   3.6   0.3  378.  0.24  -0.19  0   -10 130.0
2013 336 23   3.2   1.2  381.  0.27  -0.50  0    -9 130.0
2013 337  0   4.1   0.9  386.  0.35  -0.39 13    -6 131.9
2013 337  1   3.6   0.7  405.  0.61  -0.28 13    -5 131.9
2013 337  2   5.3  -1.1  397.  0.59   0.52 13    -2 131.9
2013 337  3   3.8  -1.5  412.  0.88   0.74 20    -3 131.9
2013 337  4   2.9  -0.3  414.  0.95   0.29 20    -4 131.9
2013 337  5  -0.6   3.5  408.  0.90  -1.47 20     0 131.9
2013 337  6  -3.6   5.0  418.  0.89  -2.38 13     3 131.9
2013 337  7  -1.8   5.0  410.  0.79  -2.17 13     1 131.9
2013 337  8   1.4   2.1  399.  0.72  -0.64 13     0 131.9
2013 337  9   4.2  -4.5  406.  0.89   2.27 20    -8 131.9
2013 337 10   4.1  -4.7  407.  0.89   2.36 20   -14 131.9
2013 337 11   3.6  -4.6  395.  0.85   2.17 20   -18 131.9
2013 337 12   3.1  -4.5  387.  0.80   2.01 23   -18 131.9
2013 337 13   3.8  -4.8  389.  0.95   2.18 23   -19 131.9
2013 337 14   3.0  -4.6  387.  0.91   2.01 23   -14 131.9
2013 337 15   0.4  -2.5  387.  0.87   0.97 20   -18 131.9
2013 337 16  -0.3  -0.9  398.  1.10   0.32 20   -21 131.9
2013 337 17   2.5  -2.4  393.  0.94   1.02 20   -16 131.9
2013 337 18   1.4  -1.4  386.  0.91   0.58 27   -18 131.9
2013 337 19  -0.9   0.3  377.  0.95  -0.11 27   -19 131.9
2013 337 20   1.5   1.2  370.  0.70  -0.44 27   -20 131.9
2013 337 21  -2.0  -0.6  377.  0.82   0.26 17   -15 131.9
2013 337 22  -2.3  -1.6  373.  0.95   0.63 17   -15 131.9
2013 337 23  -0.3  -2.4  380.  1.11   0.91 17   -13 131.9
2013 338  0  -5.0   1.6  394.  1.36  -0.55 23   -10 134.0
2013 338  1  -5.8  -1.7  397.  1.57   0.71 23    -8 134.0
2013 338  2  -7.2   1.0  383.  1.33  -0.46 23    -6 134.0
2013 338  3  -6.8   2.1  379.  1.26  -0.99 13    -3 134.0
2013 338  4  -6.5   0.9  382.  1.32  -0.65 13     2 134.0
2013 338  5  -5.0   0.2  383.  1.42  -0.42 13     6 134.0
2013 338  6  -6.0  -1.2  383.  1.54  -0.08  7     5 134.0
2013 338  7  -4.0   1.0  366.  1.40  -0.73  7    -2 134.0
2013 338  8  -3.2   2.7  366.  1.20  -1.28  7    -4 134.0
2013 338  9   1.8   3.9  358.  0.93  -1.15  0    -6 134.0
2013 338 10   3.3   2.5  352.  0.78  -0.49  0    -7 134.0
2013 338 11   2.5   2.4  335.  0.54  -0.50  0    -7 134.0
2013 338 12   4.2   0.4  343.  0.50   0.27  0    -4 134.0
2013 338 13   4.6   1.1  354.  0.41   0.04  0    -6 134.0
2013 338 14   4.4   1.0  360.  0.49  -0.00  0    -7 134.0
2013 338 15   3.2   0.7  340.  0.37  -0.03  7    -6 134.0
2013 338 16   4.2  -0.7  360.  0.54   0.47  7    -5 134.0
2013 338 17   2.0  -3.7  379.  0.66   1.48  7    -6 134.0
2013 338 18   2.4  -3.2  373.  0.67   1.23 17   -10 134.0
2013 338 19   2.0  -3.7  389.  0.72   1.44 17   -13 134.0
2013 338 20   2.6  -3.2  376.  0.69   1.17 17   -16 134.0
2013 338 21   0.6  -3.3  354.  0.65   1.17 10   -20 134.0
2013 338 22   3.4  -1.1  341.  0.49   0.31 10   -20 134.0
2013 338 23   4.0  -1.1  344.  0.51   0.31 10   -20 134.0
2013 339  0   3.4  -1.8  350.  0.55   0.59  3   -20 145.3
2013 339  1   3.8  -2.3  351.  0.52   0.77  3   -19 145.3
2013 339  2   3.6  -2.3  348.  0.44   0.84  3   -17 145.3
2013 339  3   3.2  -1.9  344.  0.39   0.72 13   -15 145.3
2013 339  4   2.9  -1.0  336.  0.33   0.44 13   -12 145.3
2013 339  5   2.4  -2.2  346.  0.42   0.90 13   -13 145.3
2013 339  6   2.9  -0.8  352.  0.53   0.49  7   -16 145.3
2013 339  7   2.8  -0.3  349.  0.53   0.35  7   -19 145.3
2013 339  8   2.3  -1.1  341.  0.44   0.58  7   -19 145.3
2013 339  9   2.0  -0.9  326.  0.38   0.49 17   -16 145.3
2013 339 10   2.6  -2.2  349.  0.53   1.01 17   -19 145.3
2013 339 11   3.3  -1.6  361.  0.73   0.90 17   -15 145.3
2013 339 12   2.6  -1.3  352.  0.68   0.70 13   -15 145.3
2013 339 13   3.4   1.2  353.  0.73  -0.11 13    -8 145.3
2013 339 14   3.7   1.6  369.  0.79  -0.30 13    -3 145.3
2013 339 15   0.9  -1.5  339.  0.59   0.54  7    -3 145.3
2013 339 16   0.1  -2.3  340.  0.59   0.78  7    -4 145.3
2013 339 17   0.1  -0.7  327.  0.47   0.23  7    -4 145.3
2013 339 18   3.0  -1.5  345.  0.62   0.55 10    -4 145.3
2013 339 19   1.3  -2.1  336.  0.52   0.71 10    -7 145.3
2013 339 20   0.3  -1.7  325.  0.47   0.55 10   -11 145.3
2013 339 21   1.6  -0.7  322.  0.46   0.19  7   -13 145.3
2013 339 22   0.7   1.6  333.  0.57  -0.53  7   -13 145.3
2013 339 23  -1.1   2.2  336.  0.60  -0.71  7   -12 145.3
2013 340  0  -1.2   1.6  325.  0.53  -0.49 10   -10 146.1
2013 340  1   0.5   1.1  336.  0.83  -0.37 10    -6 146.1
2013 340  2  -0.2   1.1  349.  1.72  -0.38 10    -3 146.1
2013 340  3  -0.1   0.5  345.  1.59  -0.17 13    -1 146.1
2013 340  4   0.1   0.8  341.  1.45  -0.27 13     4 146.1
2013 340  5   0.9   1.3  343.  1.68  -0.38 13     4 146.1
2013 340  6   0.1   1.2  340.  2.41  -0.41 10     6 146.1
2013 340  7  -0.5   1.7  340.  2.58  -0.61 10     8 146.1
2013 340  8  -2.0  -0.1  340.  1.93  -0.17 10     8 146.1
2013 340  9  -3.2   0.5  343.  1.30  -0.48  3     4 146.1
2013 340 10  -3.4  -0.7  339.  1.08  -0.10  3     1 146.1
2013 340 11  -1.8   1.8  336.  1.56  -0.74  3     1 146.1
2013 340 12  -1.8   1.3  336.  1.37  -0.57  3     1 146.1
2013 340 13  -2.3  -1.8  339.  1.00   0.41  3     0 146.1
2013 340 14  -3.0  -0.9  341.  0.97   0.10  3    -2 146.1
2013 340 15  -2.6  -1.1  341.  1.10   0.24  3    -2 146.1
2013 340 16  -2.5  -0.8  339.  1.10   0.17  3    -1 146.1
2013 340 17  -3.1  -2.0  330.  1.06   0.59  3     1 146.1
2013 340 18  -2.1  -1.6  332.  1.23   0.50  7     3 146.1
2013 340 19  -1.2  -2.8  327.  1.22   0.92  7     3 146.1
2013 340 20  -0.5  -2.1  324.  1.60   0.68  7    -1 146.1
2013 340 21  -2.3  -0.7  334.  2.33   0.27 13    -2 146.1
2013 340 22   0.2  -2.7  340.  2.77   0.92 13    -3 146.1
2013 340 23   0.9  -1.7  338.  2.72   0.54 13     1 146.1
2013 341  0   1.3  -2.5  335.  2.74   0.80 20     5 152.3
2013 341  1   1.5  -3.2  334.  2.61   1.04 20     6 152.3
2013 341  2   3.6  -1.5  328.  1.49   0.49 20    -1 152.3
2013 341  3   4.4   0.1  325.  1.03   0.03 10    -4 152.3
2013 341  4   3.1  -2.2  313.  0.84   0.78 10    -5 152.3
2013 341  5   2.5  -3.1  313.  0.77   1.06 10    -8 152.3
2013 341  6   2.2  -3.2  310.  0.85   1.12 17    -7 152.3
2013 341  7   2.8  -1.0  307.  0.82   0.49 17    -7 152.3
2013 341  8   2.9   0.2  306.  0.83   0.18 17    -7 152.3
2013 341  9   2.8  -0.4  304.  0.88   0.36  0    -5 152.3
2013 341 10   0.0  -3.1  312.  0.90   0.94  0    -5 152.3
2013 341 11  -0.9  -3.2  313.  0.97   0.88  0    -5 152.3
2013 341 12   1.9  -0.6  315.  1.10   0.35  3    -6 152.3
2013 341 13  -2.7  -1.1  315.  0.99   0.13  3    -5 152.3
2013 341 14  -0.4   3.3  320.  0.77  -1.06  3    -3 152.3
2013 341 15  -0.7   2.7  322.  1.01  -0.90  3     1 152.3
2013 341 16   1.5   2.4  332.  1.46  -0.73  3     2 152.3
2013 341 17   2.0   3.4  340.  1.45  -1.12  3     3 152.3
2013 341 18  -1.3  -1.2  338.  1.49   0.41 20     4 152.3
2013 341 19  -5.3  -1.2  344.  1.86   0.45 20     4 152.3
2013 341 20  -5.3   1.7  353.  2.49  -0.53 20     2 152.3
2013 341 21  -0.8   4.9  362.  3.16  -1.74 27     4 152.3
2013 341 22  -9.3  -2.3  385.  4.98   1.16 27    16 152.3
2013 341 23   0.8   0.6  421.  6.15  -0.29 27    17 152.3
2013 342  0   0.2  -8.3  419.  5.75   3.48 60    13 160.6
2013 342  1  -0.3  -2.3  444. 11.13   1.02 60     8 160.6
2013 342  2  11.5  -3.6  485. 16.22   1.75 60     8 160.6
2013 342  3  12.4  -9.3  488. 10.32   4.78 57   -12 160.6
2013 342  4  11.2   7.8  497.  7.01  -3.33 57   -49 160.6
2013 342  5  -6.2   4.2  487.  6.41  -2.44 57   -41 160.6
2013 342  6  -0.3  -8.6  476.  5.03   4.00 37   -38 160.6
2013 342  7   8.3  -1.8  492.  3.79   1.82 37   -53 160.6
2013 342  8   2.2   0.5  621.  2.35   0.06 37   -66 160.6
2013 342  9   0.6   0.0  632.  1.79   0.13 20   -57 160.6
2013 342 10   1.0   0.9  624.  2.43  -0.37 20   -50 160.6
2013 342 11   1.5   1.2  636.  2.65  -0.45 20   -41 160.6
2013 342 12  -0.9   1.5  623.  2.50  -1.06 20   -37 160.6
2013 342 13  -2.3  -2.3  631.  2.51   1.07 20   -34 160.6
2013 342 14   0.5  -3.0  639.  2.91   1.92 20   -31 160.6
2013 342 15   1.8  -2.6  619.  2.25   1.73 33   -33 160.6
2013 342 16   0.4  -2.4  589.  1.77   1.41 33   -30 160.6
2013 342 17  -1.5  -4.0  571.  1.30   2.23 33   -33 160.6
2013 342 18  -1.0  -4.1  556.  1.29   2.28 30   -34 160.6
2013 342 19   0.5  -3.0  566.  1.22   1.70 30   -30 160.6
2013 342 20   2.0  -3.0  571.  1.29   1.66 30   -34 160.6
2013 342 21   2.6  -1.5  566.  1.13   0.74 17   -33 160.6
2013 342 22   2.3  -0.9  550.  0.70   0.39 17   -33 160.6
2013 342 23   2.1   0.1  538.  0.53  -0.16 17   -31 160.6
2013 343  0   1.9  -0.2  530.  0.59   0.05  7   -28 163.1
2013 343  1   2.1  -0.2  531.  0.61   0.05  7   -26 163.1
2013 343  2   1.2   0.4  512.  1.05  -0.20  7   -22 163.1
2013 343  3   0.6   1.1  491.  1.44  -0.54  0   -21 163.1
2013 343  4   0.2   0.9  489.  1.36  -0.44  0   -18 163.1
2013 343  5  -1.6   1.8  478.  1.46  -0.96  0   -14 163.1
2013 343  6   0.1  -1.5  473.  1.39   0.71  0   -14 163.1
2013 343  7   0.2   1.9  463.  1.32  -0.83  0   -17 163.1
2013 343  8   0.2   3.0  463.  1.29  -1.34  0   -20 163.1
2013 343  9   1.3   2.1  458.  1.20  -0.78  3   -23 163.1
2013 343 10   1.7   2.5  455.  1.14  -0.86  3   -23 163.1
2013 343 11   1.4  -0.8  453.  1.08   0.50  3   -24 163.1
2013 343 12   0.5  -1.8  460.  0.92   0.87 13   -26 163.1
2013 343 13   0.6  -1.7  460.  0.94   0.83 13   -27 163.1
2013 343 14   0.4  -0.8  456.  0.93   0.41 13   -26 163.1
2013 343 15   0.3  -1.5  444.  1.03   0.67 20   -24 163.1
2013 343 16   2.3  -0.5  443.  1.02   0.31 20   -22 163.1
2013 343 17   1.4  -0.9  440.  1.05   0.44 20   -17 163.1
2013 343 18   0.8  -0.3  444.  1.23   0.13 13   -17 163.1
2013 343 19   2.2  -1.6  429.  1.10   0.64 13   -18 163.1
2013 343 20   1.5  -0.8  432.  1.06   0.30 13   -16 163.1
2013 343 21   1.5  -0.2  414.  1.28   0.04 13   -16 163.1
2013 343 22   0.8   1.8  413.  1.38  -0.78 13   -18 163.1
2013 343 23   2.4   1.2  418.  1.29  -0.59 13   -17 163.1
2013 344  0   2.9   0.4  420.  1.09  -0.25 10   -16 169.9
2013 344  1   3.0  -0.6  416.  1.17   0.17 10   -14 169.9
2013 344  2   1.7  -2.2  413.  1.57   0.91 10   -12 169.9
2013 344  3   1.9  -1.3  405.  1.51   0.53 27   -12 169.9
2013 344  4   3.2  -1.7  410.  1.70   0.78 27   -12 169.9
2013 344  5   1.9  -4.0  407.  2.22   1.71 27    -7 169.9
2013 344  6   2.3  -2.2  414.  2.19   1.08 10   -12 169.9
2013 344  7   2.8  -2.0  402.  1.90   1.05 10   -20 169.9
2013 344  8   3.2  -1.2  405.  1.77   0.77 10   -24 169.9
2013 344  9   2.4  -0.4  405.  1.64   0.41 10   -24 169.9
2013 344 10   1.3  -1.8  406.  1.50   0.85 10   -23 169.9
2013 344 11   1.6  -0.3  402.  1.25   0.28 10   -21 169.9
2013 344 12   1.5   0.3  399.  1.06   0.04 10   -18 169.9
2013 344 13   1.7   1.0  404.  0.91  -0.24 10   -17 169.9
2013 344 14   2.1   0.7  399.  0.86  -0.12 10   -16 169.9
2013 344 15   2.1   0.8  403.  0.78  -0.20  3   -17 169.9
2013 344 16   2.2  -0.1  407.  0.83   0.12  3   -17 169.9
2013 344 17   0.7   0.8  396.  0.68  -0.32  3   -16 169.9
2013 344 18   1.7   0.8  403.  0.78  -0.32  3   -12 169.9
2013 344 19   0.7   1.2  403.  0.78  -0.48  3   -10 169.9
2013 344 20   1.1  -0.3  407.  0.97   0.08  3   -10 169.9
2013 344 21   0.1   0.8  386.  0.74  -0.31  0    -9 169.9
2013 344 22   1.0  -0.1  380.  0.88  -0.00  0    -8 169.9
2013 344 23   1.7  -0.7  383.  1.11   0.19  0    -7 169.9
2013 345  0   1.3  -0.3  370.  1.08   0.07  7    -6 165.6
2013 345  1  -1.1  -0.1  371.  0.98   0.07  7    -7 165.6
2013 345  2   0.1  -1.2  370.  1.04   0.44  7    -7 165.6
2013 345  3   0.2   0.1  376.  0.99  -0.04  7    -7 165.6
2013 345  4  -1.4   0.8  370.  0.89  -0.33  7    -8 165.6
2013 345  5  -1.0  -0.1  364.  0.79  -0.00  7    -8 165.6
2013 345  6  -1.5   0.8  363.  0.76  -0.36  7   -10 165.6
2013 345  7  -1.4   0.9  360.  0.69  -0.43  7   -10 165.6
2013 345  8  -0.6  -0.4  361.  0.79   0.07  7   -11 165.6
2013 345  9  -1.3   0.5  364.  0.82  -0.29 10   -11 165.6
2013 345 10  -0.3  -0.4  362.  1.01   0.11 10   -11 165.6
2013 345 11   0.9  -1.4  362.  0.97   0.58 10   -10 165.6
2013 345 12   1.4  -1.5  362.  0.97   0.65 10   -12 165.6
2013 345 13   2.1  -1.2  362.  1.00   0.58 10   -12 165.6
2013 345 14   2.2  -1.2  361.  0.91   0.58 10   -11 165.6
2013 345 15   1.1  -2.1  357.  0.84   0.79  3   -10 165.6
2013 345 16   0.9  -0.7  349.  0.83   0.28  3   -10 165.6
2013 345 17   0.3   0.9  344.  0.78  -0.31  3    -9 165.6
2013 345 18   0.7   1.0  342.  0.71  -0.34  3    -6 165.6
2013 345 19   0.0   0.7  332.  0.73  -0.23  3    -5 165.6
2013 345 20   0.1  -0.5  325.  0.66   0.16  3    -6 165.6
2013 345 21   0.5  -0.8  335.  0.75   0.23 10    -7 165.6
2013 345 22   0.2  -0.9  335.  0.80   0.30 10    -8 165.6
2013 345 23  -0.1  -0.7  332.  0.76   0.23 10    -9 165.6
2013 346  0   0.1  -0.8  319.  0.76   0.26  3    -9 159.8
2013 346  1  -0.3  -0.3  321.  0.63   0.10  3   -10 159.8
2013 346  2  -0.2  -0.6  319.  0.64   0.19  3   -10 159.8
2013 346  3   0.3  -1.4  319.  0.69   0.45  3    -8 159.8
2013 346  4  -0.4  -1.4  315.  0.69   0.44  3    -8 159.8
2013 346  5   0.0  -2.3  315.  0.67   0.72  3    -6 159.8
2013 346  6   0.3  -2.3  317.  0.69   0.73  0    -7 159.8
2013 346  7   0.9  -1.5  323.  0.70   0.55  0    -8 159.8
2013 346  8   1.0  -1.4  326.  0.68   0.52  0   -10 159.8
2013 346  9   1.0  -1.7  318.  0.67   0.60  0   -11 159.8
2013 346 10   0.9  -1.5  321.  0.68   0.55  0   -10 159.8
2013 346 11   0.9  -1.2  318.  0.68   0.45  0    -8 159.8
2013 346 12   0.1  -1.4  317.  0.66   0.44  0    -7 159.8
2013 346 13   0.9  -1.7  309.  0.61   0.56  0    -9 159.8
2013 346 14   1.1  -1.7  306.  0.59   0.58  0   -10 159.8
2013 346 15   0.7  -1.7  301.  0.56   0.54  0   -11 159.8
2013 346 16   0.8  -1.3  294.  0.55   0.41  0   -12 159.8
2013 346 17   0.5  -1.3  290.  0.58   0.38  0    -9 159.8
2013 346 18   1.1  -1.3  290.  0.63   0.38  0    -6 159.8
2013 346 19   0.9  -1.2  288.  0.64   0.35  0    -5 159.8
2013 346 20   1.3  -0.6  289.  0.66   0.14  0    -3 159.8
2013 346 21   1.5  -1.5  298.  0.67   0.39  3    -2 159.8
2013 346 22   1.4  -1.6  301.  0.70   0.42  3     0 159.8
2013 346 23   1.1  -0.2  293.  0.81   0.03  3     0 159.8
2013 347  0   1.4  -0.8  285.  0.84   0.17  3     0 158.1
2013 347  1   1.3   0.0  284.  0.96  -0.03  3     2 158.1
2013 347  2   1.6  -0.3  283.  0.96   0.06  3     2 158.1
2013 347  3   1.6  -1.0  283.  0.92   0.28  3     0 158.1
2013 347  4   1.3  -1.4  284.  0.99   0.43  3     1 158.1
2013 347  5   1.1  -1.1  282.  1.05   0.34  3     3 158.1
2013 347  6   0.3  -0.9  280.  1.09   0.25  0     3 158.1
2013 347  7   0.0  -0.6  279.  1.13   0.17  0     2 158.1
2013 347  8  -0.5  -0.4  279.  1.20   0.08  0     3 158.1
2013 347  9  -0.5  -0.2  279.  1.25   0.03  3     4 158.1
2013 347 10  -0.6   0.3  281.  1.58  -0.11  3     8 158.1
2013 347 11  -2.1  -0.3  284.  1.74  -0.06  3    10 158.1
2013 347 12  -1.8   0.4  283.  1.73  -0.23 20    11 158.1
2013 347 13  -3.8   1.0  300.  3.13  -0.51 20    20 158.1
2013 347 14   0.5   4.4  321.  6.59  -1.38 20    30 158.1
2013 347 15   2.1   4.1  317.  5.48  -1.20 17    26 158.1
2013 347 16   5.1   4.3  312.  5.76  -1.22 17    26 158.1
2013 347 17   3.6   8.8  308.  4.10  -2.68 17    22 158.1
2013 347 18   1.9   8.0  302.  4.98  -2.42  7    25 158.1
2013 347 19   2.7   7.7  299.  4.18  -2.33  7    24 158.1
2013 347 20  -2.1   6.8  297.  4.45  -1.96  7    23 158.1
2013 347 21   1.5   6.1  291.  4.32  -1.80  7    24 158.1
2013 347 22   5.8  -0.2  292.  3.46  -0.15  7    21 158.1
2013 347 23   3.7  -1.0  295.  3.72   0.15  7    20 158.1
2013 348  0   0.3  -1.8  300.  4.46   0.54 33    22 159.0
2013 348  1   4.1  -3.3  324.  3.77   0.94 33    14 159.0
2013 348  2  -1.7  -5.4  347.  2.30   1.91 33     5 159.0
2013 348  3   6.2  -2.8  347.  4.19   0.97 40     2 159.0
2013 348  4  -9.9  -6.1  344.  4.07   1.96 40    -2 159.0
2013 348  5  -9.5   1.0  338.  3.93  -0.64 40    -2 159.0
2013 348  6   4.2   9.2  352.  4.09  -2.99 20     3 159.0
2013 348  7  -8.4   3.1  387.  3.58  -1.78 20     2 159.0
2013 348  8  -8.9   7.0  379.  3.32  -3.34 20     2 159.0
2013 348  9  -0.2  12.5  391.  2.86  -4.77 13     1 159.0
2013 348 10  -4.5   7.0  383.  3.49  -3.03 13     2 159.0
2013 348 11  -5.9   2.2  377.  3.33  -1.32 13     4 159.0
2013 348 12 -10.1  -2.8  373.  2.38   0.22 13     1 159.0
2013 348 13  -8.8  -4.4  378.  2.49   1.02 13    -2 159.0
2013 348 14  -6.0  -5.5  390.  2.40   1.75 13    -7 159.0
2013 348 15   1.9  -6.9  458.  2.72   3.25 33   -13 159.0
2013 348 16   3.7  -6.5  464.  2.72   3.11 33   -27 159.0
2013 348 17   3.0  -5.3  495.  2.90   2.67 33   -38 159.0
2013 348 18  -0.2   2.0  526.  4.12  -1.05 40   -37 159.0
2013 348 19  -7.9   0.9  546.  3.99  -0.22 40   -30 159.0
2013 348 20  -8.8   4.7  590.  4.80  -2.24 40   -25 159.0
2013 348 21  -8.7   4.4  587.  4.69  -1.94 23   -19 159.0
2013 348 22  -7.0   6.1  581.  3.79  -2.96 23   -17 159.0
2013 348 23  -6.7   2.2  586.  4.45  -0.76 23   -13 159.0
2013 349  0  -4.5   4.6  599.  4.34  -2.40 20   -11 151.3
2013 349  1  -3.3   6.0  578.  3.89  -3.29 20   -10 151.3
2013 349  2   0.7   4.9  576.  3.42  -2.82 20    -9 151.3
2013 349  3  -2.9   5.2  567.  3.75  -2.95 10    -6 151.3
2013 349  4  -1.1   4.7  556.  3.56  -2.61 10    -7 151.3
2013 349  5  -5.5   3.2  526.  3.21  -1.95 10    -9 151.3
2013 349  6  -4.6   0.6  493.  2.84  -0.59 10   -12 151.3
2013 349  7  -5.3   1.9  481.  2.48  -1.35 10   -16 151.3
2013 349  8  -5.0  -0.8  468.  2.57  -0.14 10   -17 151.3
2013 349  9  -2.6   0.8  473.  3.10  -0.66 10   -17 151.3
2013 349 10  -3.1   3.8  483.  2.97  -2.13 10   -16 151.3
2013 349 11  -5.4   2.0  476.  2.85  -1.52 10   -16 151.3
2013 349 12  -4.6  -1.3  475.  2.85   0.14 10   -19 151.3
2013 349 13  -3.4   2.8  489.  3.24  -1.66 10   -15 151.3
2013 349 14  -4.6   2.4  498.  3.33  -1.49 10    -9 151.3
2013 349 15   0.0   4.4  492.  3.47  -2.16 27    -6 151.3
2013 349 16   2.8   3.6  492.  3.81  -1.67 27    -3 151.3
2013 349 17   6.7   3.3  492.  2.02  -1.57 27   -11 151.3
2013 349 18   8.1   3.7  482.  0.26  -1.93 10   -14 151.3
2013 349 19   8.5   2.6  462.  0.20  -1.48 10   -14 151.3
2013 349 20   8.3   2.0  459.  0.27  -1.29 10   -14 151.3
2013 349 21   8.2   1.8  454.  0.26  -1.27 10   -15 151.3
2013 349 22   8.2   0.2  446.  0.21  -0.58 10   -16 151.3
2013 349 23   7.6   0.2  449.  0.32  -0.58 10   -14 151.3
2013 350  0   7.2   1.3  447.  0.43  -0.98 23    -9 149.4
2013 350  1   6.9   0.0  458.  0.81  -0.32 23    -6 149.4
2013 350  2   5.3  -0.5  451.  2.10   0.05 23     1 149.4
2013 350  3   4.1  -0.9  463.  1.78   0.37 27    -4 149.4
2013 350  4  -0.3  -3.4  470.  1.36   1.60 27   -10 149.4
2013 350  5  -1.2  -3.1  460.  0.92   1.38 27   -18 149.4
2013 350  6  -0.1  -1.2  467.  0.73   0.56 17   -23 149.4
2013 350  7  -0.8  -0.9  488.  0.79   0.39 17   -22 149.4
2013 350  8  -0.5  -0.9  499.  0.56   0.40 17   -24 149.4
2013 350  9   0.1  -1.1  477.  0.51   0.52  7   -21 149.4
2013 350 10  -0.4  -0.6  434.  0.36   0.22  7   -19 149.4
2013 350 11  -1.9  -1.5  437.  0.39   0.48  7   -16 149.4
2013 350 12  -1.8  -1.9  440.  0.57   0.66 10   -13 149.4
2013 350 13   0.8  -0.6  429.  0.52   0.30 10   -13 149.4
2013 350 14  -0.8  -0.9  428.  0.45   0.34 10   -14 149.4
2013 350 15  -2.9  -0.6  437.  0.57   0.13  7   -19 149.4
2013 350 16  -2.3   0.5  425.  0.45  -0.26  7   -20 149.4
2013 350 17  -0.2  -1.7  413.  0.40   0.70  7   -17 149.4
2013 350 18  -0.8  -2.2  418.  0.46   0.92 13   -16 149.4
2013 350 19  -1.2  -1.7  413.  0.44   0.74 13   -16 149.4
2013 350 20  -0.8   0.8  420.  0.46  -0.29 13   -14 149.4
2013 350 21  -1.0  -0.8  410.  0.44   0.37 13   -10 149.4
2013 350 22   0.7  -1.3  424.  0.54   0.51 13   -10 149.4
2013 350 23   0.3  -1.7  409.  0.47   0.65 13   -11 149.4
2013 351  0  -0.1  -1.6  411.  0.54   0.66 17   -10 153.9
2013 351  1  -1.7  -0.4  410.  0.56   0.25 17    -7 153.9
2013 351  2  -2.6   0.1  436.  0.73   0.04 17    -5 153.9
2013 351  3  -1.5   0.7  430.  0.66  -0.30  7    -6 153.9
2013 351  4  -2.0   1.1  429.  0.66  -0.47  7    -7 153.9
2013 351  5  -2.0   1.8  426.  0.60  -0.81  7    -6 153.9
2013 351  6  -3.1   0.5  421.  0.58  -0.38  0    -8 153.9
2013 351  7  -2.1   0.4  414.  0.50  -0.29  0    -9 153.9
2013 351  8  -2.9  -0.9  405.  0.51   0.12  0   -10 153.9
2013 351  9  -2.8  -0.6  399.  0.53  -0.00  0   -11 153.9
2013 351 10  -1.8   1.5  404.  0.63  -0.77  0   -11 153.9
2013 351 11  -2.4   0.4  393.  0.57  -0.35  0   -11 153.9
2013 351 12  -2.1   1.6  392.  0.60  -0.78  0   -12 153.9
2013 351 13  -1.1   1.5  382.  0.49  -0.65  0   -12 153.9
2013 351 14  -1.3   1.7  382.  0.49  -0.73  0    -9 153.9
2013 351 15   0.3   0.7  392.  0.59  -0.27 10    -6 153.9
2013 351 16  -1.0  -1.8  398.  0.68   0.72 10    -6 153.9
2013 351 17  -0.9  -2.9  390.  0.60   1.13 10    -7 153.9
2013 351 18  -0.8  -3.1  383.  0.52   1.19 23    -8 153.9
2013 351 19  -1.7  -1.3  385.  0.58   0.54 23    -9 153.9
2013 351 20  -2.4   0.9  382.  0.58  -0.23 23    -8 153.9
2013 351 21  -2.0  -1.2  385.  0.61   0.58  7    -5 153.9
2013 351 22  -3.6  -0.3  397.  0.70   0.36  7    -3 153.9
2013 351 23  -2.6   1.8  378.  0.56  -0.53  7    -4 153.9
2013 352  0  -2.5   2.0  376.  0.55  -0.60  7    -3 151.1
2013 352  1  -2.8   1.7  381.  0.59  -0.53  7     0 151.1
2013 352  2  -1.7  -0.6  376.  0.55   0.26  7     1 151.1
2013 352  3  -0.8  -3.0  365.  0.45   1.09 10    -4 151.1
2013 352  4  -0.1  -3.5  360.  0.48   1.26 10    -9 151.1
2013 352  5  -1.0   1.3  369.  0.61  -0.52 10   -10 151.1
2013 352  6  -2.3   2.1  361.  0.61  -0.83 13   -10 151.1
2013 352  7  -0.5  -1.3  350.  0.47   0.42 13   -11 151.1
2013 352  8   0.1  -2.2  344.  0.45   0.76 13   -11 151.1
2013 352  9  -0.1  -2.0  343.  0.55   0.65  7    -9 151.1
2013 352 10  -2.0  -1.2  350.  0.60   0.28  7    -8 151.1
2013 352 11  -2.4   1.5  358.  0.68  -0.72  7    -7 151.1
2013 352 12  -2.4   1.7  362.  0.70  -0.76  0    -6 151.1
2013 352 13  -0.5   2.8  356.  0.68  -1.00  0    -4 151.1
2013 352 14  -1.8  -0.3  351.  0.61   0.04  0    -4 151.1
2013 352 15  -2.7  -1.3  365.  0.71   0.40  7    -7 151.1
2013 352 16  -2.5  -2.5  344.  0.46   0.83  7   -10 151.1
2013 352 17  -1.6  -3.0  336.  0.44   1.01  7   -10 151.1
2013 352 18  -1.2   0.8  350.  0.75  -0.24  3    -6 151.1
2013 352 19  -0.4   1.7  353.  0.82  -0.60  3    -5 151.1
2013 352 20  -2.3  -1.4  346.  0.70   0.59  3    -6 151.1
2013 352 21  -2.6   0.0  350.  0.77   0.14 13    -8 151.1
2013 352 22  -3.0  -0.1  364.  1.05   0.22 13    -7 151.1
2013 352 23  -4.3  -0.9  365.  1.16   0.58 13    -4 151.1
2013 353  0  -4.1  -1.2  357.  1.13   0.64 13    -2 148.5
2013 353  1  -3.4  -2.3  358.  1.09   0.97 13    -2 148.5
2013 353  2  -4.7  -1.7  354.  1.08   0.74 13    -5 148.5
2013 353  3  -4.4  -2.3  355.  1.16   0.89 13    -6 148.5
2013 353  4  -5.0   0.1  350.  0.96  -0.04 13    -6 148.5
2013 353  5  -4.7   0.6  340.  1.00  -0.31 13    -4 148.5
2013 353  6  -2.5   2.3  332.  0.81  -0.86  3    -6 148.5
2013 353  7  -1.2   3.3  358.  0.83  -1.22  3    -9 148.5
2013 353  8  -1.1   4.4  367.  0.66  -1.65  3   -11 148.5
2013 353  9  -1.8   2.9  364.  0.64  -1.16  0   -10 148.5
2013 353 10  -2.8   1.3  360.  0.59  -0.65  0    -7 148.5
2013 353 11  -3.1  -1.1  357.  0.62   0.18  0    -7 148.5
2013 353 12  -2.7  -2.9  355.  0.66   0.85  7    -6 148.5
2013 353 13  -1.2  -2.2  354.  0.67   0.71  7    -6 148.5
2013 353 14  -0.9  -3.4  362.  0.78   1.19  7    -6 148.5
2013 353 15  -0.4  -4.9  383.  0.82   1.88 23   -10 148.5
2013 353 16  -0.4  -1.6  367.  0.72   0.59 23   -14 148.5
2013 353 17   0.0  -3.7  379.  0.86   1.40 23   -18 148.5
2013 353 18   0.3  -4.0  379.  0.88   1.52 20   -20 148.5
2013 353 19  -2.1  -2.6  370.  0.82   1.04 20   -23 148.5
2013 353 20  -3.0  -1.4  364.  0.82   0.66 20   -20 148.5
2013 353 21  -3.8   1.5  361.  0.83  -0.32 17   -19 148.5
2013 353 22  -3.3   0.4  358.  0.81   0.07 17   -15 148.5
2013 353 23  -1.3  -4.5  366.  1.01   1.72 17   -11 148.5
2013 354  0  -3.0  -1.3  360.  1.03   0.65 23   -11 144.4
2013 354  1  -2.8   2.8  363.  0.75  -0.87 23   -11 144.4
2013 354  2  -3.9   0.1  356.  0.68   0.11 23    -7 144.4
2013 354  3   0.2  -3.5  364.  0.72   1.27 23    -6 144.4
2013 354  4  -1.2  -2.1  369.  0.88   0.77 23   -11 144.4
2013 354  5  -3.1   2.9  379.  0.90  -1.14 23    -8 144.4
2013 354  6  -3.8   0.8  370.  0.89  -0.44  0    -6 144.4
2013 354  7  -2.6  -1.2  361.  0.83   0.29  0    -7 144.4
2013 354  8  -2.5  -1.6  350.  0.71   0.42  0   -10 144.4
2013 354  9  -3.6  -0.6  358.  0.76  -0.04  7   -13 144.4
2013 354 10  -2.1  -1.7  347.  0.68   0.45  7   -15 144.4
2013 354 11  -3.4  -0.4  352.  0.64  -0.07  7   -13 144.4
2013 354 12  -2.6  -1.4  352.  0.69   0.32  7   -10 144.4
2013 354 13  -1.1  -0.4  343.  0.61   0.07  7    -6 144.4
2013 354 14  -2.4   0.1  349.  0.67  -0.14  7    -6 144.4
2013 354 15  -1.6  -1.4  343.  0.67   0.45 13    -5 144.4
2013 354 16  -0.4  -3.4  348.  0.75   1.18 13    -8 144.4
2013 354 17  -1.2  -3.0  347.  0.68   1.04 13   -11 144.4
2013 354 18  -0.6  -2.6  339.  0.66   0.88 17   -10 144.4
2013 354 19   1.2  -2.1  330.  0.61   0.66 17   -10 144.4
2013 354 20   1.4  -2.0  332.  0.59   0.60 17    -9 144.4
2013 354 21   1.0  -2.7  337.  0.61   0.84 10   -10 144.4
2013 354 22   0.0  -3.4  340.  0.66   1.12 10   -10 144.4
2013 354 23   0.6  -4.1  349.  0.75   1.36 10   -13 144.4
2013 355  0  -2.2  -0.8  346.  0.68   0.42 10   -13 139.5
2013 355  1   1.7   0.9  390.  0.94  -0.43 10   -10 139.5
2013 355  2   2.0  -1.8  352.  0.76   0.56 10    -8 139.5
2013 355  3   3.2   0.7  361.  0.87  -0.32 17    -9 139.5
2013 355  4   3.8  -1.8  361.  0.83   0.65 17    -9 139.5
2013 355  5   3.3  -1.8  348.  0.77   0.66 17    -9 139.5
2013 355  6   3.4   0.9  357.  0.81  -0.21  3   -10 139.5
2013 355  7   1.5   2.2  341.  0.64  -0.68  3   -10 139.5
2013 355  8   1.0   1.8  332.  0.55  -0.53  3    -8 139.5
2013 355  9  -1.1  -0.7  318.  0.45   0.16  7    -5 139.5
2013 355 10  -2.1  -1.3  326.  0.54   0.29  7    -5 139.5
2013 355 11  -3.2   0.4  337.  0.71  -0.34  7    -5 139.5
2013 355 12  -3.0   3.3  341.  0.64  -1.26  3    -5 139.5
2013 355 13  -0.2   4.7  338.  0.60  -1.59  3    -3 139.5
2013 355 14   3.2   4.1  352.  0.70  -1.34  3    -1 139.5
2013 355 15   3.8   3.3  351.  0.73  -1.09  0    -2 139.5
2013 355 16   3.1   2.8  348.  0.74  -0.97  0    -4 139.5
2013 355 17   3.0   1.2  328.  0.75  -0.43  0    -5 139.5
2013 355 18   2.6   2.2  321.  0.61  -0.77  7    -3 139.5
2013 355 19   2.3   1.9  328.  0.62  -0.72  7    -3 139.5
2013 355 20   2.6   1.7  329.  0.67  -0.69  7    -2 139.5
2013 355 21   1.5   2.6  326.  0.60  -0.91  3    -1 139.5
2013 355 22   0.2   2.0  310.  0.47  -0.62  3     1 139.5
2013 355 23   1.9   3.1  329.  0.62  -1.12  3     2 139.5
2013 356  0   2.8   2.6  325.  0.53  -0.97  0     2 133.4
2013 356  1   2.7   1.2  314.  0.47  -0.50  0     2 133.4
2013 356  2   2.6   0.6  321.  0.50  -0.29  0     1 133.4
2013 356  3   3.0   0.2  322.  0.50  -0.13  3    -2 133.4
2013 356  4  -1.7   0.8  325.  0.56  -0.26  3    -1 133.4
2013 356  5   1.2   1.6  335.  1.30  -0.54  3     7 133.4
2013 356  6   1.6   1.8  336.  1.59  -0.57  0     7 133.4
2013 356  7   1.7   1.9  333.  1.53  -0.57  0     4 133.4
2013 356  8   1.3   2.2  332.  1.18  -0.66  0     3 133.4
2013 356  9   1.6   3.8  327.  0.66  -1.14  7     3 133.4
2013 356 10   2.6   3.0  329.  0.92  -0.82  7     6 133.4
2013 356 11   2.7   1.6  333.  1.47  -0.37  7    10 133.4
2013 356 12   1.9   1.5  333.  1.59  -0.40  0     9 133.4
2013 356 13   2.4   0.6  333.  1.47  -0.10  0     8 133.4
2013 356 14   2.6   0.7  333.  1.37  -0.17  0     7 133.4
2013 356 15   2.2  -0.2  325.  1.33   0.10  0     7 133.4
2013 356 16   3.1   0.1  326.  1.31  -0.03  0     8 133.4
2013 356 17   3.2   0.5  321.  1.26  -0.19  0     8 133.4
2013 356 18   2.4   1.6  318.  1.23  -0.57  0     9 133.4
2013 356 19   2.3   1.0  314.  1.19  -0.41  0     6 133.4
2013 356 20   1.3   1.4  316.  1.20  -0.51  0     5 133.4
2013 356 21   1.6   2.3  313.  1.21  -0.78  0     5 133.4
2013 356 22   3.0   0.5  313.  1.20  -0.34  0     6 133.4
2013 356 23   2.8  -1.2  310.  1.12   0.19  0     6 133.4
2013 357  0   2.9  -0.5  309.  0.97  -0.00  7     5 131.6
2013 357  1   2.5   0.2  313.  0.97  -0.19  7     5 131.6
2013 357  2   0.5   1.4  306.  0.94  -0.46  7     5 131.6
2013 357  3   1.1   0.9  305.  0.89  -0.30  3     4 131.6
2013 357  4   1.9  -0.6  306.  0.90   0.15  3     3 131.6
2013 357  5   1.3  -0.6  303.  0.89   0.18  3     3 131.6
2013 357  6   1.7   0.9  308.  0.92  -0.25  3     5 131.6
2013 357  7   0.8   1.2  302.  0.93  -0.33  3     5 131.6
2013 357  8  -0.2   1.7  302.  0.91  -0.51  3     6 131.6
2013 357  9  -2.0   0.5  301.  0.86  -0.24  0     6 131.6
2013 357 10  -0.8  -1.2  297.  0.83   0.30  0     6 131.6
2013 357 11  -0.5  -0.8  299.  0.86   0.21  0     7 131.6
2013 357 12   0.1  -0.8  296.  0.83   0.24  3     7 131.6
2013 357 13  -0.7  -0.5  295.  0.81   0.12  3    10 131.6
2013 357 14   1.5  -0.8  297.  0.90   0.27  3    11 131.6
2013 357 15  -0.2  -0.7  294.  0.87   0.21  3     9 131.6
2013 357 16  -0.2  -0.3  295.  0.84   0.09  3     3 131.6
2013 357 17  -0.1  -0.4  296.  0.86   0.12  3     2 131.6
2013 357 18  -0.9   0.5  297.  0.90  -0.12  3     3 131.6
2013 357 19  -0.5  -0.9  296.  0.89   0.30  3     3 131.6
2013 357 20  -0.9   0.2  295.  0.89  -0.03  3     3 131.6
2013 357 21   0.1  -0.7  296.  0.89   0.21  7     3 131.6
2013 357 22   2.2   0.3  296.  0.90  -0.21  7     5 131.6
2013 357 23   2.1   0.2  295.  0.96  -0.18  7     6 131.6
2013 358  0   1.8   1.3  293.  0.91  -0.47  0     6 124.1
2013 358  1   0.4  -1.1  291.  0.94   0.29  0     6 124.1
2013 358  2   1.5  -0.3  292.  0.94   0.03  0     5 124.1
2013 358  3   0.4   0.5  289.  0.91  -0.14  0     6 124.1
2013 358  4  -1.5   1.4  289.  0.88  -0.38  0     5 124.1
2013 358  5  -1.1   1.8  290.  0.90  -0.52  0     7 124.1
2013 358  6   0.1   1.4  288.  0.89  -0.40  0     8 124.1
2013 358  7   1.7   0.8  289.  0.90  -0.17  0     9 124.1
2013 358  8   1.9   1.3  288.  0.84  -0.29  0    11 124.1
2013 358  9  -0.8   0.7  285.  0.89  -0.23  0    13 124.1
2013 358 10  -2.0   0.3  282.  0.82  -0.17  0    13 124.1
2013 358 11  -0.6   1.0  283.  0.83  -0.31  0    13 124.1
2013 358 12   0.0   0.6  283.  0.87  -0.17  0    13 124.1
2013 358 13   2.9  -0.8  287.  0.87   0.32  0    13 124.1
2013 358 14   2.6  -1.8  286.  0.90   0.57  0    11 124.1
2013 358 15   2.0  -2.4  288.  0.91   0.72  7     7 124.1
2013 358 16   3.0  -1.6  287.  0.85   0.46  7     2 124.1
2013 358 17   1.2   1.9  283.  0.87  -0.57  7     1 124.1
2013 358 18   1.9  -1.7  290.  0.88   0.43  3     5 124.1
2013 358 19   2.8  -1.5  293.  0.92   0.32  3     5 124.1
2013 358 20  -0.3  -0.6  284.  0.98   0.17  3     3 124.1
2013 358 21  -1.8  -1.4  288.  1.11   0.49 17     3 124.1
2013 358 22   2.5  -2.5  304.  1.66   0.58 17     6 124.1
2013 358 23   3.3  -3.5  312.  1.90   0.84 17     7 124.1
2013 359  0   4.8  -0.2  309.  1.91  -0.25 20     7 118.7
2013 359  1   5.0  -0.7  312.  2.17  -0.06 20     9 118.7
2013 359  2   4.8   0.1  316.  2.38  -0.25 20    11 118.7
2013 359  3   6.4  -0.2  320.  2.67  -0.13 10    14 118.7
2013 359  4   5.6   3.3  322.  2.97  -1.13 10    15 118.7
2013 359  5  -5.3   3.8  324.  3.78  -1.23 10    18 118.7
2013 359  6  -8.3  -2.2  321.  2.42   0.55 17    13 118.7
2013 359  7  -4.9  -5.9  313.  1.72   1.69 17     5 118.7
2013 359  8  -0.2  -6.3  314.  2.01   1.95 17    -2 118.7
2013 359  9  -0.1  -8.0  313.  1.46   2.47 13   -10 118.7
2013 359 10   1.7  -8.1  309.  1.60   2.56 13   -16 118.7
2013 359 11   3.3  -8.3  306.  1.86   2.66 13   -21 118.7
2013 359 12   4.0  -7.9  303.  2.29   2.55 30   -31 118.7
2013 359 13   7.3  -7.1  296.  1.18   2.31 30   -35 118.7
2013 359 14   8.9  -6.7  288.  0.65   2.10 30   -33 118.7
2013 359 15   9.5  -5.8  286.  0.79   1.74 20   -35 118.7
2013 359 16   9.5  -5.2  284.  1.08   1.45 20   -33 118.7
2013 359 17   9.3  -2.9  283.  1.16   0.65 20   -30 118.7
2013 359 18   8.0   4.2  279.  1.00  -1.40 13   -28 118.7
2013 359 19   5.5   2.4  282.  1.71  -0.90 13   -19 118.7
2013 359 20   4.3   1.9  286.  2.12  -0.74 13   -14 118.7
2013 359 21   4.0   1.9  280.  2.00  -0.76  3   -14 118.7
2013 359 22   3.7   1.0  278.  2.00  -0.50  3   -13 118.7
2013 359 23   3.7   1.2  279.  1.89  -0.56  3   -12 118.7
2013 360  0   3.5   1.7  286.  1.64  -0.69  3   -11 120.6
2013 360  1   3.3   1.6  279.  1.19  -0.61  3   -12 120.6
2013 360  2   2.5  -2.1  274.  1.40   0.47  3   -10 120.6
2013 360  3   2.1  -0.9  273.  1.46   0.19  3   -11 120.6
2013 360  4   2.2  -1.8  277.  1.54   0.47  3   -13 120.6
2013 360  5   2.3  -2.1  278.  1.35   0.58  3   -15 120.6
2013 360  6   1.9  -1.6  279.  1.51   0.47  3   -13 120.6
2013 360  7   0.8  -1.1  274.  1.51   0.33  3   -10 120.6
2013 360  8   1.3  -2.9  272.  1.29   0.82  3    -6 120.6
2013 360  9   2.4  -2.6  271.  1.35   0.79  3    -4 120.6
2013 360 10   2.1  -2.1  274.  1.49   0.66  3    -8 120.6
2013 360 11   0.9  -1.9  275.  1.58   0.55  3    -8 120.6
2013 360 12   1.3  -2.6  274.  1.69   0.74  7    -7 120.6
2013 360 13   2.2  -1.3  276.  2.06   0.41  7    -3 120.6
2013 360 14   3.1   0.1  276.  2.03   0.03  7     1 120.6
2013 360 15   2.3   1.3  275.  1.92  -0.33  3     2 120.6
2013 360 16  -0.1   2.2  272.  2.07  -0.60  3     2 120.6
2013 360 17   2.2   1.4  281.  1.68  -0.42  3     1 120.6
2013 360 18   2.8   3.5  276.  1.29  -1.05  3     2 120.6
2013 360 19   0.5   4.4  275.  1.22  -1.21  3     2 120.6
2013 360 20  -0.4   3.6  267.  1.27  -0.93  3     2 120.6
2013 360 21  -2.1   3.4  262.  0.87  -0.76  0     0 120.6
2013 360 22  -0.4   4.5  264.  0.80  -1.14  0     1 120.6
2013 360 23   0.7   4.4  265.  0.79  -1.17  0     0 120.6
2013 361  0  -0.3   4.5  266.  0.77  -1.14  0    -1 126.3
2013 361  1   0.6   2.0  257.  0.94  -0.54  0     0 126.3
2013 361  2   0.0   2.8  270.  1.00  -0.76  0     1 126.3
2013 361  3  -3.2   3.9  268.  0.82  -0.94  0     1 126.3
2013 361  4  -2.9   5.3  275.  0.89  -1.40  0     3 126.3
2013 361  5  -3.3   5.6  283.  0.91  -1.58  0     4 126.3
2013 361  6  -2.2   6.4  301.  0.93  -1.96  0     5 126.3
2013 361  7  -2.4   6.3  299.  0.93  -1.94  0     6 126.3
2013 361  8  -3.6   5.8  291.  1.05  -1.80  0     9 126.3
2013 361  9  -2.4   6.6  292.  1.02  -2.01  0     9 126.3
2013 361 10  -3.3   6.2  289.  1.00  -1.91  0     9 126.3
2013 361 11  -2.8   6.4  301.  1.02  -2.02  0    10 126.3
2013 361 12  -3.4   6.4  282.  0.83  -1.92  0     9 126.3
2013 361 13  -0.2   6.6  301.  0.97  -1.99  0     8 126.3
2013 361 14   2.9   6.5  299.  0.95  -1.88  0     8 126.3
2013 361 15   3.0   6.2  289.  1.06  -1.79  0     9 126.3
2013 361 16   5.8   4.6  296.  1.11  -1.42  0     8 126.3
2013 361 17   6.7   2.2  294.  1.24  -0.79  0     6 126.3
2013 361 18   8.0   1.0  291.  0.82  -0.55 10     4 126.3
2013 361 19   6.8   1.1  286.  1.19  -0.63 10     8 126.3
2013 361 20   2.9   1.2  296.  2.43  -0.50 10    16 126.3
2013 361 21   2.3   2.0  296.  2.91  -0.71  3    19 126.3
2013 361 22   1.3   3.3  294.  2.56  -1.03  3    19 126.3
2013 361 23  -0.3   0.9  296.  3.10  -0.24  3    22 126.3
2013 362  0   1.4   1.7  299.  3.52  -0.60  0    22 130.1
2013 362  1   0.6  -2.1  298.  3.37   0.57  0    19 130.1
2013 362  2   1.3  -0.1  294.  3.23  -0.03  0    16 130.1
2013 362  3   0.6   0.4  293.  3.10  -0.15  0    14 130.1
2013 362  4   0.1   1.7  293.  2.75  -0.50  0    13 130.1
2013 362  5  -1.3   3.1  291.  1.97  -0.90  0    12 130.1
2013 362  6  -3.5   1.1  294.  1.93  -0.35  0    14 130.1
2013 362  7  -2.8   0.8  290.  2.06  -0.29  0    15 130.1
2013 362  8   0.2   1.3  286.  2.61  -0.37  0    18 130.1
2013 362  9  -1.2   0.7  285.  2.58  -0.23  0    20 130.1
2013 362 10  -0.2   0.7  282.  2.64  -0.20  0    20 130.1
2013 362 11   1.3   0.0  281.  2.50   0.06  0    19 130.1
2013 362 12   1.5  -2.1  285.  1.82   0.66  7    12 130.1
2013 362 13   1.9  -1.5  288.  1.64   0.49  7     6 130.1
2013 362 14   2.2   0.6  286.  1.59  -0.14  7     5 130.1
2013 362 15   2.4  -0.1  299.  1.20   0.03  7     5 130.1
2013 362 16   4.0   2.7  313.  0.60  -0.88  7     6 130.1
2013 362 17   4.0   6.0  316.  0.46  -1.99  7     4 130.1
2013 362 18   4.6   6.3  328.  0.59  -2.23 10     8 130.1
2013 362 19   3.0   5.5  328.  1.28  -1.94 10    14 130.1
2013 362 20   2.4   3.2  322.  2.00  -1.16 10    16 130.1
2013 362 21   1.6   4.1  334.  1.73  -1.47 10    12 130.1
2013 362 22   4.5  -4.0  354.  0.55   0.99 10     4 130.1
2013 362 23   4.1  -4.4  353.  0.80   1.16 10     1 130.1
2013 363  0   3.0   2.2  359.  0.90  -1.01 17    -4 132.5
2013 363  1   3.5  -4.2  352.  0.74   1.20 17    -4 132.5
2013 363  2   2.3  -1.4  314.  0.69   0.31 17    -7 132.5
2013 363  3   3.1   1.5  318.  0.58  -0.60  7    -6 132.5
2013 363  4   3.4   0.1  327.  0.64  -0.13  7    -6 132.5
2013 363  5   3.6   0.8  346.  0.80  -0.31  7    -3 132.5
2013 363  6   4.2  -2.0  350.  0.76   0.73  7     1 132.5
2013 363  7   4.7  -0.4  339.  0.64   0.24  7     0 132.5
2013 363  8   2.5  -1.2  321.  0.42   0.45  7     0 132.5
2013 363  9   4.2  -1.2  349.  0.81   0.59 17     0 132.5
2013 363 10   2.9  -0.5  345.  0.67   0.31 17    -2 132.5
2013 363 11   3.1  -1.3  339.  0.71   0.58 17     1 132.5
2013 363 12   2.8   2.1  339.  0.65  -0.61  7     4 132.5
2013 363 13   4.6  -0.2  343.  0.66   0.21  7     7 132.5
2013 363 14   2.4  -0.9  340.  0.79   0.34  7     6 132.5
2013 363 15   2.5  -2.2  336.  0.68   0.74 10     2 132.5
2013 363 16   1.7  -1.9  334.  0.60   0.60 10    -1 132.5
2013 363 17   1.7  -2.4  343.  0.67   0.75 10    -3 132.5
2013 363 18   2.7  -2.2  349.  0.71   0.63 10    -1 132.5
2013 363 19   4.1   2.2  353.  0.77  -1.02 10     0 132.5
2013 363 20   2.7   3.0  356.  0.78  -1.25 10     2 132.5
2013 363 21   3.3   0.8  361.  0.73  -0.54  0     2 132.5
2013 363 22   3.2   2.6  370.  0.76  -1.22  0     4 132.5
2013 363 23   4.0   1.2  371.  0.71  -0.78  0     2 132.5
2013 364  0   2.0   0.5  333.  0.53  -0.33  0     2 138.2
2013 364  1   2.8  -0.6  330.  0.51  -0.00  0     1 138.2
2013 364  2   1.7  -1.4  336.  0.57   0.37  0     0 138.2
2013 364  3   3.3  -0.4  350.  0.80  -0.00  0     0 138.2
2013 364  4   2.5  -2.2  344.  0.72   0.69  0    -2 138.2
2013 364  5   2.1  -3.0  337.  0.72   0.98  0    -3 138.2
2013 364  6   2.3  -2.9  336.  0.74   0.97 10    -5 138.2
2013 364  7   2.7  -3.1  328.  0.64   1.08 10    -6 138.2
2013 364  8   2.8  -2.7  320.  0.59   0.93 10    -6 138.2
2013 364  9   1.6  -4.4  326.  0.63   1.50  7    -7 138.2
2013 364 10   3.6  -3.1  318.  0.56   1.11  7   -11 138.2
2013 364 11   4.9  -1.2  315.  0.32   0.54  7   -10 138.2
2013 364 12   4.8  -1.1  316.  0.37   0.51  7    -5 138.2
2013 364 13   4.1  -1.5  311.  0.40   0.56  7    -4 138.2
2013 364 14   3.5   0.5  301.  0.34  -0.12  7    -1 138.2
2013 364 15   3.4   0.7  305.  0.40  -0.21  7    -3 138.2
2013 364 16   3.9  -3.2  315.  0.15   0.94  7    -8 138.2
2013 364 17   4.9  -1.6  332.  0.29   0.37  7    -7 138.2
2013 364 18   3.9   0.0  331.  0.32  -0.17  0    -5 138.2
2013 364 19   2.8   2.7  327.  0.26  -1.05  0    -2 138.2
2013 364 20   4.3  -0.1  365.  0.16  -0.29  0    -2 138.2
2013 364 21   4.3  -1.7  375.  0.14   0.23  3    -1 138.2
2013 364 22   4.1  -2.4  375.  0.17   0.49  3    -2 138.2
2013 364 23   4.2  -2.7  357.  0.23   0.57  3    -3 138.2
2013 365  0   2.7  -4.2  415.  0.21   1.41 13    -8 140.5
2013 365  1   2.9  -2.3  420.  0.53   0.67 13    -9 140.5
2013 365  2   2.5  -1.5  424.  0.56   0.42 13    -6 140.5
2013 365  3   2.5  -2.0  408.  0.93   0.65 17    -3 140.5
2013 365  4   3.5  -0.7  378.  0.48   0.15 17    -7 140.5
2013 365  5   3.9   0.6  347.  0.32  -0.28 17    -5 140.5
2013 365  6   4.0   0.0  360.  0.49   0.00 20    -3 140.5
2013 365  7   4.3  -0.9  362.  0.58   0.40 20    -1 140.5
2013 365  8   2.9  -3.0  381.  1.33   1.22 20     1 140.5
2013 365  9   0.8  -3.9  375.  1.05   1.50 13    -5 140.5
2013 365 10  -2.7  -2.0  370.  1.31   0.63 13    -4 140.5
2013 365 11  -3.1   0.1  369.  1.40  -0.15 13     1 140.5
2013 365 12  -1.7  -0.1  369.  1.43  -0.04 13     4 140.5
2013 365 13  -2.5   2.1  386.  1.61  -0.89 13     4 140.5
2013 365 14   0.1   0.0  390.  2.10   0.00 13     5 140.5
2013 365 15  -0.1  -1.6  392.  2.41   0.63 10     5 140.5
2013 365 16   0.0   0.2  392.  2.60  -0.08 10     4 140.5
2013 365 17   2.6  -0.3  381.  2.59   0.00 10     5 140.5
2013 365 18   0.4   0.1  374.  2.31  -0.07 10     5 140.5
2013 365 19   1.0   1.1  369.  1.73  -0.48 10     5 140.5
2013 365 20  -2.2   1.3  371.  1.67  -0.30 10     6 140.5
2013 365 21   5.1   1.3  396.  1.50  -0.99  7     8 140.5
2013 365 22   4.2   1.2  390.  1.48  -0.86  7     8 140.5
2013 365 23   4.4   0.7  385.  1.58  -0.69  7     8 140.5
