2013 244  0   3.6  -1.2  433.  1.52   0.87 33   -18 105.6
2013 244  1   3.8  -0.7  434.  1.66   0.69 33   -17 105.6
2013 244  2   4.0  -0.6  436.  1.56   0.74 33   -15 105.6
2013 244  3   4.5   0.6  458.  1.82   0.41 20   -15 105.6
2013 244  4   1.7  -1.1  432.  1.82   0.69 20   -14 105.6
2013 244  5   2.8   0.0  453.  1.86   0.50 20   -15 105.6
2013 244  6   1.2  -1.8  462.  1.82   0.97 23   -15 105.6
2013 244  7   0.3  -0.7  507.  1.40   0.41 23   -18 105.6
2013 244  8   1.4   0.4  529.  1.69   0.21 23   -13 105.6
2013 244  9   3.0   1.9  545.  1.58  -0.05 13    -8 105.6
2013 244 10   1.4   1.8  541.  1.09  -0.43 13    -8 105.6
2013 244 11   2.5   1.0  552.  1.24   0.28 13    -9 105.6
2013 244 12   2.3  -0.7  524.  0.73   0.94 27   -12 105.6
2013 244 13   2.6  -1.4  527.  0.78   1.32 27   -18 105.6
2013 244 14   2.7  -0.9  538.  0.88   1.13 27   -23 105.6
2013 244 15   0.1  -2.2  528.  0.63   1.06 20   -25 105.6
2013 244 16   0.2  -2.7  527.  0.68   1.37 20   -22 105.6
2013 244 17   0.8  -2.8  508.  0.58   1.47 20   -22 105.6
2013 244 18   1.5  -3.2  511.  0.59   1.79 23   -24 105.6
2013 244 19   1.4  -3.3  503.  0.57   1.81 23   -26 105.6
2013 244 20   1.8  -1.9  484.  0.48   1.11 23   -30 105.6
2013 244 21   2.1  -1.6  480.  0.43   0.96 23   -31 105.6
2013 244 22   2.5  -1.1  482.  0.50   0.77 23   -29 105.6
2013 244 23   2.2  -1.0  471.  0.48   0.71 23   -26 105.6
2013 245  0   1.7   0.0  452.  0.53   0.18 13   -24 107.5
2013 245  1   1.8   0.4  439.  0.50   0.04 13   -22 107.5
2013 245  2   2.4   0.6  437.  0.53   0.04 13   -17 107.5
2013 245  3   2.8   0.5  482.  1.13   0.19 33   -12 107.5
2013 245  4   3.9  -2.7  497.  1.59   1.94 33   -10 107.5
2013 245  5   1.6  -3.3  490.  2.22   1.81 33   -20 107.5
2013 245  6   3.4   0.0  488.  2.38   0.73 33   -19 107.5
2013 245  7   2.2   0.9  481.  2.31   0.14 33   -15 107.5
2013 245  8   1.7  -3.7  469.  1.67   1.92 33   -17 107.5
2013 245  9   2.4  -1.8  452.  1.55   1.27 20   -21 107.5
2013 245 10   3.9  -0.5  443.  1.74   1.11 20   -21 107.5
2013 245 11   3.4   0.4  441.  1.75   0.66 20   -20 107.5
2013 245 12   0.0  -4.1  430.  1.20   1.50 27   -17 107.5
2013 245 13   0.6  -3.6  428.  1.25   1.46 27   -19 107.5
2013 245 14   0.9  -3.5  427.  1.41   1.49 27   -24 107.5
2013 245 15   0.7  -2.9  417.  1.48   1.21 17   -22 107.5
2013 245 16  -1.0  -0.6  395.  1.06   0.08 17   -19 107.5
2013 245 17   0.1  -0.9  391.  1.15   0.35 17   -20 107.5
2013 245 18   0.0   0.3  384.  1.13  -0.12 13   -25 107.5
2013 245 19   0.0   1.2  378.  1.03  -0.45 13   -24 107.5
2013 245 20  -0.2   1.8  371.  1.20  -0.67 13   -20 107.5
2013 245 21  -0.4   2.1  371.  1.30  -0.78  7   -17 107.5
2013 245 22  -0.7   2.1  368.  1.24  -0.81  7   -16 107.5
2013 245 23  -1.8   2.2  363.  1.22  -0.91  7   -14 107.5
2013 246  0  -2.2   1.3  362.  1.27  -0.65 13    -9 107.9
2013 246  1  -2.9   2.8  374.  1.81  -1.27 13    -5 107.9
2013 246  2  -3.1   3.3  379.  2.07  -1.55 13     2 107.9
2013 246  3  -2.9   3.6  385.  3.28  -1.66  3     7 107.9
2013 246  4  -1.2   5.0  384.  3.52  -1.96  3     9 107.9
2013 246  5  -1.0   7.0  378.  2.66  -2.57  3     8 107.9
2013 246  6  -6.3   5.6  384.  1.82  -3.00 10     2 107.9
2013 246  7  -8.3   3.1  385.  1.78  -2.58 10     1 107.9
2013 246  8  -8.4  -2.8  386.  2.47  -0.69 10     4 107.9
2013 246  9  -8.4  -3.2  392.  2.00  -0.67 17    -3 107.9
2013 246 10  -6.9  -4.4  383.  1.47   0.04 17    -5 107.9
2013 246 11  -7.4  -4.7  383.  1.34   0.04 17    -9 107.9
2013 246 12  -7.3  -4.4  384.  1.18  -0.00 20   -11 107.9
2013 246 13  -6.2  -5.1  399.  1.33   0.52 20   -11 107.9
2013 246 14  -5.1   2.7  417.  1.25  -2.00 20   -13 107.9
2013 246 15  -5.0   5.3  423.  1.21  -2.92 10   -11 107.9
2013 246 16  -6.0   2.7  426.  1.30  -2.04 10    -6 107.9
2013 246 17  -5.5   2.2  430.  1.35  -1.72 10    -3 107.9
2013 246 18  -5.7  -2.0  424.  1.38   0.04 17    -3 107.9
2013 246 19  -5.5   3.6  423.  1.19  -2.12 17    -7 107.9
2013 246 20  -3.9   4.4  423.  1.06  -2.20 17    -7 107.9
2013 246 21  -2.7   1.4  436.  1.48  -0.87 33    -7 107.9
2013 246 22  -2.3   1.6  437.  1.41  -0.92 33   -13 107.9
2013 246 23  -1.4  -0.1  445.  1.36  -0.09 33   -20 107.9
2013 247  0   1.6   0.1  443.  1.39   0.13 20   -15 111.1
2013 247  1  -0.3   1.7  446.  1.29  -0.76 20   -10 111.1
2013 247  2  -1.2   2.1  442.  1.28  -1.06 20    -6 111.1
2013 247  3  -1.4   1.5  441.  1.20  -0.84  7    -2 111.1
2013 247  4   0.0   2.2  434.  0.99  -0.87  7    -1 111.1
2013 247  5  -2.1  -1.6  448.  1.19   0.27  7    -2 111.1
2013 247  6   0.3   0.2  443.  1.19  -0.00 10    -3 111.1
2013 247  7   0.7   1.0  444.  1.16  -0.22 10    -5 111.1
2013 247  8   2.4   0.2  461.  1.39   0.46 10    -3 111.1
2013 247  9   1.7   1.8  465.  1.34  -0.28 17    -1 111.1
2013 247 10   1.0   0.6  469.  1.47   0.00 17    -1 111.1
2013 247 11   0.0  -0.5  458.  1.19   0.18 17    -9 111.1
2013 247 12   0.1  -0.2  467.  1.27   0.09 13   -11 111.1
2013 247 13  -2.1   1.8  457.  1.01  -1.19 13    -9 111.1
2013 247 14  -2.6   1.4  447.  0.89  -1.12 13    -7 111.1
2013 247 15  -1.7   2.2  451.  0.92  -1.22  7    -6 111.1
2013 247 16  -3.4   1.1  467.  1.09  -1.12  7    -3 111.1
2013 247 17  -0.9   1.1  459.  1.05  -0.60  7    -1 111.1
2013 247 18  -1.4  -0.9  463.  1.18   0.19 17     0 111.1
2013 247 19  -0.2  -1.8  474.  1.25   0.81 17    -2 111.1
2013 247 20   1.3   1.0  442.  0.90  -0.27 17    -4 111.1
2013 247 21   1.1  -0.5  448.  1.00   0.31 13    -9 111.1
2013 247 22  -1.0   0.6  440.  0.89  -0.35 13   -11 111.1
2013 247 23  -1.6   1.1  438.  0.84  -0.61 13   -10 111.1
2013 248  0  -2.0   1.1  430.  0.84  -0.65  0    -4 111.9
2013 248  1  -1.6   1.7  429.  0.86  -0.90  0    -1 111.9
2013 248  2  -2.7   1.5  456.  1.08  -1.00  0     0 111.9
2013 248  3  -0.7   1.0  422.  0.84  -0.51  0     2 111.9
2013 248  4  -2.9   0.1  441.  1.07  -0.53  0     4 111.9
2013 248  5  -3.6  -0.2  444.  1.18  -0.58  0     4 111.9
2013 248  6  -3.3   1.7  444.  1.11  -1.33  0     3 111.9
2013 248  7  -3.4   2.8  456.  1.15  -1.87  0     3 111.9
2013 248  8  -2.5   2.4  450.  1.16  -1.49  0     4 111.9
2013 248  9  -1.5   2.8  448.  1.19  -1.43 17     3 111.9
2013 248 10  -3.3   0.2  437.  1.22  -0.83 17     0 111.9
2013 248 11  -2.7   0.8  428.  1.03  -0.90 17     0 111.9
2013 248 12  -3.6   1.7  433.  1.16  -1.43  7     2 111.9
2013 248 13  -4.3   1.2  438.  1.11  -1.40  7     2 111.9
2013 248 14  -3.7  -0.3  435.  1.06  -0.65  7     2 111.9
2013 248 15  -4.0   0.5  431.  0.97  -0.95  7     2 111.9
2013 248 16  -4.0  -0.2  427.  0.88  -0.60  7     2 111.9
2013 248 17  -2.2  -0.1  404.  0.91  -0.28  7     2 111.9
2013 248 18  -1.1  -0.7  406.  0.73   0.12 10     1 111.9
2013 248 19  -1.1  -1.9  407.  0.69   0.61 10    -1 111.9
2013 248 20  -3.3  -0.3  414.  0.66  -0.21 10    -4 111.9
2013 248 21  -2.3   0.2  412.  0.65  -0.29  7    -9 111.9
2013 248 22  -2.8  -0.2  403.  0.60  -0.16  7   -12 111.9
2013 248 23  -3.1  -0.5  413.  0.70  -0.08  7    -9 111.9
2013 249  0   0.1   1.6  419.  0.96  -0.63 13    -8 102.9
2013 249  1   2.3   0.7  422.  1.01  -0.04 13    -3 102.9
2013 249  2   0.0  -1.5  407.  0.72   0.57 13    -1 102.9
2013 249  3  -2.4  -1.2  412.  0.72   0.12 13    -3 102.9
2013 249  4  -3.1   0.6  437.  0.88  -0.74 13     1 102.9
2013 249  5  -3.1  -1.7  413.  0.75   0.12 13     2 102.9
2013 249  6  -3.7  -1.3  429.  0.81  -0.21  7     3 102.9
2013 249  7  -3.5  -2.4  418.  0.76   0.17  7     3 102.9
2013 249  8  -3.0  -2.3  413.  0.74   0.17  7     2 102.9
2013 249  9  -2.1  -2.2  401.  0.67   0.32 10     1 102.9
2013 249 10  -1.0  -0.9  379.  0.52   0.08 10    -2 102.9
2013 249 11  -1.7  -1.7  388.  0.58   0.19 10     0 102.9
2013 249 12  -2.3  -1.0  382.  0.54  -0.15 10     1 102.9
2013 249 13  -1.9  -1.0  383.  0.53  -0.04 10     3 102.9
2013 249 14  -3.1  -2.6  399.  0.74   0.32 10     2 102.9
2013 249 15  -2.1  -3.1  401.  0.75   0.76  7    -1 102.9
2013 249 16  -2.1  -3.5  404.  0.75   0.97  7    -3 102.9
2013 249 17  -2.0  -3.3  385.  0.64   0.92  7    -5 102.9
2013 249 18  -1.2  -3.7  384.  0.60   1.19 20    -8 102.9
2013 249 19  -0.6  -2.9  370.  0.51   0.96 20   -11 102.9
2013 249 20  -0.8  -3.1  371.  0.55   1.04 20   -14 102.9
2013 249 21  -1.3  -3.4  382.  0.70   1.15 17   -19 102.9
2013 249 22  -2.6  -3.4  401.  0.90   1.08 17   -20 102.9
2013 249 23  -1.7  -4.2  409.  0.94   1.51 17   -19 102.9
2013 250  0  -0.6  -3.2  372.  0.59   1.12  3   -13 100.0
2013 250  1  -0.8  -2.4  360.  0.51   0.76  3   -10 100.0
2013 250  2  -1.9  -1.5  352.  0.42   0.32  3    -9 100.0
2013 250  3  -2.1  -0.4  355.  0.51  -0.11 10    -6 100.0
2013 250  4  -0.5  -1.6  358.  0.64   0.47 10    -4 100.0
2013 250  5  -1.8  -0.5  353.  0.56  -0.11 10    -7 100.0
2013 250  6  -1.4  -1.5  354.  0.66   0.25 10    -8 100.0
2013 250  7  -0.3   0.4  342.  0.61  -0.17 10    -5 100.0
2013 250  8  -1.7  -0.4  343.  0.60  -0.17 10    -3 100.0
2013 250  9  -2.5   0.0  347.  0.65  -0.45  7    -4 100.0
2013 250 10  -2.6   0.6  346.  0.63  -0.66  7    -4 100.0
2013 250 11   1.3   1.9  356.  0.88  -0.32  7    -2 100.0
2013 250 12   2.1   2.7  358.  1.00  -0.43  7     2 100.0
2013 250 13   1.2   3.1  352.  0.96  -0.74  7     3 100.0
2013 250 14  -1.1   1.9  347.  0.92  -0.76  7     2 100.0
2013 250 15  -2.0   2.1  345.  0.90  -0.97  3     2 100.0
2013 250 16  -3.3   1.2  352.  0.89  -0.84  3     1 100.0
2013 250 17   0.1   2.3  348.  1.00  -0.73  3     1 100.0
2013 250 18  -0.2   0.6  351.  1.23  -0.21  3     1 100.0
2013 250 19  -2.0   1.0  354.  1.34  -0.53  3     2 100.0
2013 250 20  -2.4   1.9  362.  1.42  -0.87  3     1 100.0
2013 250 21  -3.0  -0.9  359.  1.51   0.07  7     1 100.0
2013 250 22  -1.5   1.0  354.  1.49  -0.46  7     0 100.0
2013 250 23  -2.9  -2.1  361.  1.60   0.51  7     1 100.0
2013 251  0  -2.6   0.8  363.  1.79  -0.51 17     2  97.1
2013 251  1  -2.6  -1.2  369.  2.18   0.18 17     8  97.1
2013 251  2   1.9  -0.1  374.  1.59   0.26 17     6  97.1
2013 251  3   3.5  -3.7  374.  0.69   1.76 30     0  97.1
2013 251  4   1.6  -3.2  386.  1.51   1.39 30     8  97.1
2013 251  5   2.2   0.0  387.  2.73   0.35 30     9  97.1
2013 251  6   2.1  -0.3  390.  1.84   0.47 13     5  97.1
2013 251  7   2.1   2.1  386.  1.05  -0.31 13     0  97.1
2013 251  8   3.6   0.5  377.  0.60   0.53 13    -1  97.1
2013 251  9   3.5   0.9  378.  0.59   0.42 10    -2  97.1
2013 251 10   2.9   0.4  383.  0.61   0.46 10    -4  97.1
2013 251 11   3.0  -1.3  367.  0.47   0.99 10    -8  97.1
2013 251 12   3.6  -0.5  374.  0.53   0.86 17    -9  97.1
2013 251 13   2.8   1.9  377.  0.59  -0.08 17    -9  97.1
2013 251 14   2.0   0.9  382.  0.66   0.08 17    -8  97.1
2013 251 15   2.5  -0.8  380.  0.67   0.68 13    -6  97.1
2013 251 16   3.0  -1.1  380.  0.62   0.84 13    -6  97.1
2013 251 17   1.7  -0.9  381.  0.69   0.53 13    -5  97.1
2013 251 18   1.2  -0.9  387.  0.75   0.46  7    -3  97.1
2013 251 19   0.4  -0.5  378.  0.70   0.23  7    -3  97.1
2013 251 20   0.0   0.5  367.  0.56  -0.18  7    -5  97.1
2013 251 21   0.6   1.1  365.  0.53  -0.33  0    -7  97.1
2013 251 22   1.6   1.9  382.  0.67  -0.57  0    -9  97.1
2013 251 23   1.7   2.1  381.  0.67  -0.65  0   -12  97.1
2013 252  0   0.7   1.3  364.  0.55  -0.40  0   -12  95.6
2013 252  1   2.1   0.4  368.  0.58   0.07  0   -12  95.6
2013 252  2   2.1   0.2  361.  0.54   0.14  0   -11  95.6
2013 252  3   1.5   0.2  349.  0.46   0.10 10    -9  95.6
2013 252  4   2.8  -0.6  361.  0.53   0.58 10    -7  95.6
2013 252  5   2.2   0.2  353.  0.51   0.25 10    -6  95.6
2013 252  6   3.2  -0.7  360.  0.57   0.76 13    -5  95.6
2013 252  7   3.0   0.6  361.  0.57   0.32 13    -6  95.6
2013 252  8   2.5  -0.7  370.  0.72   0.70 13    -3  95.6
2013 252  9   2.8  -2.4  370.  0.76   1.29 10    -3  95.6
2013 252 10   2.9  -0.4  351.  0.56   0.67 10    -8  95.6
2013 252 11   3.0   0.7  360.  0.66   0.36 10    -8  95.6
2013 252 12   3.1   0.6  368.  0.72   0.40  3    -7  95.6
2013 252 13   1.9   1.6  341.  0.50  -0.14  3    -5  95.6
2013 252 14   2.5   1.3  346.  0.59   0.03  3    -4  95.6
2013 252 15   3.1   0.8  355.  0.74   0.25  3    -4  95.6
2013 252 16   2.4   0.8  349.  0.64   0.07  3    -2  95.6
2013 252 17   2.5   1.2  353.  0.92  -0.07  3     1  95.6
2013 252 18   1.7  -2.3  358.  0.92   0.97  7     5  95.6
2013 252 19   1.4   0.4  321.  0.54   0.00  7     5  95.6
2013 252 20   0.5   0.5  313.  0.57  -0.13  7     3  95.6
2013 252 21   1.2   0.1  315.  0.49   0.06  3     1  95.6
2013 252 22   1.4   0.6  315.  0.47  -0.09  3    -2  95.6
2013 252 23   0.6   0.1  311.  0.45   0.00  3    -5  95.6
2013 253  0   1.4   0.2  311.  0.40   0.03  0    -5  96.2
2013 253  1   0.6   0.7  302.  0.36  -0.15  0    -8  96.2
2013 253  2   0.9   0.0  300.  0.34   0.09  0    -8  96.2
2013 253  3   0.9  -0.2  307.  0.37   0.15  0    -4  96.2
2013 253  4   1.5   2.1  319.  0.57  -0.45  0    -1  96.2
2013 253  5   1.7   1.0  323.  0.82  -0.06  0     2  96.2
2013 253  6   1.6   2.1  323.  0.82  -0.36  0     3  96.2
2013 253  7   1.3   0.6  312.  0.61   0.03  0     3  96.2
2013 253  8   3.3   0.0  321.  0.85   0.55  0     2  96.2
2013 253  9   2.8  -2.9  324.  1.09   1.26 23    -2  96.2
2013 253 10   0.6  -3.8  334.  1.37   1.17 23    -6  96.2
2013 253 11   1.7   0.5  334.  1.55   0.17 23    -7  96.2
2013 253 12   1.3  -4.0  341.  2.42   1.40 23    -1  96.2
2013 253 13  -2.0  -3.7  333.  2.24   0.73 23     0  96.2
2013 253 14  -2.6   1.6  344.  1.37  -0.89 23    -3  96.2
2013 253 15   1.7   0.1  345.  2.88   0.24 27     5  96.2
2013 253 16   2.2  -3.6  349.  2.56   1.47 27     4  96.2
2013 253 17  -2.9  -2.6  357.  2.63   0.50 27     5  96.2
2013 253 18  -3.3  -1.5  374.  2.13   0.15 27     2  96.2
2013 253 19   0.4  -4.6  381.  2.01   1.71 27     3  96.2
2013 253 20  -2.6  -4.8  376.  2.28   1.50 27    -6  96.2
2013 253 21  -4.0  -3.0  375.  2.89   0.75 23   -11  96.2
2013 253 22  -0.2  -3.3  380.  3.41   1.22 23   -10  96.2
2013 253 23  -1.7  -0.5  381.  3.35   0.04 23    -6  96.2
2013 254  0  -3.6   0.7  391.  2.45  -0.63 17    -2  94.1
2013 254  1  -1.8   2.9  394.  2.24  -1.30 17    -1  94.1
2013 254  2  -0.5   3.9  395.  2.88  -1.54 17     3  94.1
2013 254  3  -1.1   2.6  388.  2.83  -1.09  3     6  94.1
2013 254  4  -3.0   1.2  377.  2.54  -0.83  3     6  94.1
2013 254  5  -1.6   0.0  376.  2.21  -0.26  3     5  94.1
2013 254  6   1.7   0.6  378.  1.90   0.08  7     3  94.1
2013 254  7   2.2  -0.6  379.  1.86   0.61  7    -1  94.1
2013 254  8   1.8  -0.5  374.  1.89   0.52  7    -3  94.1
2013 254  9  -1.6   1.3  375.  1.78  -0.75 17    -4  94.1
2013 254 10  -2.8   0.0  386.  1.71  -0.58 17    -2  94.1
2013 254 11  -2.5  -2.5  386.  1.65   0.31 17     0  94.1
2013 254 12  -2.1  -2.6  382.  1.45   0.42 17     1  94.1
2013 254 13  -4.0  -2.4  376.  1.36   0.00 17     1  94.1
2013 254 14  -2.3  -2.6  375.  1.43   0.45 17     1  94.1
2013 254 15   0.6  -3.0  381.  1.45   1.14 10    -1  94.1
2013 254 16  -0.3  -1.0  376.  1.28   0.30 10    -5  94.1
2013 254 17   1.3   0.7  375.  1.20  -0.07 10    -6  94.1
2013 254 18  -1.2   2.8  387.  1.33  -1.16 17    -6  94.1
2013 254 19  -3.0   1.0  403.  1.45  -0.73 17    -2  94.1
2013 254 20  -3.5   1.2  406.  1.56  -0.85 17     1  94.1
2013 254 21  -2.5   1.3  399.  1.58  -0.76 17     2  94.1
2013 254 22  -1.7  -1.9  396.  1.56   0.59 17     0  94.1
2013 254 23  -2.1  -2.3  403.  1.89   0.69 17    -2  94.1
2013 255  0  -2.5  -1.1  394.  1.78   0.16 23    -1  94.1
2013 255  1  -2.5   3.1  390.  1.70  -1.44 23     1  94.1
2013 255  2  -1.1   2.8  393.  1.90  -1.18 23     7  94.1
2013 255  3  -1.7  -0.4  390.  2.05  -0.08  3     8  94.1
2013 255  4   0.3  -2.2  386.  1.95   0.81  3     5  94.1
2013 255  5  -0.3  -4.0  368.  1.88   1.29  3     1  94.1
2013 255  6  -2.5  -2.3  362.  1.85   0.33 13    -4  94.1
2013 255  7  -2.3  -1.5  361.  1.93   0.07 13    -6  94.1
2013 255  8  -0.8  -0.6  347.  1.67   0.03 13    -8  94.1
2013 255  9   0.0  -1.9  344.  1.78   0.55 13    -5  94.1
2013 255 10  -1.0  -0.9  342.  1.80   0.07 13    -1  94.1
2013 255 11  -0.7   4.0  344.  1.78  -1.27 13     3  94.1
2013 255 12  -0.6   5.6  355.  2.46  -1.81 10     4  94.1
2013 255 13  -2.5   5.0  352.  2.79  -1.97 10     8  94.1
2013 255 14  -1.3   1.0  350.  3.01  -0.53 10     9  94.1
2013 255 15  -3.1   2.4  355.  2.64  -1.24 13     7  94.1
2013 255 16  -1.0  -1.7  367.  3.05   0.44 13    10  94.1
2013 255 17  -5.1   0.8  361.  2.93  -0.94 13    13  94.1
2013 255 18  -3.3   5.6  390.  2.90  -2.50 20    11  94.1
2013 255 19   2.7  -2.7  407.  3.01   1.38 20    10  94.1
2013 255 20   0.0   0.9  420.  3.73  -0.38 20     2  94.1
2013 255 21  -4.5  -1.9  436.  3.45   0.35 27    -7  94.1
2013 255 22  -4.2  -0.6  443.  3.09  -0.18 27    -8  94.1
2013 255 23  -5.6  -1.7  444.  2.85   0.13 27   -10  94.1
2013 256  0  -5.0  -2.1  460.  2.33   0.37 30    -6  92.7
2013 256  1  -3.1   2.4  492.  3.13  -1.57 30    -3  92.7
2013 256  2  -0.7   4.5  488.  3.14  -2.20 30    -1  92.7
2013 256  3  -3.8   1.4  478.  2.84  -1.24 17     1  92.7
2013 256  4  -0.4   4.3  510.  3.38  -2.09 17     2  92.7
2013 256  5  -1.1   1.2  517.  2.88  -0.83 17     0  92.7
2013 256  6  -3.5  -1.1  481.  2.21  -0.29 20     0  92.7
2013 256  7  -3.8  -3.3  482.  1.81   0.48 20    -2  92.7
2013 256  8  -4.3  -0.6  470.  1.71  -0.80 20    -3  92.7
2013 256  9  -1.4   4.5  473.  2.05  -2.13 13    -1  92.7
2013 256 10  -4.7  -1.6  471.  1.96  -0.57 13     2  92.7
2013 256 11  -5.1  -3.1  469.  1.69  -0.09 13     2  92.7
2013 256 12  -2.9  -1.5  456.  1.62  -0.14 20    -1  92.7
2013 256 13  -4.0   0.9  470.  2.28  -1.32 20     0  92.7
2013 256 14  -2.5   4.5  495.  2.89  -2.52 20     3  92.7
2013 256 15  -6.3  -1.8  488.  2.29  -0.59 37     4  92.7
2013 256 16  -4.8  -4.7  489.  2.53   1.17 37     3  92.7
2013 256 17  -5.3  -0.1  482.  3.09  -0.87 37     3  92.7
2013 256 18  -2.8  -5.3  483.  2.70   1.98 23     1  92.7
2013 256 19  -1.9   2.0  481.  2.19  -1.20 23    -7  92.7
2013 256 20  -2.1   2.2  477.  2.05  -1.29 23    -7  92.7
2013 256 21  -3.9   3.5  507.  1.82  -2.18 10    -7  92.7
2013 256 22  -3.7   3.7  522.  1.61  -2.35 10    -6  92.7
2013 256 23  -3.2   2.4  546.  1.62  -1.69 10    -5  92.7
2013 257  0  -3.4   2.1  558.  1.41  -1.62 17    -4  93.6
2013 257  1  -2.2   1.4  563.  1.37  -1.07 17    -4  93.6
2013 257  2  -1.2   0.2  562.  1.33  -0.34 17    -2  93.6
2013 257  3  -0.8   0.0  571.  1.44  -0.17 17    -3  93.6
2013 257  4   0.9   0.6  574.  1.41  -0.11 17    -3  93.6
2013 257  5   0.9  -0.1  556.  1.23   0.28 17    -3  93.6
2013 257  6   1.6  -1.8  555.  1.11   1.28 23    -5  93.6
2013 257  7   2.1  -1.0  544.  1.06   1.03 23    -6  93.6
2013 257  8   2.5  -0.7  553.  0.98   1.05 23    -6  93.6
2013 257  9   2.2   0.2  551.  1.09   0.55 13    -4  93.6
2013 257 10   0.5  -0.1  535.  0.97   0.21 13    -4  93.6
2013 257 11  -1.1  -0.1  519.  0.81  -0.26 13    -3  93.6
2013 257 12   0.5   0.6  516.  0.81  -0.10 13    -3  93.6
2013 257 13   0.6   0.3  508.  0.74   0.00 13     0  93.6
2013 257 14   0.1  -1.4  502.  0.77   0.65 13     0  93.6
2013 257 15  -1.2   0.3  496.  0.68  -0.40  3    -1  93.6
2013 257 16  -1.2   0.5  491.  0.58  -0.44  3     0  93.6
2013 257 17  -1.6   0.5  485.  0.57  -0.48  3     2  93.6
2013 257 18  -1.1  -1.1  482.  0.56   0.34 10     0  93.6
2013 257 19  -1.0  -0.2  477.  0.59  -0.05 10    -2  93.6
2013 257 20  -0.5  -0.7  466.  0.69   0.23 10    -1  93.6
2013 257 21  -1.2   1.6  484.  0.70  -0.87  7    -1  93.6
2013 257 22  -1.7   0.3  475.  0.74  -0.33  7    -2  93.6
2013 257 23  -2.0  -0.5  462.  0.71   0.00  7    -4  93.6
2013 258  0  -1.5  -0.8  453.  0.73   0.18 13    -5  93.8
2013 258  1  -1.9  -1.5  447.  0.90   0.40 13    -3  93.8
2013 258  2  -1.4   1.1  434.  0.89  -0.65 13    -1  93.8
2013 258  3  -0.1   2.6  440.  1.01  -1.10  0     1  93.8
2013 258  4  -2.7   0.5  432.  0.99  -0.65  0     1  93.8
2013 258  5  -2.9  -0.8  431.  0.95  -0.22  0     2  93.8
2013 258  6  -3.3  -0.5  429.  0.98  -0.47  0     1  93.8
2013 258  7  -3.3   0.2  421.  0.99  -0.76  0     1  93.8
2013 258  8  -3.2   0.6  421.  1.04  -0.93  0     2  93.8
2013 258  9  -2.2   1.6  417.  1.02  -1.04  0     3  93.8
2013 258 10  -0.9   2.2  409.  1.06  -0.94  0     3  93.8
2013 258 11   0.4   2.6  405.  0.97  -0.81  0     3  93.8
2013 258 12  -2.9   0.1  401.  0.92  -0.64  0     2  93.8
2013 258 13  -1.1   3.1  407.  1.09  -1.30  0     3  93.8
2013 258 14  -3.4   1.6  403.  1.14  -1.21  0     5  93.8
2013 258 15  -3.5   0.2  397.  1.07  -0.67  7     3  93.8
2013 258 16  -3.4  -0.9  380.  0.79  -0.23  7     3  93.8
2013 258 17  -3.5  -1.8  386.  0.87   0.15  7     4  93.8
2013 258 18  -4.0  -0.8  384.  0.81  -0.19  7     3  93.8
2013 258 19  -4.1   1.3  386.  0.75  -0.93  7     2  93.8
2013 258 20  -3.3  -1.2  374.  0.58   0.11  7     1  93.8
2013 258 21  -3.6  -1.9  380.  0.51   0.38 10    -1  93.8
2013 258 22  -3.7  -1.3  375.  0.55   0.15 10    -3  93.8
2013 258 23  -3.7  -1.8  373.  0.54   0.34 10    -4  93.8
2013 259  0  -1.5  -3.6  372.  0.64   1.15 17    -2  95.5
2013 259  1  -2.8  -3.1  371.  0.58   0.82 17    -5  95.5
2013 259  2  -1.4  -2.0  356.  0.56   0.53 17    -5  95.5
2013 259  3  -2.7  -2.2  363.  0.59   0.40  7    -3  95.5
2013 259  4  -2.6  -1.9  356.  0.53   0.28  7    -5  95.5
2013 259  5  -0.5  -3.0  372.  0.64   0.93  7    -4  95.5
2013 259  6  -3.0  -2.1  369.  0.67   0.18 13    -5  95.5
2013 259  7  -2.3  -1.4  374.  0.73   0.04 13    -5  95.5
2013 259  8   0.1   1.1  372.  0.75  -0.33 13    -4  95.5
2013 259  9  -1.4   2.3  355.  0.66  -0.96 10    -1  95.5
2013 259 10  -2.8   0.1  360.  0.67  -0.58 10     1  95.5
2013 259 11  -1.7  -2.8  357.  0.57   0.50 10     1  95.5
2013 259 12   0.5  -2.1  369.  0.73   0.74  7     0  95.5
2013 259 13  -2.8  -2.4  368.  0.71   0.22  7    -1  95.5
2013 259 14  -2.1  -2.6  362.  0.66   0.47  7    -2  95.5
2013 259 15  -1.1  -3.0  358.  0.69   0.79  7    -2  95.5
2013 259 16  -1.7  -3.3  357.  0.70   0.82  7    -2  95.5
2013 259 17  -2.5  -2.8  361.  0.62   0.61  7    -1  95.5
2013 259 18  -3.0  -2.4  361.  0.59   0.47  3    -1  95.5
2013 259 19  -2.4  -2.4  360.  0.68   0.58  3    -1  95.5
2013 259 20  -3.2  -2.4  362.  0.70   0.54  3    -3  95.5
2013 259 21  -2.6  -2.2  358.  0.75   0.54 10    -4  95.5
2013 259 22  -2.3  -0.5  381.  0.93  -0.04 10    -4  95.5
2013 259 23  -1.7   2.5  371.  1.02  -1.04 10    -1  95.5
2013 260  0  -4.0  -1.4  369.  1.12   0.11 17     5  99.7
2013 260  1  -4.3  -3.3  379.  1.15   0.76 17     8  99.7
2013 260  2  -5.5  -3.9  378.  1.17   0.76 17     6  99.7
2013 260  3  -1.0  -6.5  375.  1.09   2.17 23     5  99.7
2013 260  4  -2.8  -6.5  382.  1.13   1.87 23    -3  99.7
2013 260  5  -4.6  -4.3  381.  1.17   0.72 23   -10  99.7
2013 260  6  -1.6   0.5  372.  1.55  -0.45 23    -9  99.7
2013 260  7   1.5  -2.2  373.  1.49   1.01 23   -12  99.7
2013 260  8  -1.7  -2.6  362.  1.28   0.47 23    -9  99.7
2013 260  9  -3.3  -3.8  363.  1.33   0.51  7   -10  99.7
2013 260 10  -4.7  -1.1  360.  1.46  -0.58  7    -9  99.7
2013 260 11  -4.5  -3.2  361.  1.36   0.07  7    -7  99.7
2013 260 12  -3.9  -4.5  359.  1.34   0.61 17    -7  99.7
2013 260 13  -1.3  -3.1  365.  2.75   0.73 17    -3  99.7
2013 260 14   1.0  -0.8  365.  4.13   0.44 17     3  99.7
2013 260 15   0.3  -3.0  367.  3.84   1.03 17     9  99.7
2013 260 16  -2.3  -0.5  360.  3.45  -0.18 17     8  99.7
2013 260 17  -2.9   3.3  365.  2.80  -1.50 17     6  99.7
2013 260 18   1.4   3.9  364.  3.52  -1.16 30     9  99.7
2013 260 19   2.6  -0.2  373.  5.11   0.34 30    14  99.7
2013 260 20   3.1   2.1  374.  3.98  -0.45 30     8  99.7
2013 260 21   5.7  -0.5  385.  1.57   0.73 20    -3  99.7
2013 260 22   5.2  -2.0  378.  1.28   1.21 20    -5  99.7
2013 260 23   5.1   0.5  380.  1.23   0.27 20    -7  99.7
2013 261  0   4.9   2.3  366.  1.05  -0.37 23    -7 105.1
2013 261  1   4.3   1.9  359.  1.17  -0.22 23    -2 105.1
2013 261  2   5.0   1.2  363.  1.38   0.15 23     3 105.1
2013 261  3   2.3   3.0  361.  1.38  -0.72 23     1 105.1
2013 261  4   1.9   2.9  358.  1.31  -0.68 23     1 105.1
2013 261  5   1.0   2.1  358.  1.46  -0.54 23     1 105.1
2013 261  6   0.2   1.8  361.  1.41  -0.54  3     1 105.1
2013 261  7   2.2   2.1  373.  1.77  -0.26  3     4 105.1
2013 261  8   2.8   1.1  378.  2.17   0.19  3     4 105.1
2013 261  9   2.9   0.9  386.  2.94   0.31 13     5 105.1
2013 261 10   2.8   2.4  397.  3.67  -0.20 13     5 105.1
2013 261 11   2.1   2.9  402.  4.94  -0.52 13     9 105.1
2013 261 12  -1.6  -0.2  403.  3.84  -0.28 20    10 105.1
2013 261 13  -3.1   2.4  413.  3.62  -1.49 20    17 105.1
2013 261 14   1.9   4.2  436.  2.92  -1.22 20    14 105.1
2013 261 15   5.7   1.2  463.  2.90   0.69 27    10 105.1
2013 261 16   4.4   0.8  473.  2.42   0.52 27     4 105.1
2013 261 17   4.2  -0.5  508.  3.18   1.02 27     7 105.1
2013 261 18   0.3   2.1  528.  2.24  -1.00 23    10 105.1
2013 261 19   3.7   1.1  530.  1.71   0.00 23     3 105.1
2013 261 20  -2.3  -0.1  537.  1.58  -0.27 23    -4 105.1
2013 261 21   0.2  -1.0  546.  2.22   0.55 27    -5 105.1
2013 261 22   3.4  -3.3  531.  1.53   2.12 27    -8 105.1
2013 261 23   1.3  -0.3  558.  2.24   0.33 27   -10 105.1
2013 262  0   2.2  -0.5  558.  2.06   0.56 27    -6 108.9
2013 262  1   2.3  -1.4  534.  1.54   1.07 27    -4 108.9
2013 262  2   2.9  -2.3  537.  1.54   1.66 27    -5 108.9
2013 262  3   2.4  -1.6  542.  1.72   1.25 30    -6 108.9
2013 262  4   3.1   0.3  534.  1.69   0.48 30   -11 108.9
2013 262  5   2.2   0.6  521.  1.53   0.21 30   -17 108.9
2013 262  6   1.6  -2.1  506.  1.36   1.32 40   -15 108.9
2013 262  7   2.5  -2.7  498.  1.34   1.79 40   -14 108.9
2013 262  8   0.4  -1.0  509.  2.14   0.56 40   -16 108.9
2013 262  9   1.7  -1.4  523.  2.66   1.10 37   -10 108.9
2013 262 10   0.1   0.1  518.  2.33  -0.00 37   -10 108.9
2013 262 11  -0.1   0.7  536.  1.62  -0.32 37   -12 108.9
2013 262 12   0.3   1.9  557.  1.35  -0.78 17   -15 108.9
2013 262 13   1.5   1.6  555.  1.22  -0.33 17   -10 108.9
2013 262 14   3.0   0.5  544.  1.17   0.54 17    -7 108.9
2013 262 15   2.5  -0.1  532.  0.98   0.64 17    -6 108.9
2013 262 16   1.9  -1.7  541.  1.02   1.24 17    -6 108.9
2013 262 17   1.9  -0.1  531.  0.99   0.42 17    -9 108.9
2013 262 18   1.6   0.5  530.  0.98   0.00 27   -10 108.9
2013 262 19   2.1   0.9  529.  0.97  -0.16 27   -11 108.9
2013 262 20   1.4  -0.8  522.  0.94   0.57 27   -15 108.9
2013 262 21   0.2  -0.9  519.  0.97   0.47 17   -17 108.9
2013 262 22  -0.5   1.2  523.  0.92  -0.68 17   -17 108.9
2013 262 23   0.7   1.5  533.  0.95  -0.69 17   -13 108.9
2013 263  0   1.5  -1.3  525.  0.98   0.84 17    -6 110.0
2013 263  1   1.7  -1.0  517.  1.00   0.72 17     0 110.0
2013 263  2   2.5  -1.0  527.  1.04   0.90 17     2 110.0
2013 263  3   2.6   0.0  525.  1.09   0.47 23    -1 110.0
2013 263  4   2.0  -0.7  509.  1.03   0.71 23    -5 110.0
2013 263  5   1.3  -1.1  509.  0.90   0.81 23    -8 110.0
2013 263  6   1.4  -0.8  505.  0.83   0.71 17   -10 110.0
2013 263  7   1.2   0.7  510.  0.84  -0.00 17   -14 110.0
2013 263  8   1.6  -0.2  501.  0.84   0.50 17   -13 110.0
2013 263  9   1.8  -0.6  487.  0.74   0.73 13   -11 110.0
2013 263 10   1.8  -0.5  485.  0.73   0.68 13   -12 110.0
2013 263 11   1.2  -0.4  471.  0.76   0.47 13   -11 110.0
2013 263 12   1.8  -0.1  457.  0.83   0.46 20    -9 110.0
2013 263 13   2.3  -0.7  449.  0.95   0.81 20    -8 110.0
2013 263 14  -1.4   1.7  437.  0.70  -0.96 20    -6 110.0
2013 263 15   0.2   2.4  449.  0.97  -0.94  3    -3 110.0
2013 263 16  -0.1   1.5  443.  0.90  -0.62  3    -2 110.0
2013 263 17  -2.4   0.1  431.  0.90  -0.43  3    -2 110.0
2013 263 18  -0.6   0.3  443.  1.05  -0.22  7     0 110.0
2013 263 19   0.9  -1.2  429.  1.00   0.60  7    -1 110.0
2013 263 20  -0.3  -0.9  422.  0.88   0.34  7    -3 110.0
2013 263 21   1.1  -1.3  434.  0.90   0.65 20    -9 110.0
2013 263 22   2.2   0.0  436.  0.87   0.22 20    -8 110.0
2013 263 23   1.3  -1.5  424.  0.72   0.76 20    -8 110.0
2013 264  0   2.3  -1.5  415.  0.61   0.83 13    -7 111.2
2013 264  1   2.6  -0.4  412.  0.60   0.45 13   -11 111.2
2013 264  2   2.2  -1.9  410.  0.62   1.02 13   -11 111.2
2013 264  3   1.8  -0.2  410.  0.70   0.33 20    -7 111.2
2013 264  4  -0.4   0.3  409.  0.83  -0.16 20    -5 111.2
2013 264  5  -1.7   0.9  412.  0.98  -0.62 20    -2 111.2
2013 264  6  -0.6   1.4  418.  1.18  -0.63 17    -2 111.2
2013 264  7   3.3   1.8  424.  1.25   0.04 17    -3 111.2
2013 264  8   3.9  -1.2  431.  1.47   1.34 17    -5 111.2
2013 264  9   2.1  -0.7  427.  1.59   0.73 27    -5 111.2
2013 264 10   3.1   0.1  420.  1.49   0.67 27    -1 111.2
2013 264 11  -0.4  -0.8  420.  1.56   0.21 27     3 111.2
2013 264 12   1.2  -0.2  415.  1.61   0.33 20     4 111.2
2013 264 13   0.0  -2.0  411.  1.48   0.70 20     1 111.2
2013 264 14   0.9  -3.0  418.  1.50   1.30 20     1 111.2
2013 264 15   1.5  -1.5  421.  1.51   0.84 23     0 111.2
2013 264 16   0.1   3.2  415.  1.31  -1.20 23    -2 111.2
2013 264 17   4.0   0.8  431.  1.23   0.30 23     3 111.2
2013 264 18   3.3   1.5  425.  1.47  -0.13 20     3 111.2
2013 264 19   1.9   2.7  406.  1.16  -0.81 20     2 111.2
2013 264 20  -0.7   1.5  406.  1.12  -0.65 20     0 111.2
2013 264 21  -2.2  -0.9  407.  1.18   0.12 17    -2 111.2
2013 264 22  -2.4  -1.9  410.  1.16   0.53 17    -6 111.2
2013 264 23  -2.4  -1.1  411.  1.17   0.21 17    -6 111.2
2013 265  0   0.6  -1.0  403.  1.16   0.44 23    -6 111.9
2013 265  1   1.2   0.5  405.  1.20  -0.04 23    -4 111.9
2013 265  2   0.7  -2.3  404.  1.21   0.97 23    -5 111.9
2013 265  3   0.6  -2.8  411.  1.35   1.15 20    -4 111.9
2013 265  4   1.5  -2.5  413.  1.40   1.20 20    -8 111.9
2013 265  5   0.5  -2.6  408.  1.46   1.06 20    -6 111.9
2013 265  6   0.8  -2.5  407.  1.44   1.06 20    -3 111.9
2013 265  7   0.4  -2.2  397.  1.18   0.83 20    -5 111.9
2013 265  8  -0.7   0.5  392.  1.18  -0.31 20    -7 111.9
2013 265  9   0.2   0.9  380.  0.98  -0.23  7    -6 111.9
2013 265 10   1.0   0.0  376.  0.92   0.19  7    -5 111.9
2013 265 11   0.8  -0.8  375.  0.92   0.41  7    -3 111.9
2013 265 12  -1.1   0.1  379.  0.98  -0.27 13    -2 111.9
2013 265 13  -0.4  -0.6  393.  1.15   0.12 13    -3 111.9
2013 265 14   1.9   0.0  403.  1.30   0.36 13    -4 111.9
2013 265 15   1.7  -0.7  394.  1.13   0.55  7    -4 111.9
2013 265 16   0.3   0.9  389.  1.11  -0.27  7    -5 111.9
2013 265 17   1.2   1.6  395.  1.20  -0.43  7     0 111.9
2013 265 18   0.8   1.9  398.  1.27  -0.60  3     4 111.9
2013 265 19   0.0   1.7  387.  1.15  -0.62  3     5 111.9
2013 265 20   0.8   1.0  391.  1.19  -0.31  3     2 111.9
2013 265 21  -0.1   1.4  380.  1.02  -0.53  7    -1 111.9
2013 265 22  -0.5   1.7  384.  1.02  -0.69  7    -3 111.9
2013 265 23   1.3   1.8  376.  0.96  -0.53  7    -4 111.9
2013 266  0   2.8  -0.2  388.  0.98   0.35  7    -4 108.5
2013 266  1   0.9   1.5  381.  0.92  -0.46  7    -5 108.5
2013 266  2   1.3  -0.1  376.  0.80   0.19  7    -4 108.5
2013 266  3   1.8  -0.6  372.  0.78   0.45 20    -4 108.5
2013 266  4   2.6  -1.5  376.  0.80   0.90 20    -2 108.5
2013 266  5   0.9   0.1  359.  0.63   0.11 20    -4 108.5
2013 266  6   0.2   1.3  356.  0.63  -0.39 13    -2 108.5
2013 266  7   2.6   2.4  377.  0.89  -0.30 13    -1 108.5
2013 266  8   3.0   1.8  377.  0.99   0.00 13    -1 108.5
2013 266  9   1.3   3.9  377.  1.03  -0.98  3    -2 108.5
2013 266 10   1.2   3.7  374.  0.98  -0.90  3     0 108.5
2013 266 11   1.2   3.2  365.  0.88  -0.73  3     1 108.5
2013 266 12   0.8   2.4  360.  0.97  -0.58  7     2 108.5
2013 266 13  -0.1   3.4  352.  1.16  -1.06  7     1 108.5
2013 266 14   0.8   3.7  352.  1.13  -1.02  7     1 108.5
2013 266 15   2.4   0.8  343.  0.96   0.14  7     1 108.5
2013 266 16   3.2  -1.3  346.  0.94   0.86  7     5 108.5
2013 266 17   3.7  -0.4  346.  0.94   0.59  7     8 108.5
2013 266 18   2.9  -3.0  348.  0.94   1.32 17     8 108.5
2013 266 19   3.7  -2.0  354.  1.04   1.06 17     7 108.5
2013 266 20   3.6  -1.6  346.  0.97   0.86 17     4 108.5
2013 266 21   3.2  -2.4  352.  1.10   1.09 13     1 108.5
2013 266 22   3.5  -2.4  351.  1.16   1.12 13    -2 108.5
2013 266 23   3.2  -2.3  347.  1.11   1.04 13    -7 108.5
2013 267  0   2.6  -1.6  334.  1.01   0.73 17    -7 110.9
2013 267  1   3.6  -0.5  341.  1.11   0.51 17    -8 110.9
2013 267  2   3.1   0.7  345.  1.30   0.10 17    -8 110.9
2013 267  3  -1.4  -1.1  342.  2.10   0.17 10    -4 110.9
2013 267  4  -1.9   1.2  343.  2.05  -0.62 10    -2 110.9
2013 267  5  -2.0   1.2  341.  2.07  -0.65 10     1 110.9
2013 267  6  -0.5   1.4  341.  1.70  -0.51  7     2 110.9
2013 267  7  -2.8   2.7  350.  1.61  -1.29  7     4 110.9
2013 267  8  -4.5   2.9  370.  2.58  -1.78  7     8 110.9
2013 267  9  -4.1  -1.7  389.  4.22  -0.31 37    15 110.9
2013 267 10  -0.2  -5.0  400.  5.92   1.64 37    10 110.9
2013 267 11  -2.8  -5.6  404.  5.57   1.29 37   -11 110.9
2013 267 12  -1.9  -4.3  412.  7.30   1.07 43   -22 110.9
2013 267 13  -3.6  -5.6  407.  4.89   1.22 43   -11 110.9
2013 267 14  -4.7  -3.8  407.  4.16   0.45 43   -19 110.9
2013 267 15  -7.5  -3.9  410.  3.36   0.04 33   -18 110.9
2013 267 16  -1.0   1.5  418.  4.70  -0.75 33   -17 110.9
2013 267 17   1.0   1.6  409.  3.78  -0.45 33   -11 110.9
2013 267 18  -1.8   0.1  416.  2.93  -0.29 10    -8 110.9
2013 267 19  -2.9   2.5  414.  2.32  -1.32 10    -9 110.9
2013 267 20  -2.5  -0.7  424.  1.89   0.00 10   -13 110.9
2013 267 21  -2.5   0.8  433.  1.24  -0.61 13   -19 110.9
2013 267 22  -1.9  -0.4  433.  1.25  -0.04 13   -23 110.9
2013 267 23  -2.1   1.0  432.  1.23  -0.65 13   -22 110.9
2013 268  0  -2.5   0.8  442.  1.21  -0.62 27   -19 111.7
2013 268  1  -2.3  -1.5  435.  1.25   0.35 27   -13 111.7
2013 268  2  -2.5  -1.1  435.  1.31   0.13 27   -11 111.7
2013 268  3  -2.4   1.4  438.  1.37  -0.92 17    -8 111.7
2013 268  4  -1.2   1.4  424.  1.22  -0.76 17    -9 111.7
2013 268  5  -1.5  -1.1  429.  1.11   0.13 17   -10 111.7
2013 268  6  -0.5  -2.9  437.  1.20   1.01 17    -9 111.7
2013 268  7  -1.7  -2.3  438.  1.21   0.48 17   -11 111.7
2013 268  8  -1.7  -0.5  434.  1.14  -0.22 17   -10 111.7
2013 268  9  -2.0  -0.8  428.  1.15  -0.17  3   -10 111.7
2013 268 10  -2.8   0.4  423.  1.07  -0.80  3    -9 111.7
2013 268 11  -2.9   1.8  427.  1.05  -1.32  3    -8 111.7
2013 268 12  -3.0   2.1  424.  1.03  -1.44  3    -8 111.7
2013 268 13  -2.5  -0.6  409.  1.14  -0.33  3    -6 111.7
2013 268 14  -1.6  -1.4  403.  1.19   0.20  3    -4 111.7
2013 268 15  -2.7   1.5  417.  1.17  -1.04  0    -3 111.7
2013 268 16  -2.1   1.9  407.  1.17  -1.06  0     0 111.7
2013 268 17  -2.0   1.3  406.  1.29  -0.77  0     2 111.7
2013 268 18  -1.0   2.6  406.  1.10  -1.14  0     2 111.7
2013 268 19  -0.9   2.5  402.  0.94  -1.09  0    -1 111.7
2013 268 20  -1.5   0.4  383.  0.86  -0.31  0    -5 111.7
2013 268 21  -1.0   2.1  377.  1.01  -0.87  7    -5 111.7
2013 268 22   0.0   2.2  387.  0.79  -0.81  7    -8 111.7
2013 268 23   0.2   2.1  385.  0.73  -0.77  7   -11 111.7
2013 269  0   0.3   1.8  384.  0.73  -0.65  0   -12 110.5
2013 269  1   0.3   1.3  381.  0.89  -0.46  0    -8 110.5
2013 269  2  -0.4   1.2  377.  1.03  -0.49  0    -4 110.5
2013 269  3  -0.5   1.7  374.  0.84  -0.67  0    -3 110.5
2013 269  4  -0.3   1.4  372.  0.96  -0.52  0    -3 110.5
2013 269  5  -0.5   1.6  368.  0.97  -0.63  0    -3 110.5
2013 269  6  -0.7   1.1  364.  0.87  -0.47  0    -2 110.5
2013 269  7  -1.5   1.7  354.  0.86  -0.78  0    -1 110.5
2013 269  8  -1.9   2.0  350.  0.84  -0.95  0    -2 110.5
2013 269  9  -1.8   0.9  349.  0.97  -0.59  3    -2 110.5
2013 269 10  -1.9   0.9  344.  0.88  -0.62  3    -2 110.5
2013 269 11  -1.6   1.4  342.  0.83  -0.68  3     0 110.5
2013 269 12  -1.4   0.5  340.  0.86  -0.41  3     2 110.5
2013 269 13  -1.5   0.3  337.  0.81  -0.34  3     3 110.5
2013 269 14  -1.0   2.4  333.  0.70  -0.87  3     3 110.5
2013 269 15  -1.5   2.0  328.  0.63  -0.82  0     1 110.5
2013 269 16  -1.9   1.2  327.  0.67  -0.62  0    -1 110.5
2013 269 17  -1.5   1.4  321.  0.62  -0.58  0    -3 110.5
2013 269 18  -1.5   0.8  313.  0.58  -0.38  3    -1 110.5
2013 269 19   0.3   0.2  308.  0.63  -0.03  3    -2 110.5
2013 269 20  -0.5   0.5  308.  0.70  -0.18  3    -3 110.5
2013 269 21  -1.0   0.1  309.  0.72  -0.09  0    -3 110.5
2013 269 22  -0.3   0.5  313.  0.70  -0.19  0    -1 110.5
2013 269 23  -1.7   0.8  324.  0.76  -0.39  0     2 110.5
2013 270  0  -2.0   1.5  323.  0.80  -0.65  0     5 108.3
2013 270  1  -1.4   1.7  324.  0.82  -0.65  0     6 108.3
2013 270  2  -1.4   2.4  319.  0.78  -0.86  0     6 108.3
2013 270  3  -0.7   2.1  315.  0.79  -0.69  0     5 108.3
2013 270  4  -1.7   2.4  319.  0.76  -0.93  0     5 108.3
2013 270  5  -0.7   0.2  310.  0.90  -0.15  0     7 108.3
2013 270  6  -0.1   0.8  311.  0.89  -0.25  0     6 108.3
2013 270  7  -0.3   1.3  303.  0.83  -0.39  0     5 108.3
2013 270  8  -1.6   1.1  306.  0.86  -0.55  0     4 108.3
2013 270  9  -0.6   2.3  311.  0.90  -0.72  0     4 108.3
2013 270 10  -1.5   1.9  313.  0.94  -0.75  0     4 108.3
2013 270 11  -1.0   2.4  311.  0.89  -0.81  0     4 108.3
2013 270 12  -1.2   1.4  308.  0.88  -0.55  3     4 108.3
2013 270 13  -0.6   0.9  303.  0.88  -0.33  3     2 108.3
2013 270 14   0.4   0.1  301.  0.86   0.03  3     2 108.3
2013 270 15   1.3  -0.3  307.  0.79   0.25  0     3 108.3
2013 270 16   1.7  -1.1  304.  0.76   0.52  0     4 108.3
2013 270 17   1.3  -0.7  301.  0.77   0.33  0     1 108.3
2013 270 18   1.6  -0.8  304.  0.74   0.40  7     2 108.3
2013 270 19   1.2   0.4  305.  0.77  -0.00  7     3 108.3
2013 270 20   0.6  -1.3  304.  0.86   0.43  7     2 108.3
2013 270 21  -0.1  -1.3  304.  0.84   0.36  3     2 108.3
2013 270 22  -0.8  -1.0  305.  0.84   0.24  3     3 108.3
2013 270 23  -0.3   0.4  311.  0.91  -0.16  3     3 108.3
2013 271  0  -1.8  -0.6  307.  0.83   0.03  0     5 106.0
2013 271  1  -1.6  -1.9  302.  0.79   0.42  0     7 106.0
2013 271  2  -2.5  -0.8  293.  0.72  -0.00  0     6 106.0
2013 271  3  -2.4   0.0  289.  0.69  -0.23  0     3 106.0
2013 271  4  -1.6   1.9  294.  0.73  -0.71  0     1 106.0
2013 271  5  -1.9   0.9  292.  0.71  -0.47  0     1 106.0
2013 271  6  -1.8   0.3  287.  0.68  -0.32  0     1 106.0
2013 271  7  -1.6   1.2  282.  0.62  -0.51  0     1 106.0
2013 271  8  -1.8   0.9  281.  0.62  -0.48  0     0 106.0
2013 271  9  -1.7  -0.6  281.  0.61  -0.11  0     0 106.0
2013 271 10  -1.3   0.8  280.  0.70  -0.39  0     0 106.0
2013 271 11  -1.2   1.0  278.  0.71  -0.42  0     1 106.0
2013 271 12  -1.1   0.8  277.  0.72  -0.36  0     0 106.0
2013 271 13  -0.5   0.5  278.  0.77  -0.19  0     0 106.0
2013 271 14  -0.1   0.3  275.  0.74  -0.08  0     1 106.0
2013 271 15   0.3   0.0  272.  0.68   0.03  0     3 106.0
2013 271 16   0.7   0.0  270.  0.63   0.08  0     4 106.0
2013 271 17   0.9  -0.4  270.  0.69   0.19  0     3 106.0
2013 271 18   0.7  -0.8  270.  0.67   0.27  3     3 106.0
2013 271 19   0.5  -0.5  268.  0.63   0.16  3     2 106.0
2013 271 20   1.3   0.0  268.  0.63   0.08  3     3 106.0
2013 271 21   1.7  -0.6  268.  0.61   0.27  0     6 106.0
2013 271 22   1.4   0.3  269.  0.63   0.00  0     7 106.0
2013 271 23   1.6  -0.2  277.  0.66   0.17  0     6 106.0
2013 272  0   1.3   0.5  279.  0.73  -0.06  0     7 103.4
2013 272  1  -0.7   0.3  281.  0.78  -0.14  0     8 103.4
2013 272  2   0.1   0.2  278.  0.77  -0.06  0     8 103.4
2013 272  3   0.2   0.2  277.  0.82  -0.03  0     6 103.4
2013 272  4   0.5  -0.1  277.  0.86   0.08  0     3 103.4
2013 272  5   0.2   0.7  277.  0.87  -0.14  0     3 103.4
2013 272  6  -0.4   0.0  275.  0.86  -0.06  0     4 103.4
2013 272  7  -0.1   0.4  274.  0.87  -0.11  0     5 103.4
2013 272  8  -0.3   1.3  274.  0.85  -0.36  0     6 103.4
2013 272  9   1.4   0.7  274.  0.90   0.05  0     8 103.4
2013 272 10   2.0   0.0  275.  0.98   0.30  0     9 103.4
2013 272 11   2.1  -0.3  275.  0.97   0.39  0     7 103.4
2013 272 12   0.8   0.1  270.  0.95   0.08  0     7 103.4
2013 272 13   0.3   0.0  268.  0.97   0.05  0     5 103.4
2013 272 14  -0.1   0.1  267.  0.99  -0.03  0     6 103.4
2013 272 15  -0.2   0.4  266.  0.95  -0.11  0     8 103.4
2013 272 16   0.5   0.6  266.  0.94  -0.08  0     9 103.4
2013 272 17   0.2  -0.2  264.  0.97   0.08  0     8 103.4
2013 272 18   0.3  -0.5  263.  0.96   0.16 10     8 103.4
2013 272 19   0.0  -0.7  262.  0.96   0.18 10    10 103.4
2013 272 20  -0.9   1.2  281.  2.18  -0.39 10    14 103.4
2013 272 21  -1.3   1.2  281.  2.68  -0.42 17    11 103.4
2013 272 22  -1.1   1.4  272.  2.24  -0.44 17    10 103.4
2013 272 23  -1.5   1.5  269.  2.08  -0.48 17    11 103.4
2013 273  0  -1.5   1.3  266.  2.05  -0.43 17     9 105.2
2013 273  1   0.3  -0.5  264.  1.78   0.16 17     6 105.2
2013 273  2   2.4  -2.3  272.  1.53   0.79 17     8 105.2
2013 273  3  -0.9   0.4  277.  2.11  -0.19 10     8 105.2
2013 273  4  -0.3  -2.2  270.  1.60   0.51 10     8 105.2
2013 273  5   3.1  -1.4  276.  1.62   0.72 10     6 105.2
2013 273  6  -1.3   1.5  275.  1.50  -0.52  3     4 105.2
2013 273  7  -4.6   0.9  271.  1.25  -0.84  3     6 105.2
2013 273  8  -2.1  -1.8  271.  1.50   0.11  3     7 105.2
2013 273  9  -3.1  -2.4  269.  1.17   0.11  0     5 105.2
2013 273 10  -4.3   0.4  267.  1.07  -0.72  0     3 105.2
2013 273 11  -4.5  -0.3  265.  1.01  -0.58  0     2 105.2
2013 273 12  -4.7  -1.0  261.  0.77  -0.42  0     2 105.2
2013 273 13  -4.6  -0.9  258.  0.73  -0.41  0     3 105.2
2013 273 14  -4.6  -0.3  255.  0.70  -0.48  0     2 105.2
2013 273 15  -4.5   1.1  254.  0.68  -0.76  0     2 105.2
2013 273 16  -4.5  -0.9  252.  0.60  -0.25  0     2 105.2
2013 273 17  -4.0  -1.5  252.  0.62  -0.00  0     5 105.2
2013 273 18  -3.8  -1.2  251.  0.67  -0.03  0     8 105.2
2013 273 19  -3.0  -2.5  256.  0.74   0.38  0     8 105.2
2013 273 20  -3.7  -1.4  255.  0.74   0.10  0     7 105.2
2013 273 21  -3.7  -1.4  255.  0.84   0.13  3     8 105.2
2013 273 22  -3.9  -0.8  254.  0.89  -0.03  3     8 105.2
2013 273 23  -4.1  -0.1  258.  1.02  -0.23  3     8 105.2
2013 274  0  -4.0   0.5  260.  1.14  -0.39  0    10 107.0
2013 274  1  -4.2   1.4  260.  1.38  -0.65  0    12 107.0
2013 274  2  -1.8   5.6  265.  1.45  -1.56  0    13 107.0
2013 274  3   3.4   5.1  270.  1.66  -0.97  0    13 107.0
2013 274  4  -3.1   5.2  274.  2.27  -1.64  0    16 107.0
2013 274  5  -6.1  -0.8  276.  1.96  -0.52  0    16 107.0
2013 274  6  -6.2   0.2  279.  2.24  -0.86  7    16 107.0
2013 274  7  -5.8   2.1  282.  2.79  -1.33  7    18 107.0
2013 274  8  -6.5   0.3  292.  2.41  -1.08  7    16 107.0
2013 274  9  -5.2   2.6  296.  2.09  -1.48  3    16 107.0
2013 274 10  -6.3   0.6  295.  2.10  -1.15  3    17 107.0
2013 274 11  -6.5   0.7  294.  1.90  -1.21  3    14 107.0
2013 274 12  -5.1  -4.3  297.  1.90   0.30 20    13 107.0
2013 274 13  -1.8  -1.2  325.  2.24   0.03 20    10 107.0
2013 274 14  -3.0  -1.6  328.  1.73  -0.00 20     9 107.0
2013 274 15  -7.5   1.6  329.  1.55  -1.55 17     3 107.0
2013 274 16  -6.4   4.9  334.  1.75  -2.37 17     8 107.0
2013 274 17   2.2   2.9  339.  2.00  -0.64 17    15 107.0
2013 274 18   4.7   1.6  344.  1.90  -0.00 20    15 107.0
2013 274 19   1.3   0.5  348.  1.83  -0.03 20     9 107.0
2013 274 20  -0.5  -1.6  353.  1.86   0.49 20     5 107.0
2013 274 21   1.4  -2.0  358.  1.77   0.82 23    -2 107.0
2013 274 22  -2.1  -2.6  358.  1.67   0.72 23    -7 107.0
2013 274 23  -2.4  -2.5  364.  1.65   0.69 23    -8 107.0
2013 275  0  -3.4  -1.3  374.  1.63   0.15 53    -5 108.3
2013 275  1   0.4  -2.9  368.  1.49   1.07 53    -3 108.3
2013 275  2  -4.9  -5.6  489.  6.67   1.86 53    26 108.3
2013 275  3  -9.4  -2.2  580. 13.36  -0.70 77   -10 108.3
2013 275  4  -6.7 -12.4  625. 17.81   5.50 77   -19 108.3
2013 275  5 -10.5 -14.0  623. 29.29   5.11 77   -39 108.3
2013 275  6 -14.1 -12.4  609. 19.77   2.68 57   -68 108.3
2013 275  7 -14.7  -7.2  609. 12.56  -0.67 57   -72 108.3
2013 275  8 -15.9   2.0  612. 10.05  -6.12 57   -68 108.3
2013 275  9  -9.5   3.7  609.  9.53  -4.99 37   -62 108.3
2013 275 10  -5.9   3.0  600.  9.52  -3.42 37   -64 108.3
2013 275 11  -3.2   3.5  594.  8.80  -2.79 37   -60 108.3
2013 275 12  -6.8   2.7  566.  7.03  -3.34 30   -64 108.3
2013 275 13  -3.7   2.7  565.  4.83  -2.37 30   -61 108.3
2013 275 14   0.2   2.7  571.  3.61  -1.31 30   -58 108.3
2013 275 15  -3.2  -1.6  584.  2.97   0.00 33   -55 108.3
2013 275 16  -2.7  -2.7  605.  3.20   0.85 33   -49 108.3
2013 275 17  -2.9  -3.0  605.  3.01   1.09 33   -43 108.3
2013 275 18  -3.1  -3.3  591.  2.38   1.24 57   -42 108.3
2013 275 19   2.5  -2.3  593.  2.79   1.72 57   -47 108.3
2013 275 20   2.9  -4.8  592.  1.79   3.20 57   -50 108.3
2013 275 21   1.9  -4.3  587.  1.84   2.70 47   -54 108.3
2013 275 22   0.2  -1.7  576.  2.59   0.98 47   -53 108.3
2013 275 23   1.6  -2.8  580.  3.11   1.80 47   -46 108.3
2013 276  0   0.8  -2.5  548.  1.14   1.42 33   -46 113.9
2013 276  1   3.1   1.9  531.  0.57  -0.53 33   -53 113.9
2013 276  2   3.2   2.2  532.  0.11  -0.59 33   -53 113.9
2013 276  3   2.4   3.1  517.  0.06  -1.09  3   -50 113.9
2013 276  4   1.7   3.5  511.  0.10  -1.33  3   -49 113.9
2013 276  5   1.2   3.5  510.  0.15  -1.38  3   -48 113.9
2013 276  6   0.4   3.5  510.  0.14  -1.48  0   -46 113.9
2013 276  7  -0.1   2.8  506.  0.19  -1.26  0   -45 113.9
2013 276  8   0.4   2.4  507.  0.18  -0.91  0   -42 113.9
2013 276  9   1.1   4.0  481.  0.17  -1.35  0   -39 113.9
2013 276 10   1.6   3.7  467.  0.16  -1.03  0   -36 113.9
2013 276 11   0.9   4.0  454.  0.19  -1.32  0   -34 113.9
2013 276 12  -0.7   5.4  445.  0.24  -2.23  0   -34 113.9
2013 276 13  -2.5   5.3  433.  0.24  -2.51  0   -32 113.9
2013 276 14  -2.8   5.2  440.  0.24  -2.60  0   -31 113.9
2013 276 15  -3.6   5.1  448.  0.28  -2.78 13   -26 113.9
2013 276 16  -3.7   4.2  437.  1.09  -2.32 13   -20 113.9
2013 276 17  -4.4   1.4  414.  1.81  -1.20 13   -17 113.9
2013 276 18  -4.3   1.2  413.  1.95  -1.03 17   -15 113.9
2013 276 19  -4.2   0.0  412.  2.16  -0.49 17   -15 113.9
2013 276 20  -2.9   3.7  416.  0.46  -1.79 17   -25 113.9
2013 276 21  -3.2   4.0  415.  0.30  -1.91  0   -25 113.9
2013 276 22  -2.7   4.1  397.  0.27  -1.83  0   -27 113.9
2013 276 23  -2.1   3.0  404.  0.41  -1.37  0   -27 113.9
2013 277  0  -2.1   3.7  406.  0.44  -1.66  0   -26 109.2
2013 277  1  -2.2   3.5  400.  0.38  -1.60  0   -25 109.2
2013 277  2  -2.7   2.8  396.  0.42  -1.39  0   -21 109.2
2013 277  3  -1.5   3.4  399.  0.47  -1.48  0   -19 109.2
2013 277  4  -1.8   3.0  399.  0.44  -1.40  0   -21 109.2
2013 277  5  -2.4   2.2  403.  0.42  -1.21  0   -20 109.2
2013 277  6  -2.5   1.6  419.  0.45  -1.09  0   -20 109.2
2013 277  7  -2.1   2.0  404.  0.42  -1.13  0   -20 109.2
2013 277  8  -1.4   2.0  420.  0.41  -1.01  0   -20 109.2
2013 277  9  -1.1   2.2  383.  0.38  -0.92  0   -16 109.2
2013 277 10  -1.5   2.2  386.  0.35  -1.04  0   -18 109.2
2013 277 11  -1.2   2.2  386.  0.38  -0.96  0   -20 109.2
2013 277 12  -1.6   1.9  382.  0.38  -0.95  0   -21 109.2
2013 277 13  -1.7   1.6  379.  0.37  -0.83  0   -21 109.2
2013 277 14  -2.4   0.1  375.  0.33  -0.45  0   -21 109.2
2013 277 15  -1.9  -0.3  374.  0.37  -0.22  7   -20 109.2
2013 277 16  -1.5   0.3  373.  0.43  -0.34  7   -18 109.2
2013 277 17  -0.9   1.3  362.  0.38  -0.54  7   -18 109.2
2013 277 18  -1.1   0.9  352.  0.37  -0.42  3   -17 109.2
2013 277 19  -0.7   2.0  358.  0.36  -0.75  3   -16 109.2
2013 277 20  -0.7   2.1  357.  0.31  -0.79  3   -16 109.2
2013 277 21  -0.9   2.0  362.  0.34  -0.80  0   -15 109.2
2013 277 22  -1.6   1.4  365.  0.40  -0.62  0   -14 109.2
2013 277 23  -1.8   1.2  361.  0.39  -0.58  0   -15 109.2
2013 278  0  -1.9   1.3  359.  0.34  -0.61  0   -17 105.9
2013 278  1  -1.2   2.0  356.  0.30  -0.82  0   -17 105.9
2013 278  2  -1.2   1.7  353.  0.30  -0.71  0   -15 105.9
2013 278  3  -1.3   1.4  348.  0.31  -0.63  0   -14 105.9
2013 278  4  -1.2   1.4  353.  0.36  -0.64  0   -14 105.9
2013 278  5  -1.5   1.3  348.  0.31  -0.63  0   -14 105.9
2013 278  6  -1.0   1.5  353.  0.40  -0.64  0   -14 105.9
2013 278  7  -1.3   1.8  345.  0.38  -0.76  0   -13 105.9
2013 278  8  -1.6   1.9  343.  0.35  -0.86  0   -15 105.9
2013 278  9  -1.8   1.5  339.  0.34  -0.75  3   -15 105.9
2013 278 10  -1.9   1.7  339.  0.34  -0.85  3   -14 105.9
2013 278 11  -2.1   1.7  339.  0.35  -0.88  3   -14 105.9
2013 278 12  -2.2   1.5  337.  0.34  -0.81  0   -13 105.9
2013 278 13  -2.2   1.3  337.  0.38  -0.74  0   -12 105.9
2013 278 14  -2.0   0.8  331.  0.41  -0.53  0   -12 105.9
2013 278 15  -1.2   0.0  333.  0.44  -0.17  0   -12 105.9
2013 278 16  -0.5  -0.3  334.  0.44   0.03  0   -12 105.9
2013 278 17  -0.7  -0.5  332.  0.42   0.07  0   -12 105.9
2013 278 18  -0.8  -0.4  329.  0.41   0.03  0   -13 105.9
2013 278 19  -0.9  -0.1  325.  0.37  -0.07  0   -12 105.9
2013 278 20  -0.8   0.9  327.  0.41  -0.36  0   -11 105.9
2013 278 21  -1.2   0.5  325.  0.44  -0.26  0    -8 105.9
2013 278 22  -0.6   0.9  324.  0.47  -0.32  0    -7 105.9
2013 278 23  -1.1   0.9  321.  0.46  -0.35  0    -7 105.9
2013 279  0  -1.2   0.7  320.  0.47  -0.32  0    -9 106.5
2013 279  1  -1.2   0.7  319.  0.50  -0.32  0    -9 106.5
2013 279  2  -1.6   0.4  317.  0.54  -0.29  0    -8 106.5
2013 279  3  -1.7   0.8  314.  0.58  -0.41  0    -7 106.5
2013 279  4  -1.5   0.5  307.  0.59  -0.31  0    -6 106.5
2013 279  5  -1.3   0.8  304.  0.68  -0.40  0    -5 106.5
2013 279  6  -1.7   0.9  307.  0.71  -0.49  3    -3 106.5
2013 279  7   0.4  -0.1  309.  0.74   0.09  3    -3 106.5
2013 279  8   1.0  -1.4  309.  0.73   0.53  3    -4 106.5
2013 279  9   1.2   1.1  312.  0.52  -0.09  3    -4 106.5
2013 279 10   1.5   1.9  316.  0.48  -0.25  3    -3 106.5
2013 279 11   2.5   0.9  317.  0.52   0.19  3    -2 106.5
2013 279 12   2.2   0.0  315.  0.52   0.35  7    -3 106.5
2013 279 13   1.8   0.8  314.  0.50   0.06  7    -4 106.5
2013 279 14   1.6  -0.1  308.  0.49   0.25  7    -5 106.5
2013 279 15   1.2   1.0  304.  0.43  -0.12  3    -6 106.5
2013 279 16   1.6  -0.6  306.  0.54   0.37  3    -4 106.5
2013 279 17   0.5  -0.2  299.  0.48   0.12  3    -2 106.5
2013 279 18   1.7  -0.7  304.  0.59   0.36  3    -3 106.5
2013 279 19   2.7  -0.2  313.  0.64   0.28  3    -5 106.5
2013 279 20   2.5  -1.8  314.  0.73   0.75  3    -7 106.5
2013 279 21   2.4  -0.6  311.  0.70   0.34 13    -9 106.5
2013 279 22   0.1   0.8  309.  0.75  -0.25 13   -10 106.5
2013 279 23  -0.9   1.0  304.  0.81  -0.36 13    -8 106.5
2013 280  0   2.0   1.6  308.  0.86  -0.34 10    -6 111.8
2013 280  1   3.0   1.1  313.  0.97  -0.09 10    -3 111.8
2013 280  2   3.5  -3.1  333.  1.72   1.33 10     0 111.8
2013 280  3   0.0  -3.9  329.  1.85   1.22 27    -5 111.8
2013 280  4  -0.7  -3.6  322.  1.56   1.00 27    -9 111.8
2013 280  5   3.9  -0.7  317.  1.45   0.73 27   -11 111.8
2013 280  6   5.4   0.1  320.  1.11   0.77 17   -13 111.8
2013 280  7   5.2  -0.8  320.  1.16   1.06 17   -14 111.8
2013 280  8   2.9  -2.7  317.  1.36   1.20 17   -15 111.8
2013 280  9   5.2   0.0  314.  1.05   0.88  7   -17 111.8
2013 280 10   5.1   2.0  312.  1.01   0.34  7   -14 111.8
2013 280 11   4.2   0.4  306.  1.07   0.58  7   -11 111.8
2013 280 12   3.2   0.5  300.  0.99   0.36  7   -10 111.8
2013 280 13   2.4  -2.0  297.  0.87   0.86  7   -10 111.8
2013 280 14   4.1   0.0  303.  0.92   0.58  7   -12 111.8
2013 280 15   1.4  -2.7  301.  0.84   0.90  7   -11 111.8
2013 280 16   2.3  -1.8  288.  0.68   0.75  7   -11 111.8
2013 280 17   3.3  -1.9  291.  0.75   0.84  7   -12 111.8
2013 280 18   2.1  -2.4  284.  0.64   0.82  7   -14 111.8
2013 280 19   3.2  -1.0  284.  0.64   0.51  7   -15 111.8
2013 280 20   3.6  -0.4  288. 99.99   0.37  7   -12 111.8
2013 280 21   4.0   1.1  297.  0.90  -0.03  7   -10 111.8
2013 280 22   3.8  -1.2  294.  0.82   0.59  7   -10 111.8
2013 280 23   4.0   1.0  304.  0.85  -0.03  7   -12 111.8
2013 281  0   2.2   2.3  304.  1.01  -0.52  3   -12 111.7
2013 281  1   1.3   3.5  307.  0.93  -0.92  3   -11 111.7
2013 281  2   3.9  -1.0  294.  0.88   0.62  3   -11 111.7
2013 281  3   4.5  -1.2  293.  0.73   0.79  7   -12 111.7
2013 281  4   3.8   0.6  293.  0.84   0.26  7    -9 111.7
2013 281  5   3.6   0.4  290.  0.86   0.35  7    -6 111.7
2013 281  6   4.3   0.4  292.  0.98   0.47  3    -3 111.7
2013 281  7   5.1   0.7  296.  1.09   0.56  3    -4 111.7
2013 281  8   5.5  -0.3  291.  1.07   0.90  3    -6 111.7
2013 281  9   5.3  -1.1  289.  1.08   1.10  7    -7 111.7
2013 281 10   5.1  -0.8  290.  1.13   0.99  7    -7 111.7
2013 281 11   4.4  -1.5  288.  1.13   1.04  7    -8 111.7
2013 281 12   3.1   1.9  297.  1.13  -0.00 13   -10 111.7
2013 281 13   2.8   1.8  294.  1.16  -0.06 13    -9 111.7
2013 281 14   3.4   2.8  302.  1.44  -0.27 13    -2 111.7
2013 281 15   4.5   3.6  321.  2.25  -0.42 10     4 111.7
2013 281 16   6.3   3.8  337.  2.32  -0.34 10     7 111.7
2013 281 17   6.2   2.5  332.  2.68  -0.07 10    10 111.7
2013 281 18   6.2  -1.1  328.  3.59   0.98 50    11 111.7
2013 281 19   5.7  -2.3  321. 99.99   1.22 50     5 111.7
2013 281 20   8.6  -2.2  351. 99.99   1.51 50    17 111.7
2013 281 21  16.2  -2.5  442. 15.47   2.74 57    10 111.7
2013 281 22  10.9  10.8  450. 13.32  -3.65 57   -33 111.7
2013 281 23  13.4   0.7  559. 13.37   1.29 57   -19 111.7
2013 282  0   8.5   2.1  514.  4.33   0.00 50   -66 113.1
2013 282  1   4.3   0.5  549.  4.04   0.38 50   -69 113.1
2013 282  2  -1.6  -1.7  596.  2.98   0.66 50   -61 113.1
2013 282  3   9.9   2.0  639.  1.80   0.96 50   -63 113.1
2013 282  4  11.3   3.0  633.  3.69   0.95 50   -56 113.1
2013 282  5  10.8   3.2  636.  7.60   1.02 50   -53 113.1
2013 282  6  11.2   2.3  617.  7.16   1.91 53   -53 113.1
2013 282  7  10.4   4.2  604.  6.57   0.91 53   -48 113.1
2013 282  8  10.4   6.0  590.  6.96   0.12 53   -45 113.1
2013 282  9   7.8   3.0  573.  6.17   0.92 37   -34 113.1
2013 282 10   3.5  -1.7  586.  2.34   1.93 37   -33 113.1
2013 282 11   1.4  -2.6  586.  3.43   1.70 37   -43 113.1
2013 282 12   1.7  -0.4  580.  4.78   0.70 30   -44 113.1
2013 282 13   2.7   1.1  569.  4.92   0.23 30   -40 113.1
2013 282 14   1.9   2.8  567.  5.27  -0.91 30   -30 113.1
2013 282 15   0.9   2.6  554.  6.81  -1.11 33   -19 113.1
2013 282 16   0.2   1.9  542.  5.11  -0.92 33   -20 113.1
2013 282 17   2.7   5.1  534.  2.79  -2.03 33   -27 113.1
2013 282 18   4.5   7.3  529.  1.23  -2.96 17   -30 113.1
2013 282 19   5.4   7.5  529.  1.57  -3.02 17   -28 113.1
2013 282 20   5.4   7.6  501.  1.26  -3.01 17   -23 113.1
2013 282 21   6.6   5.3  479.  2.66  -1.77 33    -8 113.1
2013 282 22   7.3   5.8  473.  3.40  -1.89 33   -11 113.1
2013 282 23   8.7  -2.3  461.  3.74   1.94 33   -13 113.1
2013 283  0   7.1  -2.6  471.  2.95   1.98 37   -26 120.3
2013 283  1   3.7   3.6  491.  2.52  -1.23 37   -37 120.3
2013 283  2   1.7   4.6  495.  2.29  -1.93 37   -33 120.3
2013 283  3   5.3  -0.7  471.  1.55   1.13 37   -32 120.3
2013 283  4   5.9  -1.4  460.  1.27   1.61 37   -39 120.3
2013 283  5   5.3   0.1  455.  1.31   0.96 37   -41 120.3
2013 283  6   3.7   1.1  465.  1.64   0.33 17   -38 120.3
2013 283  7   3.5   0.5  467.  1.25   0.61 17   -32 120.3
2013 283  8   3.3   1.1  467.  1.37   0.37 17   -29 120.3
2013 283  9   2.5   2.4  465.  1.47  -0.33 20   -27 120.3
2013 283 10   2.6   2.2  463.  1.18  -0.23 20   -27 120.3
2013 283 11   3.1   1.0  461.  0.96   0.37 20   -29 120.3
2013 283 12   3.0   1.2  454.  0.75   0.23 10   -30 120.3
2013 283 13   3.4   1.2  452.  0.52   0.27 10   -28 120.3
2013 283 14   3.2  -0.2  444.  0.53   0.75 10   -27 120.3
2013 283 15   3.0   0.3  441.  0.53   0.44 13   -26 120.3
2013 283 16   2.8   0.4  434.  0.59   0.30 13   -23 120.3
2013 283 17   2.7   0.6  433.  0.59   0.17 13   -23 120.3
2013 283 18   2.8  -0.1  427.  0.80   0.43  7   -23 120.3
2013 283 19   3.0  -0.3  424.  0.81   0.47  7   -23 120.3
2013 283 20   3.1  -0.1  421.  0.99   0.38  7   -22 120.3
2013 283 21   2.9   1.6  424.  0.79  -0.38 10   -23 120.3
2013 283 22   2.8   2.0  421.  1.10  -0.55 10   -19 120.3
2013 283 23   2.8   0.5  418.  0.73   0.04 10   -19 120.3
2013 284  0   3.2   0.2  421.  0.63   0.25 17   -23 128.5
2013 284  1   3.4  -1.0  416.  0.59   0.79 17   -26 128.5
2013 284  2   3.0  -1.5  411.  0.49   0.95 17   -25 128.5
2013 284  3   1.9  -1.3  440.  0.58   0.84 20   -24 128.5
2013 284  4   1.4  -0.1  402.  0.52   0.24 20   -26 128.5
2013 284  5   2.6  -1.4  415.  0.57   1.00 20   -24 128.5
2013 284  6   2.2  -1.7  411.  0.60   1.03 20   -22 128.5
2013 284  7   2.4   0.6  409.  0.59   0.29 20   -25 128.5
2013 284  8   1.6  -0.2  396.  0.48   0.40 20   -25 128.5
2013 284  9   2.6  -0.4  414.  0.61   0.70 13   -24 128.5
2013 284 10   1.7   0.0  389.  0.48   0.35 13   -24 128.5
2013 284 11   2.9  -0.3  412.  0.51   0.74 13   -21 128.5
2013 284 12   2.2   1.3  401.  0.59   0.00 17   -19 128.5
2013 284 13   2.0   1.7  396.  0.72  -0.20 17   -14 128.5
2013 284 14   3.0  -0.2  401.  0.82   0.64 17   -12 128.5
2013 284 15   2.9  -0.3  396.  0.61   0.59  7   -12 128.5
2013 284 16   2.1  -0.5  385.  0.59   0.50  7   -10 128.5
2013 284 17   1.4  -0.4  385.  0.61   0.35  7    -9 128.5
2013 284 18   0.9  -0.4  386.  0.73   0.27 10    -6 128.5
2013 284 19   1.4  -0.9  371.  0.50   0.45 10    -9 128.5
2013 284 20   2.8  -0.3  377.  0.43   0.38 10   -11 128.5
2013 284 21   2.6   0.4  377.  0.49   0.08  7   -10 128.5
2013 284 22   2.7  -0.1  384.  0.58   0.27  7   -11 128.5
2013 284 23   2.1   0.5  375.  0.58  -0.00  7   -12 128.5
2013 285  0   3.1   0.4  379.  0.50   0.11  0   -13 127.3
2013 285  1   3.0   0.9  376.  0.51  -0.04  0   -14 127.3
2013 285  2   2.8   0.4  370.  0.50   0.15  0   -15 127.3
2013 285  3   2.6  -0.2  369.  0.53   0.41 10   -15 127.3
2013 285  4   3.4   0.2  387.  0.63   0.43 10   -15 127.3
2013 285  5   2.5   0.5  374.  0.66   0.22 10   -15 127.3
2013 285  6   2.1   0.7  362.  0.66   0.11  3   -12 127.3
2013 285  7   3.1   0.3  362.  0.64   0.43  3   -10 127.3
2013 285  8   3.2   0.2  363.  0.64   0.54  3   -10 127.3
2013 285  9   3.2   0.4  358.  0.62   0.47 10   -10 127.3
2013 285 10   3.1   1.2  362.  0.74   0.22 10    -9 127.3
2013 285 11   3.2   0.6  363.  0.77   0.44 10    -9 127.3
2013 285 12  -0.3  -1.0  356.  1.23   0.25  7    -6 127.3
2013 285 13  -3.0  -0.5  355.  1.24  -0.35  7    -4 127.3
2013 285 14  -2.7  -0.9  370.  1.55  -0.15  7    -1 127.3
2013 285 15  -1.2  -1.3  387.  2.33   0.27  7     2 127.3
2013 285 16  -1.3  -0.4  388.  3.08  -0.04  7     4 127.3
2013 285 17  -0.6  -0.6  378.  2.37   0.15  7     1 127.3
2013 285 18  -1.7  -0.5  374.  1.90  -0.00 20    -2 127.3
2013 285 19  -3.0  -0.2  379.  1.88  -0.23 20    -1 127.3
2013 285 20  -3.4   0.3  385.  1.86  -0.42 20    -2 127.3
2013 285 21  -2.6  -2.1  384.  1.24   0.58 23    -1 127.3
2013 285 22  -2.2  -2.1  397.  1.56   0.64 23    -4 127.3
2013 285 23  -3.4  -0.3  388.  1.43  -0.16 23   -10 127.3
2013 286  0  -4.8  -1.5  376.  1.08   0.11 13   -11 128.6
2013 286  1  -4.5  -1.7  377.  1.05   0.19 13   -11 128.6
2013 286  2  -4.6   0.0  375.  1.04  -0.49 13   -10 128.6
2013 286  3  -4.6   0.8  377.  1.01  -0.87  0    -8 128.6
2013 286  4  -4.3   1.2  377.  0.95  -1.02  0    -7 128.6
2013 286  5  -4.0   1.7  373.  0.87  -1.19  0    -6 128.6
2013 286  6  -3.3   0.8  368.  0.95  -0.81  0    -3 128.6
2013 286  7  -1.9   2.3  368.  1.08  -1.07  0     0 128.6
2013 286  8  -2.7   1.3  366.  1.09  -0.92  0     2 128.6
2013 286  9  -2.8   0.1  360.  1.11  -0.58  3     3 128.6
2013 286 10  -2.2  -0.8  359.  0.96  -0.18  3     1 128.6
2013 286 11  -1.5  -1.4  354.  0.91   0.14  3    -1 128.6
2013 286 12  -0.9  -1.3  352.  1.00   0.25  0    -4 128.6
2013 286 13  -1.4  -1.1  348.  1.07   0.10  0    -4 128.6
2013 286 14  -1.5  -0.9  345.  1.04   0.03  0    -5 128.6
2013 286 15  -2.4   0.6  345.  1.10  -0.55  3    -3 128.6
2013 286 16  -1.3  -0.3  346.  1.18  -0.07  3    -1 128.6
2013 286 17  -0.8  -1.0  342.  1.19   0.24  3     2 128.6
2013 286 18  -1.6  -0.6  339.  1.25   0.03  7     2 128.6
2013 286 19  -1.2  -0.8  338.  1.20   0.17  7     2 128.6
2013 286 20  -1.3  -0.6  337.  1.13   0.10  7     2 128.6
2013 286 21  -1.2  -0.7  333.  1.04   0.13  0     1 128.6
2013 286 22  -0.2  -1.0  330.  0.93   0.30  0    -3 128.6
2013 286 23  -0.1  -1.1  327.  0.87   0.36  0    -8 128.6
2013 287  0  -0.3  -1.6  325.  0.88   0.49  0   -10 124.3
2013 287  1  -0.8  -1.4  326.  0.96   0.39  0    -9 124.3
2013 287  2  -0.9  -1.8  326.  0.99   0.49  0   -12 124.3
2013 287  3  -0.3  -2.7  325.  0.97   0.81 23   -15 124.3
2013 287  4  -0.7  -3.4  327.  1.00   0.95 23   -15 124.3
2013 287  5  -0.9  -4.2  338.  1.16   1.18 23   -10 124.3
2013 287  6  -1.8  -4.8  342.  1.29   1.20 23    -9 124.3
2013 287  7  -1.8  -6.0  349.  1.64   1.54 23    -7 124.3
2013 287  8  -2.1  -1.4  375.  4.16   0.04 23    -3 124.3
2013 287  9   1.0  -6.1  394.  4.66   2.25 33     3 124.3
2013 287 10   2.6  -4.0  394.  3.71   1.89 33    -7 124.3
2013 287 11   6.2  -0.5  431.  3.01   1.59 33   -19 124.3
2013 287 12   5.8   2.4  444.  4.21   0.40 33   -17 124.3
2013 287 13   3.6  -0.5  460.  4.84   1.01 33    -9 124.3
2013 287 14  -0.6  -4.6  464.  5.55   1.76 33   -11 124.3
2013 287 15   4.4  -0.8  446.  4.55   1.16 43   -20 124.3
2013 287 16   5.8  -1.1  460.  4.10   1.47 43   -25 124.3
2013 287 17   7.1  -0.7  463.  3.92   1.44 43   -27 124.3
2013 287 18   3.7  -0.2  455.  3.90   0.59 40   -27 124.3
2013 287 19   5.1  -1.8  456.  3.48   1.41 40   -40 124.3
2013 287 20   3.4  -1.6  470.  4.47   1.13 40   -43 124.3
2013 287 21   7.3  -2.1  468.  3.86   1.68 40   -40 124.3
2013 287 22   8.1  -0.6  468.  3.82   1.08 40   -38 124.3
2013 287 23   5.4  -0.1  472.  3.81   0.57 40   -42 124.3
2013 288  0   4.7  -0.5  452.  2.79   0.72 43   -42 124.5
2013 288  1   6.4  -0.3  472.  3.01   0.90 43   -46 124.5
2013 288  2   2.0  -5.0  522.  3.97   2.82 43   -43 124.5
2013 288  3   4.3   3.1  518.  3.75  -0.78 40   -49 124.5
2013 288  4   5.9   1.4  529.  3.47   0.48 40   -44 124.5
2013 288  5   6.1   3.2  513.  2.58  -0.21 40   -44 124.5
2013 288  6   6.1   0.3  503.  2.39   1.26 30   -40 124.5
2013 288  7   2.8   4.9  513.  2.36  -1.49 30   -37 124.5
2013 288  8   1.7   4.5  511.  2.17  -1.53 30   -31 124.5
2013 288  9   1.1   2.8  504.  2.22  -0.91 40   -27 124.5
2013 288 10   1.5   0.4  500.  2.34   0.20 40   -27 124.5
2013 288 11   3.2   2.0  480.  2.64  -0.00 40   -27 124.5
2013 288 12   0.2   4.8  491.  2.10  -1.96 27   -30 124.5
2013 288 13   0.0   4.0  510.  1.79  -1.78 27   -25 124.5
2013 288 14  -1.4   1.9  538.  1.32  -1.24 27   -25 124.5
2013 288 15  -1.4  -0.8  528.  1.35   0.05  7   -25 124.5
2013 288 16   1.1   1.3  538.  1.41  -0.43  7   -24 124.5
2013 288 17  -1.3   1.4  534.  1.54  -0.96  7   -19 124.5
2013 288 18   0.0   3.1  547.  1.60  -1.64 10   -17 124.5
2013 288 19  -1.2   1.7  543.  1.69  -1.09 10   -17 124.5
2013 288 20   2.3  -1.5  546.  1.81   1.09 10   -15 124.5
2013 288 21   1.7   0.6  528.  1.61  -0.11 30   -16 124.5
2013 288 22   1.9  -1.1  525.  1.42   0.79 30   -13 124.5
2013 288 23   2.7  -1.8  531.  1.39   1.22 30   -18 124.5
2013 289  0   1.4   0.7  533.  1.50  -0.21 37   -22 127.2
2013 289  1   2.6  -2.6  530.  1.25   1.70 37   -24 127.2
2013 289  2  -0.8  -2.3  531.  1.31   1.06 37   -25 127.2
2013 289  3  -1.4  -2.6  531.  1.32   1.06 27   -30 127.2
2013 289  4  -1.1   0.5  523.  1.15  -0.47 27   -31 127.2
2013 289  5   0.2   0.9  520.  1.00  -0.36 27   -26 127.2
2013 289  6   1.8   0.2  521.  0.96   0.31 17   -24 127.2
2013 289  7   1.1   0.5  502.  0.85   0.05 17   -25 127.2
2013 289  8   1.0  -0.3  505.  0.90   0.40 17   -26 127.2
2013 289  9   1.8   0.4  504.  0.85   0.30 17   -25 127.2
2013 289 10   1.5  -0.1  495.  0.91   0.45 17   -24 127.2
2013 289 11  -0.1   0.4  491.  0.95  -0.20 17   -22 127.2
2013 289 12   0.4   0.2  486.  0.91   0.00 20   -19 127.2
2013 289 13  -1.2   0.1  495.  1.06  -0.35 20   -16 127.2
2013 289 14  -0.6  -0.1  483.  1.02  -0.10 20   -15 127.2
2013 289 15  -0.1  -2.0  484.  1.01   0.87 27   -17 127.2
2013 289 16  -0.2  -2.2  478.  1.02   0.96 27   -21 127.2
2013 289 17  -1.0  -1.4  473.  0.94   0.47 27   -20 127.2
2013 289 18  -1.1  -1.2  473.  0.97   0.38 17   -21 127.2
2013 289 19  -2.3  -0.2  463.  0.97  -0.19 17   -15 127.2
2013 289 20  -2.3   0.5  463.  1.00  -0.46 17   -10 127.2
2013 289 21  -2.2   1.5  477.  1.06  -0.91 23   -10 127.2
2013 289 22  -1.5  -0.3  469.  1.06  -0.00 23    -9 127.2
2013 289 23   0.8  -1.7  469.  1.06   0.84 23   -12 127.2
2013 290  0   1.2  -1.6  464.  1.06   0.84 27   -14 135.1
2013 290  1   0.4  -0.8  459.  1.00   0.41 27   -15 135.1
2013 290  2   1.5   1.1  466.  0.99  -0.28 27   -18 135.1
2013 290  3   1.6  -0.9  460.  0.93   0.64 30   -16 135.1
2013 290  4   2.9  -1.1  474.  1.20   1.00 30   -15 135.1
2013 290  5   1.5  -2.2  466.  1.21   1.21 30   -19 135.1
2013 290  6  -0.2  -1.4  446.  0.99   0.54 23   -21 135.1
2013 290  7   0.1  -1.6  451.  1.03   0.68 23   -20 135.1
2013 290  8   0.3  -2.5  450.  1.02   1.03 23   -21 135.1
2013 290  9  -0.5  -1.9  442.  0.99   0.62 23   -23 135.1
2013 290 10  -0.1  -2.0  436.  1.05   0.74 23   -22 135.1
2013 290 11   1.2  -3.0  443.  1.19   1.42 23   -22 135.1
2013 290 12   0.2  -1.4  434.  1.15   0.56 27   -22 135.1
2013 290 13   1.2  -1.4  440.  1.31   0.79 27   -17 135.1
2013 290 14   1.2  -2.7  448.  1.52   1.34 27   -17 135.1
2013 290 15   0.9  -2.5  438.  1.33   1.14 20   -19 135.1
2013 290 16   2.4  -3.0  443.  1.15   1.64 20   -22 135.1
2013 290 17  -0.1  -2.1  431.  0.95   0.82 20   -23 135.1
2013 290 18  -1.6  -1.5  426.  0.94   0.43 13   -21 135.1
2013 290 19  -2.0  -0.8  413.  0.68   0.12 13   -20 135.1
2013 290 20  -0.6  -0.8  404.  0.58   0.24 13   -17 135.1
2013 290 21   0.7  -0.7  397.  0.50   0.32 10   -13 135.1
2013 290 22   2.1   0.0  400.  0.49   0.16 10   -15 135.1
2013 290 23   0.8  -0.3  389.  0.41   0.19 10   -16 135.1
2013 291  0   1.4  -0.5  387.  0.40   0.31  3   -13 138.8
2013 291  1   1.3   0.5  384.  0.40  -0.08  3   -13 138.8
2013 291  2   1.0   0.5  380.  0.34  -0.08  3   -14 138.8
2013 291  3   1.7   0.8  383.  0.37  -0.08  0   -17 138.8
2013 291  4   1.7   0.6  379.  0.36   0.04  0   -17 138.8
2013 291  5   1.1  -0.1  371.  0.34   0.19  0   -16 138.8
2013 291  6   1.6   0.3  375.  0.35   0.15  7   -15 138.8
2013 291  7   1.3  -0.6  373.  0.32   0.41  7   -17 138.8
2013 291  8   0.8   0.2  366.  0.32   0.07  7   -18 138.8
2013 291  9   1.0   0.7  372.  0.34  -0.04  0   -16 138.8
2013 291 10   1.1   0.4  371.  0.34   0.07  0   -15 138.8
2013 291 11   0.7   0.1  368.  0.31   0.11  0   -15 138.8
2013 291 12   0.8   0.3  367.  0.31   0.04  3   -14 138.8
2013 291 13   1.4   1.1  370.  0.33  -0.11  3   -11 138.8
2013 291 14   1.5   0.3  359.  0.28   0.14  3    -9 138.8
2013 291 15   2.4   0.6  375.  0.43   0.15  0    -8 138.8
2013 291 16   2.4  -0.2  380.  0.59   0.42  0    -7 138.8
2013 291 17   2.3   0.3  378.  0.58   0.19  0    -9 138.8
2013 291 18   2.1   0.6  367.  0.47   0.00 17   -11 138.8
2013 291 19  -0.1   0.3  358.  0.42  -0.11 17    -8 138.8
2013 291 20  -0.1   0.5  352.  0.48  -0.18 17    -4 138.8
2013 291 21  -0.2   1.5  368.  0.74  -0.55  3    -5 138.8
2013 291 22   1.5   2.8  374.  0.54  -0.90  3    -6 138.8
2013 291 23   1.5   2.5  368.  0.59  -0.77  3    -6 138.8
2013 292  0   2.5   1.7  368.  0.56  -0.40  0    -6 131.6
2013 292  1   1.7   2.4  373.  0.57  -0.71  0    -7 131.6
2013 292  2   2.0   2.4  369.  0.50  -0.66  0    -7 131.6
2013 292  3   1.9   2.6  368.  0.50  -0.70  0    -7 131.6
2013 292  4   1.8   2.6  359.  0.47  -0.65  0    -6 131.6
2013 292  5   1.0   2.7  354.  0.45  -0.74  0    -4 131.6
2013 292  6   2.1   2.5  353.  0.43  -0.46  3    -4 131.6
2013 292  7   2.4   1.7  347.  0.39  -0.14  3    -4 131.6
2013 292  8   2.2   0.7  334.  0.37   0.17  3    -5 131.6
2013 292  9   2.3   0.7  334.  0.40   0.20  7    -6 131.6
2013 292 10   0.8   0.5  319.  0.31  -0.00  7    -5 131.6
2013 292 11   1.5   1.0  329.  0.37  -0.03  7    -4 131.6
2013 292 12   1.8   1.7  330.  0.39  -0.20  3    -4 131.6
2013 292 13   2.2   1.2  323.  0.37  -0.00  3    -4 131.6
2013 292 14   1.7  -0.9  331.  0.39   0.53  3    -5 131.6
2013 292 15  -0.1  -2.9  343.  0.41   0.89  7    -5 131.6
2013 292 16  -1.6  -2.4  339.  0.44   0.54  7    -7 131.6
2013 292 17  -2.1  -1.6  325.  0.40   0.26  7    -7 131.6
2013 292 18  -1.7  -1.1  321.  0.40   0.19  0    -6 131.6
2013 292 19  -1.7  -1.1  321.  0.37   0.19  0    -7 131.6
2013 292 20  -1.1  -0.7  315.  0.30   0.13  0    -8 131.6
2013 292 21   0.1  -0.7  312.  0.27   0.22  0    -8 131.6
2013 292 22  -0.4  -0.4  305.  0.25   0.09  0    -7 131.6
2013 292 23   1.8   1.8  322.  0.41  -0.45  0    -5 131.6
2013 293  0   1.5   2.1  318.  0.44  -0.54  0    -2 132.2
2013 293  1   1.8   2.4  318.  0.46  -0.60  0    -2 132.2
2013 293  2   2.7   0.9  317.  0.43  -0.03  0    -3 132.2
2013 293  3   2.6   0.7  319.  0.42   0.03  0    -5 132.2
2013 293  4   2.4   0.2  315.  0.41   0.22  0    -6 132.2
2013 293  5   2.5   0.8  315.  0.41   0.09  0    -6 132.2
2013 293  6   0.7  -0.8  307.  0.38   0.31  3    -5 132.2
2013 293  7   1.4   0.2  305.  0.37   0.15  3    -4 132.2
2013 293  8   0.5  -0.8  294.  0.30   0.26  3    -4 132.2
2013 293  9   1.0   0.1  296.  0.31   0.12  3    -1 132.2
2013 293 10   1.8   0.4  297.  0.31   0.18  3    -1 132.2
2013 293 11   1.9  -1.0  304.  0.37   0.55  3    -2 132.2
2013 293 12   2.1   2.5  318.  0.45  -0.35  3    -2 132.2
2013 293 13   2.7   1.5  309.  0.44  -0.03  3    -1 132.2
2013 293 14   1.5  -0.9  294.  0.32   0.44  3    -2 132.2
2013 293 15   1.5  -1.9  297.  0.35   0.68  3    -2 132.2
2013 293 16   1.3  -2.3  300.  0.35   0.78  3    -3 132.2
2013 293 17   2.6  -1.2  312.  0.41   0.62  3    -4 132.2
2013 293 18   2.6  -1.3  312.  0.47   0.62  3    -4 132.2
2013 293 19   2.3  -1.6  308.  0.42   0.65  3    -5 132.2
2013 293 20   1.7  -2.3  307.  0.45   0.80  3    -5 132.2
2013 293 21   0.5  -2.4  303.  0.50   0.76 10    -4 132.2
2013 293 22   0.8  -2.5  299.  0.77   0.78 10    -2 132.2
2013 293 23  -0.3  -2.3  304.  1.09   0.67 10     0 132.2
2013 294  0   0.1  -2.5  301.  1.00   0.75  0     1 134.5
2013 294  1   0.0  -2.5  299.  0.93   0.72  0    -1 134.5
2013 294  2   0.2  -2.5  303.  0.95   0.76  0    -2 134.5
2013 294  3   0.9  -2.4  307.  1.03   0.80  0    -3 134.5
2013 294  4  -0.5  -2.5  306.  1.01   0.67  0    -4 134.5
2013 294  5  -2.6  -1.5  303.  0.96   0.09  0    -3 134.5
2013 294  6  -3.2   0.1  302.  0.90  -0.45  3    -2 134.5
2013 294  7  -2.5   0.2  299.  0.97  -0.42  3    -2 134.5
2013 294  8  -2.3  -1.1  300.  0.95  -0.06  3    -1 134.5
2013 294  9  -2.8   0.6  299.  0.91  -0.57  0    -1 134.5
2013 294 10  -2.7   1.4  296.  0.90  -0.77  0     1 134.5
2013 294 11  -2.3   0.4  289.  0.76  -0.43  0     2 134.5
2013 294 12  -1.6   1.2  289.  0.79  -0.52  3     4 134.5
2013 294 13  -0.6  -0.4  298.  1.09   0.03  3     6 134.5
2013 294 14   1.3   0.3  298.  1.06   0.09  3     8 134.5
2013 294 15   1.6  -1.6  301.  1.14   0.63 10     7 134.5
2013 294 16  -3.9  -0.8  304.  0.83  -0.21 10     6 134.5
2013 294 17  -4.5  -1.7  304.  0.79   0.06 10     6 134.5
2013 294 18  -4.7   0.7  297.  0.85  -0.59  3     7 134.5
2013 294 19  -3.2   2.6  290.  0.83  -0.96  3    10 134.5
2013 294 20  -3.5   1.9  289.  0.78  -0.75  3     9 134.5
2013 294 21  -1.8   3.3  284.  0.70  -1.02  0     7 134.5
2013 294 22  -1.5   3.1  290.  0.85  -0.96  0     6 134.5
2013 294 23  -0.8   3.3  301.  1.21  -1.02  0     6 134.5
2013 295  0  -2.5   2.5  309.  1.49  -0.93  0     7 144.8
2013 295  1  -4.6   2.0  312.  1.85  -0.94  0     9 144.8
2013 295  2  -4.9   2.2  312.  1.94  -1.06  0     9 144.8
2013 295  3  -7.1   1.0  319.  2.49  -0.99  3    14 144.8
2013 295  4  -7.4   0.4  320.  2.81  -0.96  3    15 144.8
2013 295  5  -6.5   1.0  313.  2.80  -1.10  3    15 144.8
2013 295  6  -6.2   2.7  309.  2.46  -1.58 20    13 144.8
2013 295  7  -5.1   1.6  310.  2.63  -1.18 20    12 144.8
2013 295  8  -7.3  -3.7  329.  2.27  -0.13 20    11 144.8
2013 295  9  -4.1  -2.6  329.  3.59   0.07 17    11 144.8
2013 295 10  -5.7  -2.1  332.  3.40  -0.37 17    13 144.8
2013 295 11  -6.5  -1.6  326.  2.96  -0.62 17    12 144.8
2013 295 12  -6.9  -1.5  323.  3.13  -0.68  3    12 144.8
2013 295 13  -6.6  -1.3  322.  2.73  -0.61  3    10 144.8
2013 295 14  -7.5  -0.9  312.  2.13  -0.75  3     7 144.8
2013 295 15  -7.8   0.8  316.  1.68  -1.20  7     3 144.8
2013 295 16  -7.1   1.7  319.  1.96  -1.31  7     5 144.8
2013 295 17  -4.4   0.6  336.  1.94  -0.67  7     7 144.8
2013 295 18  -0.4  -2.0  363.  1.74   0.65 17     6 144.8
2013 295 19  -2.2   0.6  369.  1.69  -0.41 17     6 144.8
2013 295 20  -3.1  -1.4  360.  1.40   0.25 17     8 144.8
2013 295 21  -3.6  -2.6  345.  1.09   0.66 20     5 144.8
2013 295 22  -3.9  -3.5  342.  1.09   0.92 20     2 144.8
2013 295 23  -4.6   0.4  334.  1.38  -0.43 20     1 144.8
2013 296  0  -4.2   1.3  327.  1.30  -0.69 10     0 151.1
2013 296  1  -6.0   1.2  349.  0.91  -0.87 10    -1 151.1
2013 296  2  -3.8  -1.3  352.  0.97   0.11 10    -2 151.1
2013 296  3   0.1  -2.7  370.  0.90   0.96 23    -3 151.1
2013 296  4   1.2  -3.6  380.  0.95   1.44 23    -3 151.1
2013 296  5   0.2  -2.8  375.  0.95   1.01 23    -6 151.1
2013 296  6  -3.2  -0.3  362.  0.71  -0.40 17   -10 151.1
2013 296  7  -4.7   0.1  355.  0.67  -0.82 17   -13 151.1
2013 296  8  -2.1  -3.5  360.  0.60   0.72 17    -8 151.1
2013 296  9  -2.4  -3.8  356.  0.66   0.75 13    -8 151.1
2013 296 10  -4.1  -1.8  347.  0.56  -0.17 13   -10 151.1
2013 296 11  -3.4  -2.9  343.  0.55   0.27 13    -6 151.1
2013 296 12  -4.7  -0.1  335.  0.54  -0.74  3    -2 151.1
2013 296 13  -4.3  -0.9  338.  0.72  -0.41  3     0 151.1
2013 296 14  -3.8  -1.5  342.  0.78  -0.10  3     3 151.1
2013 296 15  -4.3  -0.9  333.  0.85  -0.30  0     2 151.1
2013 296 16  -4.7   0.4  328.  0.79  -0.66  0     2 151.1
2013 296 17  -4.7  -0.1  314.  0.66  -0.44  0     2 151.1
2013 296 18  -4.7   1.8  314.  0.57  -0.94  3     1 151.1
2013 296 19  -3.6   4.3  323.  0.64  -1.61  3     2 151.1
2013 296 20  -2.3   4.0  323.  0.94  -1.42  3     3 151.1
2013 296 21  -2.0   3.7  326.  1.01  -1.30  0     3 151.1
2013 296 22  -4.0   2.3  314.  0.88  -0.94  0     0 151.1
2013 296 23  -4.1   0.6  310.  0.79  -0.40  0    -3 151.1
2013 297  0  -4.4   0.1  313.  0.86  -0.31  3    -5 158.8
2013 297  1  -4.7  -0.5  323.  1.00  -0.19  3    -5 158.8
2013 297  2  -4.9   1.8  329.  1.08  -0.99  3    -4 158.8
2013 297  3  -1.1   5.0  331.  1.15  -1.69 10     0 158.8
2013 297  4  -4.3   4.2  335.  0.83  -1.81 10     1 158.8
2013 297  5  -4.3   4.1  342.  0.97  -1.88 10     5 158.8
2013 297  6  -1.4   5.8  348.  0.90  -2.02  0     5 158.8
2013 297  7   0.0   5.7  346.  1.07  -1.76  0     5 158.8
2013 297  8  -0.6   5.6  348.  1.15  -1.81  0     5 158.8
2013 297  9  -2.3   5.3  352.  1.02  -2.01 10     5 158.8
2013 297 10  -6.7   2.0  344.  0.73  -1.75 10     5 158.8
2013 297 11  -6.8   1.9  344.  0.69  -1.72 10     5 158.8
2013 297 12  -6.2   1.2  343.  0.81  -1.37  3     7 158.8
2013 297 13  -6.7   0.8  345.  0.69  -1.31  3     7 158.8
2013 297 14  -4.9   0.4  357.  1.13  -0.89  3     8 158.8
2013 297 15  -4.8   0.9  331.  0.82  -0.89  0     8 158.8
2013 297 16  -5.1   0.7  332.  0.79  -0.80  0     8 158.8
2013 297 17  -5.3   0.0  335.  0.76  -0.54  0     8 158.8
2013 297 18  -4.7   1.6  325.  0.71  -0.91  0     7 158.8
2013 297 19  -4.7  -0.6  324.  0.72  -0.16  0     8 158.8
2013 297 20  -4.4   0.7  322.  0.76  -0.52  0     7 158.8
2013 297 21  -4.2   0.7  318.  0.75  -0.48  0     5 158.8
2013 297 22  -3.5   0.1  306.  0.68  -0.21  0     2 158.8
2013 297 23  -3.5   0.3  298.  0.53  -0.27  0    -2 158.8
2013 298  0  -4.1   0.8  308.  0.65  -0.49  0    -3 159.6
2013 298  1  -3.7   1.4  307.  0.64  -0.68  0    -4 159.6
2013 298  2  -4.9  -0.9  321.  0.61  -0.13  0    -4 159.6
2013 298  3  -5.2  -1.9  320.  0.49   0.10  3    -5 159.6
2013 298  4  -4.1  -2.4  317.  0.56   0.29  3    -3 159.6
2013 298  5  -3.3   1.2  339.  0.87  -0.81  3     2 159.6
2013 298  6  -3.6  -1.5  327.  0.90  -0.07  7     5 159.6
2013 298  7  -3.8  -1.5  328.  0.84  -0.13  7     5 159.6
2013 298  8  -3.5  -1.3  330.  0.96  -0.20  7     4 159.6
2013 298  9  -2.9  -0.8  326.  0.91  -0.23  0     1 159.6
2013 298 10  -2.8  -0.7  323.  0.79  -0.26  0     0 159.6
2013 298 11  -2.3  -0.7  325.  0.83  -0.16  0     2 159.6
2013 298 12  -2.3  -0.6  320.  0.76  -0.19  3     1 159.6
2013 298 13  -2.3  -0.8  306.  0.46  -0.09  3     0 159.6
2013 298 14  -1.7  -0.9  309.  0.50   0.03  3    -1 159.6
2013 298 15  -2.1  -0.4  314.  0.48  -0.13  7    -2 159.6
2013 298 16  -1.8  -0.1  309.  0.48  -0.15  7     1 159.6
2013 298 17  -1.3  -0.5  303.  0.49   0.03  7     3 159.6
2013 298 18  -1.5  -0.2  308.  0.49  -0.06  3     3 159.6
2013 298 19  -1.8   0.2  311.  0.49  -0.19  3     6 159.6
2013 298 20  -1.8   0.5  309.  0.46  -0.28  3     6 159.6
2013 298 21  -1.7  -1.6  322.  0.83   0.42 10     8 159.6
2013 298 22  -2.3  -1.3  312.  0.62   0.28 10     3 159.6
2013 298 23  -1.7  -1.6  314.  0.71   0.41 10     3 159.6
2013 299  0  -2.1   0.0  305.  0.84  -0.12  3     2 169.7
2013 299  1  -2.1  -1.1  303.  0.80   0.18  3     1 169.7
2013 299  2  -1.9   0.5  307.  0.83  -0.31  3    -1 169.7
2013 299  3  -3.0  -0.7  295.  0.65  -0.06  0    -1 169.7
2013 299  4  -3.1  -1.0  293.  0.59  -0.03  0     0 169.7
2013 299  5  -2.9  -0.1  291.  0.66  -0.29  0     3 169.7
2013 299  6  -2.4  -1.5  291.  0.70   0.09  3     5 169.7
2013 299  7  -1.7  -2.1  287.  0.82   0.32  3     7 169.7
2013 299  8  -1.8  -2.1  293.  0.53   0.29  3     4 169.7
2013 299  9  -1.9  -2.0  300.  0.64   0.24  3     4 169.7
2013 299 10  -1.7  -2.3  298.  0.61   0.33  3     4 169.7
2013 299 11  -2.0  -2.1  297.  0.63   0.24  3     3 169.7
2013 299 12  -1.5  -2.9  290.  0.57   0.52  0     1 169.7
2013 299 13  -2.2  -2.4  290.  0.61   0.32  0     1 169.7
2013 299 14  -2.6  -2.0  296.  0.61   0.21  0     0 169.7
2013 299 15  -2.4  -1.9  295.  0.59   0.24  3     0 169.7
2013 299 16  -2.5  -1.6  294.  0.52   0.18  3     1 169.7
2013 299 17  -2.3  -1.6  292.  0.54   0.23  3     4 169.7
2013 299 18  -1.2  -2.6  290.  0.52   0.64  3     3 169.7
2013 299 19  -2.4  -1.0  295.  0.56   0.12  3     1 169.7
2013 299 20  -2.5  -0.4  290.  0.52  -0.03  3     1 169.7
2013 299 21  -2.5  -0.9  288.  0.61   0.12 10     2 169.7
2013 299 22  -2.8  -0.7  285.  0.56   0.06 10     2 169.7
2013 299 23  -4.1   1.1  298.  0.97  -0.54 10     4 169.7
2013 300  0  -3.2   2.7  299.  1.00  -0.99  0     5 164.8
2013 300  1  -2.9   2.3  297.  1.28  -0.86  0     7 164.8
2013 300  2  -3.3   2.3  300.  1.31  -0.93  0     6 164.8
2013 300  3  -2.6   3.9  299.  1.14  -1.35  0     5 164.8
2013 300  4  -0.4   5.8  299.  0.99  -1.67  0     3 164.8
2013 300  5   2.1   4.2  296.  1.32  -0.92  0     5 164.8
2013 300  6   2.0   3.0  293.  1.51  -0.56  7     6 164.8
2013 300  7   1.8   3.1  290.  1.44  -0.55  7     4 164.8
2013 300  8   1.5   3.6  291.  1.50  -0.70  7     7 164.8
2013 300  9   1.9   3.5  289.  1.47  -0.61  7    10 164.8
2013 300 10  -2.3   0.7  280.  1.28  -0.48  7    12 164.8
2013 300 11  -3.8  -1.2  275.  1.10  -0.22  7    12 164.8
2013 300 12   0.8   1.0  276.  1.21  -0.14 10    11 164.8
2013 300 13   3.8   2.2  286.  0.80  -0.09 10     9 164.8
2013 300 14   3.1   2.2  276.  0.94  -0.19 10     8 164.8
2013 300 15   0.3   1.6  273.  1.23  -0.38  3     8 164.8
2013 300 16   2.0   1.3  272.  1.36  -0.14  3    10 164.8
2013 300 17   2.9  -1.0  280.  1.97   0.50  3    11 164.8
2013 300 18   2.2  -0.7  280.  1.83   0.34 10     8 164.8
2013 300 19   0.8   0.5  279.  1.91  -0.08 10     6 164.8
2013 300 20   1.1  -0.2  277.  1.95   0.11 10     7 164.8
2013 300 21   1.6  -0.7  276.  2.06   0.28  0    10 164.8
2013 300 22   1.4   0.6  277.  2.18  -0.11  0     8 164.8
2013 300 23   2.0   2.2  277.  1.98  -0.50  0     6 164.8
2013 301  0   3.6   1.5  283.  2.02  -0.23  3     7 157.8
2013 301  1  -2.5   3.6  278.  1.71  -1.11  3     4 157.8
2013 301  2  -5.2   2.4  279.  1.21  -1.00  3     3 157.8
2013 301  3  -6.0   0.6  279.  1.13  -0.64  3     6 157.8
2013 301  4  -5.3  -1.7  279.  1.34  -0.06  3     7 157.8
2013 301  5  -2.8  -0.8  285.  1.20  -0.09  3     7 157.8
2013 301  6   0.3   4.1  281.  0.85  -1.01  3     5 157.8
2013 301  7  -0.3   3.1  274.  1.14  -0.79  3    10 157.8
2013 301  8  -1.6   3.9  276.  1.11  -1.16  3     9 157.8
2013 301  9  -1.6   2.3  275.  1.59  -0.77  3     9 157.8
2013 301 10  -1.6   2.2  280.  1.43  -0.76  3     9 157.8
2013 301 11  -1.6   2.6  285.  1.26  -0.88  3     9 157.8
2013 301 12  -1.9   2.8  285.  1.07  -0.97  0     9 157.8
2013 301 13  -2.6   3.2  280.  0.84  -1.12  0     7 157.8
2013 301 14  -3.4   3.0  280.  0.72  -1.15  0     5 157.8
2013 301 15  -3.7   2.3  277.  0.78  -0.97  3     7 157.8
2013 301 16  -4.0   2.2  276.  0.74  -0.94  3     8 157.8
2013 301 17  -4.0   2.0  273.  0.71  -0.85  3     8 157.8
2013 301 18  -4.8   2.0  282.  0.74  -0.90  0     7 157.8
2013 301 19  -5.1   1.6  285.  0.76  -0.77  0     5 157.8
2013 301 20  -4.7   0.9  291.  1.02  -0.52  0     7 157.8
2013 301 21  -4.6   1.8  294.  0.92  -0.76  0     8 157.8
2013 301 22  -4.4   2.3  290.  0.85  -0.87  0     8 157.8
2013 301 23  -4.0   1.8  290.  0.91  -0.70  0     8 157.8
2013 302  0  -0.9  -1.1  295.  1.04   0.27  0     7 150.6
2013 302  1  -2.9  -0.7  305.  1.20   0.03  0     8 150.6
2013 302  2  -2.5   2.1  308.  1.33  -0.80  0     8 150.6
2013 302  3  -1.8   2.1  313.  1.24  -0.78  0     7 150.6
2013 302  4  -2.9   1.4  313.  1.40  -0.72  0     8 150.6
2013 302  5  -3.5   1.8  310.  1.15  -0.93  0     9 150.6
2013 302  6  -3.7   2.1  316.  1.25  -1.07  3    11 150.6
2013 302  7  -3.8   2.3  315.  1.29  -1.20  3    11 150.6
2013 302  8  -2.7  -0.2  301.  1.22  -0.33  3     9 150.6
2013 302  9  -0.1  -4.2  297.  0.81   1.07 27     5 150.6
2013 302 10  -1.8  -5.3  305.  0.85   1.13 27     8 150.6
2013 302 11  -2.0  -7.0  339.  2.49   1.76 27     6 150.6
2013 302 12  -6.8   1.0  339.  3.20  -1.39 20     0 150.6
2013 302 13  -5.6   8.2  322.  2.39  -3.16 20     5 150.6
2013 302 14  -4.3   7.1  317.  2.41  -2.60 20     9 150.6
2013 302 15   1.9   8.1  325.  1.82  -2.21  7     7 150.6
2013 302 16   6.2   0.4  317.  1.76   0.54  7     7 150.6
2013 302 17   5.5   1.1  321.  2.30   0.16  7     7 150.6
2013 302 18   5.7  -2.1  329.  1.73   1.15 23     5 150.6
2013 302 19   0.4  -5.1  327.  2.43   1.67 23     2 150.6
2013 302 20  -1.3  -0.9  335.  2.96   0.20 23    -4 150.6
2013 302 21  -0.6   2.9  328.  2.86  -0.98 23    -3 150.6
2013 302 22  -2.6   3.4  316.  2.50  -1.20 23     2 150.6
2013 302 23   2.8   3.1  319.  2.52  -0.83 23     4 150.6
2013 303  0   6.2   2.6  329.  3.02  -0.49  3     5 139.9
2013 303  1   3.3   1.3  309.  2.88  -0.19  3     3 139.9
2013 303  2   1.5  -0.8  314.  2.59   0.35  3    -2 139.9
2013 303  3   2.1  -0.5  321.  2.31   0.35  7    -2 139.9
2013 303  4   0.6   4.4  315.  2.62  -1.26  7     2 139.9
2013 303  5   1.7   3.8  327.  2.98  -0.95  7     5 139.9
2013 303  6   5.7  -4.1  329.  2.73   2.01 23     0 139.9
2013 303  7   3.5  -4.8  323.  3.45   1.91 23    -8 139.9
2013 303  8   2.5  -6.4  310.  2.21   2.11 23   -18 139.9
2013 303  9   2.6  -7.7  321.  2.69   2.57 30   -25 139.9
2013 303 10  -3.4  -9.1  334.  2.26   2.10 30   -29 139.9
2013 303 11  -0.9  -9.0  334.  2.45   2.50 30   -35 139.9
2013 303 12  -6.4  -1.7  348.  1.96  -0.52 30   -34 139.9
2013 303 13  -3.2  -4.8  355.  2.07   1.03 30   -30 139.9
2013 303 14  -0.1  -7.8  350.  2.01   2.48 30   -26 139.9
2013 303 15   0.7  -4.8  346.  2.01   1.63 33   -26 139.9
2013 303 16   1.4  -2.9  353.  1.94   1.13 33   -25 139.9
2013 303 17   4.2  -3.4  359.  1.97   1.62 33   -24 139.9
2013 303 18   5.7  -3.5  373.  2.11   1.79 33   -26 139.9
2013 303 19   3.9  -3.3  354.  1.43   1.42 33   -35 139.9
2013 303 20   2.3  -7.7  357.  1.35   2.86 33   -41 139.9
2013 303 21   1.9  -7.9  348.  1.22   2.82 40   -47 139.9
2013 303 22   0.1  -7.1  341.  1.21   2.39 40   -55 139.9
2013 303 23  -3.7  -2.6  335.  1.72   0.67 40   -56 139.9
2013 304  0  -6.7   1.0  343.  1.74  -0.72 20   -46 140.5
2013 304  1  -7.2   1.5  345.  1.84  -1.00 20   -39 140.5
2013 304  2  -7.1   1.2  337.  1.42  -0.94 20   -38 140.5
2013 304  3  -6.7   0.2  337.  1.22  -0.67  3   -39 140.5
2013 304  4  -6.4   0.8  339.  1.19  -0.95  3   -36 140.5
2013 304  5  -5.9   0.9  332.  1.26  -1.00  3   -33 140.5
2013 304  6  -4.1  -0.2  331.  1.36  -0.50  7   -31 140.5
2013 304  7  -4.8   1.5  335.  1.49  -1.17  7   -29 140.5
2013 304  8  -2.9   3.1  332.  1.56  -1.36  7   -29 140.5
2013 304  9  -0.2   0.8  333.  1.87  -0.27 17   -24 140.5
2013 304 10  -4.1   3.0  348.  2.10  -1.60 17   -18 140.5
2013 304 11   0.4   4.7  379.  3.45  -1.48 17   -12 140.5
2013 304 12  -4.2  10.6  383.  1.09  -4.33 20   -15 140.5
2013 304 13  -6.5   6.7  377.  1.61  -3.36 20   -13 140.5
2013 304 14  -3.1   4.7  372.  2.26  -2.08 20   -11 140.5
2013 304 15  -3.6   6.6  385.  2.50  -2.89 23    -9 140.5
2013 304 16  -5.9   4.3  406.  2.24  -2.44 23   -10 140.5
2013 304 17  -4.0   2.8  411.  3.87  -1.56 23   -11 140.5
2013 304 18  -2.5  -4.0  394.  0.81   1.30 13   -19 140.5
2013 304 19   1.1  -0.8  374.  0.97   0.37 13   -21 140.5
2013 304 20  -3.2  -4.5  381.  1.02   1.49 13   -23 140.5
2013 304 21  -2.5  -2.5  406.  1.14   0.85 20   -22 140.5
2013 304 22  -0.1  -2.0  399.  1.36   0.80 20   -25 140.5
2013 304 23  -0.4  -4.6  379.  1.38   1.71 20   -24 140.5
