2015 305  0   6.3   1.6  339.  1.77  -0.17 13   -17 122.4
2015 305  1   6.6   0.3  341.  1.68   0.34 13   -16 122.4
2015 305  2   7.6   0.1  348.  2.05   0.59 13   -14 122.4
2015 305  3   7.4  -0.6  355.  2.29   0.92 33   -12 122.4
2015 305  4   4.2  -2.0  355.  2.65   1.14 33   -12 122.4
2015 305  5   4.5  -4.7  356.  3.19   2.14 33   -16 122.4
2015 305  6   3.9  -3.6  347.  2.50   1.70 23   -24 122.4
2015 305  7   6.2   0.4  343.  2.16   0.82 23   -31 122.4
2015 305  8   3.9   2.3  337.  2.30  -0.07 23   -26 122.4
2015 305  9   2.6  -4.1  357.  2.35   1.71 23   -24 122.4
2015 305 10   2.7  -5.0  358.  2.25   2.04 23   -32 122.4
2015 305 11   4.3  -2.2  350.  2.02   1.40 23   -40 122.4
2015 305 12   3.9  -2.5  348.  1.95   1.39 30   -37 122.4
2015 305 13   3.3  -3.1  354.  2.17   1.49 30   -30 122.4
2015 305 14   1.4  -4.1  350.  1.99   1.50 30   -31 122.4
2015 305 15   2.2  -3.7  355.  2.02   1.49 17   -32 122.4
2015 305 16   2.7  -3.2  356.  2.24   1.39 17   -33 122.4
2015 305 17   3.8  -2.3  342.  1.77   1.13 17   -31 122.4
2015 305 18   4.0  -2.3  346.  1.98   1.11 23   -29 122.4
2015 305 19   0.2  -0.7  348.  3.24   0.24 23   -23 122.4
2015 305 20  -2.4   0.7  338.  3.52  -0.37 23   -19 122.4
2015 305 21  -0.6   2.2  326.  2.45  -0.75  7   -16 122.4
2015 305 22  -1.0   1.5  321.  2.16  -0.51  7   -15 122.4
2015 305 23  -2.6   1.3  330.  3.15  -0.56  7   -10 122.4
2015 306  0  -3.2   0.3  331.  3.35  -0.26  3    -8 120.1
2015 306  1  -3.8   1.3  327.  2.71  -0.65  3    -7 120.1
2015 306  2  -4.7  -0.0  332.  3.33  -0.37  3     0 120.1
2015 306  3  -1.9   0.9  322.  2.58  -0.45  0     1 120.1
2015 306  4  -4.5  -1.1  331.  2.37  -0.13  0    -1 120.1
2015 306  5  -4.1  -0.6  332.  2.15  -0.30  0    -5 120.1
2015 306  6  -3.8  -0.4  329.  2.20  -0.39  3    -5 120.1
2015 306  7  -4.1  -0.6  326.  2.21  -0.39  3    -2 120.1
2015 306  8  -3.0   1.7  329.  2.04  -0.95  3    -2 120.1
2015 306  9  -3.3  -0.9  329.  2.02  -0.26  3    -3 120.1
2015 306 10  -1.7  -0.2  323.  2.11  -0.19  3    -3 120.1
2015 306 11  -3.6  -2.1  330.  2.19   0.07  3    -5 120.1
2015 306 12  -2.9   1.7  337.  3.58  -0.94 27     0 120.1
2015 306 13   0.3  -3.0  330.  3.44   0.92 27     0 120.1
2015 306 14  -2.8  -0.2  333.  3.09  -0.30 27   -10 120.1
2015 306 15  -2.3  -0.5  317.  2.79  -0.13 23   -14 120.1
2015 306 16  -3.6   0.1  317.  2.68  -0.38 23   -13 120.1
2015 306 17  -2.6   0.5  311.  2.35  -0.37 23   -11 120.1
2015 306 18  -2.7   3.5  318.  2.36  -1.27  0   -10 120.1
2015 306 19  -3.9   3.4  316.  2.23  -1.30  0   -10 120.1
2015 306 20  -3.0   3.3  314.  2.25  -1.19  0    -9 120.1
2015 306 21  -1.8   3.3  313.  2.47  -1.10 13    -6 120.1
2015 306 22  -2.4   1.0  309.  2.55  -0.40 13    -3 120.1
2015 306 23  -2.0   0.2  313.  3.59  -0.16 13     7 120.1
2015 307  0  -2.7   0.9  330.  5.62  -0.43 23    11 122.2
2015 307  1  -4.1   1.1  337.  8.16  -0.61 23    23 122.2
2015 307  2  -5.6  -3.8  339. 14.47   0.85 23    29 122.2
2015 307  3  -1.9  -3.5  344. 16.22   1.00 33    22 122.2
2015 307  4   4.5  -2.3  352. 20.40   1.27 33    25 122.2
2015 307  5  -6.0   5.7  356. 20.88  -2.67 33    13 122.2
2015 307  6  -9.4  -0.6  360. 25.63  -1.15 50    24 122.2
2015 307  7   2.0   6.0  403. 40.93  -1.85 50    36 122.2
2015 307  8   6.9   0.5  494.  8.55   1.33 50   -18 122.2
2015 307  9  14.1   1.5  473.  7.76   2.51 47   -37 122.2
2015 307 10  15.2   6.2  478.  6.91   0.81 47   -35 122.2
2015 307 11   5.2  -0.5  534.  7.90   1.55 47   -39 122.2
2015 307 12   0.4   0.8  656.  4.41  -0.33 43   -51 122.2
2015 307 13   4.6   0.7  668.  4.88   0.87 43   -43 122.2
2015 307 14   2.8   0.8  641.  4.35   0.26 43   -39 122.2
2015 307 15   2.4   4.4  644.  4.67  -2.13 43   -38 122.2
2015 307 16   5.0   2.3  631.  4.46  -0.38 43   -35 122.2
2015 307 17   6.5   0.4  634.  4.36   0.89 43   -34 122.2
2015 307 18   6.4  -3.7  657.  4.56   3.35 47   -37 122.2
2015 307 19   6.0  -0.9  715.  3.54   1.50 47   -50 122.2
2015 307 20   5.4  -0.1  708.  3.23   0.71 47   -47 122.2
2015 307 21   4.9   2.7  695.  3.12  -1.32 33   -40 122.2
2015 307 22   3.8   1.5  680.  2.35  -0.68 33   -41 122.2
2015 307 23   2.4  -0.6  678.  2.23   0.61 33   -41 122.2
2015 308  0   2.2  -1.0  698.  2.38   0.91 43   -45 112.0
2015 308  1   3.2   0.9  683.  2.40  -0.20 43   -46 112.0
2015 308  2   3.0  -0.6  647.  2.12   0.78 43   -43 112.0
2015 308  3   3.1   1.5  664.  2.85  -0.40 53   -34 112.0
2015 308  4   0.4  -1.0  731.  7.56   0.80 53   -14 112.0
2015 308  5   5.3  -3.3  721.  6.28   3.60 53   -27 112.0
2015 308  6   6.0  -3.0  720.  5.44   3.67 50   -37 112.0
2015 308  7   5.3   1.4  717.  5.27   0.72 50   -39 112.0
2015 308  8   7.1   0.3  705.  4.53   2.04 50   -35 112.0
2015 308  9   6.9  -1.3  683.  3.40   3.01 43   -38 112.0
2015 308 10   7.1   0.3  673.  2.84   2.09 43   -41 112.0
2015 308 11   6.4  -0.3  648.  2.58   2.07 43   -51 112.0
2015 308 12   4.7  -2.6  648.  2.56   2.85 50   -56 112.0
2015 308 13   4.0  -3.9  642.  2.58   3.34 50   -52 112.0
2015 308 14   4.7   2.1  635.  2.94  -0.06 50   -43 112.0
2015 308 15   1.8   4.2  670.  5.59  -2.21 27   -40 112.0
2015 308 16   1.3   3.2  663.  5.00  -1.72 27   -34 112.0
2015 308 17   2.1   4.2  653.  5.09  -2.29 27   -27 112.0
2015 308 18   2.2   1.7  637.  5.07  -0.76 23   -27 112.0
2015 308 19  -1.0   2.0  612.  6.17  -1.35 23   -21 112.0
2015 308 20  -3.8   0.5  597.  2.89  -0.66 23   -26 112.0
2015 308 21  -3.9   4.4  595.  2.41  -2.92 20   -32 112.0
2015 308 22  -3.5   2.2  580.  2.15  -1.57 20   -29 112.0
2015 308 23  -3.5  -0.4  574.  1.94  -0.06 20   -26 112.0
2015 309  0  -3.4  -0.1  562.  1.62  -0.22 23   -26 108.1
2015 309  1  -3.3  -0.4  568.  1.47  -0.11 23   -28 108.1
2015 309  2  -0.7   1.7  565.  1.50  -1.02 23   -24 108.1
2015 309  3  -2.5   0.9  557.  1.40  -0.84 17   -21 108.1
2015 309  4  -1.2  -0.4  555.  1.37  -0.00 17   -24 108.1
2015 309  5   1.5   1.0  550.  1.30  -0.22 17   -28 108.1
2015 309  6  -1.3   0.7  543.  1.13  -0.60 37   -27 108.1
2015 309  7   1.2   1.0  544.  1.32  -0.22 37   -31 108.1
2015 309  8   1.2  -0.5  538.  1.40   0.54 37   -33 108.1
2015 309  9   1.0  -2.0  545.  1.59   1.20 33   -34 108.1
2015 309 10   1.7  -1.8  544.  1.60   1.31 33   -34 108.1
2015 309 11   1.2  -2.1  544.  1.71   1.31 33   -33 108.1
2015 309 12   0.8   0.4  533.  1.55  -0.00 27   -32 108.1
2015 309 13  -2.3  -1.7  542.  1.84   0.33 27   -30 108.1
2015 309 14   0.8  -2.8  541.  2.02   1.57 27   -31 108.1
2015 309 15   1.7   0.2  549.  2.18   0.22 40   -31 108.1
2015 309 16   0.3  -3.2  545.  2.12   1.69 40   -32 108.1
2015 309 17  -2.1  -2.0  530.  1.86   0.74 40   -33 108.1
2015 309 18  -2.1  -1.1  527.  1.62   0.32 30   -36 108.1
2015 309 19  -0.6  -2.6  550.  1.14   1.32 30   -36 108.1
2015 309 20  -1.2  -1.7  557.  1.43   0.84 30   -34 108.1
2015 309 21   0.2  -1.5  551.  1.47   0.83 30   -35 108.1
2015 309 22   1.2  -1.6  537.  1.21   0.91 30   -37 108.1
2015 309 23   1.0  -2.0  533.  1.34   1.12 30   -35 108.1
2015 310  0  -0.2  -1.4  521.  1.23   0.73 37   -32 113.2
2015 310  1   1.5  -2.3  516.  1.14   1.29 37   -27 113.2
2015 310  2   1.1  -1.1  500.  1.06   0.65 37   -25 113.2
2015 310  3  -1.5  -2.1  491.  0.79   0.83 20   -24 113.2
2015 310  4  -1.1  -1.3  480.  0.84   0.43 20   -26 113.2
2015 310  5   0.0  -1.1  479.  0.85   0.48 20   -28 113.2
2015 310  6   1.2  -1.9  485.  1.00   1.07 20   -27 113.2
2015 310  7   4.1  -1.5  493.  1.18   1.53 20   -24 113.2
2015 310  8   2.4  -0.1  478.  1.07   0.57 20   -27 113.2
2015 310  9   2.5   0.6  477.  1.16   0.29 23   -25 113.2
2015 310 10   0.7   0.9  468.  1.20  -0.23 23   -24 113.2
2015 310 11   1.4   1.9  467.  1.17  -0.51 23   -23 113.2
2015 310 12   2.6   1.3  469.  1.33  -0.00 20   -21 113.2
2015 310 13   3.2   2.1  477.  1.60  -0.29 20   -19 113.2
2015 310 14   1.1   2.1  468.  1.69  -0.70 20   -17 113.2
2015 310 15   1.7  -0.9  454.  1.40   0.64 13   -14 113.2
2015 310 16   4.4   2.1  478.  1.78  -0.33 13   -13 113.2
2015 310 17   3.8   1.6  451.  1.17  -0.27 13   -16 113.2
2015 310 18   9.0   3.1  502.  2.35  -0.55 40    -2 113.2
2015 310 19  13.0   7.7  580.  3.56  -3.02 40     0 113.2
2015 310 20  10.2   1.2  546.  3.89   0.22 40   -10 113.2
2015 310 21  14.5   3.1  558.  4.72  -0.61 43   -15 113.2
2015 310 22   4.0   8.3  607.  5.19  -4.67 43   -19 113.2
2015 310 23  11.6  -2.4  640.  5.06   2.50 43   -19 113.2
2015 311  0   8.8   7.9  603.  4.51  -3.98 47   -31 112.9
2015 311  1  12.3   5.1  618.  4.64  -1.85 47   -29 112.9
2015 311  2  11.5  -3.4  670.  4.25   3.82 47   -27 112.9
2015 311  3   3.6  -8.8  677.  3.53   6.36 60   -43 112.9
2015 311  4   7.2  -8.1  654.  3.57   6.47 60   -66 112.9
2015 311  5   5.1  -7.1  648.  3.36   5.44 60   -84 112.9
2015 311  6  -0.0  -4.2  598.  4.74   2.33 60   -87 112.9
2015 311  7   1.4  -9.5  591.  2.74   5.44 60   -82 112.9
2015 311  8  -5.6 -10.3  557.  1.09   3.79 60   -71 112.9
2015 311  9  -7.9  -9.9  569.  1.11   2.96 47   -80 112.9
2015 311 10  -4.6  -9.4  560.  1.97   3.53 47   -70 112.9
2015 311 11  -1.7  -9.6  556.  1.51   4.34 47   -62 112.9
2015 311 12  -5.7  -7.9  561.  1.43   2.58 40   -76 112.9
2015 311 13  -7.5  -8.4  552.  1.07   2.54 40   -75 112.9
2015 311 14  -9.8  -7.7  556.  1.13   1.89 40   -68 112.9
2015 311 15 -11.4  -5.3  551.  1.05   0.61 33   -69 112.9
2015 311 16 -10.8  -6.8  542.  1.26   1.79 33   -69 112.9
2015 311 17 -12.9  -7.1  543.  1.30   1.95 33   -65 112.9
2015 311 18 -12.4  -4.5  533.  1.04   0.96 33   -62 112.9
2015 311 19 -13.4  -0.4  521.  1.27  -1.04 33   -54 112.9
2015 311 20 -13.0   3.8  505.  0.79  -2.88 33   -50 112.9
2015 311 21 -11.8   5.6  497.  0.72  -3.53 10   -45 112.9
2015 311 22 -11.0   7.2  488.  0.91  -4.15 10   -42 112.9
2015 311 23 -10.7   8.2  485.  1.16  -4.61 10   -38 112.9
2015 312  0  -9.9   9.1  492.  1.13  -5.12 13   -33 105.7
2015 312  1  -8.3  10.1  486.  0.93  -5.49 13   -30 105.7
2015 312  2  -9.2   9.2  482.  1.53  -5.21 13   -24 105.7
2015 312  3  -6.4   9.0  483.  1.59  -4.97  7   -23 105.7
2015 312  4  -1.3   8.9  486.  1.04  -4.33  7   -29 105.7
2015 312  5  -0.1   8.5  480.  1.06  -3.84  7   -27 105.7
2015 312  6   2.3   7.4  479.  1.24  -2.87  7   -24 105.7
2015 312  7   2.8   6.4  474.  1.12  -2.23  7   -24 105.7
2015 312  8   4.9   4.0  474.  1.26  -0.71  7   -24 105.7
2015 312  9   4.0   5.3  472.  1.20  -1.37 20   -27 105.7
2015 312 10   4.1   6.2  476.  1.04  -1.76 20   -29 105.7
2015 312 11   8.1  -1.4  498.  1.34   2.44 20   -28 105.7
2015 312 12   7.3   0.7  471.  0.98   1.18 33   -38 105.7
2015 312 13   6.3  -2.5  465.  1.30   2.23 33   -41 105.7
2015 312 14   6.8  -1.1  451.  1.22   1.58 33   -43 105.7
2015 312 15   6.7   1.4  453.  0.94   0.41 30   -44 105.7
2015 312 16   5.0   2.7  465.  0.66  -0.51 30   -45 105.7
2015 312 17   4.9   1.4  489.  1.21  -0.05 30   -42 105.7
2015 312 18   5.0  -4.4  504.  1.46   2.67 43   -43 105.7
2015 312 19   3.6  -4.3  524.  1.66   2.57 43   -49 105.7
2015 312 20   2.6  -3.7  525.  1.85   2.10 43   -48 105.7
2015 312 21   3.5  -2.4  533.  1.84   1.49 40   -47 105.7
2015 312 22   2.7  -1.9  525.  1.59   1.16 40   -49 105.7
2015 312 23   3.6  -1.9  496.  1.58   1.14 40   -50 105.7
2015 313  0   3.2  -1.7  510.  1.67   1.07 40   -47 105.6
2015 313  1   1.4  -2.2  464.  1.09   1.11 40   -46 105.6
2015 313  2   3.3  -2.0  458.  0.98   1.19 40   -45 105.6
2015 313  3   4.6  -1.2  492.  1.58   1.13 37   -49 105.6
2015 313  4   3.1  -2.9  497.  1.59   1.84 37   -49 105.6
2015 313  5   2.7  -3.1  490.  1.74   1.86 37   -46 105.6
2015 313  6   2.6  -3.0  499.  1.84   1.90 40   -46 105.6
2015 313  7   3.1  -3.9  491.  1.73   2.36 40   -44 105.6
2015 313  8   2.2  -3.8  494.  1.84   2.17 40   -42 105.6
2015 313  9   1.7  -3.8  497.  1.82   2.09 37   -48 105.6
2015 313 10   2.1  -3.9  489.  2.11   2.15 37   -47 105.6
2015 313 11   2.3  -4.9  487.  2.15   2.63 37   -42 105.6
2015 313 12   3.1  -4.7  485.  2.49   2.72 30   -45 105.6
2015 313 13   3.6  -4.3  467.  2.56   2.52 30   -49 105.6
2015 313 14   5.8  -2.3  468.  2.28   2.01 30   -51 105.6
2015 313 15   5.4  -2.6  472.  2.16   1.98 37   -54 105.6
2015 313 16   5.5  -0.5  506.  2.30   1.06 37   -55 105.6
2015 313 17   5.6   3.4  513.  1.49  -0.97 37   -50 105.6
2015 313 18   7.7  -0.6  527.  1.59   1.16 40   -42 105.6
2015 313 19   6.8   1.7  537.  1.91  -0.27 40   -40 105.6
2015 313 20   9.7   0.8  587.  2.96   0.35 40   -32 105.6
2015 313 21   9.0  -0.0  604.  2.80   0.66 47   -32 105.6
2015 313 22   7.2   3.3  593.  2.88  -1.48 47   -36 105.6
2015 313 23   4.9   6.6  599.  2.80  -3.59 47   -28 105.6
2015 314  0   5.0  -3.6  597.  3.85   2.51 43   -25 103.3
2015 314  1   3.4  -1.8  577.  3.29   1.33 43   -27 103.3
2015 314  2   4.7  -0.5  584.  3.28   0.82 43   -30 103.3
2015 314  3   5.9  -2.8  610.  3.64   2.50 40   -34 103.3
2015 314  4   2.7   2.2  590.  2.89  -0.83 40   -42 103.3
2015 314  5   6.2   1.5  624.  3.17   0.37 40   -39 103.3
2015 314  6   6.6  -2.1  658.  3.37   2.90 50   -37 103.3
2015 314  7   6.6  -2.7  664.  2.95   3.39 50   -48 103.3
2015 314  8   4.2  -0.5  640.  2.62   1.41 50   -54 103.3
2015 314  9   3.4  -0.5  638.  2.42   1.21 53   -49 103.3
2015 314 10   6.3   1.2  677.  2.91   1.15 53   -40 103.3
2015 314 11   5.0  -4.5  697.  2.89   4.32 53   -40 103.3
2015 314 12   3.1  -3.5  694.  2.63   3.12 53   -54 103.3
2015 314 13   2.3  -0.1  682.  2.49   0.68 53   -56 103.3
2015 314 14   0.0   1.0  670.  2.04  -0.60 53   -53 103.3
2015 314 15   3.0  -1.1  704.  2.42   1.41 43   -47 103.3
2015 314 16   3.7  -0.5  720.  2.34   1.08 43   -48 103.3
2015 314 17   2.3   0.1  714.  2.12   0.36 43   -48 103.3
2015 314 18   2.2  -1.2  658.  1.40   1.05 37   -44 103.3
2015 314 19   1.4   4.1  672.  1.64  -2.55 37   -44 103.3
2015 314 20   3.4  -1.8  684.  2.08   1.50 37   -35 103.3
2015 314 21   2.5  -0.0  669.  2.10   0.20 37   -34 103.3
2015 314 22   3.0  -0.1  682.  2.35   0.27 37   -32 103.3
2015 314 23  -0.6   2.4  688.  2.60  -1.72 37   -32 103.3
2015 315  0   0.9  -0.9  676.  2.42   0.68 47   -31 102.9
2015 315  1   1.9  -1.8  673.  2.32   1.41 47   -25 102.9
2015 315  2  -0.2   2.4  666.  2.08  -1.60 47   -22 102.9
2015 315  3   1.3   0.6  654.  1.67  -0.20 30   -21 102.9
2015 315  4   2.8  -0.7  693.  1.98   0.97 30   -25 102.9
2015 315  5   2.4  -1.3  703.  2.07   1.41 30   -31 102.9
2015 315  6   0.7  -0.7  682.  1.86   0.61 40   -33 102.9
2015 315  7   1.1  -0.9  683.  1.84   0.89 40   -33 102.9
2015 315  8   2.6  -0.5  681.  1.80   1.02 40   -30 102.9
2015 315  9   0.1   1.3  682.  1.87  -0.75 30   -30 102.9
2015 315 10  -1.2   0.7  694.  2.05  -0.83 30   -27 102.9
2015 315 11   1.6  -0.6  680.  1.85   0.82 30   -29 102.9
2015 315 12   0.4  -1.5  682.  1.80   1.02 37   -26 102.9
2015 315 13   1.2  -1.5  683.  1.82   1.23 37   -29 102.9
2015 315 14  -0.1  -1.3  678.  1.94   0.81 37   -27 102.9
2015 315 15   1.2  -0.1  678.  1.81   0.34 43   -29 102.9
2015 315 16   0.5  -0.1  671.  1.79   0.13 43   -30 102.9
2015 315 17   1.8  -1.8  678.  1.53   1.49 43   -34 102.9
2015 315 18   2.3  -0.6  677.  1.27   0.68 37   -36 102.9
2015 315 19   2.5  -1.4  665.  1.27   1.20 37   -36 102.9
2015 315 20   1.3  -0.5  634.  1.20   0.44 37   -34 102.9
2015 315 21   0.4   0.9  629.  0.99  -0.57 13   -31 102.9
2015 315 22   1.5   0.6  627.  0.88  -0.25 13   -31 102.9
2015 315 23   1.6   0.2  609.  0.63  -0.00 13   -32 102.9
2015 316  0   1.8   0.0  585.  0.59   0.12 10   -28 101.4
2015 316  1   1.6   1.0  574.  0.63  -0.46 10   -26 101.4
2015 316  2   0.4   0.1  554.  0.84  -0.00 10   -23 101.4
2015 316  3  -0.1   1.0  552.  0.95  -0.55  3   -24 101.4
2015 316  4   0.1  -0.6  539.  0.95   0.32  3   -23 101.4
2015 316  5   0.0   0.1  535.  0.90  -0.05  3   -20 101.4
2015 316  6   0.7  -1.0  524.  0.89   0.63 13   -20 101.4
2015 316  7  -0.4  -2.0  502.  0.77   0.85 13   -25 101.4
2015 316  8   0.2  -2.2  509.  1.02   1.07 13   -27 101.4
2015 316  9   1.9  -0.0  519.  1.14   0.42 17   -32 101.4
2015 316 10   0.8   1.1  506.  0.82  -0.30 17   -33 101.4
2015 316 11   0.6   0.7  501.  0.68  -0.20 17   -35 101.4
2015 316 12  -0.6  -1.4  482.  0.62   0.48  7   -34 101.4
2015 316 13   1.0  -0.5  478.  0.77   0.38  7   -32 101.4
2015 316 14   0.5  -0.5  471.  0.79   0.28  7   -30 101.4
2015 316 15   0.2  -0.4  468.  0.78   0.19 10   -29 101.4
2015 316 16   0.0  -0.1  463.  0.80   0.05 10   -27 101.4
2015 316 17   0.7   0.1  470.  0.94   0.05 10   -24 101.4
2015 316 18   1.5  -0.1  466.  1.12   0.19  7   -24 101.4
2015 316 19   2.4   0.3  454.  1.05   0.05  7   -23 101.4
2015 316 20   2.4   1.6  450.  0.90  -0.58  7   -24 101.4
2015 316 21   1.5   1.6  430.  1.00  -0.60 10   -22 101.4
2015 316 22   0.8  -0.7  425.  1.02   0.34 10   -21 101.4
2015 316 23   1.0  -1.9  424.  1.08   0.85 10   -23 101.4
2015 317  0  -0.2  -3.1  417.  1.09   1.29 17   -24 100.8
2015 317  1   2.0   2.2  399.  1.12  -0.76 17   -23 100.8
2015 317  2   1.7  -0.2  394.  1.08   0.20 17   -18 100.8
2015 317  3   0.5  -1.3  393.  1.23   0.55 13   -17 100.8
2015 317  4   0.4  -0.5  387.  1.24   0.23 13   -14 100.8
2015 317  5   0.6   0.3  380.  1.24  -0.04 13   -13 100.8
2015 317  6   0.0  -0.3  380.  1.17   0.11 10   -12 100.8
2015 317  7   0.4  -0.6  374.  1.30   0.26 10   -13 100.8
2015 317  8  -0.9  -1.7  368.  1.56   0.44 10   -14 100.8
2015 317  9  -1.7  -3.7  383.  2.45   1.00 23   -13 100.8
2015 317 10  -2.2  -5.2  391.  3.63   1.45 23   -11 100.8
2015 317 11  -3.9  -4.5  396.  4.81   0.95 23    -8 100.8
2015 317 12  -5.3  -5.8  407.  7.11   1.26 30    -7 100.8
2015 317 13   4.7  -5.0  410.  7.71   2.62 30    -5 100.8
2015 317 14   7.6  -2.9  409.  5.89   2.21 30   -18 100.8
2015 317 15   7.5   5.3  414.  4.43  -1.12 37   -31 100.8
2015 317 16   7.9   4.6  424.  3.78  -0.98 37   -25 100.8
2015 317 17   6.8   0.3  441.  3.56   0.53 37   -24 100.8
2015 317 18   4.9  -1.6  466.  3.41   1.17 37   -23 100.8
2015 317 19   5.1   3.7  458.  3.01  -1.33 37   -23 100.8
2015 317 20   4.4   2.3  468.  3.13  -0.84 37   -20 100.8
2015 317 21   4.1  -1.6  465.  2.82   0.93 37   -18 100.8
2015 317 22   4.2  -1.0  474.  2.85   0.66 37   -24 100.8
2015 317 23   4.1   1.9  467.  2.77  -0.70 37   -28 100.8
2015 318  0   3.2  -2.7  462.  2.55   1.39 30   -24 104.1
2015 318  1   4.6   0.9  481.  2.35  -0.14 30   -24 104.1
2015 318  2   3.5   0.3  472.  2.20   0.14 30   -22 104.1
2015 318  3   4.7  -0.9  478.  1.98   0.91 23   -25 104.1
2015 318  4   5.1  -0.9  480.  1.81   1.06 23   -28 104.1
2015 318  5   4.4  -0.7  477.  1.92   0.95 23   -27 104.1
2015 318  6   4.9   0.5  474.  1.86   0.57 20   -27 104.1
2015 318  7   3.7   2.2  465.  1.74  -0.28 20   -30 104.1
2015 318  8   2.8   1.4  457.  1.54  -0.05 20   -27 104.1
2015 318  9   2.2   1.1  460.  1.46  -0.05 20   -27 104.1
2015 318 10   2.8  -0.5  451.  1.37   0.72 20   -28 104.1
2015 318 11   3.8  -0.2  454.  1.35   0.82 20   -24 104.1
2015 318 12   3.3  -0.1  462.  1.80   0.65 20   -26 104.1
2015 318 13   1.6  -1.6  460.  2.45   0.97 20   -23 104.1
2015 318 14  -0.9   1.3  456.  2.36  -0.68 20   -25 104.1
2015 318 15   0.7   1.0  466.  1.90  -0.33 13   -23 104.1
2015 318 16   1.9  -0.9  463.  1.94   0.65 13   -19 104.1
2015 318 17   0.7   0.5  456.  1.80  -0.14 13   -17 104.1
2015 318 18   2.5   0.6  440.  2.07  -0.04 13   -17 104.1
2015 318 19   2.1  -1.4  433.  2.14   0.74 13   -13 104.1
2015 318 20   1.3   1.7  442.  2.57  -0.66 13   -14 104.1
2015 318 21   2.3   1.9  457.  3.70  -0.78 23    -7 104.1
2015 318 22   4.3  -0.1  448.  3.63   0.22 23    -6 104.1
2015 318 23   5.5   0.5  434.  2.69  -0.00 23   -11 104.1
2015 319  0   5.1   1.6  427.  2.39  -0.47 20   -11 103.5
2015 319  1   4.5   2.5  423.  2.25  -0.80 20    -9 103.5
2015 319  2   4.6   2.8  418.  2.37  -0.84 20    -7 103.5
2015 319  3   4.9   0.9  414.  2.03   0.04 23    -8 103.5
2015 319  4   4.7   0.0  408.  1.90   0.49 23   -12 103.5
2015 319  5   2.7  -0.7  396.  2.08   0.59 23   -12 103.5
2015 319  6   3.2  -1.2  392.  1.83   0.86 13   -10 103.5
2015 319  7   2.3  -0.8  385.  1.46   0.62 13   -12 103.5
2015 319  8   3.8   1.8  394.  1.85  -0.04 13   -15 103.5
2015 319  9   4.8   2.7  401.  2.66  -0.16 20   -15 103.5
2015 319 10   5.6   1.2  388.  2.99   0.50 20   -13 103.5
2015 319 11   5.2   2.8  401.  3.06  -0.16 20   -10 103.5
2015 319 12   4.8   3.3  404.  3.06  -0.44 13   -10 103.5
2015 319 13   4.3   4.0  406.  2.85  -0.85 13    -8 103.5
2015 319 14   3.6   4.2  407.  3.20  -1.10 13    -8 103.5
2015 319 15   2.6   4.4  414.  3.51  -1.41 13    -4 103.5
2015 319 16   2.0   6.7  413.  3.24  -2.48 13    -3 103.5
2015 319 17   4.2   6.0  417.  2.28  -2.08 13    -6 103.5
2015 319 18   7.8   1.4  410.  1.84  -0.00 20    -4 103.5
2015 319 19   7.5   0.5  411.  2.14   0.21 20    -4 103.5
2015 319 20   7.0  -0.9  414.  2.40   0.66 20    -4 103.5
2015 319 21   7.2  -2.1  404.  1.90   1.09 30    -8 103.5
2015 319 22   6.3  -3.7  401.  1.69   1.68 30   -16 103.5
2015 319 23   5.4  -4.7  400.  1.48   2.04 30   -19 103.5
2015 320  0   5.2  -5.0  398.  1.36   2.19 33   -22 103.2
2015 320  1   5.4  -4.5  393.  1.38   2.00 33   -24 103.2
2015 320  2   6.0  -3.4  383.  1.41   1.65 33   -26 103.2
2015 320  3   6.3  -2.8  376.  1.48   1.50 27   -26 103.2
2015 320  4   7.7   0.2  385.  1.60   0.65 27   -29 103.2
2015 320  5   5.1  -4.4  390.  1.76   2.22 27   -26 103.2
2015 320  6   6.4   3.3  386.  2.06  -0.39 23   -28 103.2
2015 320  7   6.6  -1.2  385.  2.32   1.39 23   -23 103.2
2015 320  8   5.6  -2.3  384.  2.06   1.65 23   -24 103.2
2015 320  9   6.6  -1.3  386.  2.29   1.51 23   -22 103.2
2015 320 10   7.1   0.8  384.  2.14   0.84 23   -26 103.2
2015 320 11   6.1   1.9  380.  2.51   0.30 23   -26 103.2
2015 320 12   5.5  -4.2  375.  1.61   2.25 30   -30 103.2
2015 320 13   5.9  -4.0  375.  1.61   2.21 30   -33 103.2
2015 320 14   4.5  -4.8  371.  1.61   2.23 30   -37 103.2
2015 320 15   5.6  -2.1  373.  1.98   1.38 27   -38 103.2
2015 320 16   5.9  -1.4  376.  1.79   1.05 27   -37 103.2
2015 320 17   5.4  -3.8  375.  1.56   1.80 27   -34 103.2
2015 320 18   5.8   1.5  373.  1.64  -0.19 23   -32 103.2
2015 320 19   5.9   0.5  371.  1.90   0.11 23   -27 103.2
2015 320 20   5.7   0.2  374.  1.82   0.15 23   -24 103.2
2015 320 21   4.8  -0.3  370.  1.55   0.26 27   -24 103.2
2015 320 22   4.6  -0.2  369.  1.38   0.18 27   -23 103.2
2015 320 23   4.8   1.6  368.  1.44  -0.48 27   -22 103.2
2015 321  0   5.3   2.2  372.  1.29  -0.63 17   -20 104.6
2015 321  1   4.5  -1.0  368.  1.53   0.55 17   -14 104.6
2015 321  2   3.4  -2.6  373.  2.11   1.16 17   -13 104.6
2015 321  3   4.0  -0.9  369.  2.03   0.63 30   -14 104.6
2015 321  4   5.0   0.9  370.  1.68   0.11 30   -17 104.6
2015 321  5   5.5   1.9  368.  1.40  -0.07 30   -16 104.6
2015 321  6   5.9   1.8  370.  1.50   0.11 10   -15 104.6
2015 321  7   4.8   4.1  369.  1.81  -0.77 10   -14 104.6
2015 321  8   4.2  -0.6  365.  1.66   0.80 10   -15 104.6
2015 321  9   3.9   0.3  368.  2.04   0.48 13   -14 104.6
2015 321 10   3.9   1.1  368.  2.48   0.22 13   -12 104.6
2015 321 11   3.8   0.3  367.  2.57   0.48 13   -10 104.6
2015 321 12   3.7   0.6  363.  2.69   0.33  7   -12 104.6
2015 321 13   4.1  -1.2  367.  2.02   0.95  7   -14 104.6
2015 321 14   3.2  -1.8  365.  2.29   0.99  7   -15 104.6
2015 321 15   3.1  -0.7  369.  2.63   0.59 27   -16 104.6
2015 321 16   4.1  -0.9  369.  2.56   0.70 27   -17 104.6
2015 321 17   3.7  -2.1  367.  2.68   1.03 27   -18 104.6
2015 321 18   3.1  -2.1  362.  2.56   0.94 27   -15 104.6
2015 321 19   3.0  -1.7  362.  3.18   0.76 27    -8 104.6
2015 321 20   3.4  -1.8  364.  2.58   0.76 27    -5 104.6
2015 321 21  -1.2  -2.1  365.  2.98   0.73 17    -2 104.6
2015 321 22  -3.0  -0.6  362.  3.00   0.14 17    -4 104.6
2015 321 23  -4.0   1.5  369.  2.38  -0.66 17    -7 104.6
2015 322  0  -3.5   2.1  371.  1.83  -0.89  7    -8 105.1
2015 322  1  -4.4   0.7  373.  1.81  -0.45  7    -6 105.1
2015 322  2  -3.2  -3.1  370.  2.41   0.96  7    -4 105.1
2015 322  3  -1.8  -2.4  368.  2.48   0.74 27    -8 105.1
2015 322  4  -3.3   2.3  367.  2.34  -1.10 27    -4 105.1
2015 322  5  -3.8   1.4  368.  2.52  -0.88 27     1 105.1
2015 322  6  -4.4   2.9  369.  2.64  -1.55 17     3 105.1
2015 322  7  -3.0   0.7  369.  2.82  -0.63 17     0 105.1
2015 322  8   1.4  -6.0  379.  2.25   2.31 17    -8 105.1
2015 322  9   0.8  -6.7  371.  2.03   2.41 23   -21 105.1
2015 322 10   1.2  -5.5  361.  2.04   1.99 23   -25 105.1
2015 322 11  -2.2  -4.4  357.  2.18   1.14 23   -29 105.1
2015 322 12  -3.7   1.1  370.  2.24  -0.89 20   -26 105.1
2015 322 13  -2.8   5.8  377.  2.07  -2.41 20   -22 105.1
2015 322 14  -0.8  -4.7  387.  2.02   1.63 20   -24 105.1
2015 322 15   2.1  -3.3  396.  2.15   1.50 30   -27 105.1
2015 322 16  -2.0  -1.8  378.  1.77   0.49 30   -27 105.1
2015 322 17  -5.0   2.2  396.  2.11  -1.23 30   -22 105.1
2015 322 18  -4.2   5.7  423.  2.64  -2.66 37   -17 105.1
2015 322 19  -2.1   1.2  412.  2.95  -0.58 37   -15 105.1
2015 322 20  -4.7  -5.1  448.  5.47   2.11 37    -3 105.1
2015 322 21  -5.6  -3.3  469.  6.53   1.36 50    -9 105.1
2015 322 22   1.1 -10.1  469.  6.48   4.74 50   -22 105.1
2015 322 23  -5.8  -1.0  487.  6.72   0.34 50   -34 105.1
2015 323  0  -2.0  -0.4  468.  6.80   0.14 37   -22 105.6
2015 323  1  -2.7   2.1  468.  6.63  -1.12 37   -18 105.6
2015 323  2  -1.9   1.0  469.  5.97  -0.56 37   -24 105.6
2015 323  3   1.5   5.0  465.  4.95  -2.14 20   -25 105.6
2015 323  4   3.7   2.6  463.  4.47  -0.79 20   -25 105.6
2015 323  5   0.7   2.9  458.  3.70  -1.19 20   -25 105.6
2015 323  6  -1.4   3.7  455.  3.35  -1.82 17   -22 105.6
2015 323  7  -1.2   1.8  447.  3.47  -0.94 17   -20 105.6
2015 323  8  -0.9   3.0  442.  3.31  -1.37 17   -22 105.6
2015 323  9  -2.1   0.1  437.  3.11  -0.39 30   -25 105.6
2015 323 10  -0.3  -0.5  435.  2.91   0.13 30   -26 105.6
2015 323 11  -0.1  -1.6  429.  2.75   0.60 30   -32 105.6
2015 323 12  -0.5   0.4  429.  2.90  -0.26 17   -35 105.6
2015 323 13   0.1   2.9  428.  3.12  -1.16 17   -27 105.6
2015 323 14  -3.2   3.1  430.  3.20  -1.72 17   -22 105.6
2015 323 15  -2.7   3.7  422.  2.99  -1.81  3   -18 105.6
2015 323 16  -1.8   2.9  422.  2.93  -1.35  3   -17 105.6
2015 323 17  -2.7  -0.4  417.  2.76  -0.04  3   -14 105.6
2015 323 18  -3.0   3.4  405.  2.89  -1.54 10   -13 105.6
2015 323 19   0.2   2.2  400.  2.84  -0.88 10   -11 105.6
2015 323 20  -1.0   4.1  409.  2.65  -1.72 10    -9 105.6
2015 323 21  -0.6   3.0  412.  2.49  -1.24  3    -5 105.6
2015 323 22  -3.6   3.7  399.  2.64  -1.56  3    -6 105.6
2015 323 23  -1.3   5.6  402.  2.41  -2.29  3    -9 105.6
2015 324  0  -3.9   2.9  404.  2.94  -1.29  3    -6 108.4
2015 324  1  -3.0   0.9  399.  3.59  -0.48  3    -3 108.4
2015 324  2  -0.9   3.1  401.  3.77  -1.28  3    -3 108.4
2015 324  3  -4.7   2.5  394.  3.17  -1.30 10    -4 108.4
2015 324  4  -5.3   3.2  397.  2.07  -1.71 10    -9 108.4
2015 324  5  -5.1   0.8  389.  2.59  -0.82 10    -6 108.4
2015 324  6  -5.3   2.7  388.  3.02  -1.63 23    -6 108.4
2015 324  7  -5.5   0.2  382.  5.57  -0.80 23     7 108.4
2015 324  8  -0.4  -4.4  386.  3.45   1.51 23     0 108.4
2015 324  9  -1.6  -1.5  387.  3.23   0.31 23   -10 108.4
2015 324 10  -5.9   1.6  382.  2.50  -1.45 23   -11 108.4
2015 324 11  -5.4   0.7  384.  2.09  -1.04 23    -9 108.4
2015 324 12  -5.7   2.7  390.  2.39  -1.79  3    -8 108.4
2015 324 13  -4.6   4.0  380.  2.28  -2.01  3    -8 108.4
2015 324 14  -4.1   4.5  378.  2.57  -2.12  3    -5 108.4
2015 324 15  -4.8   3.8  374.  2.23  -1.87  0    -5 108.4
2015 324 16  -4.5   4.1  373.  2.22  -1.86  0    -5 108.4
2015 324 17  -3.6   5.0  372.  2.31  -2.08  0    -4 108.4
2015 324 18  -4.9   5.0  376.  2.77  -2.11  0     1 108.4
2015 324 19  -5.4   6.1  384.  3.38  -2.53  0     6 108.4
2015 324 20  -5.8   6.8  393.  3.44  -2.83  0    10 108.4
2015 324 21  -6.5   5.3  404.  3.47  -2.26 10    12 108.4
2015 324 22  -3.2   6.1  403.  2.94  -2.50 10    10 108.4
2015 324 23  -2.9   6.8  397.  2.92  -2.74 10     8 108.4
2015 325  0  -5.7  -3.1  405.  2.07   1.09 20     1 119.2
2015 325  1  -5.1  -3.6  409.  1.48   1.27 20    -6 119.2
2015 325  2  -5.3  -2.3  406.  1.54   0.65 20   -13 119.2
2015 325  3  -4.3  -1.5  398.  2.09   0.32 10   -13 119.2
2015 325  4  -4.2  -0.7  394.  1.94  -0.08 10   -11 119.2
2015 325  5  -3.9   1.7  403.  2.05  -1.09 10    -9 119.2
2015 325  6  -4.6   0.3  394.  1.94  -0.67  3    -7 119.2
2015 325  7  -3.4  -0.7  390.  1.97  -0.20  3    -7 119.2
2015 325  8  -3.8  -0.3  394.  2.09  -0.43  3    -7 119.2
2015 325  9  -3.8   1.3  406.  2.06  -1.10  3    -6 119.2
2015 325 10  -3.9   2.0  404.  2.09  -1.37  3    -5 119.2
2015 325 11  -4.8   0.0  395.  1.91  -0.71  3    -7 119.2
2015 325 12  -4.6  -0.5  399.  1.82  -0.48  0    -8 119.2
2015 325 13  -4.4   0.2  394.  1.78  -0.67  0    -7 119.2
2015 325 14  -4.0   1.8  386.  1.90  -1.12  0    -4 119.2
2015 325 15  -4.4   1.4  376.  1.88  -0.94  0    -1 119.2
2015 325 16  -4.7   1.1  372.  1.84  -0.78  0    -2 119.2
2015 325 17  -4.8  -1.1  373.  1.78   0.07  0    -3 119.2
2015 325 18  -4.8  -0.9  370.  1.82   0.07  3    -5 119.2
2015 325 19  -4.8   0.6  368.  1.87  -0.40  3    -4 119.2
2015 325 20  -4.9   0.3  363.  1.82  -0.22  3    -3 119.2
2015 325 21  -4.7   1.9  358.  1.78  -0.75  3    -1 119.2
2015 325 22  -3.9   1.1  354.  1.75  -0.42  3     0 119.2
2015 325 23  -3.2   1.4  337.  1.49  -0.51  3    -1 119.2
2015 326  0  -4.3   1.0  351.  1.57  -0.42  7    -2 119.9
2015 326  1  -4.5   0.2  357.  1.54  -0.21  7    -2 119.9
2015 326  2  -4.3  -1.0  349.  1.44   0.17  7    -4 119.9
2015 326  3  -3.5   0.6  348.  1.57  -0.42  7    -6 119.9
2015 326  4  -4.0   0.7  352.  1.55  -0.53  7    -7 119.9
2015 326  5  -1.8  -3.1  349.  1.53   0.87  7    -5 119.9
2015 326  6  -3.6  -0.2  353.  1.63  -0.32  7    -6 119.9
2015 326  7  -3.0  -1.2  341.  1.60   0.03  7    -6 119.9
2015 326  8  -3.5   0.7  344.  1.52  -0.65  7    -4 119.9
2015 326  9  -3.1   0.4  346.  1.55  -0.55  0    -3 119.9
2015 326 10  -3.5  -0.2  340.  1.44  -0.41  0    -3 119.9
2015 326 11  -2.7   0.9  331.  1.27  -0.63  0    -5 119.9
2015 326 12  -3.8  -0.7  339.  1.30  -0.24  0    -6 119.9
2015 326 13  -3.3  -2.2  339.  1.19   0.34  0   -10 119.9
2015 326 14  -3.2   0.9  331.  1.18  -0.60  0   -11 119.9
2015 326 15  -3.3   0.6  330.  1.25  -0.46  3    -7 119.9
2015 326 16  -3.1  -0.7  330.  1.34  -0.00  3    -6 119.9
2015 326 17  -4.0  -0.3  334.  1.42  -0.13  3    -3 119.9
2015 326 18  -3.8  -0.2  331.  1.44  -0.10  3     0 119.9
2015 326 19  -3.0   0.6  333.  1.41  -0.30  3     0 119.9
2015 326 20  -1.1   3.1  328.  1.24  -1.05  3     1 119.9
2015 326 21  -2.0   0.9  332.  1.40  -0.33  0     4 119.9
2015 326 22  -4.3  -0.7  336.  1.49   0.20  0     4 119.9
2015 326 23  -3.7   1.0  330.  1.45  -0.36  0     2 119.9
2015 327  0  -2.3   2.8  330.  1.40  -0.96  0     3 116.7
2015 327  1  -2.2   1.7  325.  1.33  -0.62  0     3 116.7
2015 327  2  -0.7   2.6  330.  1.27  -0.89  0     2 116.7
2015 327  3  -2.8  -1.5  341.  1.50   0.38  0     2 116.7
2015 327  4  -2.5  -2.4  340.  1.41   0.61  0     0 116.7
2015 327  5   0.7   0.0  327.  1.34   0.07  0    -2 116.7
2015 327  6   1.0   1.0  326.  1.29  -0.23  7    -4 116.7
2015 327  7   2.7   2.6  330.  1.31  -0.53  7    -5 116.7
2015 327  8   1.9   2.7  325.  1.29  -0.58  7    -5 116.7
2015 327  9   1.4   2.5  322.  1.23  -0.58  0    -2 116.7
2015 327 10   1.6   1.8  324.  1.24  -0.36  0    -1 116.7
2015 327 11   0.3   0.9  328.  1.34  -0.23  0    -2 116.7
2015 327 12  -2.9   0.4  329.  1.36  -0.46  7    -4 116.7
2015 327 13  -2.3  -1.7  334.  1.42   0.30  7    -4 116.7
2015 327 14  -1.8  -0.5  328.  1.28  -0.03  7    -2 116.7
2015 327 15  -1.2   0.9  321.  1.21  -0.39  0    -1 116.7
2015 327 16  -1.8   0.9  324.  1.22  -0.42  0    -1 116.7
2015 327 17  -2.4   0.0  323.  1.15  -0.13  0     0 116.7
2015 327 18  -2.3  -1.3  322.  1.13   0.32  3    -1 116.7
2015 327 19  -3.1  -0.4  321.  1.12   0.03  3    -1 116.7
2015 327 20  -3.2  -0.5  319.  1.12   0.10  3     2 116.7
2015 327 21  -2.7   0.2  317.  1.13  -0.10  3     4 116.7
2015 327 22  -1.2  -0.3  313.  1.11   0.09  3     4 116.7
2015 327 23  -1.1  -0.0  310.  1.04  -0.00  3     5 116.7
2015 328  0  -0.6   0.9  307.  0.96  -0.28  0     5 110.3
2015 328  1  -0.7   1.8  310.  1.07  -0.56  0     4 110.3
2015 328  2  -0.9   1.4  310.  1.09  -0.47  0     3 110.3
2015 328  3  -0.6   0.5  307.  1.00  -0.18  0     2 110.3
2015 328  4  -1.4   0.2  305.  0.96  -0.15  0     2 110.3
2015 328  5  -1.1   0.4  305.  0.95  -0.21  0     3 110.3
2015 328  6  -0.7   0.4  304.  0.94  -0.18  0     2 110.3
2015 328  7  -1.1  -0.6  302.  1.04   0.06  0     1 110.3
2015 328  8  -0.3  -0.7  303.  1.01   0.15  0     0 110.3
2015 328  9  -1.4  -0.8  300.  1.02   0.06  0     0 110.3
2015 328 10  -1.4  -1.0  298.  1.06   0.12  0    -2 110.3
2015 328 11  -1.6  -1.0  295.  1.06   0.09  0    -3 110.3
2015 328 12  -1.7  -0.7  295.  1.07   0.03  0    -2 110.3
2015 328 13  -1.4  -0.8  292.  1.03   0.09  0    -2 110.3
2015 328 14  -1.0  -1.5  292.  1.04   0.32  0    -1 110.3
2015 328 15  -1.6  -0.6  290.  1.04   0.06  0     2 110.3
2015 328 16  -2.0   0.0  286.  1.02  -0.11  0     3 110.3
2015 328 17  -2.4   0.5  288.  1.06  -0.26  0     4 110.3
2015 328 18  -2.4   1.0  290.  1.07  -0.38  0     6 110.3
2015 328 19  -1.9   1.5  286.  0.97  -0.46  0     7 110.3
2015 328 20  -1.8   0.8  286.  1.12  -0.26  0     7 110.3
2015 328 21  -1.6   0.8  285.  1.16  -0.23  0     7 110.3
2015 328 22  -1.6   0.3  285.  1.23  -0.09  0     6 110.3
2015 328 23  -1.6   0.0  282.  1.17  -0.00  0     4 110.3
2015 329  0  -1.5  -0.2  280.  1.20   0.03  0     5 106.2
2015 329  1  -1.4   0.7  278.  1.14  -0.22  0     5 106.2
2015 329  2  -1.8   0.6  279.  1.18  -0.22  0     6 106.2
2015 329  3  -2.3   0.4  278.  1.19  -0.19  0     6 106.2
2015 329  4  -2.5   0.7  278.  1.22  -0.33  0     6 106.2
2015 329  5  -2.9   0.4  279.  1.28  -0.31  0     7 106.2
2015 329  6  -3.0   0.3  276.  1.26  -0.30  0     7 106.2
2015 329  7  -3.0   0.8  274.  1.34  -0.47  0     7 106.2
2015 329  8  -3.1   1.2  271.  1.44  -0.60  0     6 106.2
2015 329  9  -2.9   1.9  273.  1.49  -0.76  0     5 106.2
2015 329 10  -3.1   1.4  273.  1.43  -0.66  0     5 106.2
2015 329 11  -3.4   1.4  273.  1.36  -0.68  0     7 106.2
2015 329 12  -3.0   2.5  272.  1.51  -0.92  0     9 106.2
2015 329 13  -2.5   2.6  270.  1.59  -0.89  0    11 106.2
2015 329 14  -2.0   2.2  270.  1.56  -0.73  0    12 106.2
2015 329 15  -2.8   2.0  270.  1.36  -0.70  0    12 106.2
2015 329 16  -2.7   2.5  270.  1.38  -0.81  0    11 106.2
2015 329 17  -2.1   1.9  271.  1.48  -0.60  0    12 106.2
2015 329 18  -3.4   1.4  269.  1.35  -0.48  0    13 106.2
2015 329 19  -3.9   1.2  269.  1.31  -0.40  0    13 106.2
2015 329 20  -3.8   2.2  267.  1.24  -0.64  0    12 106.2
2015 329 21   1.4   1.4  267.  1.56  -0.37  0    15 106.2
2015 329 22   0.7   1.8  266.  1.62  -0.48  0    14 106.2
2015 329 23  -1.2   2.3  262.  1.57  -0.60  0    13 106.2
2015 330  0  -2.1   2.1  260.  1.54  -0.57  0    14 101.2
2015 330  1  -2.1   1.4  259.  1.58  -0.39  0    13 101.2
2015 330  2  -1.2   1.7  259.  1.62  -0.47  0    11 101.2
2015 330  3  -1.5   1.3  260.  1.65  -0.39  0    12 101.2
2015 330  4  -1.5   1.0  260.  1.62  -0.34  0    13 101.2
2015 330  5  -3.2   1.4  263.  1.37  -0.55  0    14 101.2
2015 330  6  -1.9   1.8  264.  1.47  -0.61  0    14 101.2
2015 330  7  -0.7   1.6  264.  1.38  -0.45  0    13 101.2
2015 330  8  -1.2   0.9  263.  1.35  -0.34  0    12 101.2
2015 330  9   0.8   2.4  266.  1.41  -0.53  0    10 101.2
2015 330 10   2.6   2.4  266.  1.36  -0.35  0     9 101.2
2015 330 11   2.5   2.0  268.  1.61  -0.27  0     9 101.2
2015 330 12   2.6   0.1  267.  1.67   0.21  0     6 101.2
2015 330 13   1.7  -2.3  263.  1.73   0.71  0     6 101.2
2015 330 14  -0.0  -2.8  264.  2.00   0.71  0    11 101.2
2015 330 15   2.8  -3.7  266.  1.70   1.14  3    10 101.2
2015 330 16   4.0  -3.2  266.  1.72   1.04  3     7 101.2
2015 330 17   4.0  -3.1  269.  1.73   1.00  3     3 101.2
2015 330 18   3.8  -3.5  267.  1.75   1.04 13    -1 101.2
2015 330 19   4.0  -4.7  270.  1.72   1.35 13    -5 101.2
2015 330 20   4.8  -4.4  275.  2.18   1.26 13    -5 101.2
2015 330 21   6.5  -2.9  274.  2.23   0.82 10    -6 101.2
2015 330 22   5.7  -2.3  266.  2.12   0.61 10    -7 101.2
2015 330 23   5.9  -1.6  266.  2.33   0.43 10    -7 101.2
2015 331  0   6.2  -0.0  270.  2.26   0.03 23    -9  96.3
2015 331  1   6.3  -0.5  272.  2.04   0.22 23   -10  96.3
2015 331  2   5.6  -4.0  272.  2.22   1.20 23   -10  96.3
2015 331  3   2.7  -7.3  277.  2.34   2.11 30    -9  96.3
2015 331  4   3.9  -6.5  274.  2.59   1.95 30   -10  96.3
2015 331  5   1.4  -8.0  272.  2.33   2.20 30    -9  96.3
2015 331  6   2.6  -4.6  263.  2.46   1.34 17    -6  96.3
2015 331  7   0.4  -3.4  282.  2.97   0.96 17    -3  96.3
2015 331  8  -4.3  -1.1  292.  2.77  -0.12 17    -6  96.3
2015 331  9  -4.8  -2.5  289.  2.64   0.20 13    -7  96.3
2015 331 10  -3.1  -3.1  297.  3.51   0.53 13    -4  96.3
2015 331 11  -0.4   2.7  309.  5.55  -0.83 13    -2  96.3
2015 331 12  -2.1   0.4  305.  4.96  -0.34 10    -7  96.3
2015 331 13  -1.8  -0.3  302.  4.06  -0.09 10    -8  96.3
2015 331 14  -3.0  -1.2  296.  3.45   0.09 10    -5  96.3
2015 331 15  -3.8  -0.8  288.  3.09  -0.03 10     0  96.3
2015 331 16  -6.0  -1.1  289.  2.92  -0.00 10    -4  96.3
2015 331 17  -5.5  -2.8  290.  2.85   0.58 10    -5  96.3
2015 331 18  -5.9   1.6  287.  2.02  -0.63  7    -3  96.3
2015 331 19  -5.7   2.1  290.  2.19  -0.70  7     1  96.3
2015 331 20  -6.9  -0.4  294.  2.22   0.06  7     1  96.3
2015 331 21  -7.5  -0.4  290.  2.15   0.09 13     2  96.3
2015 331 22  -7.9  -3.8  296.  2.26   1.12 13     2  96.3
2015 331 23  -7.9  -2.3  288.  2.16   0.66 13     2  96.3
2015 332  0  -6.7   1.3  284.  2.20  -0.40 10     3  94.0
2015 332  1  -5.1   3.2  290.  2.54  -0.99 10     8  94.0
2015 332  2  -5.7   2.6  298.  2.71  -0.89 10    11  94.0
2015 332  3  -7.6   3.4  299.  2.77  -1.29 10    12  94.0
2015 332  4  -8.7   2.1  307.  3.04  -1.07 10    13  94.0
2015 332  5 -11.3  -0.6  315.  3.23  -0.60 10    13  94.0
2015 332  6  -9.9  -1.7  299.  2.87  -0.30  7    11  94.0
2015 332  7 -10.5  -2.3  315.  3.55  -0.32  7    13  94.0
2015 332  8  -9.0   3.7  313.  3.74  -2.03  7    13  94.0
2015 332  9  -8.8   1.1  304.  3.37  -1.25 13    11  94.0
2015 332 10  -8.4   1.9  303.  3.50  -1.42 13    11  94.0
2015 332 11  -4.3  -8.6  310.  3.90   2.05 13     5  94.0
2015 332 12  -4.5  -8.7  309.  3.81   2.10 23    -7  94.0
2015 332 13  -9.0  -3.7  305.  3.70   0.27 23   -11  94.0
2015 332 14  -8.8  -1.7  308.  4.03  -0.22 23    -5  94.0
2015 332 15  -8.2   1.5  307.  4.31  -1.01 10     0  94.0
2015 332 16  -6.0  -0.3  308.  4.58  -0.25 10     7  94.0
2015 332 17  -4.9   6.6  318.  4.74  -2.29 10     8  94.0
2015 332 18  -7.0   1.8  311.  4.24  -0.75 23    11  94.0
2015 332 19  -5.4  -4.8  314.  4.76   1.41 23    10  94.0
2015 332 20  -5.2  -6.5  318.  5.25   2.04 23     3  94.0
2015 332 21  -1.6  -6.7  326.  5.46   2.18 27    -9  94.0
2015 332 22  -7.8  -1.2  331.  3.62   0.43 27   -11  94.0
2015 332 23  -4.9  -1.1  317.  2.64   0.35 27   -12  94.0
2015 333  0  -1.4   1.5  311.  2.56  -0.47 10    -9  92.9
2015 333  1  -0.9   6.2  332.  3.14  -2.06 10    -7  92.9
2015 333  2   3.4   8.0  360.  3.09  -2.81 10    -9  92.9
2015 333  3   1.4   7.9  363.  2.89  -2.80 10    -8  92.9
2015 333  4  -5.8   3.4  394.  3.25  -1.69 10    -3  92.9
2015 333  5  -9.5   1.0  411.  4.41  -1.23 10     5  92.9
2015 333  6  -5.7   8.5  421.  4.37  -4.08 17     7  92.9
2015 333  7  -6.8   8.9  408.  3.85  -4.28 17     6  92.9
2015 333  8  -7.7  -1.3  414.  3.98  -0.54 17     6  92.9
2015 333  9  -7.5  -4.2  409.  4.45   0.57 17    -3  92.9
2015 333 10  -3.8   3.7  407.  5.79  -1.95 17   -10  92.9
2015 333 11  -3.2   1.6  414.  6.71  -1.08 17    -6  92.9
2015 333 12  -4.2   0.6  410.  6.38  -0.78 20    -3  92.9
2015 333 13  -5.5  -2.3  422.  6.45   0.25 20    -1  92.9
2015 333 14  -4.3   0.0  407.  5.65  -0.45 20    -1  92.9
2015 333 15  -5.0   1.0  404.  4.16  -0.85 17    -2  92.9
2015 333 16  -7.4   0.1  403.  3.45  -0.56 17    -3  92.9
2015 333 17  -7.8   0.6  403.  3.69  -0.64 17    -2  92.9
2015 333 18  -5.5  -2.5  425.  4.71   0.85 30     3  92.9
2015 333 19  -0.4  -5.2  447.  7.38   2.32 30     6  92.9
2015 333 20  -7.0  -4.9  453.  6.37   2.17 30    -1  92.9
2015 333 21  -2.0  -6.5  461.  6.29   3.00 30    -8  92.9
2015 333 22   1.0  -5.5  457.  6.11   2.51 30   -15  92.9
2015 333 23   2.8  -2.5  466.  7.79   1.17 30   -14  92.9
2015 334  0   2.0  -2.6  464.  7.53   1.21 30   -11  93.1
2015 334  1   1.6  -0.4  461.  6.22   0.18 30   -12  93.1
2015 334  2   1.5   0.0  449.  7.66   0.04 30   -10  93.1
2015 334  3   0.3  -0.9  446.  7.33   0.40 33    -6  93.1
2015 334  4  -1.5  -1.9  448.  8.07   0.72 33    -3  93.1
2015 334  5   1.7   1.7  456. 10.09  -0.59 33     1  93.1
2015 334  6   4.0   5.4  453. 11.02  -1.90 50     9  93.1
2015 334  7   2.1  -3.6  454. 11.57   1.86 50     2  93.1
2015 334  8   6.7  -4.1  475.  6.85   2.85 50   -15  93.1
2015 334  9   3.8  -4.8  517.  5.96   3.00 37   -24  93.1
2015 334 10   3.9  -5.0  533.  4.60   3.20 37   -31  93.1
2015 334 11   3.7  -1.2  523.  3.14   1.26 37   -42  93.1
2015 334 12   1.5   1.6  523.  2.23  -0.58 23   -39  93.1
2015 334 13   0.4   0.6  519.  1.55  -0.26 23   -37  93.1
2015 334 14   1.7   1.0  525.  1.71  -0.26 23   -32  93.1
2015 334 15   2.7   1.2  522.  2.09  -0.31 17   -27  93.1
2015 334 16   1.2   0.6  491.  2.23  -0.20 17   -26  93.1
2015 334 17   2.6   0.8  512.  2.18  -0.26 17   -22  93.1
2015 334 18   2.3   1.5  491.  2.55  -0.64 23   -17  93.1
2015 334 19   2.6   2.2  532.  2.08  -1.12 23   -17  93.1
2015 334 20   2.5   0.5  533.  1.92  -0.27 23   -19  93.1
2015 334 21   2.8   0.7  505.  1.88  -0.35 23   -17  93.1
2015 334 22   4.5  -0.9  477.  2.36   0.38 23   -13  93.1
2015 334 23   3.5   0.3  472.  2.87  -0.19 23   -12  93.1
2015 335  0   3.2   0.8  463.  1.85  -0.37 23   -17  91.9
2015 335  1   1.9  -0.2  449.  1.97   0.09 23   -15  91.9
2015 335  2   4.4   0.7  461.  1.77  -0.23 23   -16  91.9
2015 335  3   4.0   0.9  453.  2.15  -0.23 30   -15  91.9
2015 335  4   0.8   0.9  442.  1.47  -0.35 30   -17  91.9
2015 335  5   1.5   0.3  436.  1.29  -0.00 30   -15  91.9
2015 335  6   1.8   0.1  438.  1.47   0.13 10   -12  91.9
2015 335  7   1.8   1.3  444.  1.88  -0.31 10   -11  91.9
2015 335  8  -4.9  -0.4  474.  3.24  -0.52 10    -4  91.9
2015 335  9  -2.7  -2.7  495.  3.31   0.84 20    -2  91.9
2015 335 10   4.1  -2.2  505.  2.83   1.72 20    -7  91.9
2015 335 11   4.6  -2.2  522.  2.13   1.88 20   -21  91.9
2015 335 12   2.0  -1.0  545.  1.81   0.87 30   -32  91.9
2015 335 13   3.8  -0.3  567.  2.13   0.74 30   -31  91.9
2015 335 14   5.1  -1.4  578.  2.26   1.50 30   -25  91.9
2015 335 15   2.6  -2.2  548.  1.87   1.48 37   -24  91.9
2015 335 16   3.1  -0.6  545.  2.65   0.60 37   -25  91.9
2015 335 17   2.8  -0.1  540.  2.93   0.22 37   -23  91.9
2015 335 18   4.7   0.1  554.  3.20   0.11 27   -22  91.9
2015 335 19   2.0  -5.5  496.  1.86   2.78 27   -26  91.9
2015 335 20   4.5  -3.7  485.  1.61   1.79 27   -34  91.9
2015 335 21   5.6  -2.7  516.  2.01   1.34 37   -33  91.9
2015 335 22   5.5  -2.5  491.  1.93   1.13 37   -27  91.9
2015 335 23   6.1  -1.5  491.  1.80   0.64 37   -26  91.9
2015 336  0   5.5  -0.8  464.  1.38   0.32 20   -28  92.6
2015 336  1   5.6   0.2  462.  1.56  -0.05 20   -29  92.6
2015 336  2   3.2   1.6  459.  2.04  -0.69 20   -26  92.6
2015 336  3   2.9  -2.4  457.  1.30   1.23 20   -26  92.6
2015 336  4   3.4   1.1  456.  1.17  -0.27 20   -25  92.6
2015 336  5   1.4   0.1  438.  0.95   0.09 20   -23  92.6
2015 336  6   2.9  -0.6  443.  0.86   0.58 27   -22  92.6
2015 336  7   3.9  -0.5  444.  0.87   0.71 27   -23  92.6
2015 336  8   2.7  -0.5  434.  0.75   0.56 27   -21  92.6
2015 336  9   3.6  -1.3  429.  0.64   1.03 13   -20  92.6
2015 336 10   3.9  -2.6  413.  0.46   1.53 13   -24  92.6
2015 336 11   3.6  -2.7  391.  0.35   1.45 13   -29  92.6
2015 336 12   3.3  -2.1  395.  0.60   1.19 23   -29  92.6
2015 336 13   4.2  -2.6  412.  0.54   1.48 23   -26  92.6
2015 336 14   4.7  -2.2  408.  0.64   1.35 23   -21  92.6
2015 336 15   4.0  -2.6  418.  0.66   1.38 23   -18  92.6
2015 336 16   4.4  -0.5  420.  1.04   0.50 23   -18  92.6
2015 336 17   3.4  -1.4  421.  0.99   0.76 23   -17  92.6
2015 336 18   3.9  -1.8  423.  1.04   0.89 17   -16  92.6
2015 336 19   3.3  -3.6  432.  1.12   1.60 17   -17  92.6
2015 336 20   3.5  -1.5  419.  1.09   0.63 17   -21  92.6
2015 336 21   4.7   0.5  430.  1.14  -0.26 17   -20  92.6
2015 336 22   0.5   2.2  413.  0.98  -0.91 17   -18  92.6
2015 336 23   2.3   1.4  418.  1.08  -0.63 17   -17  92.6
2015 337  0   3.4  -0.1  419.  1.16  -0.00 10   -18  91.8
2015 337  1   1.2  -0.2  405.  0.93   0.08 10   -21  91.8
2015 337  2   1.5   1.0  425.  1.16  -0.38 10   -19  91.8
2015 337  3  -1.1   0.7  436.  1.04  -0.35 13   -19  91.8
2015 337  4  -1.3   0.9  431.  1.15  -0.47 13   -17  91.8
2015 337  5  -0.0   0.0  395.  0.84  -0.00 13   -15  91.8
2015 337  6   2.0   0.3  398.  0.85   0.08 10   -13  91.8
2015 337  7   3.0   0.6  404.  1.02   0.08 10   -11  91.8
2015 337  8   3.8  -0.1  403.  1.02   0.48 10   -12  91.8
2015 337  9   4.4   1.0  415.  1.07   0.17  3   -11  91.8
2015 337 10   3.1  -0.1  395.  0.94   0.43  3   -11  91.8
2015 337 11   2.3   3.2  414.  1.00  -0.95  3   -12  91.8
2015 337 12   3.2   4.6  432.  1.19  -1.51  3   -11  91.8
2015 337 13   3.6   2.1  400.  1.12  -0.44  3   -12  91.8
2015 337 14   2.2   2.0  387.  0.75  -0.54  3   -13  91.8
2015 337 15   2.2   1.2  385.  0.83  -0.31  3   -12  91.8
2015 337 16   2.2  -0.4  379.  0.80   0.27  3   -11  91.8
2015 337 17   3.4  -0.9  380.  0.66   0.46  3   -10  91.8
2015 337 18   0.9   1.9  371.  0.66  -0.67 10    -8  91.8
2015 337 19   3.9   0.8  384.  0.75  -0.27 10    -6  91.8
2015 337 20   5.3  -0.3  407.  0.79   0.08 10    -4  91.8
2015 337 21   4.6  -1.1  386.  0.76   0.35 13    -7  91.8
2015 337 22   2.4  -0.3  376.  0.82   0.08 13    -9  91.8
2015 337 23   2.5   1.0  363.  0.73  -0.40 13   -10  91.8
2015 338  0   0.8   1.0  367.  1.01  -0.37 10    -8  94.8
2015 338  1   2.6  -1.3  364.  1.03   0.47 10    -9  94.8
2015 338  2   3.1   0.2  361.  1.07  -0.04 10    -8  94.8
2015 338  3   3.3  -1.0  372.  1.35   0.45 23   -10  94.8
2015 338  4   3.7   0.4  357.  1.00   0.04 23   -13  94.8
2015 338  5   4.9  -0.0  361.  1.03   0.32 23   -11  94.8
2015 338  6   5.5  -0.9  367.  1.01   0.77 13    -9  94.8
2015 338  7   4.8   0.0  364.  0.96   0.47 13    -9  94.8
2015 338  8   4.3  -1.4  370.  1.07   0.96 13    -9  94.8
2015 338  9   4.2   2.8  379.  1.14  -0.53  3   -10  94.8
2015 338 10   3.6   2.7  371.  1.08  -0.52  3   -10  94.8
2015 338 11   3.8   2.4  370.  0.99  -0.41  3    -9  94.8
2015 338 12   3.6   1.0  359.  0.93   0.04  3   -10  94.8
2015 338 13   3.2   1.8  369.  1.09  -0.33  3    -8  94.8
2015 338 14   5.7  -0.4  379.  1.18   0.64  3    -7  94.8
2015 338 15   5.1   0.8  378.  1.13   0.04  7    -6  94.8
2015 338 16   4.1   0.6  366.  0.93  -0.00  7    -8  94.8
2015 338 17   3.3   2.5  373.  0.88  -0.82  7    -7  94.8
2015 338 18   3.0   2.2  371.  0.88  -0.74  3    -4  94.8
2015 338 19   3.1   0.8  358.  0.85  -0.29  3    -4  94.8
2015 338 20   0.1  -1.4  353.  0.84   0.49  3    -5  94.8
2015 338 21  -0.5  -2.4  354.  0.82   0.85 17    -5  94.8
2015 338 22  -1.3  -3.3  360.  1.02   1.22 17    -7  94.8
2015 338 23  -2.0  -3.7  358.  1.08   1.36 17    -8  94.8
2015 339  0   4.1  -3.1  361.  1.20   1.05 13   -10  97.6
2015 339  1   6.2   1.1  373.  1.51  -0.45 13   -12  97.6
2015 339  2   7.1   1.2  379.  1.56  -0.38 13   -11  97.6
2015 339  3   7.0   1.2  384.  1.90  -0.27 13    -8  97.6
2015 339  4   6.1   2.4  386.  2.10  -0.66 13    -5  97.6
2015 339  5   6.0   3.3  381.  2.02  -0.84 13    -4  97.6
2015 339  6   2.5   7.3  385.  2.33  -2.54 37     2  97.6
2015 339  7   5.3  -1.1  388.  2.35   0.93 37     4  97.6
2015 339  8   4.8  -7.6  392.  2.31   3.37 37    -5  97.6
2015 339  9   1.7  -3.7  394.  3.82   1.58 37   -14  97.6
2015 339 10   4.4   4.1  416.  3.06  -1.08 37   -11  97.6
2015 339 11   7.4   2.0  410.  2.60   0.12 37    -7  97.6
2015 339 12   5.0   3.8  408.  2.74  -0.90 23    -7  97.6
2015 339 13   7.5  -0.4  407.  2.98   0.94 23    -9  97.6
2015 339 14   6.4  -0.3  407.  3.09   0.69 23   -11  97.6
2015 339 15   4.8  -3.0  427.  3.19   1.62 33   -14  97.6
2015 339 16   3.8  -3.9  435.  3.16   1.91 33   -18  97.6
2015 339 17   4.7   1.3  423.  3.08  -0.38 33   -21  97.6
2015 339 18   5.0  -0.7  438.  2.87   0.39 33   -15  97.6
2015 339 19   4.9  -2.8  468.  2.43   1.31 33   -14  97.6
2015 339 20   4.6  -3.1  473.  2.20   1.42 33   -19  97.6
2015 339 21   5.8  -0.9  455.  2.32   0.27 30   -21  97.6
2015 339 22   5.2  -1.1  459.  2.57   0.37 30   -18  97.6
2015 339 23   5.7  -1.3  464.  2.70   0.46 30   -15  97.6
2015 340  0   5.2  -0.3  464.  2.49   0.05 20   -13  99.3
2015 340  1   5.8  -0.1  467.  3.34  -0.00 20   -11  99.3
2015 340  2   6.4   1.2  451.  3.52  -0.50 20   -13  99.3
2015 340  3   4.5  -5.5  446.  3.64   2.59 40   -15  99.3
2015 340  4  -0.3  -6.4  455.  3.51   2.87 40   -20  99.3
2015 340  5  -2.1  -4.6  466.  2.92   1.96 40   -22  99.3
2015 340  6   1.9  -5.0  478.  3.03   2.53 27   -22  99.3
2015 340  7   1.6  -4.8  486.  2.99   2.43 27   -24  99.3
2015 340  8   2.9  -5.0  474.  3.03   2.65 27   -27  99.3
2015 340  9   1.2  -0.1  481.  2.39   0.19 43   -26  99.3
2015 340 10   3.5  -1.7  485.  2.19   1.31 43   -22  99.3
2015 340 11   8.3  -3.8  532.  3.13   3.19 43   -27  99.3
2015 340 12   6.0  -4.5  506.  2.94   3.04 43   -31  99.3
2015 340 13   4.9   0.7  499.  3.02   0.25 43   -39  99.3
2015 340 14   3.6   1.5  517.  2.96  -0.36 43   -29  99.3
2015 340 15   4.9  -0.8  540.  2.70   0.86 37   -25  99.3
2015 340 16   3.9   0.3  549.  2.61   0.11 37   -23  99.3
2015 340 17   3.8   0.2  589.  2.68   0.06 37   -20  99.3
2015 340 18   0.6  -1.0  604.  2.44   0.60 37   -21  99.3
2015 340 19  -2.9  -1.9  585.  1.89   1.11 37   -22  99.3
2015 340 20  -2.7  -1.9  540.  1.93   1.08 37   -27  99.3
2015 340 21  -1.1   0.6  525.  1.92  -0.26 37   -25  99.3
2015 340 22  -0.4  -3.6  543.  2.62   1.95 37   -20  99.3
2015 340 23   3.5  -2.7  532.  2.68   1.33 37   -23  99.3
2015 341  0  -0.6  -0.7  516.  2.26   0.36 33   -21  97.8
2015 341  1   3.2   3.1  529.  2.61  -1.69 33   -20  97.8
2015 341  2   4.3   2.8  525.  2.52  -1.47 33   -20  97.8
2015 341  3   5.1   1.0  528.  2.04  -0.37 37   -19  97.8
2015 341  4   5.8   0.3  550.  2.60   0.17 37   -20  97.8
2015 341  5   6.5   1.4  567.  3.63  -0.23 37   -20  97.8
2015 341  6   6.2   2.0  563.  4.04  -0.39 33   -15  97.8
2015 341  7   4.0  -1.7  549.  4.41   1.43 33   -13  97.8
2015 341  8   7.7   2.8  536.  3.72  -0.32 33   -16  97.8
2015 341  9   4.1  -0.5  547.  4.07   0.93 33   -17  97.8
2015 341 10   4.8   0.7  589.  4.12   0.41 33   -24  97.8
2015 341 11   9.2   0.6  613.  5.03   1.23 33   -25  97.8
2015 341 12   5.7   3.7  594.  4.05  -1.19 37   -21  97.8
2015 341 13   3.8  -0.9  655.  3.01   1.18 37   -16  97.8
2015 341 14   6.1   0.2  649.  2.75   0.65 37   -20  97.8
2015 341 15   3.9   1.8  635.  2.03  -0.70 37   -19  97.8
2015 341 16   3.1  -1.2  631.  2.11   1.01 37   -18  97.8
2015 341 17   3.9  -1.1  651.  2.07   0.91 37   -19  97.8
2015 341 18   1.9  -1.3  637.  1.96   0.89 37   -18  97.8
2015 341 19   3.4  -0.9  637.  1.66   0.57 37   -20  97.8
2015 341 20   2.0  -0.4  608.  1.23   0.18 37   -18  97.8
2015 341 21   1.3  -1.5  616.  1.52   0.86 23   -17  97.8
2015 341 22   1.4   0.2  608.  1.53  -0.18 23   -14  97.8
2015 341 23   2.7  -1.3  625.  1.58   0.69 23   -14  97.8
2015 342  0  -0.3  -3.9  640.  1.98   2.50 37   -18 107.9
2015 342  1   3.2  -0.6  611.  1.50   0.31 37   -21 107.9
2015 342  2   1.2  -1.7  615.  1.53   1.05 37   -20 107.9
2015 342  3   1.3  -0.2  598.  1.45   0.18 27   -20 107.9
2015 342  4  -1.1  -0.9  594.  1.53   0.48 27   -21 107.9
2015 342  5   0.0  -0.5  580.  1.48   0.29 27   -24 107.9
2015 342  6  -0.4  -0.3  574.  1.48   0.11 17   -25 107.9
2015 342  7  -0.3  -0.2  569.  1.32   0.06 17   -22 107.9
2015 342  8  -0.6  -0.3  577.  1.47   0.06 17   -20 107.9
2015 342  9   0.3  -0.4  561.  1.18   0.28 27   -20 107.9
2015 342 10   0.9  -2.3  575.  1.62   1.44 27   -21 107.9
2015 342 11   1.7  -1.0  554.  1.28   0.78 27   -26 107.9
2015 342 12   1.7  -0.0  536.  1.01   0.21 27   -24 107.9
2015 342 13   3.0   0.2  554.  1.28   0.28 27   -21 107.9
2015 342 14   2.7   0.4  551.  1.42   0.06 27   -19 107.9
2015 342 15   1.9   1.3  536.  1.17  -0.54 13   -17 107.9
2015 342 16   3.5   0.0  533.  1.05   0.21 13   -12 107.9
2015 342 17   4.7   0.7  546.  1.31  -0.22 13   -11 107.9
2015 342 18   4.4   1.2  534.  1.31  -0.59 10   -12 107.9
2015 342 19   3.4   1.5  513.  1.22  -0.82 10   -13 107.9
2015 342 20   2.8   0.1  500.  1.21  -0.10 10   -11 107.9
2015 342 21   2.1  -0.7  487.  1.12   0.29 23   -10 107.9
2015 342 22   2.7  -0.7  486.  1.17   0.24 23   -10 107.9
2015 342 23   3.3  -0.5  486.  1.17   0.10 23    -8 107.9
2015 343  0   2.9  -1.0  483.  1.23   0.39 23    -9 105.5
2015 343  1   3.3  -2.0  497.  1.51   0.94 23    -8 105.5
2015 343  2   4.4  -0.7  490.  1.42   0.34 23   -12 105.5
2015 343  3   3.9  -0.5  488.  1.53   0.29 27   -14 105.5
2015 343  4   2.8  -1.3  473.  1.49   0.71 27   -14 105.5
2015 343  5   0.9  -0.2  478.  1.63   0.14 27   -12 105.5
2015 343  6   0.4   5.0  475.  1.60  -2.28  3    -9 105.5
2015 343  7   0.5   4.1  468.  1.66  -1.83  3    -6 105.5
2015 343  8   1.8   4.1  456.  1.49  -1.60  3    -4 105.5
2015 343  9   2.3   4.1  459.  1.63  -1.51 10    -2 105.5
2015 343 10   1.6   2.8  456.  1.79  -1.00 10    -5 105.5
2015 343 11   2.6   0.6  453.  1.83   0.05 10    -6 105.5
2015 343 12   2.7   1.0  451.  1.81  -0.14 13    -8 105.5
2015 343 13   2.4  -0.2  452.  1.85   0.32 13    -7 105.5
2015 343 14   2.0  -2.5  451.  1.88   1.26 13   -11 105.5
2015 343 15   1.3  -2.5  443.  1.87   1.20 23   -14 105.5
2015 343 16   2.3   0.1  440.  1.74   0.04 23   -14 105.5
2015 343 17   4.1   1.0  457.  2.03  -0.37 23    -9 105.5
2015 343 18   3.3  -1.1  449.  1.86   0.54 33    -6 105.5
2015 343 19   0.3  -3.8  441.  1.68   1.68 33   -10 105.5
2015 343 20   2.2  -1.9  447.  2.26   0.80 33   -12 105.5
2015 343 21   3.8   4.1  448.  2.22  -1.97 17    -8 105.5
2015 343 22   3.4   5.2  440.  2.25  -2.42 17    -4 105.5
2015 343 23   6.1  -1.1  436.  2.66   0.26 17     0 105.5
2015 344  0   4.5  -4.3  448.  2.89   1.75 33    -3 105.2
2015 344  1   3.7   0.1  468.  4.01  -0.14 33   -10 105.2
2015 344  2   4.8  -4.5  477.  3.99   2.10 33   -10 105.2
2015 344  3   3.7  -2.6  473.  5.06   1.28 50   -10 105.2
2015 344  4   2.7  -3.1  476.  5.37   1.57 50   -17 105.2
2015 344  5   2.6   5.9  487.  5.14  -2.68 50   -13 105.2
2015 344  6   5.5   1.3  502.  3.79  -0.15 37   -14 105.2
2015 344  7   7.7   2.5  522.  3.46  -0.42 37   -19 105.2
2015 344  8   6.8  -1.5  532.  3.86   1.65 37   -19 105.2
2015 344  9  -0.8  -1.0  553.  4.53   0.44 33   -24 105.2
2015 344 10   0.0   1.8  550.  3.61  -0.94 33   -21 105.2
2015 344 11  -0.7  -1.5  581.  3.08   0.76 33   -17 105.2
2015 344 12   0.9  -2.7  584.  3.14   1.64 27   -19 105.2
2015 344 13   3.7  -1.0  594.  2.86   1.07 27   -22 105.2
2015 344 14   4.0   3.5  609.  3.25  -1.64 27   -19 105.2
2015 344 15   6.7  -0.3  619.  3.75   0.74 37   -14 105.2
2015 344 16   6.4   0.2  618.  3.48   0.25 37   -16 105.2
2015 344 17   5.8   1.3  637.  3.73  -0.64 37   -10 105.2
2015 344 18   4.1   0.6  618.  3.28  -0.37 37   -13 105.2
2015 344 19   2.1  -0.8  612.  3.09   0.43 37   -15 105.2
2015 344 20   4.8   1.6  630.  3.49  -1.20 37    -9 105.2
2015 344 21   5.1  -0.2  618.  3.20  -0.12 40    -7 105.2
2015 344 22   5.1  -1.2  641.  3.80   0.45 40    -7 105.2
2015 344 23   4.8  -1.5  642.  3.31   0.64 40    -9 105.2
2015 345  0   3.7   0.4  652.  3.18  -0.46 40    -8 110.3
2015 345  1   3.4   1.3  643.  3.22  -0.96 40    -7 110.3
2015 345  2   0.4   0.8  639.  3.29  -0.51 40    -7 110.3
2015 345  3   0.8   0.5  635.  3.13  -0.32 30   -11 110.3
2015 345  4   3.6   0.2  646.  3.47   0.06 30   -14 110.3
2015 345  5   4.4  -0.2  642.  3.48   0.45 30   -18 110.3
2015 345  6   0.9  -1.5  616.  2.65   0.99 27   -20 110.3
2015 345  7   3.4  -1.2  628.  2.80   1.19 27   -23 110.3
2015 345  8   3.1   0.4  636.  2.76   0.25 27   -18 110.3
2015 345  9   1.9  -2.1  638.  2.90   1.59 33   -21 110.3
2015 345 10   1.4  -0.6  626.  2.87   0.56 33   -20 110.3
2015 345 11  -0.8   0.6  623.  3.14  -0.50 33   -20 110.3
2015 345 12   2.6   0.9  630.  3.27  -0.19 30   -16 110.3
2015 345 13   4.5   0.3  661.  3.63   0.46 30   -11 110.3
2015 345 14   5.1  -0.6  646.  3.37   0.97 30   -16 110.3
2015 345 15   4.2  -0.5  646.  3.29   0.71 43   -15 110.3
2015 345 16   4.0  -0.4  631.  2.92   0.50 43   -10 110.3
2015 345 17   2.2  -0.7  649.  3.34   0.52 43   -13 110.3
2015 345 18   3.7   1.3  662.  3.50  -0.86 33   -14 110.3
2015 345 19   4.0  -0.8  660.  3.42   0.46 33   -14 110.3
2015 345 20   3.3  -2.2  658.  2.99   1.32 33   -15 110.3
2015 345 21   2.1  -2.6  651.  2.81   1.56 30   -16 110.3
2015 345 22   2.0   1.8  663.  2.66  -1.33 30   -18 110.3
2015 345 23   3.3   4.3  657.  2.70  -3.02 30   -13 110.3
2015 346  0   2.7   2.7  653.  2.86  -1.89 27   -11 113.1
2015 346  1   3.6   0.4  660.  2.64  -0.40 27   -15 113.1
2015 346  2   1.8  -2.9  643.  2.23   1.80 27   -21 113.1
2015 346  3   0.3  -3.1  630.  1.97   1.95 33   -23 113.1
2015 346  4   1.4  -0.6  641.  2.23   0.45 33   -21 113.1
2015 346  5   2.5  -0.7  646.  2.27   0.65 33   -20 113.1
2015 346  6  -1.1  -1.2  627.  1.99   0.63 27   -19 113.1
2015 346  7   0.1   0.3  617.  1.69  -0.19 27   -18 113.1
2015 346  8   2.4   0.9  622.  1.72  -0.19 27   -15 113.1
2015 346  9   2.8   0.2  618.  1.53   0.31 17   -16 113.1
2015 346 10   2.1   1.3  595.  1.21  -0.42 17   -18 113.1
2015 346 11   1.3   1.3  575.  1.12  -0.52 17   -18 113.1
2015 346 12   2.2  -0.7  563.  1.03   0.68 20   -16 113.1
2015 346 13   2.0   0.1  554.  1.19   0.17 20   -14 113.1
2015 346 14   0.8  -0.8  519.  1.03   0.47 20   -13 113.1
2015 346 15  -0.4  -1.9  533.  1.14   0.96 23   -16 113.1
2015 346 16   0.4  -2.0  525.  1.20   1.05 23   -14 113.1
2015 346 17   0.6  -0.7  520.  1.19   0.36 23   -15 113.1
2015 346 18  -1.2  -0.7  535.  1.24   0.37 20   -13 113.1
2015 346 19   0.0  -0.6  523.  1.13   0.31 20   -14 113.1
2015 346 20   1.6  -1.5  525.  1.24   0.73 20   -12 113.1
2015 346 21   1.9  -0.5  533.  1.38   0.16 20   -10 113.1
2015 346 22   2.4  -0.7  534.  1.44   0.21 20    -9 113.1
2015 346 23   3.0  -0.6  535.  1.41   0.16 20    -9 113.1
2015 347  0   1.8  -1.2  524.  1.38   0.52 27   -10 118.7
2015 347  1   2.5  -1.2  516.  1.25   0.52 27   -12 118.7
2015 347  2   3.0  -0.0  521.  1.31  -0.05 27   -12 118.7
2015 347  3   2.4  -0.9  534.  1.34   0.48 27   -11 118.7
2015 347  4   3.5  -1.4  529.  1.26   0.85 27   -12 118.7
2015 347  5   4.0  -0.1  531.  1.43   0.27 27    -9 118.7
2015 347  6   3.5  -1.2  523.  1.38   0.89 20   -12 118.7
2015 347  7   2.3  -1.4  521.  1.36   0.94 20   -16 118.7
2015 347  8   2.2  -1.7  526.  1.51   1.16 20   -16 118.7
2015 347  9   2.0  -0.5  513.  1.39   0.51 20   -12 118.7
2015 347 10  -0.5   0.2  501.  1.28  -0.15 20   -12 118.7
2015 347 11   0.9  -1.5  503.  1.28   0.86 20   -10 118.7
2015 347 12   0.8  -1.0  492.  1.13   0.59 17   -12 118.7
2015 347 13   1.1   0.1  495.  1.05   0.05 17   -10 118.7
2015 347 14   1.5   0.1  482.  1.19   0.05 17    -6 118.7
2015 347 15   0.4  -0.3  477.  1.25   0.14 10    -7 118.7
2015 347 16   1.6   0.6  478.  1.31  -0.24 10    -4 118.7
2015 347 17   1.4   1.3  474.  1.31  -0.62 10    -2 118.7
2015 347 18   2.0   1.7  477.  1.44  -0.81  3    -2 118.7
2015 347 19   2.0   0.7  478.  1.43  -0.38  3    -4 118.7
2015 347 20   2.2  -0.1  475.  1.45  -0.05  3    -6 118.7
2015 347 21   2.5  -0.6  477.  1.50   0.14  7    -5 118.7
2015 347 22   2.4  -0.3  470.  1.42  -0.00  7    -6 118.7
2015 347 23   1.5   0.4  447.  1.09  -0.27  7    -7 118.7
2015 348  0   2.3  -1.3  440.  1.03   0.44 20    -8 120.2
2015 348  1   1.5  -1.3  434.  1.11   0.52 20   -12 120.2
2015 348  2   2.2  -1.1  426.  1.07   0.43 20   -13 120.2
2015 348  3   2.1  -1.1  422.  0.98   0.46 20   -12 120.2
2015 348  4   1.6   0.2  411.  0.88  -0.04 20    -9 120.2
2015 348  5   2.0   0.6  406.  0.81  -0.16 20    -8 120.2
2015 348  6   1.6  -1.3  404.  0.82   0.61  7    -8 120.2
2015 348  7   1.2  -1.7  398.  0.88   0.76  7    -9 120.2
2015 348  8   0.5  -0.9  394.  0.95   0.39  7   -11 120.2
2015 348  9   1.9  -0.7  396.  1.23   0.44 10   -10 120.2
2015 348 10   0.7  -0.4  391.  1.30   0.23 10   -13 120.2
2015 348 11   0.6  -0.7  390.  1.52   0.31 10   -11 120.2
2015 348 12   1.9   1.5  398.  1.90  -0.44 30    -6 120.2
2015 348 13   0.2  -2.2  416.  3.56   0.92 30     1 120.2
2015 348 14   3.8  -2.5  424.  6.02   1.31 30     7 120.2
2015 348 15  -1.3  -6.0  428. 12.37   2.48 43    18 120.2
2015 348 16  -0.2 -12.2  428. 10.54   5.22 43     3 120.2
2015 348 17  -7.5  -8.6  434.  8.17   3.65 43   -29 120.2
2015 348 18 -10.7  -4.4  439. 13.91   2.02 47   -41 120.2
2015 348 19  -8.8   3.8  478.  5.47  -1.58 47   -55 120.2
2015 348 20  -8.9   1.6  499.  7.00  -0.40 47   -44 120.2
2015 348 21  -4.7  -4.7  514.  6.62   2.67 53   -47 120.2
2015 348 22  -5.2  -1.4  516.  5.09   1.03 53   -54 120.2
2015 348 23  -4.3   0.8  530.  4.66  -0.11 53   -45 120.2
2015 349  0  -3.4  -4.6  527.  4.34   2.63 47   -39 115.2
2015 349  1  -5.4  -0.4  526.  4.31   0.47 47   -47 115.2
2015 349  2  -4.2  -3.8  530.  4.49   2.12 47   -45 115.2
2015 349  3  -2.4  -0.4  515.  3.98   0.21 37   -47 115.2
2015 349  4  -2.8   3.6  499.  3.32  -1.85 37   -41 115.2
2015 349  5  -4.5   2.4  490.  3.54  -1.37 37   -40 115.2
2015 349  6  -5.6   0.5  487.  3.46  -0.63 23   -39 115.2
2015 349  7  -4.5   1.2  509.  3.11  -1.02 23   -40 115.2
2015 349  8  -7.5   1.8  527.  2.12  -1.74 23   -40 115.2
2015 349  9  -6.0   0.3  518.  1.68  -0.88 17   -40 115.2
2015 349 10  -4.7  -0.6  539.  2.17  -0.27 17   -37 115.2
2015 349 11  -3.6   1.2  545.  1.88  -1.09 17   -39 115.2
2015 349 12  -3.0   1.8  544.  2.07  -1.31 30   -34 115.2
2015 349 13  -3.9  -1.9  540.  1.92   0.65 30   -31 115.2
2015 349 14  -3.5  -3.2  535.  1.88   1.39 30   -28 115.2
2015 349 15  -3.3  -0.4  524.  2.12  -0.00 33   -26 115.2
2015 349 16  -2.7   1.2  508.  2.16  -0.71 33   -27 115.2
2015 349 17  -3.0   3.6  518.  2.23  -1.86 33   -25 115.2
2015 349 18   0.1   6.8  530.  2.36  -3.60 13   -20 115.2
2015 349 19  -2.9   5.7  516.  2.26  -2.84 13   -19 115.2
2015 349 20  -6.9  -0.4  511.  1.37   0.56 13   -25 115.2
2015 349 21  -7.2  -1.7  518.  0.94   1.35 27   -26 115.2
2015 349 22  -6.9  -1.0  514.  1.15   0.98 27   -21 115.2
2015 349 23  -6.5  -2.0  543.  1.21   1.57 27   -21 115.2
2015 350  0  -5.1  -5.3  566.  1.37   3.34 37   -21 122.2
2015 350  1  -4.4  -1.0  571.  1.24   0.80 37   -35 122.2
2015 350  2  -4.1  -2.3  600.  1.37   1.56 37   -37 122.2
2015 350  3  -3.4   0.7  599.  1.51  -0.36 30   -32 122.2
2015 350  4  -2.9   3.4  595.  1.33  -2.08 30   -25 122.2
2015 350  5  -3.5  -1.1  580.  1.41   0.46 30   -24 122.2
2015 350  6  -2.8   1.9  585.  1.30  -1.35  3   -25 122.2
2015 350  7  -3.2   0.5  558.  0.93  -0.56  3   -25 122.2
2015 350  8  -2.9   0.4  533.  0.57  -0.53  3   -24 122.2
2015 350  9  -3.1   1.0  532.  0.45  -0.90  3   -24 122.2
2015 350 10  -2.7   1.7  533.  0.51  -1.23  3   -27 122.2
2015 350 11  -1.9   1.1  510.  0.52  -0.77  3   -26 122.2
2015 350 12  -2.4   1.3  507.  0.46  -0.91  0   -25 122.2
2015 350 13  -2.5   1.5  508.  0.41  -0.97  0   -20 122.2
2015 350 14  -2.7   1.5  499.  0.37  -0.95  0   -19 122.2
2015 350 15  -2.5   1.1  490.  0.36  -0.64  3   -19 122.2
2015 350 16  -2.9   1.2  486.  0.44  -0.68  3   -17 122.2
2015 350 17  -2.8   1.6  477.  0.35  -0.76  3   -16 122.2
2015 350 18  -2.7   1.5  460.  0.41  -0.64  3   -17 122.2
2015 350 19  -2.7   2.0  431.  0.63  -0.78  3   -17 122.2
2015 350 20  -2.6   2.0  430.  0.98  -0.73  3   -17 122.2
2015 350 21  -2.9   0.8  423.  0.92  -0.17  3   -17 122.2
2015 350 22   0.1   1.9  416.  1.46  -0.79  3   -10 122.2
2015 350 23  -2.1   2.5  412.  1.53  -0.91  3   -10 122.2
2015 351  0  -3.9   1.7  403.  1.28  -0.48  3   -11 114.0
2015 351  1  -2.4   1.3  391.  1.05  -0.39  3   -13 114.0
2015 351  2  -0.6  -0.9  383.  1.02   0.34  3   -14 114.0
2015 351  3  -2.9   1.3  394.  1.49  -0.47  3   -10 114.0
2015 351  4  -3.8   3.5  428.  1.80  -1.54  3    -6 114.0
2015 351  5  -2.6   4.0  438.  2.24  -1.84  3    -2 114.0
2015 351  6  -2.9   3.7  438.  2.45  -1.75  3     1 114.0
2015 351  7  -3.1   1.0  433.  1.73  -0.65  3    -2 114.0
2015 351  8  -4.6   1.2  430.  1.43  -0.90  3    -3 114.0
2015 351  9  -0.2   2.0  435.  1.38  -0.87 10    -5 114.0
2015 351 10  -1.2  -2.2  434.  1.09   0.82 10   -10 114.0
2015 351 11  -1.8  -1.3  444.  0.89   0.40 10   -14 114.0
2015 351 12  -3.6  -1.4  456.  0.95   0.32 13   -16 114.0
2015 351 13  -3.6  -2.3  463.  1.37   0.79 13   -17 114.0
2015 351 14  -2.7  -3.0  468.  1.37   1.22 13   -19 114.0
2015 351 15  -2.9  -1.7  460.  1.15   0.64 20   -21 114.0
2015 351 16  -4.0  -1.6  476.  1.31   0.67 20   -21 114.0
2015 351 17  -3.0  -2.5  456.  1.25   1.14 20   -20 114.0
2015 351 18  -3.3  -3.2  454.  1.15   1.50 37   -19 114.0
2015 351 19  -2.0  -3.8  496.  1.59   1.93 37   -24 114.0
2015 351 20  -3.6   0.2  460.  1.26   0.09 37   -27 114.0
2015 351 21  -4.8   0.8  458.  1.47  -0.05 20   -25 114.0
2015 351 22  -2.9  -2.9  445.  1.40   1.47 20   -17 114.0
2015 351 23  -2.4  -0.6  411.  0.95   0.41 20   -19 114.0
2015 352  0  -1.8  -1.7  407.  1.08   0.77 17   -20 113.3
2015 352  1  -3.7   0.1  414.  1.24   0.12 17   -22 113.3
2015 352  2   1.2   2.5  413.  1.31  -1.07 17   -20 113.3
2015 352  3  -2.2   3.5  429.  1.48  -1.46  7   -16 113.3
2015 352  4  -5.0  -1.2  414.  1.19   0.46  7   -16 113.3
2015 352  5  -5.2  -0.3  408.  1.03  -0.04  7   -16 113.3
2015 352  6  -5.4  -1.0  409.  0.94   0.16 13   -15 113.3
2015 352  7  -1.4  -0.2  401.  1.34  -0.00 13   -13 113.3
2015 352  8  -0.6  -0.2  392.  1.36   0.04 13   -14 113.3
2015 352  9  -0.3  -2.4  398.  1.41   0.92  7   -13 113.3
2015 352 10  -1.5  -0.8  393.  1.44   0.20  7   -12 113.3
2015 352 11  -2.5   0.8  400.  1.51  -0.52  7   -12 113.3
2015 352 12  -2.9   1.1  401.  1.59  -0.64  7   -12 113.3
2015 352 13  -1.6   0.4  406.  1.39  -0.28  7   -12 113.3
2015 352 14  -3.0   0.5  391.  1.28  -0.35  7   -12 113.3
2015 352 15  -3.7   0.9  394.  1.36  -0.47  7   -11 113.3
2015 352 16  -3.3   1.1  399.  1.39  -0.48  7    -8 113.3
2015 352 17  -4.3  -0.7  410.  1.43   0.29  7    -8 113.3
2015 352 18  -2.3   2.0  397.  1.37  -0.75  7   -11 113.3
2015 352 19  -3.1   1.5  390.  1.21  -0.47  7   -14 113.3
2015 352 20  -3.3  -1.5  405.  1.40   0.77  7   -13 113.3
2015 352 21  -3.0  -3.5  413.  1.54   1.61 27   -16 113.3
2015 352 22  -3.1  -0.0  405.  1.73   0.20 27   -17 113.3
2015 352 23  -3.1   1.2  399.  1.56  -0.28 27   -15 113.3
2015 353  0  -3.4  -0.1  390.  1.63   0.23 10   -11 115.2
2015 353  1  -0.6  -3.6  394.  1.61   1.42 10   -14 115.2
2015 353  2  -2.7  -1.3  394.  1.54   0.59 10   -18 115.2
2015 353  3  -0.4  -1.2  403.  1.48   0.48  7   -18 115.2
2015 353  4  -2.3  -1.6  388.  1.33   0.62  7   -16 115.2
2015 353  5  -2.9  -0.8  381.  1.11   0.23  7   -15 115.2
2015 353  6  -1.9  -1.3  374.  1.11   0.41  3   -16 115.2
2015 353  7  -1.2  -1.1  366.  1.16   0.33  3   -16 115.2
2015 353  8  -0.5  -1.3  368.  1.26   0.44  3   -11 115.2
2015 353  9   1.6  -1.1  361.  1.23   0.51  7   -12 115.2
2015 353 10   0.9  -0.3  344.  1.00   0.17  7   -12 115.2
2015 353 11   0.9  -0.1  347.  1.00   0.10  7    -8 115.2
2015 353 12  -0.7  -0.9  347.  1.00   0.28 10    -6 115.2
2015 353 13  -1.6  -1.0  358.  1.29   0.25 10    -4 115.2
2015 353 14  -3.3  -3.5  364.  1.30   1.13 10    -7 115.2
2015 353 15  -4.4  -1.1  364.  1.56   0.29 33    -9 115.2
2015 353 16  -4.9   0.1  418.  4.24  -0.13 33     7 115.2
2015 353 17  -1.7  11.4  453.  7.46  -5.16 33    11 115.2
2015 353 18   0.2  -1.6  480. 16.01   0.77 37    29 115.2
2015 353 19  -3.8  -0.2  491. 18.48   0.29 37    25 115.2
2015 353 20   7.2   0.7  496. 19.52  -0.79 37    21 115.2
2015 353 21   6.9  -0.5  495. 21.86  -0.25 40    30 115.2
2015 353 22   6.9  -0.7  486. 19.13  -0.19 40    33 115.2
2015 353 23   6.0   2.2  482. 17.38  -1.54 40    31 115.2
2015 354  0  10.9   2.4  474. 13.39  -1.94 40    21 112.8
2015 354  1  14.2   1.9  468.  9.42  -1.73 40    10 112.8
2015 354  2  16.4   3.8  455.  6.58  -2.41 40    -1 112.8
2015 354  3   8.3   0.0  452. 11.32  -0.18 60    10 112.8
2015 354  4   0.3 -15.2  448. 14.73   6.81 60    -3 112.8
2015 354  5   5.0 -14.0  438. 11.86   6.22 60   -26 112.8
2015 354  6   2.3 -13.3  425. 17.30   5.74 57   -38 112.8
2015 354  7   4.3 -12.7  421. 17.65   5.56 57   -57 112.8
2015 354  8   4.2  -9.7  405. 19.72   4.17 57   -72 112.8
2015 354  9   4.4  -6.9  397. 19.76   3.02 43   -82 112.8
2015 354 10   2.7  -7.0  392. 16.35   2.90 43   -80 112.8
2015 354 11   1.5  -7.1  392. 18.50   2.86 43   -74 112.8
2015 354 12  -0.3  -9.0  393. 15.78   3.46 53   -57 112.8
2015 354 13   1.0 -10.4  397. 11.60   4.13 53   -68 112.8
2015 354 14   2.0 -10.6  393.  8.65   4.24 53   -82 112.8
2015 354 15   0.1 -14.8  418.  4.68   6.19 63   -94 112.8
2015 354 16  -1.6 -14.8  404.  7.21   5.98 63   -94 112.8
2015 354 17  -3.0 -13.2  403.  7.29   5.36 63  -117 112.8
2015 354 18  -2.1 -13.7  401.  6.45   5.53 67  -128 112.8
2015 354 19  -1.0 -15.1  401.  4.79   6.06 67  -121 112.8
2015 354 20  -0.0 -15.8  408.  3.86   6.41 67  -130 112.8
2015 354 21  -1.2 -17.0  414.  3.63   7.04 63  -144 112.8
2015 354 22  -2.0 -17.8  415.  2.27   7.43 63  -166 112.8
2015 354 23  -5.0 -18.1  422.  0.64   7.89 63  -161 112.8
2015 355  0  -5.8 -17.0  428.  1.49   7.58 67  -148 117.8
2015 355  1  -6.3 -16.1  413.  1.53   6.94 67  -159 117.8
2015 355  2  -6.8 -16.1  417.  1.42   6.96 67  -153 117.8
2015 355  3  -6.9 -15.1  408.  1.63   6.32 60  -141 117.8
2015 355  4  -8.1 -13.8  401.  2.11   5.57 60  -138 117.8
2015 355  5  -9.0 -11.6  408.  2.92   4.57 60  -126 117.8
2015 355  6 -10.2 -10.9  404.  2.59   4.00 50  -120 117.8
2015 355  7  -6.2 -13.1  401.  2.23   4.89 50  -126 117.8
2015 355  8 -11.2 -10.9  400.  1.63   3.56 50  -130 117.8
2015 355  9 -12.4 -10.4  394.  1.52   3.15 37  -127 117.8
2015 355 10 -14.0  -8.9  382.  1.40   2.33 37  -118 117.8
2015 355 11 -14.9  -7.8  378.  0.88   1.85 37  -101 117.8
2015 355 12 -15.8  -5.0  375.  0.62   0.86 30   -97 117.8
2015 355 13 -14.9  -4.1  377.  1.35   0.75 30   -86 117.8
2015 355 14 -13.9  -4.2  368.  1.76   0.99 30   -82 117.8
2015 355 15 -13.9  -1.0  381.  2.05   0.04 23   -81 117.8
2015 355 16 -13.9   0.4  382.  1.97  -0.23 23   -76 117.8
2015 355 17 -13.2   1.2  380.  1.60  -0.30 23   -68 117.8
2015 355 18 -12.0   2.3  376.  1.45  -0.53 13   -63 117.8
2015 355 19 -11.6   1.9  374.  1.10  -0.22 13   -64 117.8
2015 355 20 -11.6   2.4  376.  1.06  -0.26 13   -64 117.8
2015 355 21  -9.5   0.9  391.  3.75   0.27 30   -50 117.8
2015 355 22 -10.3   0.7  412.  4.18   0.49 30   -42 117.8
2015 355 23  -8.1  -0.4  426.  5.47   0.81 30   -35 117.8
2015 356  0  -3.8  -1.2  409.  5.21   0.74 27   -36 125.8
2015 356  1  -3.4  -1.3  420.  4.63   0.76 27   -43 125.8
2015 356  2  -3.1   1.7  439.  5.09  -0.57 27   -47 125.8
2015 356  3  -1.6   0.6  445.  4.71  -0.22 20   -44 125.8
2015 356  4  -2.7  -1.3  437.  4.16   0.57 20   -43 125.8
2015 356  5  -7.6   0.0  438.  3.16  -0.13 20   -46 125.8
2015 356  6  -2.5   0.0  457.  4.73  -0.09 33   -46 125.8
2015 356  7  -1.1   4.8  446.  4.32  -2.19 33   -47 125.8
2015 356  8   5.9   4.4  436.  2.78  -1.48 33   -46 125.8
2015 356  9   7.4  -0.4  426.  2.89   0.72 43   -42 125.8
2015 356 10   1.6  -3.0  426.  7.24   1.36 43   -39 125.8
2015 356 11  -2.0  -3.7  429.  2.43   1.42 43   -42 125.8
2015 356 12  -6.7   4.3  440.  1.57  -2.33 23   -49 125.8
2015 356 13  -6.7   2.8  446.  1.69  -1.65 23   -46 125.8
2015 356 14  -5.9   1.6  441.  1.75  -0.97 23   -43 125.8
2015 356 15  -2.7   5.2  437.  1.87  -2.32 10   -39 125.8
2015 356 16  -3.4   2.1  438.  1.96  -0.92 10   -36 125.8
2015 356 17  -3.4   1.5  421.  1.86  -0.59 10   -35 125.8
2015 356 18  -5.9  -1.9  440.  1.91   1.06 23   -35 125.8
2015 356 19  -5.2  -0.5  437.  1.84   0.48 23   -42 125.8
2015 356 20  -5.1   0.8  434.  1.81  -0.00 23   -44 125.8
2015 356 21  -5.9  -2.0  440.  1.72   1.32 23   -42 125.8
2015 356 22  -2.7   1.2  421.  1.80  -0.29 23   -41 125.8
2015 356 23  -0.5   1.6  409.  1.76  -0.61 23   -38 125.8
2015 357  0  -3.4  -1.5  424.  1.92   0.89 20   -37 129.5
2015 357  1  -2.8   2.9  433.  1.99  -1.04 20   -39 129.5
2015 357  2  -2.5   3.6  447.  2.51  -1.48 20   -36 129.5
2015 357  3  -3.0  -0.4  463.  2.84   0.28 23   -31 129.5
2015 357  4  -3.0   1.5  459.  2.76  -0.64 23   -32 129.5
2015 357  5  -5.9   0.9  456.  2.69  -0.50 23   -30 129.5
2015 357  6  -6.8  -0.4  471.  3.00  -0.05 17   -31 129.5
2015 357  7  -7.0  -0.6  465.  2.96  -0.09 17   -31 129.5
2015 357  8  -5.0  -2.3  459.  2.96   0.69 17   -27 129.5
2015 357  9  -6.2   0.4  462.  3.07  -0.65 20   -27 129.5
2015 357 10  -6.9   0.1  479.  3.26  -0.62 20   -25 129.5
2015 357 11  -3.4   0.7  451.  2.87  -0.59 20   -23 129.5
2015 357 12  -6.5   2.0  452.  3.30  -1.36 23   -17 129.5
2015 357 13  -6.9  -5.0  457.  2.96   1.87 23   -18 129.5
2015 357 14  -6.3  -2.0  473.  2.40   0.66 23   -28 129.5
2015 357 15  -7.8   0.3  457.  1.98  -0.32 20   -31 129.5
2015 357 16  -7.6  -2.0  460.  2.13   0.92 20   -26 129.5
2015 357 17  -7.4  -1.4  469.  3.07   0.80 20   -26 129.5
2015 357 18  -7.5  -1.5  463.  3.18   0.97 27   -28 129.5
2015 357 19  -8.7   0.0  452.  2.80   0.50 27   -30 129.5
2015 357 20  -8.5   1.7  452.  2.58  -0.14 27   -33 129.5
2015 357 21  -7.8   0.5  452.  3.18   0.41 33   -28 129.5
2015 357 22  -3.9   1.9  468.  3.06  -0.51 33   -24 129.5
2015 357 23  -7.0  -0.7  472.  3.21   0.99 33   -18 129.5
2015 358  0  -3.5  -1.0  457.  3.11   0.73 23   -19 128.4
2015 358  1  -6.0   1.1  462.  2.77  -0.05 23   -22 128.4
2015 358  2  -5.7   1.0  474.  3.20  -0.14 23   -21 128.4
2015 358  3  -6.5  -0.2  477.  3.28   0.33 27   -22 128.4
2015 358  4  -6.6  -1.3  468.  2.88   0.70 27   -24 128.4
2015 358  5  -6.6  -0.9  478.  3.27   0.38 27   -26 128.4
2015 358  6  -3.7   0.1  498.  4.11  -0.20 33   -24 128.4
2015 358  7  -4.2  -1.1  492.  4.33   0.30 33   -23 128.4
2015 358  8   1.7   4.6  488.  4.26  -2.10 33   -22 128.4
2015 358  9   1.4   4.9  477.  3.89  -2.19 17   -19 128.4
2015 358 10  -5.2   0.7  496.  4.86  -0.79 17   -14 128.4
2015 358 11  -5.0  -1.6  506.  4.88   0.40 17   -15 128.4
2015 358 12   0.7   3.8  497.  4.77  -1.84 27   -16 128.4
2015 358 13  -3.7  -2.8  505.  4.77   1.16 27    -8 128.4
2015 358 14  -1.8   4.1  502.  4.43  -2.11 27   -13 128.4
2015 358 15   0.2   2.1  492.  3.79  -1.03 20   -14 128.4
2015 358 16   3.4   5.9  504.  3.40  -2.97 20   -12 128.4
2015 358 17  -3.7   0.5  497.  2.82  -0.15 20   -14 128.4
2015 358 18  -5.3   0.8  518.  3.25  -0.16 27   -15 128.4
2015 358 19  -3.9   3.3  516.  3.26  -1.44 27   -20 128.4
2015 358 20  -5.9   1.4  524.  3.47  -0.21 27   -16 128.4
2015 358 21  -4.1   0.8  532.  3.39  -0.00 23   -15 128.4
2015 358 22  -4.6  -0.2  522.  3.18   0.57 23   -16 128.4
2015 358 23  -1.9   3.1  520.  2.82  -1.35 23   -18 128.4
2015 359  0   1.2   3.6  524.  2.82  -1.99 23   -17 122.3
2015 359  1   2.1   2.3  529.  2.66  -1.38 23   -18 122.3
2015 359  2  -0.4   0.9  522.  2.66  -0.42 23   -18 122.3
2015 359  3  -2.1   0.4  520.  2.56  -0.10 20   -20 122.3
2015 359  4  -0.6   2.5  516.  2.43  -1.29 20   -19 122.3
2015 359  5  -0.7   1.9  511.  2.09  -0.97 20   -18 122.3
2015 359  6  -1.8   0.5  505.  1.88  -0.30 23   -19 122.3
2015 359  7  -3.3  -3.0  508.  2.44   1.32 23   -19 122.3
2015 359  8  -3.7   2.5  515.  3.56  -1.54 23   -19 122.3
2015 359  9  -0.4   1.3  488.  3.15  -0.63 20   -17 122.3
2015 359 10  -0.1   2.5  481.  3.13  -1.20 20   -14 122.3
2015 359 11   1.5  -0.5  484.  3.15   0.34 20   -12 122.3
2015 359 12  -0.7  -0.8  486.  3.62   0.34 17   -15 122.3
2015 359 13  -5.4   2.4  491.  4.13  -1.47 17   -12 122.3
2015 359 14  -3.0   1.4  496.  4.13  -0.79 17   -10 122.3
2015 359 15  -6.4   2.0  500.  3.91  -1.10 17   -13 122.3
2015 359 16   0.7   2.6  501.  1.84  -1.30 17   -14 122.3
2015 359 17   1.7   3.9  511.  2.36  -2.04 17    -7 122.3
2015 359 18  -0.1   4.2  513.  2.77  -2.15 20    -6 122.3
2015 359 19  -4.0   1.2  508.  2.97  -0.30 20   -10 122.3
2015 359 20  -3.2   1.7  514.  3.05  -0.57 20   -14 122.3
2015 359 21  -1.8   4.6  521.  3.04  -2.19 17   -16 122.3
2015 359 22  -2.0   2.6  516.  3.05  -1.08 17   -12 122.3
2015 359 23  -6.1   2.9  525.  3.04  -0.79 17    -9 122.3
2015 360  0  -5.1   1.8  492.  2.20  -0.34 27   -13 113.5
2015 360  1  -6.1   2.3  515.  2.44  -0.62 27   -14 113.5
2015 360  2  -2.4   2.3  510.  2.37  -0.97 27   -13 113.5
2015 360  3  -2.3   2.0  524.  2.44  -0.94 20   -13 113.5
2015 360  4  -1.3  -0.6  546.  2.86   0.38 20   -12 113.5
2015 360  5  -2.3   2.3  532.  2.86  -1.22 20    -9 113.5
2015 360  6  -2.1  -0.3  536.  2.88   0.11 20   -11 113.5
2015 360  7  -3.5  -0.1  537.  2.82  -0.11 20   -16 113.5
2015 360  8  -3.0   1.7  541.  2.53  -1.14 20   -15 113.5
2015 360  9  -1.2   2.9  524.  2.29  -1.57 23   -13 113.5
2015 360 10  -1.2   3.7  526.  2.57  -2.00 23    -9 113.5
2015 360 11  -2.1   1.7  524.  2.63  -1.05 23    -7 113.5
2015 360 12  -4.0   1.1  538.  2.71  -0.86 33    -7 113.5
2015 360 13  -0.2  -3.4  537.  2.90   1.83 33    -7 113.5
2015 360 14   0.2  -0.0  516.  2.54  -0.00 33   -17 113.5
2015 360 15  -1.6   2.2  519.  2.53  -1.14 30   -20 113.5
2015 360 16  -0.9   1.6  510.  2.41  -0.82 30   -18 113.5
2015 360 17  -3.8   0.4  539.  3.55  -0.11 30   -13 113.5
2015 360 18  -1.4   1.8  538.  4.22  -0.86 23   -11 113.5
2015 360 19  -3.6  -0.0  536.  4.20   0.27 23   -12 113.5
2015 360 20  -3.9  -1.5  574.  3.97   1.26 23   -14 113.5
2015 360 21   1.3  -0.1  598.  3.99  -0.12 43   -18 113.5
2015 360 22  -3.1  -1.3  568.  3.58   1.08 43   -18 113.5
2015 360 23  -5.4   0.5  566.  3.21   0.40 43   -20 113.5
2015 361  0  -3.6   1.3  542.  2.35  -0.27 27   -21 106.7
2015 361  1  -4.5   0.7  548.  2.55   0.05 27   -18 106.7
2015 361  2  -2.7   1.5  538.  1.89  -0.59 27   -20 106.7
2015 361  3  -1.7   2.0  522.  1.48  -0.94 20   -20 106.7
2015 361  4  -3.8  -0.6  525.  1.64   0.42 20   -18 106.7
2015 361  5  -3.8  -1.4  539.  1.84   0.75 20   -19 106.7
2015 361  6  -2.3  -2.4  530.  1.66   1.22 23   -27 106.7
2015 361  7  -2.3  -3.3  533.  1.65   1.65 23   -33 106.7
2015 361  8  -1.3  -2.8  531.  1.78   1.38 23   -35 106.7
2015 361  9  -2.7  -2.5  529.  1.74   1.11 23   -35 106.7
2015 361 10  -2.6  -1.6  521.  1.51   0.63 23   -27 106.7
2015 361 11  -2.7  -0.4  523.  1.48  -0.00 23   -27 106.7
2015 361 12  -5.5  -0.9  546.  2.21   0.11 30   -22 106.7
2015 361 13  -0.5  -0.5  547.  4.37   0.27 30   -20 106.7
2015 361 14   0.5   1.1  555.  4.59  -0.61 30   -11 106.7
2015 361 15  -1.3   0.3  550.  3.94  -0.17 23   -11 106.7
2015 361 16  -1.3   0.2  533.  4.15  -0.11 23   -11 106.7
2015 361 17   1.7  -0.4  531.  3.42   0.16 23   -12 106.7
2015 361 18   0.5   0.5  534.  3.83  -0.32 20   -11 106.7
2015 361 19  -0.4   1.3  543.  4.37  -0.65 20    -8 106.7
2015 361 20  -1.7   1.7  546.  5.40  -0.76 20    -4 106.7
2015 361 21   0.3   1.5  527.  4.73  -0.79 20    -4 106.7
2015 361 22  -0.3   2.2  522.  5.20  -1.10 20    -1 106.7
2015 361 23   0.4   1.4  519.  4.45  -0.78 20    -2 106.7
2015 362  0  -0.1   1.7  505.  2.54  -0.81 13   -10 108.4
2015 362  1  -0.6   1.5  498.  2.75  -0.70 13   -10 108.4
2015 362  2  -0.6   1.4  482.  3.97  -0.63 13    -6 108.4
2015 362  3  -1.6   1.7  475.  4.25  -0.71  7    -1 108.4
2015 362  4  -1.9   1.8  464.  3.66  -0.79  7    -3 108.4
2015 362  5  -1.7   1.4  472.  3.55  -0.66  7    -4 108.4
2015 362  6  -1.5   1.2  473.  2.99  -0.61 13   -10 108.4
2015 362  7  -1.6   0.8  482.  2.72  -0.43 13   -11 108.4
2015 362  8  -2.2   1.0  464.  2.73  -0.56 13    -9 108.4
2015 362  9   0.1  -0.6  454.  3.03   0.27 20    -8 108.4
2015 362 10   0.2  -0.4  448.  3.87   0.18 20    -8 108.4
2015 362 11   1.8  -0.9  451.  2.91   0.50 20    -9 108.4
2015 362 12   3.0  -0.9  441.  2.29   0.53 17   -11 108.4
2015 362 13   1.2  -1.0  441.  2.12   0.49 17   -11 108.4
2015 362 14  -1.6  -0.5  436.  2.00   0.17 17   -11 108.4
2015 362 15  -0.8  -0.8  429.  1.65   0.34  7   -12 108.4
2015 362 16  -1.4  -0.2  418.  1.34   0.08  7   -15 108.4
2015 362 17   1.3   1.5  401.  1.34  -0.64  7   -13 108.4
2015 362 18   2.1   2.0  399.  1.38  -0.88  3   -10 108.4
2015 362 19   1.6   2.0  403.  1.41  -0.89  3   -10 108.4
2015 362 20   1.6   0.2  394.  1.61  -0.20  3   -10 108.4
2015 362 21   2.0  -1.5  391.  1.92   0.39 13    -8 108.4
2015 362 22   2.1  -2.2  393.  2.60   0.67 13    -4 108.4
2015 362 23   4.5  -0.2  394.  2.57  -0.35 13    -2 108.4
2015 363  0   1.0  -2.5  392.  1.87   0.86 23    -3 101.9
2015 363  1  -0.3  -1.8  407.  2.29   0.73 23    -2 101.9
2015 363  2  -1.2  -1.3  405.  2.05   0.61 23    -5 101.9
2015 363  3   0.0  -1.0  397.  1.24   0.40  7    -8 101.9
2015 363  4   0.6  -0.5  395.  1.32   0.20  7   -10 101.9
2015 363  5   1.7   0.2  393.  1.26  -0.08  7   -13 101.9
2015 363  6   2.6   0.5  392.  1.41  -0.16  3   -13 101.9
2015 363  7   3.5   0.6  398.  1.56  -0.16  3   -11 101.9
2015 363  8   1.5   0.2  392.  1.77  -0.00  3   -11 101.9
2015 363  9   1.8  -0.4  393.  1.67   0.24  7   -11 101.9
2015 363 10   1.5  -0.4  392.  2.15   0.24  7   -11 101.9
2015 363 11  -0.7  -1.6  388.  2.23   0.58  7    -8 101.9
2015 363 12   3.0  -1.6  401.  2.24   0.76 20    -3 101.9
2015 363 13   4.2  -1.8  400.  2.08   0.84 20    -5 101.9
2015 363 14   3.4  -1.5  404.  2.10   0.69 20    -4 101.9
2015 363 15   3.2   0.5  407.  2.21  -0.20 17    -1 101.9
2015 363 16   2.8  -2.1  400.  2.00   0.80 17    -1 101.9
2015 363 17   0.6  -2.0  393.  1.77   0.75 17    -6 101.9
2015 363 18   2.4  -2.7  396.  1.85   0.95 20   -11 101.9
2015 363 19   2.4  -3.4  391.  1.70   1.13 20   -16 101.9
2015 363 20   2.0  -2.7  388.  1.78   0.85 20   -17 101.9
2015 363 21   0.0  -3.8  387.  1.69   1.43 23   -13 101.9
2015 363 22   2.1  -1.3  383.  1.56   0.31 23   -13 101.9
2015 363 23   3.0  -0.9  378.  1.36   0.08 23   -13 101.9
2015 364  0   2.7  -1.3  374.  1.38   0.22  0   -11  98.1
2015 364  1   2.1   1.2  371.  1.39  -0.59  0   -12  98.1
2015 364  2   2.2  -0.2  369.  1.53  -0.07  0   -11  98.1
2015 364  3   0.2   0.2  375.  2.08  -0.07  0    -7  98.1
2015 364  4   0.3   3.2  381.  2.15  -1.22  0    -5  98.1
2015 364  5   2.8   1.8  373.  2.18  -0.71  0    -3  98.1
2015 364  6   3.5   0.9  372.  2.04  -0.30  3    -5  98.1
2015 364  7   3.4   0.3  368.  2.06  -0.04  3    -7  98.1
2015 364  8   2.5   2.8  375.  2.33  -0.97  3    -8  98.1
2015 364  9   3.1   1.5  371.  2.32  -0.41  7    -6  98.1
2015 364 10   1.5   1.8  370.  2.42  -0.59  7    -5  98.1
2015 364 11   3.0   0.8  363.  2.20  -0.15  7    -1  98.1
2015 364 12   2.6  -0.0  361.  2.05   0.11 10     1  98.1
2015 364 13   2.9  -3.0  359.  1.90   1.15 10    -1  98.1
2015 364 14   3.3  -2.0  361.  1.82   0.76 10    -1  98.1
2015 364 15   3.6  -1.7  357.  1.66   0.61  7    -3  98.1
2015 364 16   2.7   0.4  344.  1.44  -0.17  7    -6  98.1
2015 364 17   3.7  -0.7  344.  1.47   0.14  7    -7  98.1
2015 364 18   3.6  -0.7  344.  1.57   0.07  7    -9  98.1
2015 364 19   3.1  -0.8  338.  1.45   0.07  7   -13  98.1
2015 364 20   3.1  -1.2  335.  1.40   0.17  7   -13  98.1
2015 364 21   2.8  -1.2  331.  1.36   0.17 13   -11  98.1
2015 364 22   4.8  -2.1  344.  1.44   0.31 13   -10  98.1
2015 364 23   4.9  -0.9  343.  1.44  -0.10 13    -8  98.1
2015 365  0   3.8  -1.3  336.  1.44   0.13 33    -4  93.0
2015 365  1   7.0   2.4  363.  2.31  -1.42 33     8  93.0
2015 365  2   2.2   0.1  416.  4.51  -0.21 33     8  93.0
2015 365  3   7.0  -3.2  405.  4.54   0.89 30     7  93.0
2015 365  4   7.2   0.3  391.  3.64  -0.35 30    -1  93.0
2015 365  5   6.8   0.3  443.  4.63  -0.27 30     2  93.0
2015 365  6   8.7   1.8  481.  6.23  -0.82 37    -1  93.0
2015 365  7   8.5  -1.5  471.  5.46   0.94 37    -2  93.0
2015 365  8  10.1  -3.6  477.  4.89   2.15 37    -6  93.0
2015 365  9  10.1  -4.0  479.  5.72   2.40 40    -5  93.0
2015 365 10  10.1   4.4  459.  7.90  -1.47 40    -6  93.0
2015 365 11   5.3  -9.1  456. 10.34   4.38 40     3  93.0
2015 365 12   3.6 -12.0  465. 10.35   5.72 53   -12  93.0
2015 365 13   3.9 -10.2  453.  9.17   4.71 53   -40  93.0
2015 365 14   6.5  -3.8  461.  9.92   1.84 53   -54  93.0
2015 365 15   9.9   3.1  453.  9.20  -1.45 40   -58  93.0
2015 365 16  10.6   4.2  453.  7.67  -2.17 40   -52  93.0
2015 365 17   5.6   8.1  456.  5.95  -3.92 40   -47  93.0
2015 365 18  10.1   1.9  460.  5.89  -1.52 50   -42  93.0
2015 365 19  10.3 -10.2  447.  2.30   3.62 50   -58  93.0
2015 365 20  -0.5 -16.1  457.  1.26   7.22 50   -68  93.0
2015 365 21  -1.8 -15.5  463.  1.30   7.18 57   -81  93.0
2015 365 22  -2.2 -15.2  468.  0.83   7.16 57   -96  93.0
2015 365 23  -1.9 -14.6  462.  1.11   6.75 57  -105  93.0
