2015   1  0  -2.5   1.8  568.  1.81  -0.62 23   -18 132.9
2015   1  1  -1.4   0.6  585.  1.83  -0.18 23   -18 132.9
2015   1  2  -2.3  -0.3  579.  1.60   0.41 23   -20 132.9
2015   1  3  -2.2   0.8  560.  1.69  -0.28 10   -20 132.9
2015   1  4  -0.7   0.0  554.  1.74   0.06 10   -19 132.9
2015   1  5  -1.6   0.1  566.  1.76  -0.00 10   -20 132.9
2015   1  6  -1.7  -0.2  560.  1.87   0.11 10   -19 132.9
2015   1  7  -1.5  -0.6  556.  1.85   0.28 10   -16 132.9
2015   1  8  -1.4  -1.4  531.  1.50   0.69 10   -15 132.9
2015   1  9  -2.0  -0.7  518.  1.48   0.26 10   -13 132.9
2015   1 10  -0.4   0.4  502.  1.28  -0.20 10   -11 132.9
2015   1 11  -0.3  -0.4  480.  0.99   0.19 10    -9 132.9
2015   1 12   0.1  -0.4  481.  0.80   0.19 13    -4 132.9
2015   1 13  -0.8   0.3  462.  1.56  -0.14 13     0 132.9
2015   1 14  -0.3  -0.0  464.  1.90  -0.00 13     2 132.9
2015   1 15  -1.5  -0.6  454.  1.34   0.27 13     1 132.9
2015   1 16  -1.7  -0.3  455.  1.43   0.18 13    -2 132.9
2015   1 17  -2.0  -0.6  451.  1.40   0.36 13    -3 132.9
2015   1 18  -2.0  -1.0  446.  1.60   0.58 17    -4 132.9
2015   1 19  -2.4  -0.6  440.  2.00   0.44 17    -8 132.9
2015   1 20  -2.8   0.2  433.  2.12   0.17 17   -12 132.9
2015   1 21  -1.8  -2.3  436.  2.17   1.18 23   -13 132.9
2015   1 22  -1.7  -3.0  442.  2.22   1.46 23   -12 132.9
2015   1 23  -2.7  -2.8  439.  2.16   1.49 23   -19 132.9
2015   2  0  -1.5  -1.8  433.  1.93   0.91 30   -26 141.0
2015   2  1  -1.0  -1.5  432.  1.91   0.73 30   -26 141.0
2015   2  2  -2.6  -1.9  433.  1.66   1.04 30   -22 141.0
2015   2  3  -3.3  -1.8  433.  2.02   1.00 10   -13 141.0
2015   2  4  -3.2  -1.4  430.  2.15   0.73 10   -11 141.0
2015   2  5  -1.9  -1.0  414.  2.03   0.46 10   -11 141.0
2015   2  6  -2.6  -1.1  415.  1.96   0.46 13   -11 141.0
2015   2  7  -5.5  -2.0  431.  2.92   0.78 13    -7 141.0
2015   2  8  -1.0   1.7  435.  3.80  -0.78 13    -8 141.0
2015   2  9   0.8   2.1  456.  4.21  -0.91 17    -3 141.0
2015   2 10  -4.7   0.1  465.  5.27  -0.28 17     2 141.0
2015   2 11  -4.3   0.2  445.  4.75  -0.27 17     1 141.0
2015   2 12  -2.5  -2.9  433.  4.99   1.17 23     1 141.0
2015   2 13  -0.3  -5.1  432.  5.53   2.20 23    -3 141.0
2015   2 14   0.1   1.4  417.  5.51  -0.58 23   -12 141.0
2015   2 15  -1.9   3.4  420.  4.70  -1.39 23    -9 141.0
2015   2 16  -4.4   0.7  425.  3.53  -0.17 23    -5 141.0
2015   2 17  -6.1  -4.5  412.  3.46   2.14 23    -8 141.0
2015   2 18  -5.4  -6.4  396.  2.95   2.85 30   -22 141.0
2015   2 19  -4.2  -6.9  386.  2.92   2.93 30   -36 141.0
2015   2 20  -2.8  -6.2  382.  3.78   2.56 30   -49 141.0
2015   2 21  -2.3  -3.7  383.  4.86   1.61 40   -49 141.0
2015   2 22  -1.1  -2.4  381.  5.98   0.99 40   -43 141.0
2015   2 23   6.1  -5.6  378.  7.13   1.40 40   -36 141.0
2015   3  0   6.8  -6.7  379.  8.36   1.78 47   -36 143.8
2015   3  1   2.9  -3.0  382.  5.42   0.84 47   -42 143.8
2015   3  2   2.5   4.1  429.  4.85  -1.93 47   -34 143.8
2015   3  3  -6.2   4.8  432.  3.70  -1.60 30   -27 143.8
2015   3  4  -0.2   1.8  431.  7.26  -0.78 30   -16 143.8
2015   3  5   6.1  -4.4  438.  5.59   1.75 30   -25 143.8
2015   3  6   4.8   2.5  450.  4.88  -1.17 23   -36 143.8
2015   3  7   6.6   5.6  454.  3.84  -2.45 23   -34 143.8
2015   3  8  -5.8   3.1  476.  3.61  -1.62 23   -30 143.8
2015   3  9  -7.3   2.1  468.  3.08  -1.26 30   -31 143.8
2015   3 10  -6.5  -3.4  480.  3.34   1.34 30   -31 143.8
2015   3 11  -8.3   3.6  448.  2.52  -1.93 30   -33 143.8
2015   3 12  -6.7  -1.7  441.  2.52   0.53 27   -26 143.8
2015   3 13  -6.3   0.5  443.  2.31  -0.35 27   -25 143.8
2015   3 14  -6.6   1.8  456.  2.01  -0.82 27   -20 143.8
2015   3 15  -6.6   2.1  459.  1.56  -0.87 10   -18 143.8
2015   3 16  -4.9   2.1  459.  1.53  -0.78 10   -20 143.8
2015   3 17  -5.4   2.3  455.  1.52  -0.73 10   -20 143.8
2015   3 18  -4.9   2.5  459.  1.59  -0.73 13   -22 143.8
2015   3 19  -3.8   3.6  462.  1.84  -1.25 13   -21 143.8
2015   3 20  -2.6   4.0  459.  1.86  -1.51 13   -20 143.8
2015   3 21  -3.3   2.8  463.  1.69  -0.83  0   -19 143.8
2015   3 22  -3.0   1.6  456.  1.65  -0.32  0   -19 143.8
2015   3 23  -3.0   1.1  450.  1.56  -0.09  0   -20 143.8
2015   4  0  -3.6   0.6  448.  1.63   0.18  7   -21 144.8
2015   4  1  -2.9   0.5  440.  1.60   0.09  7   -22 144.8
2015   4  2  -2.3   0.4  435.  1.32   0.04  7   -20 144.8
2015   4  3  -2.0   0.2  430.  1.69   0.04 10   -16 144.8
2015   4  4  -1.7  -0.8  425.  1.80   0.42 10   -16 144.8
2015   4  5   0.5  -2.6  433.  2.05   1.13 10   -19 144.8
2015   4  6   4.3  -3.0  428.  2.43   1.24 20   -26 144.8
2015   4  7   4.0  -4.1  391.  1.92   1.64 20   -33 144.8
2015   4  8   4.4  -2.8  397.  2.46   1.19 20   -35 144.8
2015   4  9   6.3  -2.0  406.  2.21   1.01 33   -34 144.8
2015   4 10   6.1  -4.7  400.  2.59   2.08 33   -29 144.8
2015   4 11   5.0  -6.7  401.  3.10   2.85 33   -36 144.8
2015   4 12   1.5  -7.2  409.  3.92   2.99 37   -47 144.8
2015   4 13   6.1  -6.1  416.  3.64   2.62 37   -59 144.8
2015   4 14   3.9  -8.8  401.  2.63   3.53 37   -63 144.8
2015   4 15   0.8  -8.4  400.  2.68   3.36 50   -62 144.8
2015   4 16   0.6  -7.6  397.  2.57   2.98 50   -68 144.8
2015   4 17   3.1  -6.5  391.  2.52   2.35 50   -57 144.8
2015   4 18   1.8  -6.7  388.  2.08   2.44 33   -62 144.8
2015   4 19   0.4  -6.5  401.  3.29   2.53 33   -65 144.8
2015   4 20   1.1  -6.9  410.  4.22   2.62 33   -68 144.8
2015   4 21   1.4  -4.4  395.  4.20   1.54 40   -78 144.8
2015   4 22  -0.9  -3.3  388.  4.39   1.32 40   -67 144.8
2015   4 23   5.7  -8.1  421.  4.74   2.57 40   -57 144.8
2015   5  0  -3.0  -0.7  398.  3.66   0.60 53   -67 137.2
2015   5  1   3.8  -0.7  453.  3.97  -0.14 53   -51 137.2
2015   5  2   8.2   1.9  471.  3.38  -1.74 53   -42 137.2
2015   5  3  -0.2   4.8  477.  2.96  -2.24 30   -38 137.2
2015   5  4  -8.7  -3.1  471.  2.42   1.98 30   -41 137.2
2015   5  5   0.5  -0.6  468.  2.80   0.28 30   -51 137.2
2015   5  6   0.1   3.1  499.  2.69  -1.55 23   -55 137.2
2015   5  7   9.9   1.7  513.  2.94  -0.82 23   -48 137.2
2015   5  8   1.1   0.9  485.  2.55  -0.39 23   -47 137.2
2015   5  9  -0.5   4.2  488.  2.73  -2.05 17   -42 137.2
2015   5 10   1.0   4.2  515.  2.80  -2.11 17   -39 137.2
2015   5 11  -0.5   2.9  481.  2.42  -1.39 17   -37 137.2
2015   5 12  -1.8  -1.4  487.  2.10   0.63 20   -37 137.2
2015   5 13  -3.1   0.9  507.  2.38  -0.51 20   -39 137.2
2015   5 14  -5.2   1.6  527.  2.48  -0.84 20   -33 137.2
2015   5 15   1.8   4.9  518.  2.21  -2.59 17   -31 137.2
2015   5 16  -0.9   0.8  493.  1.69  -0.35 17   -28 137.2
2015   5 17  -2.1  -0.6  494.  1.62   0.44 17   -29 137.2
2015   5 18  -5.2   1.4  516.  1.90  -0.21 23   -31 137.2
2015   5 19  -3.6  -4.1  516.  1.86   2.48 23   -35 137.2
2015   5 20  -6.0  -2.6  522.  1.87   2.09 23   -40 137.2
2015   5 21  -6.4  -2.1  530.  1.88   2.01 30   -46 137.2
2015   5 22  -6.0  -1.7  521.  1.91   1.77 30   -43 137.2
2015   5 23  -3.6  -1.4  496.  1.58   1.19 30   -42 137.2
2015   6  0  -1.9   0.7  484.  1.42  -0.05 20   -44 137.2
2015   6  1  -3.8   2.8  487.  1.29  -0.83 20   -40 137.2
2015   6  2  -4.4   1.9  458.  1.17  -0.37 20   -38 137.2
2015   6  3  -5.1   1.5  455.  1.22  -0.23 30   -35 137.2
2015   6  4  -6.5  -0.7  460.  1.84   0.74 30   -32 137.2
2015   6  5  -7.8  -0.8  476.  2.66   0.71 30   -37 137.2
2015   6  6  -7.5   0.5  493.  2.72  -0.10 33   -39 137.2
2015   6  7  -8.5  -2.1  496.  2.40   1.04 33   -37 137.2
2015   6  8  -5.7  -6.8  519.  2.66   3.43 33   -40 137.2
2015   6  9  -6.4  -2.8  512.  2.82   1.23 37   -49 137.2
2015   6 10  -8.7   0.2  513.  2.77  -0.41 37   -46 137.2
2015   6 11  -9.3   5.8  507.  2.42  -3.24 37   -38 137.2
2015   6 12  -6.6   7.1  500.  2.25  -3.70 20   -35 137.2
2015   6 13  -7.2   3.1  516.  3.26  -1.65 20   -32 137.2
2015   6 14  -5.2   1.4  507.  3.22  -0.66 20   -29 137.2
2015   6 15  -3.9   0.1  512.  3.35   0.05 30   -29 137.2
2015   6 16  -6.9  -2.4  496.  4.28   1.54 30   -32 137.2
2015   6 17  -7.0   4.5  499.  3.90  -1.70 30   -30 137.2
2015   6 18   2.1  11.3  484.  1.91  -5.57 27   -32 137.2
2015   6 19   4.1  10.3  481.  3.77  -5.29 27   -20 137.2
2015   6 20  -0.8   9.5  486.  3.93  -4.37 27   -22 137.2
2015   6 21   1.7  10.6  484.  2.33  -5.13 10   -27 137.2
2015   6 22   0.3  10.8  467.  1.38  -4.86 10   -26 137.2
2015   6 23  -0.9   9.8  457.  2.10  -4.16 10   -18 137.2
2015   7  0  -2.2   8.8  454.  2.55  -3.54 23   -14 142.4
2015   7  1  -6.4   0.6  446.  5.00   0.49 23    -5 142.4
2015   7  2  -4.9   0.6  438.  6.28   0.26 23     0 142.4
2015   7  3  -5.0   4.3  440.  4.66  -1.41 17    -2 142.4
2015   7  4  -3.9   6.2  439.  4.20  -2.46 17    -2 142.4
2015   7  5  -3.1   6.2  437.  4.14  -2.58 17    -6 142.4
2015   7  6   0.3  10.9  461.  6.05  -5.02 60    -1 142.4
2015   7  7  -4.9  -1.2  475. 12.36   0.57 60     9 142.4
2015   7  8  -1.7 -16.1  472. 10.57   7.55 60   -29 142.4
2015   7  9   6.1 -17.1  469.  6.98   8.16 63   -73 142.4
2015   7 10  10.6 -15.1  475.  8.39   7.46 63  -106 142.4
2015   7 11  16.1  -3.3  461.  6.85   1.94 63  -107 142.4
2015   7 12  15.3   0.0  448.  3.40   0.27 40  -100 142.4
2015   7 13  14.4   3.2  433.  3.77  -1.30 40  -101 142.4
2015   7 14  12.8   5.2  422.  3.03  -2.32 40  -103 142.4
2015   7 15  12.0   6.8  420.  2.99  -3.15 23   -98 142.4
2015   7 16  11.4   9.3  423.  2.80  -4.44 23   -87 142.4
2015   7 17  10.3  12.5  429.  3.52  -5.96 23   -73 142.4
2015   7 18  11.6  13.4  448.  4.79  -6.90 20   -62 142.4
2015   7 19  11.7  11.6  448.  7.21  -6.27 20   -50 142.4
2015   7 20   8.5  11.7  452.  7.47  -6.10 20   -47 142.4
2015   7 21  -2.7   3.2  460.  9.86  -1.06 33   -39 142.4
2015   7 22  -3.1  -2.7  471.  5.66   1.65 33   -49 142.4
2015   7 23   4.3  -1.8  484.  5.08   0.19 33   -51 142.4
2015   8  0   4.2  -2.1  466.  3.66   0.37 37   -54 152.0
2015   8  1  -1.0   4.5  474.  2.47  -1.90 37   -58 152.0
2015   8  2  -3.9   1.3  486.  4.63  -0.15 37   -47 152.0
2015   8  3  -2.5  -3.0  464.  5.27   1.58 40   -48 152.0
2015   8  4   1.4  -2.9  453.  5.32   1.22 40   -48 152.0
2015   8  5   4.7  -1.0  453.  7.95   0.23 40   -41 152.0
2015   8  6   5.7  -2.2  433.  4.80   0.82 27   -48 152.0
2015   8  7   8.1   1.0  435.  3.19  -0.48 27   -56 152.0
2015   8  8   6.4   4.4  457.  2.70  -1.97 27   -57 152.0
2015   8  9   4.3  -0.3  439.  2.80   0.22 20   -56 152.0
2015   8 10   5.8  -0.6  453.  2.79   0.41 20   -56 152.0
2015   8 11   7.7  -1.1  466.  2.56   0.70 20   -55 152.0
2015   8 12   6.7   1.5  472.  2.00  -0.61 23   -49 152.0
2015   8 13   4.5   4.3  479.  1.87  -2.06 23   -44 152.0
2015   8 14   3.6  -2.4  469.  1.74   1.08 23   -39 152.0
2015   8 15   3.1  -0.8  479.  1.79   0.29 17   -40 152.0
2015   8 16   2.7   2.2  488.  1.86  -1.22 17   -43 152.0
2015   8 17   2.4  -0.5  479.  1.69   0.05 17   -40 152.0
2015   8 18  -0.1   1.7  482.  1.82  -0.77 17   -38 152.0
2015   8 19   2.4   0.0  471.  1.55  -0.28 17   -38 152.0
2015   8 20   5.6  -0.8  494.  1.87  -0.40 17   -35 152.0
2015   8 21   1.6  -2.4  489.  1.83   0.88 27   -35 152.0
2015   8 22  -0.7  -2.8  482.  1.89   1.40 27   -38 152.0
2015   8 23   0.0   0.2  486.  1.91  -0.10 27   -41 152.0
2015   9  0   0.3   1.7  478.  1.91  -0.81 20   -42 146.2
2015   9  1   2.8   0.3  474.  1.79  -0.52 20   -44 146.2
2015   9  2   4.8  -0.6  484.  1.38  -0.29 20   -42 146.2
2015   9  3   2.4  -0.2  491.  1.65  -0.15 17   -38 146.2
2015   9  4  -2.1   4.7  508.  2.09  -2.18 17   -32 146.2
2015   9  5   3.1   0.5  486.  1.69  -0.39 17   -32 146.2
2015   9  6   4.8  -0.6  476.  1.55   0.14 23   -35 146.2
2015   9  7   3.0  -0.8  480.  1.57   0.34 23   -38 146.2
2015   9  8   3.2  -0.9  473.  1.32   0.43 23   -43 146.2
2015   9  9   3.1   0.1  483.  1.30  -0.00 17   -43 146.2
2015   9 10   1.0   0.2  472.  1.28  -0.09 17   -40 146.2
2015   9 11   2.6   1.1  474.  1.26  -0.47 17   -37 146.2
2015   9 12   2.9  -2.4  469.  1.19   1.17 20   -33 146.2
2015   9 13   2.9  -1.0  462.  0.95   0.46 20   -32 146.2
2015   9 14   2.5   0.1  446.  0.79  -0.09 20   -32 146.2
2015   9 15   2.9  -2.4  453.  0.88   1.00 13   -30 146.2
2015   9 16   2.4  -0.9  434.  0.72   0.26 13   -34 146.2
2015   9 17   2.7  -1.1  432.  0.73   0.26 13   -36 146.2
2015   9 18   2.1   2.9  428.  1.15  -1.41 10   -35 146.2
2015   9 19   3.5   1.7  420.  1.22  -1.05 10   -34 146.2
2015   9 20   4.0   0.8  417.  1.21  -0.79 10   -33 146.2
2015   9 21   4.1  -0.0  413.  1.19  -0.50 20   -28 146.2
2015   9 22   3.1  -2.8  410.  1.09   0.70 20   -24 146.2
2015   9 23   1.5  -3.6  411.  1.21   1.19 20   -26 146.2
2015  10  0   2.6  -2.5  406.  1.33   0.65 23   -32 146.9
2015  10  1   3.0   0.4  397.  1.01  -0.52 23   -37 146.9
2015  10  2   0.9  -2.1  382.  0.87   0.69 23   -29 146.9
2015  10  3   1.3  -2.5  387.  1.12   0.85 33   -26 146.9
2015  10  4   2.9   1.1  390.  1.12  -0.62 33   -25 146.9
2015  10  5   4.4  -1.7  413.  1.37   0.50 33   -22 146.9
2015  10  6   3.5  -2.9  410.  1.33   1.11 13   -27 146.9
2015  10  7   3.4   0.5  411.  1.44  -0.25 13   -30 146.9
2015  10  8   3.8  -0.1  407.  1.48   0.04 13   -32 146.9
2015  10  9   1.1   2.6  414.  1.58  -1.08 20   -31 146.9
2015  10 10   1.6  -2.4  426.  1.99   1.06 20   -30 146.9
2015  10 11   4.5  -1.3  425.  2.03   0.59 20   -31 146.9
2015  10 12   3.1   0.2  416.  1.89  -0.04 23   -28 146.9
2015  10 13   3.0  -2.3  423.  2.01   0.97 23   -24 146.9
2015  10 14   3.0  -1.6  430.  2.33   0.65 23   -19 146.9
2015  10 15   2.8  -2.4  444.  2.54   0.98 33   -17 146.9
2015  10 16   5.9  -0.9  454.  2.31   0.05 33   -19 146.9
2015  10 17   5.4  -1.0  443. 99.99   0.04 33   -24 146.9
2015  10 18   4.6   1.7  442.  1.74  -1.15 10   -24 146.9
2015  10 19   2.0   5.0  445.  1.50  -2.36 10   -23 146.9
2015  10 20   4.2   3.5  451.  1.52  -2.07 10   -16 146.9
2015  10 21   3.4   2.3  446.  1.46  -1.43  7   -20 146.9
2015  10 22   2.5   4.6  470.  1.24  -2.44  7   -17 146.9
2015  10 23   6.3  -3.4  494.  1.26   0.59  7   -14 146.9
2015  11  0   6.2  -2.9  492.  1.42   0.39 30   -18 148.6
2015  11  1   6.1  -2.5  489.  1.50   0.29 30   -23 148.6
2015  11  2   5.6  -3.2  477.  1.15   0.76 30   -25 148.6
2015  11  3   5.6   0.7  474.  1.15  -0.90 23   -26 148.6
2015  11  4   6.5  -0.1  490.  1.07  -0.49 23   -24 148.6
2015  11  5   6.3   0.5  513.  1.01  -0.67 23   -26 148.6
2015  11  6   5.5  -3.8  545.  1.20   1.85 30   -28 148.6
2015  11  7   4.9  -4.5  602.  1.46   2.59 30   -30 148.6
2015  11  8   6.3   0.3  540.  1.13  -0.16 30   -37 148.6
2015  11  9   4.6   2.3  517.  1.08  -1.14 20   -36 148.6
2015  11 10   4.6  -0.4  503.  0.78   0.25 20   -33 148.6
2015  11 11   3.7  -0.6  475.  0.62   0.33 20   -34 148.6
2015  11 12   3.2  -1.8  466.  0.57   0.84 23   -37 148.6
2015  11 13   5.9  -0.8  489.  0.72   0.34 23   -39 148.6
2015  11 14   5.2   0.1  487.  0.75  -0.19 23   -36 148.6
2015  11 15   6.1   0.6  482.  0.73  -0.53 10   -30 148.6
2015  11 16   5.5  -0.5  468.  0.69  -0.09 10   -30 148.6
2015  11 17   4.8   0.0  458.  0.66  -0.41 10   -31 148.6
2015  11 18   5.0  -0.8  450.  0.60  -0.14 20   -29 148.6
2015  11 19   5.3  -1.3  447.  0.60  -0.04 20   -26 148.6
2015  11 20   2.9  -2.4  445.  1.03   0.62 20   -22 148.6
2015  11 21   3.2   0.6  421.  0.82  -0.67 27   -29 148.6
2015  11 22   3.9   0.0  428.  0.75  -0.56 27   -29 148.6
2015  11 23   3.3  -0.6  416.  0.80  -0.21 27   -26 148.6
2015  12  0   4.4   2.1  426.  0.92  -1.45  3   -26 153.4
2015  12  1   5.1   0.1  443.  1.16  -0.71  3   -24 153.4
2015  12  2   5.6  -0.7  456.  1.42  -0.36  3   -23 153.4
2015  12  3   3.3   3.2  429.  1.03  -1.67 13   -24 153.4
2015  12  4   3.3   0.5  427.  1.16  -0.47 13   -20 153.4
2015  12  5   2.6   0.9  441.  1.34  -0.53 13   -17 153.4
2015  12  6   3.0  -3.4  458.  1.50   1.42 13   -21 153.4
2015  12  7   0.5   1.4  433.  1.41  -0.61 13   -19 153.4
2015  12  8   1.0   3.2  433.  1.47  -1.39 13   -19 153.4
2015  12  9  -0.0   0.2  432.  1.47  -0.09 17   -20 153.4
2015  12 10   3.0  -3.0  435.  1.54   1.35 17   -25 153.4
2015  12 11   1.3   0.1  420.  1.26  -0.04 17   -34 153.4
2015  12 12   2.7  -3.0  459.  1.85   1.38 27   -38 153.4
2015  12 13   4.1   0.2  445.  1.74  -0.13 27   -40 153.4
2015  12 14   3.7  -1.3  436.  1.73   0.48 27   -37 153.4
2015  12 15   4.1   0.2  436.  1.68  -0.26 23   -34 153.4
2015  12 16   1.5  -1.0  416.  1.37   0.33 23   -30 153.4
2015  12 17   0.8  -0.0  410.  1.33  -0.04 23   -30 153.4
2015  12 18  -0.2  -1.5  432.  1.96   0.65 23   -28 153.4
2015  12 19   1.8  -3.0  440.  2.09   1.06 23   -28 153.4
2015  12 20   3.6  -0.5  436.  1.87  -0.26 23   -28 153.4
2015  12 21   0.9  -2.3  410.  1.76   0.78 20   -25 153.4
2015  12 22   1.7   2.0  423.  1.85  -1.06 20   -24 153.4
2015  12 23   5.3   2.4  440.  2.03  -1.80 20   -19 153.4
2015  13  0   3.3  -0.4  403.  1.51  -0.28 17   -21 999.9
2015  13  1   3.9  -1.3  419.  1.86  -0.00 17   -22 999.9
2015  13  2   5.5  -0.7  425.  1.93  -0.38 17   -21 999.9
2015  13  3   4.0   0.3  407.  1.61  -0.49 17   -20 999.9
2015  13  4   0.2   1.8  404.  1.60  -0.73 17   -17 999.9
2015  13  5   0.9  -1.2  412.  1.74   0.45 17   -15 999.9
2015  13  6   3.5   0.1  418.  1.69  -0.17 10   -17 999.9
2015  13  7   3.4   3.0  428.  1.76  -1.37 10   -19 999.9
2015  13  8   3.4  -1.3  426.  1.71   0.51 10   -16 999.9
2015  13  9   0.9   1.5  422.  1.61  -0.63 13   -15 999.9
2015  13 10   3.9  -1.1  424.  1.74   0.51 13   -17 999.9
2015  13 11   3.7  -2.8  431.  1.85   1.21 13   -18 999.9
2015  13 12   2.6  -4.4  446.  1.93   1.96 27   -25 999.9
2015  13 13   1.9   1.1  450.  2.50  -0.54 27   -32 999.9
2015  13 14   2.9   2.6  450.  2.31  -1.26 27   -27 999.9
2015  13 15   2.4   1.5  442.  2.13  -0.75 27   -22 999.9
2015  13 16   2.6   0.4  449.  2.24  -0.36 27   -20 999.9
2015  13 17   3.2   1.3  446.  2.11  -0.85 27   -21 999.9
2015  13 18   3.2  -2.3  431.  1.88   0.65 20   -21 999.9
2015  13 19   0.2  -5.0  426.  1.83   2.04 20   -19 999.9
2015  13 20  -1.2  -1.6  405.  1.54   0.77 20   -19 999.9
2015  13 21   2.3  -0.0  402.  1.47  -0.32 20   -25 999.9
2015  13 22   4.5  -0.9  412.  1.68  -0.29 20   -23 999.9
2015  13 23   2.6  -2.0  411.  1.65   0.41 20   -22 999.9
2015  14  0   4.7   1.1  405.  1.53  -1.05 20   -26 137.2
2015  14  1   3.6   0.1  400.  1.34  -0.48 20   -25 137.2
2015  14  2   3.8  -2.4  399.  1.32   0.48 20   -23 137.2
2015  14  3   4.8   0.4  399.  1.34  -0.64  7   -23 137.2
2015  14  4   4.6   1.4  393.  1.24  -0.90  7   -23 137.2
2015  14  5   4.9   1.1  395.  1.35  -0.71  7   -20 137.2
2015  14  6   4.2   1.6  396.  1.46  -0.79 10   -17 137.2
2015  14  7   4.2   0.1  396.  1.47  -0.12 10   -15 137.2
2015  14  8   4.0   0.8  399.  1.42  -0.36 10   -14 137.2
2015  14  9   1.6  -4.4  389.  1.50   1.71 17   -16 137.2
2015  14 10   5.2   1.5  400.  1.70  -0.60 17   -25 137.2
2015  14 11   2.1  -3.4  384.  1.58   1.31 17   -28 137.2
2015  14 12  -1.9  -3.8  383.  1.67   1.46 27   -30 137.2
2015  14 13   2.3  -1.8  375.  1.57   0.64 27   -28 137.2
2015  14 14   5.9   1.4  396.  1.79  -0.71 27   -21 137.2
2015  14 15   5.8   2.0  392.  1.75  -1.02 13   -15 137.2
2015  14 16   5.5  -1.9  396.  1.79   0.40 13   -13 137.2
2015  14 17   6.0   1.4  396.  1.76  -1.03 13   -14 137.2
2015  14 18   6.3  -0.1  390.  1.57  -0.55 17   -16 137.2
2015  14 19   5.2  -2.6  389.  1.40   0.39 17   -17 137.2
2015  14 20   4.9  -1.5  389.  1.46  -0.04 17   -15 137.2
2015  14 21   6.4   0.2  395.  1.65  -0.91 10   -13 137.2
2015  14 22   5.4   1.8  401.  1.82  -1.44 10   -13 137.2
2015  14 23   4.5   3.0  402.  1.80  -1.77 10   -14 137.2
2015  15  0   3.8   3.8  401.  1.76  -1.96  3   -16 127.1
2015  15  1   2.9   1.1  388.  1.59  -0.78  3   -15 127.1
2015  15  2   1.4   0.5  382.  1.46  -0.34  3   -15 127.1
2015  15  3   2.9   1.3  392.  1.54  -0.78  7   -14 127.1
2015  15  4   4.7  -0.8  416.  1.81  -0.08  7   -13 127.1
2015  15  5   3.3   3.4  422.  1.83  -1.65  7   -13 127.1
2015  15  6   3.7  -3.7  417.  1.64   1.38 13   -13 127.1
2015  15  7   3.8   1.4  405.  1.58  -0.65 13   -17 127.1
2015  15  8   3.3   4.9  426.  1.87  -2.13 13   -14 127.1
2015  15  9   3.6   4.6  414.  1.54  -1.90 13    -7 127.1
2015  15 10   4.4  -3.4  420.  1.65   1.43 13    -4 127.1
2015  15 11   3.0  -1.8  408.  1.58   0.73 13   -11 127.1
2015  15 12   2.1  -5.9  417.  1.77   2.46 30   -15 127.1
2015  15 13   2.8  -4.5  415.  1.72   1.83 30   -14 127.1
2015  15 14   5.6   1.1  401.  1.35  -0.60 30   -19 127.1
2015  15 15   4.2   3.1  385.  1.15  -1.39 17   -18 127.1
2015  15 16   5.0   1.9  382.  1.16  -1.03 17   -20 127.1
2015  15 17   3.7   2.4  371.  1.04  -1.15 17   -18 127.1
2015  15 18   5.3   1.9  381.  1.16  -1.18  3   -17 127.1
2015  15 19   5.7   2.5  392.  1.34  -1.57  3   -15 127.1
2015  15 20   5.3   1.8  389.  1.30  -1.32  3   -13 127.1
2015  15 21   5.3   3.2  385.  1.22  -1.85  3   -11 127.1
2015  15 22   6.0   4.4  399.  1.24  -2.47  3   -13 127.1
2015  15 23   6.0   4.0  395.  1.43  -2.33  3   -12 127.1
2015  16  0   7.9   1.3  402.  2.21  -1.61 13   -11 120.7
2015  16  1   9.3   1.4  428.  2.41  -1.88 13    -9 120.7
2015  16  2   5.1  -0.5  407.  2.45  -0.41 13    -7 120.7
2015  16  3  -3.3  -4.9  421.  2.79   2.36 30    -8 120.7
2015  16  4   5.5  -2.9  402.  2.31   0.68 30   -21 120.7
2015  16  5  -2.4  -4.5  390.  2.10   1.87 30   -21 120.7
2015  16  6   1.0  -2.5  408.  2.19   0.98 20   -20 120.7
2015  16  7   5.0   1.0  391.  1.67  -0.51 20   -22 120.7
2015  16  8   6.4   0.8  390.  1.63  -0.39 20   -15 120.7
2015  16  9   6.9   0.7  391.  1.65  -0.31 13   -11 120.7
2015  16 10   5.0  -4.1  394.  1.78   1.62 13   -12 120.7
2015  16 11   5.4  -1.4  396.  1.64   0.51 13   -17 120.7
2015  16 12   4.5  -3.2  375.  1.46   1.16 20   -19 120.7
2015  16 13   5.2   2.7  370.  1.38  -1.11 20   -21 120.7
2015  16 14   5.5   2.3  371.  1.31  -1.00 20   -17 120.7
2015  16 15   4.1   0.3  360.  1.28  -0.29 10   -14 120.7
2015  16 16   4.6   0.3  357.  1.21  -0.39 10   -15 120.7
2015  16 17   1.4  -3.1  349.  1.13   0.94 10   -18 120.7
2015  16 18   0.7  -3.7  353.  1.17   1.20 17   -17 120.7
2015  16 19   3.6  -0.7  350.  1.04  -0.14 17   -19 120.7
2015  16 20   4.2   0.2  363.  1.19  -0.54 17   -19 120.7
2015  16 21   5.2  -0.1  367.  1.27  -0.62 10   -13 120.7
2015  16 22   5.6   0.7  376.  1.38  -1.02 10   -13 120.7
2015  16 23   3.8  -2.8  362.  1.21   0.43 10   -14 120.7
2015  17  0   2.8  -2.7  351.  1.09   0.53 27   -18 118.0
2015  17  1   3.2  -2.9  367.  1.29   0.62 27   -21 118.0
2015  17  2   1.0  -4.4  357.  1.23   1.39 27   -20 118.0
2015  17  3  -0.4  -4.6  357.  1.26   1.61 30   -20 118.0
2015  17  4   2.0  -4.0  366.  1.38   1.28 30   -25 118.0
2015  17  5  -0.2  -0.9  334.  1.01   0.30 30   -28 118.0
2015  17  6   1.0   2.5  346.  1.11  -0.90  7   -25 118.0
2015  17  7   3.0  -0.2  343.  1.08  -0.00  7   -23 118.0
2015  17  8   2.4   1.7  336.  1.01  -0.60  7   -23 118.0
2015  17  9   3.1  -1.9  342.  1.08   0.62 17   -22 118.0
2015  17 10   4.7   1.0  352.  1.20  -0.39 17   -21 118.0
2015  17 11   4.2   2.9  355.  1.29  -1.06 17   -16 118.0
2015  17 12   4.2   1.1  349.  1.20  -0.42 13   -14 118.0
2015  17 13   3.9   1.0  356.  1.31  -0.43 13   -15 118.0
2015  17 14   4.2   1.5  349.  1.28  -0.66 13   -16 118.0
2015  17 15   3.7   3.9  351.  1.31  -1.51  0   -14 118.0
2015  17 16   4.2   2.0  357.  1.40  -0.96  0   -12 118.0
2015  17 17   4.3   1.6  353.  1.39  -0.88  0   -10 118.0
2015  17 18   4.5   1.1  348.  1.32  -0.77  3   -11 118.0
2015  17 19   3.1  -0.9  343.  1.24  -0.03  3   -12 118.0
2015  17 20   3.0   0.8  343.  1.28  -0.58  3   -14 118.0
2015  17 21   0.4   1.4  329.  1.10  -0.49 17   -10 118.0
2015  17 22   2.4   2.6  330.  1.17  -1.09 17   -13 118.0
2015  17 23   2.5  -1.1  324.  1.10   0.03 17   -13 118.0
2015  18  0   3.0  -0.1  336.  1.27  -0.34  3   -11 121.7
2015  18  1   1.9  -2.8  335.  1.34   0.67  3   -11 121.7
2015  18  2   3.0  -0.8  333.  1.36  -0.07  3   -12 121.7
2015  18  3   3.3   1.8  335.  1.38  -0.87  3   -14 121.7
2015  18  4   0.7   5.1  341.  1.35  -1.74  3   -13 121.7
2015  18  5   3.6   3.6  349.  1.43  -1.47  3   -10 121.7
2015  18  6   4.8   1.5  348.  1.46  -0.73  0    -9 121.7
2015  18  7   4.2   3.3  342.  1.37  -1.23  0    -6 121.7
2015  18  8   3.5   1.9  333.  1.36  -0.70  0    -4 121.7
2015  18  9   3.6   1.6  332.  1.33  -0.56  7    -3 121.7
2015  18 10   4.7   2.4  336.  1.40  -0.84  7    -3 121.7
2015  18 11   4.4   0.5  333.  1.37  -0.20  7    -3 121.7
2015  18 12   4.6  -2.0  329.  1.40   0.59 13    -1 121.7
2015  18 13   2.8  -2.3  327.  1.30   0.69 13    -5 121.7
2015  18 14   2.5  -3.4  323.  1.20   1.00 13   -10 121.7
2015  18 15   1.9  -2.1  311.  1.08   0.56 10   -11 121.7
2015  18 16   2.9  -0.6  315.  1.16   0.03 10   -13 121.7
2015  18 17   2.3  -2.3  308.  1.11   0.52 10   -12 121.7
2015  18 18   1.1  -3.0  305.  1.11   0.79 10   -11 121.7
2015  18 19  -0.2  -4.2  311.  1.13   1.28 10   -12 121.7
2015  18 20   0.3  -4.1  311.  1.14   1.18 10   -15 121.7
2015  18 21   3.2  -1.3  311.  1.12   0.03 23   -19 121.7
2015  18 22   1.0  -3.5  307.  1.13   0.89 23   -16 121.7
2015  18 23  -0.3  -4.0  307.  1.12   1.17 23   -16 121.7
2015  19  0  -0.1  -4.2  313.  1.14   1.22 23   -12 125.9
2015  19  1   0.3  -3.1  314.  1.22   0.88 23   -12 125.9
2015  19  2   4.2   2.5  319.  1.35  -1.18 23   -12 125.9
2015  19  3   5.0   2.6  322.  1.37  -1.26  3   -10 125.9
2015  19  4   5.1   0.0  314.  1.34  -0.38  3    -8 125.9
2015  19  5   4.8   1.8  315.  1.40  -0.82  3    -9 125.9
2015  19  6   3.9   1.9  312.  1.40  -0.75  0   -12 125.9
2015  19  7   2.7   2.1  305.  1.36  -0.70  0   -13 125.9
2015  19  8   2.2   2.4  299.  1.25  -0.75  0   -12 125.9
2015  19  9   5.2  -0.4  306.  1.37   0.06  7    -7 125.9
2015  19 10   4.0  -1.1  304.  1.37   0.30  7    -5 125.9
2015  19 11   4.3  -0.5  306.  1.33   0.12  7    -4 125.9
2015  19 12   4.4  -1.2  302.  1.20   0.30  7    -2 125.9
2015  19 13   4.0  -0.8  297.  1.13   0.15  7    -2 125.9
2015  19 14   2.6  -1.0  304.  1.29   0.21  7     0 125.9
2015  19 15   2.7   1.2  303.  1.33  -0.48  7     0 125.9
2015  19 16   3.4  -0.6  305.  1.35  -0.00  7    -1 125.9
2015  19 17   0.5  -3.0  304.  1.26   0.85  7    -3 125.9
2015  19 18   1.2  -3.7  298.  1.02   0.95 10    -6 125.9
2015  19 19   0.8  -3.6  297.  1.04   0.95 10    -7 125.9
2015  19 20   2.8  -3.2  303.  1.11   0.64 10    -9 125.9
2015  19 21   0.9  -5.1  302.  1.12   1.33 20    -9 125.9
2015  19 22   1.0  -5.7  302.  1.16   1.48 20   -15 125.9
2015  19 23   3.0  -2.4  291.  1.00   0.32 20   -23 125.9
2015  20  0   4.6  -0.7  302.  1.19  -0.33 10   -21 121.6
2015  20  1   4.2  -1.1  299.  1.26  -0.15 10   -16 121.6
2015  20  2   4.4  -1.7  297.  1.17   0.06 10   -12 121.6
2015  20  3   3.9  -0.1  288.  1.09  -0.29  0   -12 121.6
2015  20  4   4.2  -1.2  290.  1.07   0.06  0   -11 121.6
2015  20  5   3.9   2.7  297.  1.14  -1.01  0   -11 121.6
2015  20  6   4.5  -0.6  299.  1.22  -0.00 10   -11 121.6
2015  20  7   4.0  -4.4  300.  1.16   1.20 10   -11 121.6
2015  20  8   5.5  -3.7  309.  1.25   1.02 10   -14 121.6
2015  20  9   5.7  -3.4  311.  1.37   1.00 13   -16 121.6
2015  20 10   5.7   1.2  296.  1.21  -0.41 13   -16 121.6
2015  20 11   6.2   1.4  305.  1.34  -0.49 13   -13 121.6
2015  20 12   5.8   0.5  296.  1.20  -0.24  3   -10 121.6
2015  20 13   5.6   2.9  299.  1.41  -0.99  3    -8 121.6
2015  20 14   4.9   1.7  296.  1.95  -0.65  3    -3 121.6
2015  20 15   5.3   2.6  296.  2.56  -1.01  0    -1 121.6
2015  20 16   4.8   4.4  293.  2.65  -1.52  0     1 121.6
2015  20 17   4.0   5.3  289.  2.63  -1.76  0     2 121.6
2015  20 18   2.9   6.5  284.  2.41  -1.99  0     3 121.6
2015  20 19   1.6   6.9  284.  2.44  -2.02  0     5 121.6
2015  20 20   1.1   5.9  281.  2.42  -1.66  0     7 121.6
2015  20 21   1.9   6.2  285.  2.77  -1.85  3    11 121.6
2015  20 22   2.2   6.7  292.  3.62  -2.04  3    18 121.6
2015  20 23   3.3   4.4  297.  6.38  -1.57  3    29 121.6
2015  21  0   1.6   2.5  299.  8.63  -0.87 13    35 120.0
2015  21  1   6.1  10.0  299.  5.66  -3.44 13    29 120.0
2015  21  2   6.3  11.2  299.  6.75  -3.77 13    32 120.0
2015  21  3   0.2   7.0  300.  8.97  -2.04 20    36 120.0
2015  21  4   1.9  13.3  300.  6.14  -4.02 20    28 120.0
2015  21  5 -10.3   2.6  294.  9.27  -0.18 20    33 120.0
2015  21  6   6.6   9.0  292.  7.21  -2.89 17    25 120.0
2015  21  7   1.8   7.5  292.  5.37  -2.22 17    19 120.0
2015  21  8 -16.2   1.3  312.  1.96  -0.03 17     7 120.0
2015  21  9 -13.6   0.7  332.  2.09  -0.00 13     5 120.0
2015  21 10  -6.8   3.8  392.  3.24  -1.37 13     7 120.0
2015  21 11 -12.0   2.2  420. 99.99  -0.71 13    12 120.0
2015  21 12 -15.3  -0.0  432. 99.99   0.39 20    10 120.0
2015  21 13 -15.7  -1.9  419. 99.99   1.34 20     4 120.0
2015  21 14 -15.9  -2.3  403. 99.99   1.65 20    -2 120.0
2015  21 15 -14.2  -2.5  396. 99.99   1.86 37   -10 120.0
2015  21 16 -12.8  -3.1  408. 99.99   2.28 37   -19 120.0
2015  21 17  -7.2   0.1  457. 99.99   0.73 37   -19 120.0
2015  21 18  -9.2   3.3  463. 99.99  -0.28 33   -19 120.0
2015  21 19  -8.8   6.0  486. 99.99  -1.41 33   -19 120.0
2015  21 20  -5.2   4.2  475. 99.99  -1.00 33   -14 120.0
2015  21 21  -6.4   5.4  485. 99.99  -1.17 30   -12 120.0
2015  21 22  -8.1   1.5  477.  3.01   0.86 30   -10 120.0
2015  21 23  -9.0   2.2  463.  2.62   0.69 30    -8 120.0
2015  22  0  -8.1   3.6  482.  3.43  -0.10 37   -10 116.6
2015  22  1  -3.0   4.2  484.  3.58  -1.36 37   -15 116.6
2015  22  2  -5.0   1.0  459.  2.97   0.32 37   -13 116.6
2015  22  3  -8.4  -0.5  476.  3.31   1.43 30   -14 116.6
2015  22  4  -7.9   1.9  466.  3.11   0.05 30   -20 116.6
2015  22  5  -7.3   3.6  467.  3.14  -0.98 30   -19 116.6
2015  22  6  -3.6   7.4  464.  3.37  -3.16 17   -16 116.6
2015  22  7  -2.2   6.0  462.  3.87  -2.63 17   -14 116.6
2015  22  8  -6.0   1.1  455.  3.98  -0.27 17   -14 116.6
2015  22  9  -3.1   0.2  447.  4.35  -0.00 30   -15 116.6
2015  22 10  -5.3   0.3  443.  3.94  -0.04 30   -19 116.6
2015  22 11  -4.2   2.4  450.  3.31  -0.99 30   -21 116.6
2015  22 12  -3.8  -3.2  477.  2.34   1.62 30   -23 116.6
2015  22 13  -2.6   0.2  472.  2.31  -0.00 30   -30 116.6
2015  22 14  -3.6   0.3  479.  2.47   0.05 30   -27 116.6
2015  22 15  -3.7   2.8  478.  2.22  -1.05 13   -25 116.6
2015  22 16  -2.9   2.5  488.  2.23  -0.93 13   -20 116.6
2015  22 17  -3.6   1.2  462.  1.89  -0.14 13   -16 116.6
2015  22 18  -4.7   0.4  448.  2.01   0.45 23   -14 116.6
2015  22 19  -4.0  -0.7  439.  2.15   0.88 23   -16 116.6
2015  22 20  -5.3   1.4  452.  2.55   0.27 23   -14 116.6
2015  22 21  -4.6   0.8  448.  2.75   0.45 20   -13 116.6
2015  22 22  -5.3  -0.8  441.  2.74   1.23 20   -13 116.6
2015  22 23  -4.0  -0.9  422.  2.56   1.01 20   -14 116.6
2015  23  0  -2.9  -1.0  420.  2.57   0.88 27   -13 117.3
2015  23  1  -2.1   0.7  433.  2.81   0.04 27   -15 117.3
2015  23  2  -4.5  -1.3  418.  2.28   1.17 27   -15 117.3
2015  23  3  -5.2  -0.8  407.  1.83   0.94 30   -17 117.3
2015  23  4  -4.4  -2.3  402.  1.76   1.33 30   -17 117.3
2015  23  5  -2.8  -0.7  389.  1.74   0.51 30   -15 117.3
2015  23  6  -3.1   1.7  398.  1.77  -0.48 20   -18 117.3
2015  23  7  -3.0   0.7  406.  1.97  -0.12 20   -14 117.3
2015  23  8  -3.6  -1.4  426.  2.44   0.72 20   -10 117.3
2015  23  9  -4.4  -0.3  421.  2.33   0.25 20   -14 117.3
2015  23 10  -4.4   1.3  420.  2.17  -0.46 20   -18 117.3
2015  23 11  -2.6  -0.6  421.  2.12   0.29 20   -19 117.3
2015  23 12  -0.9   3.2  422.  2.03  -1.31 20   -20 117.3
2015  23 13  -4.2  -0.4  427.  2.07   0.34 20   -16 117.3
2015  23 14  -0.7  -0.8  436.  2.11   0.39 20   -14 117.3
2015  23 15  -3.4  -1.9  442.  2.06   1.06 20   -12 117.3
2015  23 16  -2.7   0.3  436.  1.99   0.13 20   -13 117.3
2015  23 17  -3.2  -0.1  445.  1.94   0.40 20   -15 117.3
2015  23 18  -1.2   1.6  434.  1.78  -0.52 17   -16 117.3
2015  23 19  -1.6  -1.1  434.  1.85   0.69 17   -14 117.3
2015  23 20  -0.5  -0.6  433.  1.98   0.30 17   -13 117.3
2015  23 21  -1.5   0.7  430.  1.92  -0.04  7   -12 117.3
2015  23 22  -1.9   1.4  430.  1.94  -0.21  7   -11 117.3
2015  23 23  -2.7   1.3  427.  1.84  -0.04  7    -9 117.3
2015  24  0  -2.7   2.7  425.  1.89  -0.59  3    -7 121.4
2015  24  1  -2.3   1.8  401.  1.62  -0.32  3    -8 121.4
2015  24  2  -3.1  -0.9  401.  1.64   0.76  3    -7 121.4
2015  24  3  -3.4  -0.5  394.  1.73   0.59 10    -7 121.4
2015  24  4  -2.8   0.2  382.  1.55   0.19 10   -10 121.4
2015  24  5  -3.3   1.0  382.  1.74  -0.11 10   -10 121.4
2015  24  6  -4.4   0.1  381.  1.83   0.23 10    -7 121.4
2015  24  7  -3.0  -1.3  370.  1.69   0.63 10    -6 121.4
2015  24  8  -1.6  -1.5  362.  1.46   0.58 10    -7 121.4
2015  24  9  -0.7  -1.0  365.  1.60   0.36 10   -11 121.4
2015  24 10  -2.8  -1.2  385.  1.93   0.54 10   -17 121.4
2015  24 11  -2.5  -2.7  381.  1.90   1.10 10   -22 121.4
2015  24 12  -3.1  -2.8  383.  2.11   1.15 17   -23 121.4
2015  24 13  -3.2  -3.0  385.  2.00   1.27 17   -21 121.4
2015  24 14  -1.8  -1.3  373.  1.81   0.56 17   -18 121.4
2015  24 15  -0.7  -0.9  366.  1.80   0.37 17   -17 121.4
2015  24 16  -0.7   0.5  364.  1.90  -0.11 17   -20 121.4
2015  24 17   0.2   1.0  357.  1.68  -0.36 17   -19 121.4
2015  24 18  -1.4   0.9  349.  1.63  -0.14 23   -16 121.4
2015  24 19  -1.6   0.2  340.  1.53   0.14 23   -13 121.4
2015  24 20  -0.5   0.2  336.  1.49  -0.00 23   -15 121.4
2015  24 21  -4.1   0.7  357.  2.08   0.36 23   -10 121.4
2015  24 22  -3.7   0.6  362.  2.33   0.33 23    -6 121.4
2015  24 23  -4.2   0.4  365.  1.87   0.47 23    -7 121.4
2015  25  0  -0.7   2.2  355.  1.59  -0.60 10   -10 122.7
2015  25  1  -3.2  -1.9  356.  1.93   1.07 10   -10 122.7
2015  25  2  -4.8  -2.6  367.  2.15   1.50 10    -8 122.7
2015  25  3  -3.8  -0.1  365.  2.15   0.47 17   -10 122.7
2015  25  4  -2.2   1.9  359.  2.28  -0.43 17    -9 122.7
2015  25  5  -4.6   0.6  364.  2.28   0.15 17    -5 122.7
2015  25  6  -2.1  -0.3  350.  2.14   0.24  7    -6 122.7
2015  25  7  -1.2  -0.8  348.  2.02   0.31  7    -4 122.7
2015  25  8  -3.6  -1.6  359.  2.16   0.68  7    -2 122.7
2015  25  9  -3.9  -1.2  364.  2.22   0.55  7    -4 122.7
2015  25 10  -4.3  -0.5  345.  1.86   0.28  7    -9 122.7
2015  25 11  -3.6   0.4  336.  1.76  -0.07  7    -8 122.7
2015  25 12  -4.8  -1.9  340.  1.88   0.78 10    -9 122.7
2015  25 13  -4.4   0.6  339.  1.88  -0.03 10   -11 122.7
2015  25 14  -3.8  -2.3  332.  1.76   0.93 10    -9 122.7
2015  25 15  -1.4  -3.3  329.  1.76   1.15 10    -9 122.7
2015  25 16  -1.6  -4.1  332.  1.95   1.46 10   -13 122.7
2015  25 17  -1.2  -2.5  322.  1.69   0.87 10   -13 122.7
2015  25 18  -3.9   0.1  330.  1.89   0.36 13    -9 122.7
2015  25 19  -4.6   1.7  336.  2.04  -0.00 13    -3 122.7
2015  25 20  -4.5   1.5  340.  2.13   0.10 13    -3 122.7
2015  25 21  -5.5  -0.3  343.  2.56   0.86 27     0 122.7
2015  25 22  -5.3   2.8  354.  3.45  -0.14 27    -1 122.7
2015  25 23  -6.7  -5.5  360.  3.48   2.81 27    -3 122.7
2015  26  0  -6.4  -1.7  361.  3.52   1.48 33   -10 142.5
2015  26  1  -6.8  -0.4  356.  3.39   1.07 33    -9 142.5
2015  26  2  -4.9  -3.7  351.  3.38   1.83 33   -10 142.5
2015  26  3  -4.3  -2.1  341.  3.12   1.16 30   -19 142.5
2015  26  4  -4.1  -1.4  336.  2.97   0.84 30   -15 142.5
2015  26  5  -2.5   3.3  331.  2.90  -0.89 30   -13 142.5
2015  26  6  -3.3   6.7  354.  5.00  -2.12 33    -8 142.5
2015  26  7  -8.0  -3.3  369.  5.28   1.62 33    -6 142.5
2015  26  8  -6.1  -5.9  364.  5.94   2.37 33   -11 142.5
2015  26  9  -0.3 -10.9  384.  9.16   4.19 40   -21 142.5
2015  26 10  -6.8   0.9  375.  8.09  -0.15 40   -43 142.5
2015  26 11  -6.2  -3.8  371.  6.90   1.60 40   -32 142.5
2015  26 12  -8.1   2.4  360.  4.69  -0.61 27   -26 142.5
2015  26 13  -7.6  -2.0  360.  4.76   1.01 27   -24 142.5
2015  26 14  -7.5  -0.1  354.  4.10   0.42 27   -25 142.5
2015  26 15  -5.7  -2.0  349.  3.36   1.05 30   -28 142.5
2015  26 16  -6.0  -0.5  359.  3.31   0.65 30   -34 142.5
2015  26 17  -2.2  -2.5  366.  2.85   1.10 30   -33 142.5
2015  26 18  -0.2  -4.3  357.  2.67   1.46 23   -27 142.5
2015  26 19  -1.8  -3.1  357.  2.50   1.25 23   -24 142.5
2015  26 20  -3.6  -1.0  362.  2.50   0.83 23   -21 142.5
2015  26 21  -3.5  -1.8  363.  2.87   1.13 20   -20 142.5
2015  26 22  -3.9  -1.0  367.  2.98   0.92 20   -23 142.5
2015  26 23  -4.0  -2.4  367.  2.70   1.43 20   -24 142.5
2015  27  0  -4.7  -2.2  368.  2.87   1.44 30   -26 153.3
2015  27  1  -3.9  -1.6  366.  3.21   1.10 30   -24 153.3
2015  27  2   0.7  -1.8  376.  3.48   0.53 30   -20 153.3
2015  27  3  -1.3  -4.1  380.  4.17   1.63 27   -19 153.3
2015  27  4  -7.1   1.1  386.  2.89   0.35 27   -27 153.3
2015  27  5  -9.0   1.0  416.  2.96   0.46 27   -26 153.3
2015  27  6 -10.0   4.2  421.  2.51  -0.97 30   -26 153.3
2015  27  7  -5.8   0.6  487.  4.24   0.10 30   -14 153.3
2015  27  8  -5.2   1.0  485.  4.68  -0.19 30   -15 153.3
2015  27  9  -4.3   0.7  459.  3.76  -0.14 20   -16 153.3
2015  27 10   1.3  -0.7  451.  3.89   0.27 20   -18 153.3
2015  27 11   0.5   0.4  461.  3.89  -0.18 20   -20 153.3
2015  27 12   2.6  -0.2  470.  3.25  -0.00 17   -18 153.3
2015  27 13   1.3   1.6  473.  2.96  -0.80 17   -14 153.3
2015  27 14  -2.2  -0.0  484.  3.63   0.15 17    -9 153.3
2015  27 15  -1.4  -2.5  491.  3.88   1.33 23   -10 153.3
2015  27 16  -2.8  -0.1  484.  3.76   0.34 23   -11 153.3
2015  27 17  -2.8   3.1  489.  3.73  -1.08 23   -13 153.3
2015  27 18  -3.0   3.4  485.  3.48  -1.12 23   -10 153.3
2015  27 19  -3.4   1.7  480.  4.85  -0.19 23    -4 153.3
2015  27 20  -1.9  -1.1  485.  6.17   0.82 23    -5 153.3
2015  27 21  -4.3  -1.0  477.  5.99   1.29 33   -17 153.3
2015  27 22  -4.5  -0.6  479.  5.81   1.15 33   -23 153.3
2015  27 23  -2.1   2.0  461.  4.00  -0.41 33   -24 153.3
2015  28  0  -2.6   2.1  460.  4.02  -0.37 27   -17 154.5
2015  28  1  -1.1   2.1  461.  2.86  -0.69 27   -18 154.5
2015  28  2  -1.6   1.6  467.  3.16  -0.42 27   -17 154.5
2015  28  3  -4.0   1.2  494.  4.55   0.10 20   -13 154.5
2015  28  4  -3.9   2.3  519.  5.20  -0.57 20   -11 154.5
2015  28  5  -7.7  -0.8  490.  4.33   1.27 20   -14 154.5
2015  28  6  -2.5  -1.4  478.  4.46   0.86 30   -19 154.5
2015  28  7  -3.7   0.8  461.  3.71  -0.09 30   -22 154.5
2015  28  8  -2.1   1.1  437.  3.39  -0.35 30   -18 154.5
2015  28  9  -0.6  -1.1  438.  2.87   0.53 23   -17 154.5
2015  28 10  -3.1  -0.3  449.  3.13   0.27 23   -18 154.5
2015  28 11  -2.2  -0.1  434.  2.57   0.13 23   -19 154.5
2015  28 12  -3.1   0.0  433.  2.40   0.13 10   -16 154.5
2015  28 13  -2.9   0.6  427.  2.41  -0.09 10   -13 154.5
2015  28 14  -3.2   0.4  430.  2.56   0.04 10   -14 154.5
2015  28 15  -2.2   0.1  431.  2.31   0.13  7   -16 154.5
2015  28 16  -1.2  -0.1  439.  1.86   0.18  7   -20 154.5
2015  28 17  -1.0   0.6  436.  1.82  -0.13  7   -18 154.5
2015  28 18  -1.2   0.6  436.  2.16  -0.09  3   -11 154.5
2015  28 19  -1.0   0.5  435.  2.28  -0.04  3    -8 154.5
2015  28 20  -1.3   0.3  423.  2.44   0.08  3    -9 154.5
2015  28 21  -1.2   1.1  415.  2.49  -0.21 13    -9 154.5
2015  28 22  -5.3  -0.3  413.  2.35   1.03 13    -6 154.5
2015  28 23  -5.0  -0.2  401.  3.06   0.92 13    -6 154.5
2015  29  0  -5.0   1.6  402.  2.95   0.28 20    -7 166.7
2015  29  1  -5.5   1.7  395.  2.92   0.28 20    -6 166.7
2015  29  2  -6.6   1.1  385.  2.89   0.54 20    -6 166.7
2015  29  3  -2.3   1.0  386.  2.42  -0.08  7   -12 166.7
2015  29  4  -1.7   0.5  383.  2.35  -0.00  7   -16 166.7
2015  29  5  -5.6   0.7  372.  2.56   0.26  7   -17 166.7
2015  29  6  -4.8   1.6  375.  2.62  -0.23  7   -18 166.7
2015  29  7  -5.2   0.7  384.  3.04   0.04  7   -15 166.7
2015  29  8  -6.3   1.7  387.  3.13  -0.35  7   -13 166.7
2015  29  9  -3.4   1.0  381.  3.13  -0.27 17   -10 166.7
2015  29 10  -0.7   0.1  391.  3.39  -0.00 17   -11 166.7
2015  29 11  -4.5  -3.9  394.  4.48   1.69 17    -4 166.7
2015  29 12  -5.8  -0.1  384.  4.06   0.27 17    -8 166.7
2015  29 13  -3.5   0.4  380.  3.09   0.04 17   -10 166.7
2015  29 14  -1.1   0.8  372.  2.90  -0.22 17   -13 166.7
2015  29 15  -3.6  -1.1  384.  3.42   0.69 20   -10 166.7
2015  29 16  -3.9   4.6  395.  3.70  -1.38 20    -9 166.7
2015  29 17  -6.4  -1.0  404.  4.69   1.13 20    -5 166.7
2015  29 18  -6.1  -2.2  410.  4.50   1.68 37   -10 166.7
2015  29 19  -8.1  -3.3  414.  4.69   2.48 37    -9 166.7
2015  29 20  -5.8   3.7  411.  4.64  -0.45 37   -19 166.7
2015  29 21  -3.5   2.9  408.  5.20  -0.49 27   -11 166.7
2015  29 22  -5.6  -0.7  413.  5.21   1.24 27    -9 166.7
2015  29 23  -4.2  -1.4  403.  4.63   1.25 27   -13 166.7
2015  30  0  -0.6   3.2  401.  3.88  -1.04 23   -17 154.6
2015  30  1  -2.0  -2.2  394.  4.60   1.10 23   -13 154.6
2015  30  2  -4.3  -2.0  385.  4.03   1.35 23   -12 154.6
2015  30  3  -3.7   0.9  381.  3.39   0.15 27   -15 154.6
2015  30  4  -4.2  -1.8  396.  3.01   1.19 27   -16 154.6
2015  30  5  -3.2   1.0  407.  2.60  -0.08 27   -20 154.6
2015  30  6  -3.7  -0.1  414.  3.00   0.33 20   -20 154.6
2015  30  7  -3.8  -1.6  418.  3.12   0.92 20   -16 154.6
2015  30  8   0.3   1.9  418.  2.82  -0.79 20   -21 154.6
2015  30  9  -1.6   2.4  426.  2.53  -0.94 10   -21 154.6
2015  30 10  -0.4   1.9  430.  2.62  -0.82 10   -19 154.6
2015  30 11  -1.0   1.1  427.  2.62  -0.43 10   -18 154.6
2015  30 12  -1.0   1.9  417.  2.37  -0.75 10   -16 154.6
2015  30 13  -0.1   2.4  421.  2.51  -1.01 10   -14 154.6
2015  30 14  -2.8   1.5  420.  2.50  -0.42 10   -16 154.6
2015  30 15  -5.3  -1.9  410.  2.61   1.19 17   -16 154.6
2015  30 16  -3.3  -2.1  399.  2.41   1.12 17   -20 154.6
2015  30 17  -3.0  -2.8  396.  2.08   1.39 17   -27 154.6
2015  30 18  -3.7  -3.1  401.  2.18   1.64 33   -29 154.6
2015  30 19  -3.0  -2.5  411.  2.57   1.40 33   -31 154.6
2015  30 20  -0.9   1.8  425.  1.92  -0.55 33   -31 154.6
2015  30 21  -1.3   3.1  421.  1.94  -0.97 30   -33 154.6
2015  30 22  -1.4   2.1  411.  2.00  -0.53 30   -28 154.6
2015  30 23  -1.4   0.2  418.  2.20   0.17 30   -20 154.6
2015  31  0  -2.8  -3.1  424.  2.98   1.70 13   -18 149.0
2015  31  1  -2.6  -1.4  436.  3.52   1.00 13   -16 149.0
2015  31  2  -4.3  -1.0  429.  3.22   1.12 13   -14 149.0
2015  31  3  -3.6  -1.0  417.  2.73   0.92 23   -18 149.0
2015  31  4  -1.9   1.9  414.  2.35  -0.50 23   -20 149.0
2015  31  5  -0.0   1.9  407.  2.25  -0.73 23   -19 149.0
2015  31  6  -4.2  -2.0  429.  2.82   1.20 13   -20 149.0
2015  31  7  -2.6   1.2  424.  2.49  -0.34 13   -23 149.0
2015  31  8  -4.3  -0.5  438.  2.44   0.48 13   -24 149.0
2015  31  9  -1.5  -0.5  428.  2.60   0.30 13   -23 149.0
2015  31 10  -4.1  -1.0  425.  2.68   0.59 13   -21 149.0
2015  31 11  -2.7  -1.7  424.  2.73   0.85 13   -19 149.0
2015  31 12  -1.1  -3.1  426.  2.38   1.36 17   -17 149.0
2015  31 13  -2.2  -1.1  420.  2.42   0.59 17   -13 149.0
2015  31 14  -2.6  -1.7  419.  2.37   0.88 17   -15 149.0
2015  31 15  -3.6  -1.7  419.  2.27   1.01 23   -19 149.0
2015  31 16  -3.4  -2.0  406. 99.99   1.14 23   -22 149.0
2015  31 17  -3.1  -0.3  421.  2.25   0.51 23   -22 149.0
2015  31 18  -3.3  -0.3  415.  2.50   0.58 23   -23 149.0
2015  31 19  -4.7  -0.7  403.  2.65   0.97 23   -21 149.0
2015  31 20  -2.1  -1.9  404.  3.37   1.05 23   -16 149.0
2015  31 21  -3.4  -1.3  402.  4.28   1.05 37   -16 149.0
2015  31 22  -4.5  -0.8  395.  5.13   1.07 37   -23 149.0
2015  31 23   1.4  -5.1  405.  6.76   1.62 37   -21 149.0
2015  32  0   8.7  -1.9  404.  6.07  -0.85 40   -16 137.6
2015  32  1  -1.6  -4.0  406.  5.67   1.75 40   -16 137.6
2015  32  2  -5.3   2.1  441.  4.32   0.04 40   -19 137.6
2015  32  3  -1.3   1.6  451.  4.95  -0.45 27   -19 137.6
2015  32  4   2.0   2.1  473.  3.93  -1.23 27   -18 137.6
2015  32  5   3.7   0.6  468.  3.32  -0.70 27   -20 137.6
2015  32  6  -0.7   0.8  486.  5.50  -0.29 30   -14 137.6
2015  32  7  -7.5   2.4  493.  7.56  -0.54 30   -14 137.6
2015  32  8  -1.9   7.5  491.  7.68  -3.54 30   -12 137.6
2015  32  9  -2.5   0.2  486.  5.42   0.05 20   -12 137.6
2015  32 10   5.7   2.9  538.  4.71  -1.88 20   -16 137.6
2015  32 11   1.5   1.7  544.  4.54  -1.03 20   -13 137.6
2015  32 12   0.4   2.9  546.  4.63  -1.58 20   -13 137.6
2015  32 13   0.1   3.6  563.  4.32  -2.03 20    -9 137.6
2015  32 14   0.5   2.9  587.  4.76  -1.70 20    -5 137.6
2015  32 15  -1.2   1.1  580.  5.44  -0.46 30    -6 137.6
2015  32 16   3.8   1.8  588.  6.17  -1.59 30    -8 137.6
2015  32 17   3.4  -2.4  580.  5.73   0.75 30    -8 137.6
2015  32 18  -0.4   3.0  608.  5.02  -1.64 43   -17 137.6
2015  32 19  -3.0  -2.8  667.  5.61   2.47 43   -12 137.6
2015  32 20  -2.7   2.5  660.  6.00  -0.79 43    -9 137.6
2015  32 21  -7.2  -4.3  673.  5.68   4.71 50   -26 137.6
2015  32 22  -3.5  -1.2  642.  5.24   1.67 50   -31 137.6
2015  32 23  -4.9  -0.8  633.  5.90   1.84 50   -28 137.6
2015  33  0  -7.5  -7.3  622.  6.64   6.16 50   -21 139.8
2015  33  1  -7.7  -5.1  587.  5.90   4.64 50   -22 139.8
2015  33  2  -8.5  -2.7  596.  7.05   3.46 50   -30 139.8
2015  33  3  -6.4   1.4  601.  7.21   0.60 47   -37 139.8
2015  33  4  -5.0   1.2  633.  7.25   0.25 47   -35 139.8
2015  33  5  -2.1  -3.0  695.  4.26   2.36 47   -45 139.8
2015  33  6  -4.2   0.9  683.  4.04  -0.00 40   -55 139.8
2015  33  7  -3.3  -0.8  676.  4.03   0.95 40   -47 139.8
2015  33  8  -3.8  -2.4  687.  4.09   1.99 40   -44 139.8
2015  33  9  -0.4   1.6  658.  3.08  -0.99 37   -47 139.8
2015  33 10   1.8   0.2  664.  3.10  -0.27 37   -45 139.8
2015  33 11  -1.2  -2.4  683.  3.23   1.71 37   -34 139.8
2015  33 12   0.1  -0.1  689.  3.04   0.07 30   -35 139.8
2015  33 13  -0.6   3.4  687.  2.82  -2.27 30   -30 139.8
2015  33 14   2.2  -0.7  688.  2.56   0.21 30   -23 139.8
2015  33 15   0.7  -0.3  679.  2.62   0.07 37   -27 139.8
2015  33 16   1.3  -1.3  681.  2.52   0.61 37   -35 139.8
2015  33 17   1.2  -2.1  670.  2.41   1.07 37   -37 139.8
2015  33 18  -2.0   0.1  673.  2.34   0.40 40   -33 139.8
2015  33 19   0.6   2.0  665.  2.38  -1.40 40   -32 139.8
2015  33 20   0.5   1.8  651.  2.24  -1.17 40   -28 139.8
2015  33 21  -0.7   0.1  643.  1.91   0.13 30   -28 139.8
2015  33 22   0.2   0.1  640.  1.86  -0.13 30   -25 139.8
2015  33 23  -2.9   1.0  652.  2.03   0.26 30   -18 139.8
2015  34  0  -4.8  -0.7  679.  2.44   1.90 40   -18 145.1
2015  34  1  -4.2   0.3  660.  2.28   0.99 40   -21 145.1
2015  34  2  -2.1  -1.6  664.  2.28   1.53 40   -21 145.1
2015  34  3  -2.7  -2.6  672.  2.50   2.28 40   -25 145.1
2015  34  4  -1.9  -0.9  651.  2.36   0.98 40   -28 145.1
2015  34  5  -1.7  -0.6  646.  2.36   0.65 40   -32 145.1
2015  34  6  -1.7  -1.5  658.  2.52   1.18 27   -34 145.1
2015  34  7  -1.6  -0.2  648.  2.33   0.32 27   -33 145.1
2015  34  8  -3.5   0.7  624.  2.10  -0.12 27   -31 145.1
2015  34  9  -3.9   0.1  596.  1.85   0.24 23   -29 145.1
2015  34 10  -2.5   0.9  573.  1.52  -0.34 23   -26 145.1
2015  34 11  -0.9   1.8  565.  1.55  -0.96 23   -24 145.1
2015  34 12  -1.5   1.1  566.  1.54  -0.51 27   -22 145.1
2015  34 13  -0.6  -0.7  565.  1.33   0.45 27   -23 145.1
2015  34 14  -1.3  -0.2  566.  1.40   0.23 27   -29 145.1
2015  34 15  -2.1   1.1  575.  1.83  -0.34 30   -27 145.1
2015  34 16  -2.0  -0.6  573.  1.94   0.63 30   -26 145.1
2015  34 17   1.2   1.9  555.  1.73  -1.22 30   -27 145.1
2015  34 18   1.0   2.1  553.  1.76  -1.27 23   -23 145.1
2015  34 19  -0.7  -0.4  561.  2.01   0.34 23   -20 145.1
2015  34 20  -0.1  -1.6  552.  1.99   0.83 23   -19 145.1
2015  34 21   0.4   1.0  545.  2.03  -0.60 30   -18 145.1
2015  34 22  -0.4   1.5  540.  2.17  -0.65 30   -14 145.1
2015  34 23  -2.5   0.5  537.  2.19   0.38 30   -11 145.1
2015  35  0  -2.5  -1.6  539.  2.21   1.35 23   -11 150.1
2015  35  1  -1.8  -0.6  531.  2.07   0.69 23   -14 150.1
2015  35  2  -2.9  -0.1  531.  2.07   0.69 23   -13 150.1
2015  35  3  -3.3  -0.7  540.  2.16   1.03 17   -14 150.1
2015  35  4  -2.6  -0.6  523.  2.12   0.73 17   -18 150.1
2015  35  5  -1.2  -0.7  511.  2.03   0.51 17   -20 150.1
2015  35  6  -0.9   0.4  504.  1.88  -0.10 10   -23 150.1
2015  35  7  -2.0  -0.6  508.  1.98   0.51 10   -25 150.1
2015  35  8  -2.2  -0.8  509.  1.90   0.56 10   -25 150.1
2015  35  9  -0.6  -1.7  503.  1.84   0.91 17   -25 150.1
2015  35 10  -2.1  -0.7  470.  1.45   0.47 17   -28 150.1
2015  35 11  -1.0  -2.9  469.  1.57   1.41 17   -22 150.1
2015  35 12   0.6  -2.5  457.  1.43   1.10 27   -20 150.1
2015  35 13  -0.0  -3.0  458.  1.56   1.37 27   -16 150.1
2015  35 14  -1.9  -2.4  456.  1.64   1.23 27   -19 150.1
2015  35 15  -1.4  -1.9  447.  1.58   0.98 30   -22 150.1
2015  35 16  -1.2   1.1  443.  1.43  -0.31 30   -23 150.1
2015  35 17  -0.9   2.4  444.  1.57  -0.89 30   -21 150.1
2015  35 18  -0.3   2.4  447.  1.48  -0.94 13   -21 150.1
2015  35 19  -1.1  -0.7  437.  1.33   0.48 13   -21 150.1
2015  35 20   0.3  -0.7  434.  1.23   0.22 13   -21 150.1
2015  35 21  -0.7   0.2  433.  1.25   0.04 13   -18 150.1
2015  35 22  -0.8  -0.0  430.  1.26   0.17 13   -15 150.1
2015  35 23  -1.9  -0.5  427.  1.33   0.56 13   -10 150.1
2015  36  0  -2.2  -0.4  423.  1.16   0.59 17   -10 138.0
2015  36  1  -1.9   0.0  419.  1.15   0.34 17   -16 138.0
2015  36  2  -2.7  -0.8  421.  1.38   0.76 17   -16 138.0
2015  36  3  -2.5  -0.9  417.  1.74   0.75 30   -14 138.0
2015  36  4  -0.7  -0.1  416.  2.88   0.12 30   -10 138.0
2015  36  5  -0.1   0.1  419.  3.56  -0.04 30    -2 138.0
2015  36  6  -1.8   0.2  418.  3.30   0.08 13     0 138.0
2015  36  7  -2.5   0.4  414.  2.94   0.04 13    -5 138.0
2015  36  8  -1.3  -0.0  413.  3.23   0.08 13    -7 138.0
2015  36  9  -1.4  -4.2  414.  2.93   1.82 23   -13 138.0
2015  36 10  -1.2  -1.1  412.  3.46   0.49 23   -15 138.0
2015  36 11  -1.4  -2.5  414.  3.72   1.12 23    -9 138.0
2015  36 12   3.4  -3.1  414.  4.37   1.08 33    -3 138.0
2015  36 13   3.9  -0.9  415.  6.00   0.08 33     1 138.0
2015  36 14  -1.5  -5.4  412.  2.38   2.31 33    -8 138.0
2015  36 15   3.3  -2.8  413.  3.87   0.78 33   -12 138.0
2015  36 16   3.9  -1.7  411.  4.15   0.25 33   -17 138.0
2015  36 17   3.3  -1.7  410.  3.23   0.25 33   -19 138.0
2015  36 18   2.8  -2.1  417.  4.04   0.42 27   -11 138.0
2015  36 19   4.5  -2.1  420.  3.42   0.04 27   -14 138.0
2015  36 20   5.9  -2.4  404.  1.68  -0.12 27   -19 138.0
2015  36 21   5.6  -2.0  404.  1.84  -0.28 23   -20 138.0
2015  36 22   6.3  -1.3  402.  1.38  -0.68 23   -18 138.0
2015  36 23   5.6  -1.2  395.  1.38  -0.59 23   -14 138.0
2015  37  0   5.1   0.1  396.  1.53  -0.95  0   -16 139.3
2015  37  1   5.6  -0.3  401.  1.64  -0.88  0   -19 139.3
2015  37  2   3.0  -2.0  393.  1.49   0.24  0   -19 139.3
2015  37  3   1.0   2.3  407.  1.79  -1.02 13   -17 139.3
2015  37  4   4.3   0.4  405.  1.69  -0.73 13   -15 139.3
2015  37  5   0.6   3.4  404.  1.70  -1.37 13   -14 139.3
2015  37  6   3.7   0.5  403.  1.41  -0.56 23   -14 139.3
2015  37  7   3.1  -2.6  417.  1.30   0.79 23   -15 139.3
2015  37  8   4.6   0.1  436.  1.63  -0.39 23   -16 139.3
2015  37  9   3.5   0.7  436.  1.70  -0.52 27   -16 139.3
2015  37 10   3.3   1.8  451.  1.96  -0.99 27   -17 139.3
2015  37 11   3.7   1.4  441.  1.82  -0.84 27   -17 139.3
2015  37 12   2.8  -0.0  431.  1.58  -0.17 17   -12 139.3
2015  37 13   3.9   0.2  444.  1.74  -0.40 17    -9 139.3
2015  37 14   4.4   1.4  441.  1.60  -1.01 17    -8 139.3
2015  37 15   4.7   0.5  437.  1.47  -0.70 13    -8 139.3
2015  37 16   5.3   0.6  444.  1.52  -0.93 13    -9 139.3
2015  37 17   3.1  -0.7  423.  1.26  -0.13 13    -9 139.3
2015  37 18   3.9   0.0  432.  1.42  -0.60 10    -9 139.3
2015  37 19   3.7   0.6  421.  1.24  -0.84 10    -8 139.3
2015  37 20   4.4   2.2  431.  1.39  -1.68 10    -9 139.3
2015  37 21   5.3   2.8  433.  1.41  -2.12  0   -10 139.3
2015  37 22   4.4   0.7  413.  1.36  -1.12  0    -6 139.3
2015  37 23   1.2  -2.0  419.  1.70   0.50  0    -5 139.3
2015  38  0   5.1   3.4  420.  1.69  -2.27  7    -4 148.9
2015  38  1   4.9   2.6  417.  1.71  -1.88  7    -3 148.9
2015  38  2   3.9   2.8  409.  1.66  -1.72  7    -3 148.9
2015  38  3   3.5   0.9  399.  1.62  -0.88  7    -3 148.9
2015  38  4   4.2   0.0  405.  1.75  -0.57  7    -1 148.9
2015  38  5   4.0  -0.7  411.  1.91  -0.21  7    -1 148.9
2015  38  6  -0.5  -5.8  418.  2.17   2.38 30    -2 148.9
2015  38  7  -0.4  -3.4  411.  2.27   1.40 30   -11 148.9
2015  38  8  -0.2  -5.3  408.  2.20   2.16 30   -29 148.9
2015  38  9   2.5  -1.2  403.  2.07   0.32 33   -44 148.9
2015  38 10   3.5   1.6  402.  1.97  -0.84 33   -44 148.9
2015  38 11  -1.0  -3.1  395.  1.92   1.26 33   -33 148.9
2015  38 12  -1.4  -2.6  408.  2.25   1.14 23   -23 148.9
2015  38 13   2.8  -3.2  414.  2.61   1.12 23   -21 148.9
2015  38 14   3.3  -3.3  408.  2.35   1.02 23   -26 148.9
2015  38 15   5.0   0.3  401.  2.42  -0.60 27   -30 148.9
2015  38 16   3.5  -1.3  407.  2.50   0.08 27   -29 148.9
2015  38 17   2.8  -3.2  402.  2.54   0.84 27   -30 148.9
2015  38 18   6.8  -0.0  416.  2.60  -1.04 23   -27 148.9
2015  38 19   6.2  -0.2  409.  2.38  -0.94 23   -21 148.9
2015  38 20   5.6   0.4  399.  2.13  -1.12 23   -19 148.9
2015  38 21  -1.3  -0.8  400.  2.68   0.52 13   -18 148.9
2015  38 22   0.6  -2.8  400.  2.52   0.88 13   -17 148.9
2015  38 23   5.2   0.4  407.  2.25  -1.14 13   -18 148.9
2015  39  0   5.5   4.0  416.  2.39  -2.54 20   -21 148.7
2015  39  1   4.9   1.5  416.  2.23  -1.46 20   -18 148.7
2015  39  2   2.5  -3.6  410.  2.01   0.90 20   -17 148.7
2015  39  3   2.1  -2.5  421.  2.30   0.63 27   -16 148.7
2015  39  4   5.3  -1.5  427.  2.04  -0.17 27   -20 148.7
2015  39  5   3.0  -4.7  432.  1.34   1.56 27   -28 148.7
2015  39  6   1.6  -5.4  448.  1.52   2.15 27   -32 148.7
2015  39  7   3.7  -3.9  459.  1.37   1.38 27   -37 148.7
2015  39  8   6.5   1.0  490.  0.96  -1.03 27   -33 148.7
2015  39  9   6.7   2.4  517.  1.25  -1.76 20   -33 148.7
2015  39 10   6.7   2.0  514.  1.30  -1.49 20   -25 148.7
2015  39 11   6.5   1.0  495.  1.16  -0.94 20   -23 148.7
2015  39 12   5.1   0.5  492.  1.15  -0.64 13   -21 148.7
2015  39 13   5.4  -1.6  531.  0.85   0.32 13   -20 148.7
2015  39 14   4.3  -2.4  542.  0.94   0.76 13   -17 148.7
2015  39 15   4.9  -1.0  556.  0.99  -0.11 23   -17 148.7
2015  39 16   4.6  -2.6  554.  0.92   0.66 23   -20 148.7
2015  39 17   3.3  -2.2  541.  0.82   0.54 23   -23 148.7
2015  39 18   5.2  -1.1  549.  0.97  -0.49 30   -25 148.7
2015  39 19   5.2  -1.5  533.  1.02  -0.43 30   -22 148.7
2015  39 20   2.7  -1.4  526. 99.99   0.05 30   -19 148.7
2015  39 21   3.8  -2.6  514.  1.21   0.31 27   -18 148.7
2015  39 22   2.8  -2.5  515.  1.19   0.46 27   -16 148.7
2015  39 23   1.4  -3.7  517.  1.35   1.34 27   -17 148.7
2015  40  0   0.3  -2.9  500.  1.22   1.20 30   -19 141.9
2015  40  1   1.0  -1.7  478.  0.95   0.53 30   -18 141.9
2015  40  2   3.1  -1.0  476.  1.51  -0.19 30   -15 141.9
2015  40  3   3.7   1.3  469.  1.50  -1.22  7   -14 141.9
2015  40  4   3.5  -0.3  462.  1.25  -0.42  7   -12 141.9
2015  40  5   2.4   0.5  454.  1.05  -0.54  7   -15 141.9
2015  40  6   3.1   3.4  454.  1.41  -1.86 10   -16 141.9
2015  40  7   4.1   1.7  456.  1.29  -1.14 10   -16 141.9
2015  40  8   3.6   0.8  444.  1.22  -0.62 10   -17 141.9
2015  40  9   2.1  -0.5  435.  0.99   0.09  3   -18 141.9
2015  40 10   1.9   0.1  451.  1.27  -0.18  3   -20 141.9
2015  40 11   2.7   1.4  428.  1.28  -0.77  3   -16 141.9
2015  40 12   0.6   1.1  401.  1.02  -0.48 23   -13 141.9
2015  40 13   0.8  -1.1  393.  0.89   0.35 23   -11 141.9
2015  40 14   0.8  -2.5  409.  1.05   0.94 23   -13 141.9
2015  40 15   4.0   0.3  413.  1.18  -0.54 20   -17 141.9
2015  40 16   3.8   1.3  406.  1.16  -0.97 20   -18 141.9
2015  40 17   4.1  -0.3  406.  1.24  -0.45 20   -14 141.9
2015  40 18   2.2  -1.1  386.  1.09   0.08 20   -14 141.9
2015  40 19   1.5  -3.1  399.  1.38   0.88 20   -14 141.9
2015  40 20  -0.3  -4.0  388.  1.31   1.44 20   -13 141.9
2015  40 21   1.0  -4.4  386.  1.40   1.31 23   -21 141.9
2015  40 22   4.8   1.6  388.  1.36  -1.44 23   -23 141.9
2015  40 23   4.5   3.0  387.  1.31  -1.86 23   -19 141.9
2015  41  0   4.6   0.7  381.  1.25  -1.07  7   -17 137.3
2015  41  1   4.2  -0.4  377.  1.16  -0.57  7   -19 137.3
2015  41  2   1.8  -2.3  373.  1.14   0.48  7   -17 137.3
2015  41  3  -0.8  -4.5  381.  1.09   1.71 23   -15 137.3
2015  41  4   1.6  -2.4  379.  1.03   0.64 23   -18 137.3
2015  41  5   4.4   0.5  380.  0.91  -0.68 23   -21 137.3
2015  41  6   4.0   0.5  376.  0.82  -0.56 10   -17 137.3
2015  41  7   4.4   0.2  380.  0.80  -0.42 10   -15 137.3
2015  41  8   4.2   1.7  383.  0.90  -0.92 10   -19 137.3
2015  41  9   3.8   1.1  374.  0.83  -0.64  3   -21 137.3
2015  41 10   2.1   1.8  371.  0.82  -0.78  3   -20 137.3
2015  41 11   3.7   2.3  388.  1.00  -1.09  3   -16 137.3
2015  41 12   4.6  -0.1  382.  0.99  -0.27 10   -12 137.3
2015  41 13   2.3  -1.8  391.  1.11   0.51 10   -10 137.3
2015  41 14   4.0  -0.5  394.  1.09  -0.16 10   -12 137.3
2015  41 15   5.2   0.9  392.  1.12  -0.86 17   -12 137.3
2015  41 16   4.2   2.2  383.  1.03  -1.26 17   -12 137.3
2015  41 17   1.9  -2.4  373.  0.99   0.60 17    -9 137.3
2015  41 18   0.9   0.1  373.  1.09  -0.15 17    -7 137.3
2015  41 19   2.7  -1.6  386.  1.32   0.12 17   -12 137.3
2015  41 20  -0.9  -3.7  383.  1.25   1.42 17   -14 137.3
2015  41 21   1.7  -1.7  381.  1.23   0.27 30   -16 137.3
2015  41 22  -1.9  -4.3  386.  1.19   1.81 30   -14 137.3
2015  41 23   4.0  -0.5  392.  1.17  -0.59 30   -15 137.3
2015  42  0   4.3   0.7  385.  1.17  -1.04 13   -13 127.7
2015  42  1   0.9  -4.4  387.  1.29   1.35 13   -10 127.7
2015  42  2   2.3  -3.3  386.  1.26   0.77 13   -12 127.7
2015  42  3   1.8   0.3  371.  1.06  -0.37 30   -16 127.7
2015  42  4   1.8   0.5  367.  0.91  -0.40 30   -12 127.7
2015  42  5   4.7   1.3  385.  0.84  -1.04 30   -10 127.7
2015  42  6   5.2  -0.4  383.  1.02  -0.38  7   -10 127.7
2015  42  7   5.0   2.1  389.  1.09  -1.24  7   -14 127.7
2015  42  8   5.4   2.5  393.  1.20  -1.38  7   -13 127.7
2015  42  9   5.0   2.3  382.  1.14  -1.18 17   -11 127.7
2015  42 10   3.8   1.5  385.  1.12  -0.81 17   -11 127.7
2015  42 11   0.3  -2.8  375.  1.30   1.01 17   -10 127.7
2015  42 12   0.2  -1.0  355.  1.03   0.35 23   -13 127.7
2015  42 13   3.4  -1.5  374.  1.28   0.30 23   -17 127.7
2015  42 14   5.0   1.4  372.  1.17  -0.93 23   -19 127.7
2015  42 15   3.2   4.4  376.  1.25  -1.92  7   -14 127.7
2015  42 16   5.1   2.5  373.  1.24  -1.45  7   -11 127.7
2015  42 17   4.6  -1.3  363.  1.16  -0.15  7   -12 127.7
2015  42 18   4.6   1.3  366. 99.99  -1.10  0   -12 127.7
2015  42 19   5.1   2.0  364. 99.99  -1.46  0   -11 127.7
2015  42 20   4.0   2.8  358. 99.99  -1.54  0    -9 127.7
2015  42 21   4.7   1.1  358. 99.99  -1.15  3    -7 127.7
2015  42 22   4.0   0.3  352. 99.99  -0.77  3    -7 127.7
2015  42 23   0.9  -2.6  367. 99.99   0.66  3    -7 127.7
2015  43  0   1.6  -0.3  357. 99.99  -0.18 13   -14 124.4
2015  43  1   1.3   3.4  351. 99.99  -1.26 13   -15 124.4
2015  43  2   0.4  -0.1  335. 99.99  -0.03 13   -13 124.4
2015  43  3   1.4   2.1  333. 99.99  -0.83  7    -9 124.4
2015  43  4   1.4   0.1  330. 99.99  -0.20  7    -6 124.4
2015  43  5   4.6   3.6  365. 99.99  -1.75  7    -5 124.4
2015  43  6   3.6   3.9  363. 99.99  -1.71  0    -4 124.4
2015  43  7   4.1   2.9  355. 99.99  -1.31  0    -6 124.4
2015  43  8   5.1   1.8  361. 99.99  -1.01  0    -5 124.4
2015  43  9   4.8  -0.1  352. 99.99  -0.25  7    -6 124.4
2015  43 10   5.0  -0.8  356.  1.47  -0.00  7    -7 124.4
2015  43 11   3.6  -3.1  356.  1.51   0.89  7    -2 124.4
2015  43 12   1.9  -2.9  350.  1.43   0.88 20     0 124.4
2015  43 13   2.4  -4.6  353.  1.62   1.41 20    -3 124.4
2015  43 14   1.4  -4.7  354.  1.64   1.52 20    -6 124.4
2015  43 15   2.3  -3.7  353.  1.51   1.06 13    -9 124.4
2015  43 16   3.0  -2.5  349.  1.41   0.52 13   -11 124.4
2015  43 17   0.5  -2.2  335.  1.30   0.64 13   -12 124.4
2015  43 18   1.3  -1.7  332.  1.28   0.37 13   -12 124.4
2015  43 19   1.6  -2.5  333.  1.30   0.53 13   -12 124.4
2015  43 20   0.4  -1.9  334.  1.19   0.50 13   -14 124.4
2015  43 21   1.8  -2.3  331.  1.23   0.40 10   -18 124.4
2015  43 22   2.0  -0.3  328.  1.21  -0.23 10   -16 124.4
2015  43 23   0.2   0.1  318.  1.09  -0.06 10   -17 124.4
2015  44  0   3.4   1.3  332.  1.21  -0.93  0   -16 121.8
2015  44  1   4.5   2.0  337.  1.17  -1.31  0   -16 121.8
2015  44  2   1.5   4.1  340.  1.25  -1.46  0   -14 121.8
2015  44  3   4.4   2.7  337.  1.19  -1.42  0   -11 121.8
2015  44  4   3.6  -0.5  319.  1.03  -0.26  0    -7 121.8
2015  44  5   4.0   0.1  323.  1.06  -0.42  0    -5 121.8
2015  44  6   3.8   0.9  323.  1.01  -0.61  0    -6 121.8
2015  44  7   2.9   1.2  327.  1.06  -0.59  0    -7 121.8
2015  44  8   3.5  -1.3  320.  1.03   0.19  0    -7 121.8
2015  44  9   3.7   0.0  322.  1.03  -0.23 10    -9 121.8
2015  44 10   1.2  -2.8  328.  1.22   0.85 10    -8 121.8
2015  44 11   3.7   0.6  334.  1.34  -0.40 10    -8 121.8
2015  44 12   3.2  -0.4  328.  1.42  -0.07 10    -6 121.8
2015  44 13   3.8   2.8  342.  1.57  -1.20 10    -3 121.8
2015  44 14   3.8   0.5  336.  1.61  -0.47 10     0 121.8
2015  44 15   4.1  -0.7  332.  1.50  -0.13  7     1 121.8
2015  44 16   3.7  -0.3  334.  1.54  -0.30  7     1 121.8
2015  44 17   3.3  -3.1  330.  1.36   0.56  7    -2 121.8
2015  44 18   4.1   2.3  343.  1.50  -1.27  3    -3 121.8
2015  44 19   4.1  -1.1  326.  1.31  -0.26  3    -2 121.8
2015  44 20   4.2  -1.8  324.  1.35  -0.10  3    -3 121.8
2015  44 21   3.6  -3.0  325.  1.35   0.29  3    -3 121.8
2015  44 22   4.8  -1.7  329.  1.43  -0.30  3    -3 121.8
2015  44 23   3.1   2.9  326.  1.45  -1.30  3    -3 121.8
2015  45  0   5.1   1.9  336.  1.95  -1.38  0    -1 117.4
2015  45  1   6.3   1.0  334.  2.12  -1.27  0    -1 117.4
2015  45  2   2.9  -2.0  330.  2.04   0.17  0    -1 117.4
2015  45  3  -0.8  -2.9  320.  1.86   0.96 17    -2 117.4
2015  45  4   3.5  -4.0  326.  2.02   0.81 17    -4 117.4
2015  45  5   2.0   0.4  312.  1.74  -0.31 17    -5 117.4
2015  45  6   3.6   1.4  314.  1.65  -0.72  3    -3 117.4
2015  45  7   3.1   1.1  314.  1.67  -0.57  3     0 117.4
2015  45  8   2.5   3.0  324.  1.86  -1.10  3     3 117.4
2015  45  9   4.8   3.7  337.  2.13  -1.52  3     4 117.4
2015  45 10   2.9   4.5  322.  1.93  -1.58  3     4 117.4
2015  45 11   4.4   3.7  334.  2.16  -1.47  3     5 117.4
2015  45 12   0.8  -1.6  303.  1.51   0.42  3     4 117.4
2015  45 13  -0.0  -1.3  302.  1.78   0.39  3     5 117.4
2015  45 14  -1.5  -3.1  307.  1.87   1.04  3     5 117.4
2015  45 15   4.1   4.6  320.  2.00  -1.76  3     4 117.4
2015  45 16   4.9   1.6  314.  1.85  -0.97  3     3 117.4
2015  45 17   4.3   2.1  321.  1.85  -1.12  3     4 117.4
2015  45 18   6.2   1.4  330.  1.97  -1.22  0     4 117.4
2015  45 19   7.0   1.3  331.  2.15  -1.39  0     7 117.4
2015  45 20   6.8   2.6  329.  2.32  -1.78  0     8 117.4
2015  45 21   7.5   1.8  327.  2.32  -1.70 10     9 117.4
2015  45 22   6.4   1.9  321.  2.28  -1.54 10     8 117.4
2015  45 23   4.8   2.9  325.  2.73  -1.59 10    11 117.4
2015  46  0   1.5   6.2  324.  2.81  -1.98  3    14 116.7
2015  46  1   0.5   6.6  316.  2.47  -1.93  3    16 116.7
2015  46  2   0.8   6.5  319.  2.74  -1.98  3    14 116.7
2015  46  3   0.1   4.3  321.  4.09  -1.28 17     7 116.7
2015  46  4  -1.4   2.5  315.  4.43  -0.57 17     9 116.7
2015  46  5  -2.5   0.1  313.  3.38   0.22 17     7 116.7
2015  46  6  -4.8  -1.2  308.  2.84   0.77 17     8 116.7
2015  46  7  -5.7  -1.5  315.  1.49   0.88 17     1 116.7
2015  46  8  -5.5  -1.2  312.  1.82   0.72 17     0 116.7
2015  46  9  -3.5   3.1  310.  1.76  -0.74 10    -5 116.7
2015  46 10  -4.9   2.6  317.  1.95  -0.54 10   -11 116.7
2015  46 11  -4.0   2.0  318.  1.78  -0.41 10    -4 116.7
2015  46 12  -6.3  -2.2  334.  1.20   1.10 30    -1 116.7
2015  46 13  -7.3  -5.9  343.  0.90   2.50 30    -2 116.7
2015  46 14  -7.8  -2.1  338.  0.85   1.32 30   -16 116.7
2015  46 15  -7.2   2.2  335.  1.02  -0.03 17   -19 116.7
2015  46 16  -8.1   0.4  334.  1.05   0.73 17   -17 116.7
2015  46 17  -8.3  -1.3  337.  1.14   1.42 17   -12 116.7
2015  46 18  -6.9   3.2  335.  1.40  -0.07 17   -13 116.7
2015  46 19  -6.4   4.0  327.  1.48  -0.26 17   -14 116.7
2015  46 20  -4.7   5.8  325.  1.67  -0.97 17   -10 116.7
2015  46 21  -3.7   7.1  330.  1.86  -1.45 10    -4 116.7
2015  46 22  -2.5   8.2  334.  1.83  -1.97 10     0 116.7
2015  46 23   2.3   8.5  333.  1.90  -2.83 10     1 116.7
2015  47  0  -1.7   7.1  337.  2.13  -1.82  0     1 115.3
2015  47  1  -3.7   2.8  335.  2.53  -0.23  0     4 115.3
2015  47  2  -3.2   4.3  327.  2.59  -0.78  0     4 115.3
2015  47  3  -2.9   4.1  332.  2.60  -0.86  3     5 115.3
2015  47  4  -4.6   3.0  343.  2.74  -0.38  3     7 115.3
2015  47  5  -7.0  -0.4  339.  2.59   0.88  3     4 115.3
2015  47  6  -5.7   1.2  335.  2.88   0.13 10     2 115.3
2015  47  7  -5.5   1.0  335.  3.09   0.13 10     1 115.3
2015  47  8  -2.1   4.3  339.  3.13  -1.29 10    -1 115.3
2015  47  9   0.2   5.9  341.  3.29  -1.98 10    -4 115.3
2015  47 10   0.4   3.5  337.  3.36  -1.18 10    -3 115.3
2015  47 11   0.2   2.7  332.  2.98  -0.90 10     0 115.3
2015  47 12   0.4   3.0  330.  3.00  -0.99 17     4 115.3
2015  47 13   1.8   4.7  339.  3.33  -1.70 17     3 115.3
2015  47 14   0.9  10.6  363.  1.18  -3.81 17     1 115.3
2015  47 15   4.6   8.0  343.  1.23  -3.09 10     1 115.3
2015  47 16   6.3   4.6  346.  1.10  -2.21 10     0 115.3
2015  47 17   5.7   6.4  341.  0.98  -2.73 10     3 115.3
2015  47 18   4.8   5.3  338.  1.23  -2.30 23     5 115.3
2015  47 19   0.3   7.2  342.  1.56  -2.26 23    13 115.3
2015  47 20   1.4   2.4  322.  2.83  -0.90 23    16 115.3
2015  47 21  -4.0   1.6  328.  2.79   0.16 27     6 115.3
2015  47 22  -5.5  -0.8  336.  2.79   1.14 27    -2 115.3
2015  47 23  -5.5  -3.2  341.  1.71   1.88 27    -7 115.3
2015  48  0  -7.1  -2.1  346.  2.34   1.83 37   -17 115.7
2015  48  1  -3.5  -3.9  343.  2.63   1.75 37   -23 115.7
2015  48  2  -5.9  -1.8  337.  2.59   1.45 37   -30 115.7
2015  48  3  -9.9  -0.6  342.  3.44   1.57 33   -31 115.7
2015  48  4  -8.9   4.7  338.  3.69  -0.37 33   -23 115.7
2015  48  5 -10.7  -0.7  360.  3.75   1.51 33   -18 115.7
2015  48  6 -11.7  -2.2  376.  3.11   2.03 33   -23 115.7
2015  48  7 -11.6  -2.4  366.  2.79   1.90 33   -28 115.7
2015  48  8 -13.2  -2.5  367.  2.56   1.95 33   -29 115.7
2015  48  9 -11.8  -2.7  366.  2.38   1.79 37   -38 115.7
2015  48 10  -7.7   0.3  382.  3.47   0.42 37   -38 115.7
2015  48 11  -8.4   0.2  367.  3.18   0.48 37   -30 115.7
2015  48 12  -8.4  -7.2  373.  3.26   3.25 30   -25 115.7
2015  48 13   0.7   8.8  410.  3.53  -3.57 30   -19 115.7
2015  48 14   5.6   9.4  405.  3.58  -4.25 30   -15 115.7
2015  48 15  -9.7  -3.2  380.  3.12   2.20 27   -16 115.7
2015  48 16 -11.4  -1.7  387.  2.94   2.05 27   -21 115.7
2015  48 17 -11.1  -5.1  379.  2.64   3.34 27   -28 115.7
2015  48 18  -8.4  -5.3  358.  2.31   2.94 37   -35 115.7
2015  48 19  -5.0  -3.1  371.  2.53   1.85 37   -35 115.7
2015  48 20  -7.4  -6.8  372.  2.35   3.53 37   -27 115.7
2015  48 21  -6.8 -10.0  378.  2.14   4.54 50   -44 115.7
2015  48 22  -8.8  -7.3  379.  2.08   4.06 50   -65 115.7
2015  48 23  -8.1  -4.6  388.  2.39   3.14 50   -67 115.7
2015  49  0  -7.2   2.7  418.  3.39   0.50 50   -69 118.2
2015  49  1  -7.4   1.1  434.  3.31   1.13 50   -62 118.2
2015  49  2  -6.0  -4.5  436.  3.18   2.92 50   -55 118.2
2015  49  3  -6.5   4.7  451.  3.22  -0.72 40   -57 118.2
2015  49  4  -5.3  -2.4  440.  2.45   1.85 40   -53 118.2
2015  49  5  -5.3  -4.4  447.  2.79   2.64 40   -54 118.2
2015  49  6  -5.2  -3.3  433.  2.81   2.04 33   -60 118.2
2015  49  7  -5.4  -1.3  430.  2.75   1.12 33   -61 118.2
2015  49  8  -3.8  -1.5  436.  2.54   1.00 33   -60 118.2
2015  49  9  -2.6  -0.2  420.  2.18   0.29 27   -58 118.2
2015  49 10  -2.5  -1.5  418.  2.13   0.79 27   -53 118.2
2015  49 11  -2.4  -1.3  436.  2.38   0.74 27   -50 118.2
2015  49 12  -2.7  -1.2  461.  2.63   0.78 20   -43 118.2
2015  49 13  -2.1  -1.0  454.  2.58   0.64 20   -40 118.2
2015  49 14  -2.4   1.6  460.  2.56  -0.41 20   -39 118.2
2015  49 15  -3.7  -0.4  439.  2.23   0.61 20   -37 118.2
2015  49 16   0.8  -0.8  429.  1.96   0.21 20   -38 118.2
2015  49 17   1.8  -1.8  423.  1.79   0.42 20   -39 118.2
2015  49 18  -0.8  -1.4  416.  1.57   0.67 27   -38 118.2
2015  49 19  -2.8   0.2  416.  1.65   0.46 27   -31 118.2
2015  49 20  -4.2  -0.2  415.  1.67   0.91 27   -29 118.2
2015  49 21  -4.1  -1.3  415.  1.77   1.33 30   -27 118.2
2015  49 22  -2.5   4.5  439.  2.29  -1.14 30   -28 118.2
2015  49 23  -4.2   2.6  447.  2.38  -0.04 30   -23 118.2
2015  50  0  -4.7  -1.2  415.  2.03   1.41 30   -23 116.0
2015  50  1  -4.3  -0.1  406.  1.94   0.89 30   -26 116.0
2015  50  2  -2.4  -3.3  401.  1.86   1.60 30   -28 116.0
2015  50  3  -3.1  -4.3  406.  1.80   2.11 27   -33 116.0
2015  50  4  -3.0  -0.8  402.  1.86   0.76 27   -35 116.0
2015  50  5  -4.2  -0.5  412.  1.95   0.78 27   -33 116.0
2015  50  6  -2.1  -0.8  404.  1.91   0.57 23   -32 116.0
2015  50  7  -4.4  -0.3  427.  2.08   0.60 23   -29 116.0
2015  50  8  -3.7   2.3  403.  1.86  -0.56 23   -29 116.0
2015  50  9  -3.1   1.9  406.  1.90  -0.49 17   -26 116.0
2015  50 10  -3.1   0.9  402.  1.85  -0.12 17   -27 116.0
2015  50 11  -1.9   0.8  394.  1.72  -0.16 17   -24 116.0
2015  50 12  -3.2   0.0  396.  1.70   0.24 17   -22 116.0
2015  50 13  -2.7  -0.1  387.  1.46   0.27 17   -22 116.0
2015  50 14  -2.4  -1.6  384.  1.45   0.84 17   -24 116.0
2015  50 15  -2.9  -0.2  374.  1.38   0.37 17   -24 116.0
2015  50 16  -0.3   0.3  359.  1.14  -0.07 17   -26 116.0
2015  50 17   1.6   2.2  369.  1.35  -0.96 17   -23 116.0
2015  50 18  -2.6   2.4  383.  1.51  -0.42 17   -20 116.0
2015  50 19  -5.0   0.2  381.  1.41   0.80 17   -20 116.0
2015  50 20  -5.1  -0.2  378.  1.38   0.98 17   -24 116.0
2015  50 21  -3.5  -0.8  377.  1.34   0.90 17   -25 116.0
2015  50 22   0.7   0.9  358.  1.19  -0.39 17   -23 116.0
2015  50 23   1.2   0.9  355.  1.16  -0.50 17   -17 116.0
2015  51  0  -1.2   1.3  353.  1.15  -0.18  7   -16 117.0
2015  51  1  -1.5   2.0  352.  1.20  -0.35  7   -15 117.0
2015  51  2  -4.2  -0.3  358.  1.30   0.79  7   -15 117.0
2015  51  3  -5.1  -1.4  362.  1.28   1.23 17   -17 117.0
2015  51  4  -4.0  -1.1  356.  1.27   0.89 17   -20 117.0
2015  51  5  -3.5   0.3  349.  1.17   0.31 17   -22 117.0
2015  51  6  -5.5  -1.2  359.  1.36   1.01 17   -19 117.0
2015  51  7  -4.8  -0.5  346.  1.26   0.59 17   -24 117.0
2015  51  8  -4.4  -1.9  351.  1.36   0.98 17   -25 117.0
2015  51  9  -5.0  -1.5  362.  1.62   0.91 17   -28 117.0
2015  51 10  -4.6  -1.4  348.  1.46   0.80 17   -31 117.0
2015  51 11  -5.2  -1.7  355.  1.58   0.96 17   -25 117.0
2015  51 12  -4.3  -0.6  345.  1.56   0.52 17   -19 117.0
2015  51 13  -3.0   0.7  336.  1.50  -0.00 17   -17 117.0
2015  51 14  -0.3   3.5  342.  1.66  -1.13 17   -13 117.0
2015  51 15  -0.8   3.1  340.  1.64  -0.92  7   -12 117.0
2015  51 16   0.6   3.2  343.  1.71  -1.10  7   -12 117.0
2015  51 17   0.4   2.2  344.  1.74  -0.76  7   -11 117.0
2015  51 18  -3.2   0.6  339.  1.55   0.27  7    -9 117.0
2015  51 19  -5.1   0.3  350.  1.87   0.70  7   -10 117.0
2015  51 20  -6.0  -0.3  350.  1.95   1.08  7   -12 117.0
2015  51 21  -5.2  -1.7  355.  2.11   1.46 20   -17 117.0
2015  51 22  -6.1  -0.1  361.  2.23   1.16 20   -20 117.0
2015  51 23  -6.4  -2.0  356.  2.18   1.78 20   -22 117.0
2015  52  0  -6.3  -1.0  352.  2.21   1.41 27   -24 113.6
2015  52  1  -4.6   0.3  356.  2.24   0.71 27   -24 113.6
2015  52  2  -7.0  -0.6  344.  1.84   1.27 27   -22 113.6
2015  52  3  -5.4   0.3  337.  1.64   0.67 27   -18 113.6
2015  52  4   1.2   3.7  330.  1.59  -1.29 27   -15 113.6
2015  52  5   0.9   3.5  329.  1.58  -1.18 27   -12 113.6
2015  52  6  -1.7   1.4  325.  1.54  -0.26 10   -13 113.6
2015  52  7  -4.2  -1.2  326.  1.56   0.72 10   -15 113.6
2015  52  8  -2.6  -0.6  322.  1.44   0.39 10   -19 113.6
2015  52  9  -5.8  -0.7  336.  1.72   0.64 13   -22 113.6
2015  52 10  -0.5   1.4  332.  1.44  -0.43 13   -26 113.6
2015  52 11  -0.1   0.8  330.  1.25  -0.26 13   -20 113.6
2015  52 12  -2.2   0.7  335.  1.37  -0.07 17   -14 113.6
2015  52 13  -2.2   0.9  343.  1.61  -0.14 17   -11 113.6
2015  52 14  -1.5   4.8  342.  1.88  -1.44 17    -7 113.6
2015  52 15  -5.1   1.2  346.  2.14   0.14 10    -5 113.6
2015  52 16  -5.0   1.1  346.  2.11   0.21 10    -7 113.6
2015  52 17  -3.6   2.2  331.  1.83  -0.23 10   -10 113.6
2015  52 18  -6.1   0.1  329.  1.81   0.82 10   -10 113.6
2015  52 19  -5.4   0.7  333.  1.96   0.60 10    -9 113.6
2015  52 20  -3.7   1.0  333.  1.79   0.30 10   -11 113.6
2015  52 21  -0.5   2.2  326.  1.73  -0.55 23   -11 113.6
2015  52 22  -4.5  -0.5  331.  2.14   0.89 23    -5 113.6
2015  52 23  -6.6  -1.5  333.  2.45   1.57 23    -6 113.6
2015  53  0  -6.6  -2.4  333.  2.36   1.80 23    -9 115.0
2015  53  1  -6.4  -2.7  337.  2.40   1.85 23    -8 115.0
2015  53  2  -5.2  -0.7  331.  2.23   0.99 23   -10 115.0
2015  53  3  -5.0  -0.7  332.  2.07   0.93 23    -9 115.0
2015  53  4  -5.5  -1.6  339.  2.06   1.22 23   -11 115.0
2015  53  5  -4.2   0.1  325.  1.93   0.42 23   -13 115.0
2015  53  6  -3.5   1.8  314.  1.87  -0.22 10   -14 115.0
2015  53  7  -3.5  -1.3  317.  2.06   0.70 10   -12 115.0
2015  53  8  -1.8  -0.6  312.  2.20   0.31 10   -10 115.0
2015  53  9  -0.1   0.8  307.  2.29  -0.25 17    -9 115.0
2015  53 10  -1.0  -1.4  306.  2.34   0.49 17   -12 115.0
2015  53 11  -2.0  -1.0  311.  2.47   0.44 17    -9 115.0
2015  53 12  -1.6  -0.3  307.  2.39   0.18 13    -8 115.0
2015  53 13  -1.6   0.3  306.  2.48   0.03 13   -12 115.0
2015  53 14  -0.7   0.4  305.  2.57  -0.06 13   -10 115.0
2015  53 15  -2.3  -0.9  305.  2.60   0.46 13    -8 115.0
2015  53 16  -2.9  -2.0  305.  2.50   0.88 13    -7 115.0
2015  53 17  -2.5  -0.1  305.  2.25   0.30 13    -7 115.0
2015  53 18  -1.7  -0.1  306.  1.98   0.24  7    -7 115.0
2015  53 19  -1.1   1.3  310.  1.93  -0.22  7    -7 115.0
2015  53 20  -1.2  -0.5  325.  2.39   0.33  7    -5 115.0
2015  53 21  -3.5  -2.2  333.  2.47   1.23 23    -3 115.0
2015  53 22  -6.2  -2.5  339.  2.69   1.80 23    -2 115.0
2015  53 23  -6.9  -1.3  334.  2.86   1.57 23    -8 115.0
2015  54  0  -6.3   0.7  335.  2.77   0.87 30   -15 114.3
2015  54  1  -6.4  -0.4  332.  3.12   1.16 30    -9 114.3
2015  54  2  -4.0   3.3  332.  3.14  -0.37 30    -9 114.3
2015  54  3  -6.5  -1.1  334.  4.22   1.27 27    -1 114.3
2015  54  4  -3.1  -5.1  340.  4.00   2.01 27    -1 114.3
2015  54  5  -4.9  -0.3  344.  3.04   0.69 27   -12 114.3
2015  54  6  -8.0  -4.1  346.  2.76   2.18 27   -15 114.3
2015  54  7  -8.2   1.4  363.  3.22   0.29 27   -20 114.3
2015  54  8  -5.3  -1.6  376.  5.46   1.05 27   -18 114.3
2015  54  9  -8.2  -0.6  379.  6.56   0.87 33   -20 114.3
2015  54 10 -10.8  -2.3  377.  5.24   1.66 33   -19 114.3
2015  54 11  -8.1  -6.2  378.  6.64   2.91 33   -23 114.3
2015  54 12   5.9  -4.1  389.  8.81   1.05 33   -27 114.3
2015  54 13  11.4   1.4  395.  6.70  -1.58 33   -31 114.3
2015  54 14  12.8   4.0  399.  4.91  -2.91 33   -26 114.3
2015  54 15   2.2  -7.1  417.  4.68   2.54 33   -22 114.3
2015  54 16   1.6  -5.9  428.  4.89   2.14 33   -34 114.3
2015  54 17  10.2   1.1  426.  5.51  -2.09 33   -38 114.3
2015  54 18   5.5  -1.2  429.  8.58  -0.51 30   -24 114.3
2015  54 19   0.6   1.1  438.  8.17  -0.57 30   -17 114.3
2015  54 20   3.0  -4.9  425.  8.82   1.19 30   -16 114.3
2015  54 21   4.9  -7.0  407.  8.27   1.47 37   -24 114.3
2015  54 22   9.2  -3.6  418.  7.84  -0.71 37   -32 114.3
2015  54 23   8.9   0.0  417.  7.96  -1.92 37   -28 114.3
2015  55  0   4.9   9.4  420.  7.25  -4.45 53   -22 112.1
2015  55  1   2.8  -6.3  444.  5.16   1.82 53   -22 112.1
2015  55  2   4.3  -6.5  466.  5.54   1.72 53   -37 112.1
2015  55  3   6.5  -1.1  469.  5.69  -0.84 53   -56 112.1
2015  55  4   3.9  -4.5  469.  4.68   1.22 53   -55 112.1
2015  55  5   1.7  -6.6  492.  4.43   2.76 53   -52 112.1
2015  55  6   7.7  -2.4  487.  4.16  -0.05 40   -56 112.1
2015  55  7   5.5   0.2  473.  3.99  -0.80 40   -58 112.1
2015  55  8   4.4  -0.6  480.  4.18  -0.24 40   -47 112.1
2015  55  9   4.3  -4.4  486.  4.51   1.65 37   -43 112.1
2015  55 10   5.7   2.0  482.  4.08  -1.49 37   -46 112.1
2015  55 11   4.3  -3.3  478.  4.23   1.15 37   -35 112.1
2015  55 12   7.7  -4.0  463.  3.24   1.02 27   -35 112.1
2015  55 13   7.9   0.6  460.  4.14  -1.15 27   -33 112.1
2015  55 14   9.0   0.4  460.  3.67  -1.29 27   -28 112.1
2015  55 15   5.9  -0.9  444.  3.28  -0.40 23   -27 112.1
2015  55 16   6.6   3.5  453.  2.70  -2.54 23   -27 112.1
2015  55 17   1.6   3.4  473.  2.42  -1.80 23   -27 112.1
2015  55 18   3.5   2.5  477.  2.65  -1.76 13   -26 112.1
2015  55 19   4.2   3.8  477.  1.71  -2.53 13   -27 112.1
2015  55 20   2.5  -1.4  471.  1.93  -0.00 13   -26 112.1
2015  55 21   3.6  -1.5  474.  1.72  -0.24 27   -25 112.1
2015  55 22   4.0   2.4  473.  1.41  -1.94 27   -30 112.1
2015  55 23   4.8   1.4  474.  1.40  -1.75 27   -29 112.1
2015  56  0   4.9   0.6  479.  1.59  -1.44  7   -26 108.8
2015  56  1   4.4   0.6  479.  1.52  -1.29  7   -26 108.8
2015  56  2   5.5  -0.3  479.  1.49  -1.10  7   -26 108.8
2015  56  3   5.1   0.6  474.  1.67  -1.28 13   -25 108.8
2015  56  4   5.1  -1.0  466.  1.81  -0.51 13   -22 108.8
2015  56  5   3.9  -2.4  444.  1.30   0.40 13   -22 108.8
2015  56  6   3.8  -3.7  452.  1.42   1.08 30   -19 108.8
2015  56  7   3.3  -2.1  468.  1.73   0.51 30   -18 108.8
2015  56  8   3.4   0.3  453.  1.54  -0.50 30   -30 108.8
2015  56  9   2.8  -1.4  476.  2.19   0.38 20   -25 108.8
2015  56 10  -0.3  -0.5  488.  2.54   0.29 20   -23 108.8
2015  56 11   2.1   0.9  474.  2.22  -0.62 20   -26 108.8
2015  56 12  -0.6   1.5  462.  2.02  -0.60 30   -22 108.8
2015  56 13   1.2   3.4  470.  2.12  -1.69 30   -21 108.8
2015  56 14   1.1   3.0  465.  2.14  -1.49 30   -21 108.8
2015  56 15   4.5  -0.9  483.  2.22  -0.24 27   -22 108.8
2015  56 16   4.8  -3.5  487.  2.16   0.78 27   -16 108.8
2015  56 17   2.8   0.4  473.  2.05  -0.71 27   -15 108.8
2015  56 18   2.1   0.4  470.  1.88  -0.61 20   -16 108.8
2015  56 19   4.1   0.8  477.  1.94  -1.24 20   -11 108.8
2015  56 20   2.1   2.2  462.  1.70  -1.34 20   -12 108.8
2015  56 21   3.0   1.0  467.  1.72  -1.12  3   -11 108.8
2015  56 22   2.8   1.2  463.  1.70  -1.16  3   -11 108.8
2015  56 23   1.3   1.8  466.  1.61  -1.03  3   -11 108.8
2015  57  0  -3.2   0.1  462.  1.80   0.74 17   -12 109.1
2015  57  1  -2.8   0.4  462.  1.73   0.46 17   -14 109.1
2015  57  2  -0.6  -2.7  458.  1.75   1.24 17   -14 109.1
2015  57  3   2.8  -3.3  456.  1.79   0.82  3   -13 109.1
2015  57  4   1.3  -2.4  445.  1.47   0.76  3   -13 109.1
2015  57  5  -1.3  -1.8  447.  1.61   0.94  3   -12 109.1
2015  57  6  -1.0  -1.9  444.  1.38   0.93 13   -13 109.1
2015  57  7   0.5  -0.9  438.  1.49   0.31 13   -16 109.1
2015  57  8   1.2  -1.2  424.  1.52   0.38 13   -14 109.1
2015  57  9   2.4  -0.9  429.  1.62   0.13 13   -14 109.1
2015  57 10   1.1  -1.0  419.  1.51   0.29 13   -15 109.1
2015  57 11  -0.3  -0.9  408.  1.42   0.37 13   -14 109.1
2015  57 12   1.0  -1.2  399.  1.40   0.36 10   -15 109.1
2015  57 13   2.3  -1.1  395.  1.33   0.20 10   -14 109.1
2015  57 14   1.8  -1.3  391.  1.30   0.31 10   -14 109.1
2015  57 15   1.6  -0.2  384.  1.19  -0.12  0   -13 109.1
2015  57 16   1.9  -0.6  379.  1.08  -0.04  0   -10 109.1
2015  57 17   2.9  -0.6  380.  1.18  -0.23  0   -11 109.1
2015  57 18   1.4  -0.3  371.  1.07  -0.11  3   -10 109.1
2015  57 19   1.3  -1.6  375.  1.23   0.30  3   -11 109.1
2015  57 20   1.3   0.3  371.  1.15  -0.33  3    -8 109.1
2015  57 21   2.0  -0.1  370.  1.26  -0.33 10    -9 109.1
2015  57 22   1.9  -1.1  363.  1.40  -0.04 10    -5 109.1
2015  57 23   2.4  -0.6  369.  1.57  -0.26 10    -5 109.1
2015  58  0   2.2   2.6  367.  1.63  -1.25  0    -5 115.7
2015  58  1   1.4   2.4  367.  1.80  -1.03  0    -3 115.7
2015  58  2   1.4   2.0  361.  1.68  -0.87  0    -2 115.7
2015  58  3   2.5   1.3  358.  1.65  -0.82  0    -2 115.7
2015  58  4   2.5   1.2  355.  1.62  -0.75  0     0 115.7
2015  58  5   2.6  -0.4  355.  1.74  -0.18  0     0 115.7
2015  58  6   2.8   1.3  358.  1.96  -0.75  3     0 115.7
2015  58  7   2.5   0.4  351.  1.89  -0.39  3     1 115.7
2015  58  8   3.4   0.5  351.  2.03  -0.46  3     4 115.7
2015  58  9   1.9   1.0  359.  2.54  -0.50  3     6 115.7
2015  58 10  -0.1   1.3  358.  2.50  -0.43  3     8 115.7
2015  58 11  -0.1   1.7  351.  2.71  -0.56  3     6 115.7
2015  58 12  -0.5   0.7  345.  2.73  -0.21  7     4 115.7
2015  58 13  -0.2  -0.1  343.  2.81   0.03  7     5 115.7
2015  58 14  -1.7  -1.5  340.  2.61   0.65  7     3 115.7
2015  58 15  -2.5   0.0  337.  2.33   0.27 10     4 115.7
2015  58 16  -2.0   1.2  333.  2.45  -0.13 10     7 115.7
2015  58 17  -2.4   1.0  332.  2.29  -0.00 10     7 115.7
2015  58 18  -2.8   1.1  332.  1.91   0.07  3     5 115.7
2015  58 19  -3.5  -0.0  331.  2.05   0.53  3     4 115.7
2015  58 20  -3.2  -1.9  327.  2.06   1.05  3     1 115.7
2015  58 21  -2.9  -0.0  325.  2.15   0.49 13     0 115.7
2015  58 22  -2.6  -0.2  323.  2.15   0.48 13     1 115.7
2015  58 23  -0.9   1.5  328.  2.44  -0.26 13     0 115.7
2015  59  0  -1.0  -1.2  338.  2.89   0.51  7     2 121.1
2015  59  1   0.0  -1.6  342.  2.99   0.48  7     4 121.1
2015  59  2  -2.8  -2.0  348.  3.36   1.08  7     4 121.1
2015  59  3  -4.1  -0.3  345.  3.23   0.72 27     3 121.1
2015  59  4  -5.0  -1.8  344.  3.27   1.24 27     4 121.1
2015  59  5  -4.5  -1.3  347.  3.71   0.97 27     2 121.1
2015  59  6  -2.9  -0.7  349.  4.19   0.56 23     5 121.1
2015  59  7  -4.0  -0.9  349.  4.27   0.70 23     5 121.1
2015  59  8  -3.4  -2.5  354.  4.61   1.17 23    -2 121.1
2015  59  9  -3.7   0.5  353.  4.33   0.11 20    -6 121.1
2015  59 10  -3.5  -0.2  354.  5.03   0.32 20    -2 121.1
2015  59 11  -1.9  -1.5  355.  5.69   0.67 20     1 121.1
2015  59 12  -3.3  -0.5  360.  5.30   0.43 20    -1 121.1
2015  59 13  -4.3   1.2  364.  4.65  -0.04 20    -3 121.1
2015  59 14  -2.6   3.6  368.  4.09  -0.99 20    -4 121.1
2015  59 15  -3.9  -3.9  392.  5.78   1.92 30     4 121.1
2015  59 16  -3.1  -1.7  394.  6.86   1.06 30     3 121.1
2015  59 17  -5.7  -0.7  395.  5.99   1.15 30    -6 121.1
2015  59 18  -3.6  -2.3  396.  5.24   1.43 37   -15 121.1
2015  59 19  -8.0  -4.3  406.  4.98   3.04 37   -14 121.1
2015  59 20  -6.4  -1.8  427.  6.36   2.01 37   -26 121.1
2015  59 21   2.3   0.7  450.  8.31  -0.81 30   -26 121.1
2015  59 22  -4.4   3.7  465.  6.72  -0.37 30   -17 121.1
2015  59 23  -7.8  -3.6  474.  5.58   3.41 30   -16 121.1
